[0.110s] Invoking command in '/home/olympusolutions/senior_ws/build/serial': CMAKE_PREFIX_PATH=${CMAKE_PREFIX_PATH}:/home/olympusolutions/senior_ws/install/twist_stamper:/home/olympusolutions/senior_ws/install/serial_motor_demo:/home/olympusolutions/senior_ws/install/my_package:/home/olympusolutions/senior_ws/install/listener_package:/home/olympusolutions/senior_ws/install/joy_tester:/home/olympusolutions/senior_ws/install/imu_publisher:/opt/ros/jazzy DEBUGINFOD_URLS=https://debuginfod.ubuntu.com /usr/bin/cmake --build /home/olympusolutions/senior_ws/build/serial -- -j4 -l4
[0.691s] [ 28%] Built target serial
[0.835s] [ 42%] Built target gtest
[0.984s] [ 57%] Built target serial_example
[1.167s] [ 71%] Built target gtest_main
[1.378s] [ 85%] Built target serial-test
[1.528s] [100%] Built target serial-test-timer
[1.644s] Invoked command in '/home/olympusolutions/senior_ws/build/serial' returned '0': CMAKE_PREFIX_PATH=${CMAKE_PREFIX_PATH}:/home/olympusolutions/senior_ws/install/twist_stamper:/home/olympusolutions/senior_ws/install/serial_motor_demo:/home/olympusolutions/senior_ws/install/my_package:/home/olympusolutions/senior_ws/install/listener_package:/home/olympusolutions/senior_ws/install/joy_tester:/home/olympusolutions/senior_ws/install/imu_publisher:/opt/ros/jazzy DEBUGINFOD_URLS=https://debuginfod.ubuntu.com /usr/bin/cmake --build /home/olympusolutions/senior_ws/build/serial -- -j4 -l4
[1.660s] Invoking command in '/home/olympusolutions/senior_ws/build/serial': CMAKE_PREFIX_PATH=${CMAKE_PREFIX_PATH}:/home/olympusolutions/senior_ws/install/twist_stamper:/home/olympusolutions/senior_ws/install/serial_motor_demo:/home/olympusolutions/senior_ws/install/my_package:/home/olympusolutions/senior_ws/install/listener_package:/home/olympusolutions/senior_ws/install/joy_tester:/home/olympusolutions/senior_ws/install/imu_publisher:/opt/ros/jazzy DEBUGINFOD_URLS=https://debuginfod.ubuntu.com /usr/bin/cmake --install /home/olympusolutions/senior_ws/build/serial
[1.736s] -- Install configuration: ""
[1.736s] -- Execute custom install script
[1.736s] -- Up-to-date symlink: /home/olympusolutions/senior_ws/install/serial/lib/libserial.a
[1.736s] -- Up-to-date symlink: /home/olympusolutions/senior_ws/install/serial/include/serial/serial.h
[1.739s] -- Up-to-date symlink: /home/olympusolutions/senior_ws/install/serial/include/serial/v8stdint.h
[1.742s] -- Up-to-date symlink: /home/olympusolutions/senior_ws/install/serial/share/serial/environment/library_path.sh
[1.742s] -- Up-to-date symlink: /home/olympusolutions/senior_ws/install/serial/share/serial/environment/library_path.dsv
[1.743s] -- Up-to-date symlink: /home/olympusolutions/senior_ws/install/serial/share/ament_index/resource_index/package_run_dependencies/serial
[1.743s] -- Up-to-date symlink: /home/olympusolutions/senior_ws/install/serial/share/ament_index/resource_index/parent_prefix_path/serial
[1.743s] -- Up-to-date symlink: /home/olympusolutions/senior_ws/install/serial/share/serial/environment/ament_prefix_path.sh
[1.750s] -- Up-to-date symlink: /home/olympusolutions/senior_ws/install/serial/share/serial/environment/ament_prefix_path.dsv
[1.750s] -- Up-to-date symlink: /home/olympusolutions/senior_ws/install/serial/share/serial/environment/path.sh
[1.750s] -- Up-to-date symlink: /home/olympusolutions/senior_ws/install/serial/share/serial/environment/path.dsv
[1.750s] -- Up-to-date symlink: /home/olympusolutions/senior_ws/install/serial/share/serial/local_setup.bash
[1.750s] -- Up-to-date symlink: /home/olympusolutions/senior_ws/install/serial/share/serial/local_setup.sh
[1.757s] -- Up-to-date symlink: /home/olympusolutions/senior_ws/install/serial/share/serial/local_setup.zsh
[1.757s] -- Up-to-date symlink: /home/olympusolutions/senior_ws/install/serial/share/serial/local_setup.dsv
[1.757s] -- Symlinking: /home/olympusolutions/senior_ws/install/serial/share/serial/package.dsv
[1.885s] -- Up-to-date symlink: /home/olympusolutions/senior_ws/install/serial/share/ament_index/resource_index/packages/serial
[1.886s] -- Up-to-date symlink: /home/olympusolutions/senior_ws/install/serial/share/serial/cmake/ament_cmake_export_include_directories-extras.cmake
[1.886s] -- Up-to-date symlink: /home/olympusolutions/senior_ws/install/serial/share/serial/cmake/ament_cmake_export_libraries-extras.cmake
[1.887s] -- Up-to-date symlink: /home/olympusolutions/senior_ws/install/serial/share/serial/cmake/serialConfig.cmake
[1.887s] -- Up-to-date symlink: /home/olympusolutions/senior_ws/install/serial/share/serial/cmake/serialConfig-version.cmake
[1.896s] -- Up-to-date symlink: /home/olympusolutions/senior_ws/install/serial/share/serial/package.xml
[1.924s] Invoked command in '/home/olympusolutions/senior_ws/build/serial' returned '0': CMAKE_PREFIX_PATH=${CMAKE_PREFIX_PATH}:/home/olympusolutions/senior_ws/install/twist_stamper:/home/olympusolutions/senior_ws/install/serial_motor_demo:/home/olympusolutions/senior_ws/install/my_package:/home/olympusolutions/senior_ws/install/listener_package:/home/olympusolutions/senior_ws/install/joy_tester:/home/olympusolutions/senior_ws/install/imu_publisher:/opt/ros/jazzy DEBUGINFOD_URLS=https://debuginfod.ubuntu.com /usr/bin/cmake --install /home/olympusolutions/senior_ws/build/serial
