[0.124s] Invoking command in '/home/olympusolutions/senior_ws/build/minibot': CMAKE_PREFIX_PATH=${CMAKE_PREFIX_PATH}:/home/olympusolutions/senior_ws/install/twist_stamper:/home/olympusolutions/senior_ws/install/serial_motor_demo:/home/olympusolutions/senior_ws/install/my_package:/home/olympusolutions/senior_ws/install/listener_package:/home/olympusolutions/senior_ws/install/joy_tester:/opt/ros/jazzy DEBUGINFOD_URLS=https://debuginfod.ubuntu.com /usr/bin/cmake --build /home/olympusolutions/senior_ws/build/minibot -- -j4 -l4
[0.715s] [100%] Built target velocity_publisher
[0.819s] Invoked command in '/home/olympusolutions/senior_ws/build/minibot' returned '0': CMAKE_PREFIX_PATH=${CMAKE_PREFIX_PATH}:/home/olympusolutions/senior_ws/install/twist_stamper:/home/olympusolutions/senior_ws/install/serial_motor_demo:/home/olympusolutions/senior_ws/install/my_package:/home/olympusolutions/senior_ws/install/listener_package:/home/olympusolutions/senior_ws/install/joy_tester:/opt/ros/jazzy DEBUGINFOD_URLS=https://debuginfod.ubuntu.com /usr/bin/cmake --build /home/olympusolutions/senior_ws/build/minibot -- -j4 -l4
[0.830s] Invoking command in '/home/olympusolutions/senior_ws/build/minibot': CMAKE_PREFIX_PATH=${CMAKE_PREFIX_PATH}:/home/olympusolutions/senior_ws/install/twist_stamper:/home/olympusolutions/senior_ws/install/serial_motor_demo:/home/olympusolutions/senior_ws/install/my_package:/home/olympusolutions/senior_ws/install/listener_package:/home/olympusolutions/senior_ws/install/joy_tester:/opt/ros/jazzy DEBUGINFOD_URLS=https://debuginfod.ubuntu.com /usr/bin/cmake --install /home/olympusolutions/senior_ws/build/minibot
[0.882s] -- Install configuration: ""
[0.890s] -- Execute custom install script
[0.892s] -- Up-to-date symlink: /home/olympusolutions/senior_ws/install/minibot/lib/minibot/velocity_publisher
[0.895s] -- Up-to-date symlink: /home/olympusolutions/senior_ws/install/minibot/share/minibot/config/controller.yaml
[0.900s] -- Up-to-date symlink: /home/olympusolutions/senior_ws/install/minibot/share/minibot/config/controller_gz_sim.yaml
[0.900s] -- Up-to-date symlink: /home/olympusolutions/senior_ws/install/minibot/share/minibot/config/empty.yaml
[0.905s] -- Up-to-date symlink: /home/olympusolutions/senior_ws/install/minibot/share/minibot/config/gz_params.yaml
[0.906s] -- Up-to-date symlink: /home/olympusolutions/senior_ws/install/minibot/share/minibot/config/joystick_params.yaml
[0.906s] -- Up-to-date symlink: /home/olympusolutions/senior_ws/install/minibot/share/minibot/config/mapper_params_localization.yaml
[0.910s] -- Up-to-date symlink: /home/olympusolutions/senior_ws/install/minibot/share/minibot/config/mapper_params_online_async.yaml
[0.913s] -- Up-to-date symlink: /home/olympusolutions/senior_ws/install/minibot/share/minibot/config/minibot_config.rviz
[0.913s] -- Up-to-date symlink: /home/olympusolutions/senior_ws/install/minibot/share/minibot/config/minibot_display.rviz
[0.918s] -- Up-to-date symlink: /home/olympusolutions/senior_ws/install/minibot/share/minibot/config/nav2_params.yaml
[0.922s] -- Up-to-date symlink: /home/olympusolutions/senior_ws/install/minibot/share/minibot/config/sim_config.rviz
[0.923s] -- Up-to-date symlink: /home/olympusolutions/senior_ws/install/minibot/share/minibot/config/twist_mux.yaml
[0.928s] -- Up-to-date symlink: /home/olympusolutions/senior_ws/install/minibot/share/minibot/description/camera.xacro
[0.929s] -- Up-to-date symlink: /home/olympusolutions/senior_ws/install/minibot/share/minibot/description/depth_camera.xacro
[0.933s] -- Up-to-date symlink: /home/olympusolutions/senior_ws/install/minibot/share/minibot/description/gz_diff_drive_control.xacro
[0.933s] -- Up-to-date symlink: /home/olympusolutions/senior_ws/install/minibot/share/minibot/description/inertial_macros.xacro
[0.937s] -- Up-to-date symlink: /home/olympusolutions/senior_ws/install/minibot/share/minibot/description/lidar.xacro
[0.940s] -- Up-to-date symlink: /home/olympusolutions/senior_ws/install/minibot/share/minibot/description/robot.urdf.xacro
[0.941s] -- Up-to-date symlink: /home/olympusolutions/senior_ws/install/minibot/share/minibot/description/robot_main.xacro
[0.941s] -- Up-to-date symlink: /home/olympusolutions/senior_ws/install/minibot/share/minibot/description/ros2_control.xacro
[0.945s] -- Up-to-date symlink: /home/olympusolutions/senior_ws/install/minibot/share/minibot/launch/joystick_teleop.launch.py
[0.950s] -- Up-to-date symlink: /home/olympusolutions/senior_ws/install/minibot/share/minibot/launch/keyboard.launch.py
[0.951s] -- Up-to-date symlink: /home/olympusolutions/senior_ws/install/minibot/share/minibot/launch/keyboard_combine.launch.py
[0.954s] -- Up-to-date symlink: /home/olympusolutions/senior_ws/install/minibot/share/minibot/launch/robot.launch.py
[0.958s] -- Up-to-date symlink: /home/olympusolutions/senior_ws/install/minibot/share/minibot/launch/robot_remote_station.launch.py
[0.961s] -- Up-to-date symlink: /home/olympusolutions/senior_ws/install/minibot/share/minibot/launch/sim.launch.py
[0.962s] -- Up-to-date symlink: /home/olympusolutions/senior_ws/install/minibot/share/minibot/launch/sim_control_station.launch.py
[0.967s] -- Up-to-date symlink: /home/olympusolutions/senior_ws/install/minibot/share/minibot/worlds/empty.sdf
[0.967s] -- Up-to-date symlink: /home/olympusolutions/senior_ws/install/minibot/share/minibot/worlds/playground.sdf
[0.972s] -- Up-to-date symlink: /home/olympusolutions/senior_ws/install/minibot/share/minibot/demo_publisher_node/extender_teleop_node.py
[0.974s] -- Up-to-date symlink: /home/olympusolutions/senior_ws/install/minibot/share/minibot/demo_publisher_node/velocity_publisher.cpp
[0.978s] -- Up-to-date symlink: /home/olympusolutions/senior_ws/install/minibot/share/minibot/maps/map_01.pgm
[0.981s] -- Up-to-date symlink: /home/olympusolutions/senior_ws/install/minibot/share/minibot/maps/map_01.yaml
[0.987s] -- Up-to-date symlink: /home/olympusolutions/senior_ws/install/minibot/share/minibot/maps/map_01_serial.data
[0.991s] -- Up-to-date symlink: /home/olympusolutions/senior_ws/install/minibot/share/minibot/maps/map_01_serial.posegraph
[0.991s] -- Up-to-date symlink: /home/olympusolutions/senior_ws/install/minibot/share/minibot/maps/sample_map.pgm
[0.991s] -- Up-to-date symlink: /home/olympusolutions/senior_ws/install/minibot/share/minibot/maps/sample_map.yaml
[0.992s] -- Up-to-date symlink: /home/olympusolutions/senior_ws/install/minibot/share/minibot/maps/sample_map_serial.data
[0.998s] -- Up-to-date symlink: /home/olympusolutions/senior_ws/install/minibot/share/minibot/maps/sample_map_serial.posegraph
[0.998s] -- Up-to-date symlink: /home/olympusolutions/senior_ws/install/minibot/share/minibot/visual_demos/Nav2_demostration-ezgif.com-video-to-gif-converter.gif
[1.001s] -- Up-to-date symlink: /home/olympusolutions/senior_ws/install/minibot/share/minibot/visual_demos/SLAM_demostration-ezgif.com-video-to-gif-converter.gif
[1.002s] -- Up-to-date symlink: /home/olympusolutions/senior_ws/install/minibot/share/minibot/visual_demos/robot_hardware.jpg
[1.002s] -- Up-to-date symlink: /home/olympusolutions/senior_ws/install/minibot/share/minibot/visual_demos/robot_visual.jpg
[1.002s] -- Up-to-date symlink: /home/olympusolutions/senior_ws/install/minibot/share/minibot/launch/joystick_teleop.launch.py
[1.005s] -- Up-to-date symlink: /home/olympusolutions/senior_ws/install/minibot/share/minibot/launch/keyboard.launch.py
[1.007s] -- Up-to-date symlink: /home/olympusolutions/senior_ws/install/minibot/share/minibot/launch/keyboard_combine.launch.py
[1.007s] -- Up-to-date symlink: /home/olympusolutions/senior_ws/install/minibot/share/minibot/launch/robot.launch.py
[1.012s] -- Up-to-date symlink: /home/olympusolutions/senior_ws/install/minibot/share/minibot/launch/robot_remote_station.launch.py
[1.012s] -- Up-to-date symlink: /home/olympusolutions/senior_ws/install/minibot/share/minibot/launch/sim.launch.py
[1.016s] -- Up-to-date symlink: /home/olympusolutions/senior_ws/install/minibot/share/minibot/launch/sim_control_station.launch.py
[1.016s] -- Up-to-date symlink: /home/olympusolutions/senior_ws/install/minibot/share/minibot/config/controller.yaml
[1.025s] -- Up-to-date symlink: /home/olympusolutions/senior_ws/install/minibot/share/minibot/config/controller_gz_sim.yaml
[1.029s] -- Up-to-date symlink: /home/olympusolutions/senior_ws/install/minibot/share/minibot/config/empty.yaml
[1.033s] -- Up-to-date symlink: /home/olympusolutions/senior_ws/install/minibot/share/minibot/config/gz_params.yaml
[1.033s] -- Up-to-date symlink: /home/olympusolutions/senior_ws/install/minibot/share/minibot/config/joystick_params.yaml
[1.034s] -- Up-to-date symlink: /home/olympusolutions/senior_ws/install/minibot/share/minibot/config/mapper_params_localization.yaml
[1.040s] -- Up-to-date symlink: /home/olympusolutions/senior_ws/install/minibot/share/minibot/config/mapper_params_online_async.yaml
[1.040s] -- Up-to-date symlink: /home/olympusolutions/senior_ws/install/minibot/share/minibot/config/minibot_config.rviz
[1.043s] -- Up-to-date symlink: /home/olympusolutions/senior_ws/install/minibot/share/minibot/config/minibot_display.rviz
[1.046s] -- Up-to-date symlink: /home/olympusolutions/senior_ws/install/minibot/share/minibot/config/nav2_params.yaml
[1.049s] -- Up-to-date symlink: /home/olympusolutions/senior_ws/install/minibot/share/minibot/config/sim_config.rviz
[1.049s] -- Up-to-date symlink: /home/olympusolutions/senior_ws/install/minibot/share/minibot/config/twist_mux.yaml
[1.049s] -- Up-to-date symlink: /home/olympusolutions/senior_ws/install/minibot/lib/minibot/extender_teleop_node.py
[1.054s] -- Up-to-date symlink: /home/olympusolutions/senior_ws/install/minibot/share/ament_index/resource_index/package_run_dependencies/minibot
[1.054s] -- Up-to-date symlink: /home/olympusolutions/senior_ws/install/minibot/share/ament_index/resource_index/parent_prefix_path/minibot
[1.059s] -- Up-to-date symlink: /home/olympusolutions/senior_ws/install/minibot/share/minibot/environment/ament_prefix_path.sh
[1.068s] -- Up-to-date symlink: /home/olympusolutions/senior_ws/install/minibot/share/minibot/environment/ament_prefix_path.dsv
[1.072s] -- Up-to-date symlink: /home/olympusolutions/senior_ws/install/minibot/share/minibot/environment/path.sh
[1.073s] -- Up-to-date symlink: /home/olympusolutions/senior_ws/install/minibot/share/minibot/environment/path.dsv
[1.073s] -- Up-to-date symlink: /home/olympusolutions/senior_ws/install/minibot/share/minibot/local_setup.bash
[1.074s] -- Up-to-date symlink: /home/olympusolutions/senior_ws/install/minibot/share/minibot/local_setup.sh
[1.084s] -- Up-to-date symlink: /home/olympusolutions/senior_ws/install/minibot/share/minibot/local_setup.zsh
[1.085s] -- Up-to-date symlink: /home/olympusolutions/senior_ws/install/minibot/share/minibot/local_setup.dsv
[1.089s] -- Symlinking: /home/olympusolutions/senior_ws/install/minibot/share/minibot/package.dsv
[1.177s] -- Up-to-date symlink: /home/olympusolutions/senior_ws/install/minibot/share/ament_index/resource_index/packages/minibot
[1.182s] -- Up-to-date symlink: /home/olympusolutions/senior_ws/install/minibot/share/minibot/cmake/minibotConfig.cmake
[1.182s] -- Up-to-date symlink: /home/olympusolutions/senior_ws/install/minibot/share/minibot/cmake/minibotConfig-version.cmake
[1.192s] -- Up-to-date symlink: /home/olympusolutions/senior_ws/install/minibot/share/minibot/package.xml
[1.206s] Invoked command in '/home/olympusolutions/senior_ws/build/minibot' returned '0': CMAKE_PREFIX_PATH=${CMAKE_PREFIX_PATH}:/home/olympusolutions/senior_ws/install/twist_stamper:/home/olympusolutions/senior_ws/install/serial_motor_demo:/home/olympusolutions/senior_ws/install/my_package:/home/olympusolutions/senior_ws/install/listener_package:/home/olympusolutions/senior_ws/install/joy_tester:/opt/ros/jazzy DEBUGINFOD_URLS=https://debuginfod.ubuntu.com /usr/bin/cmake --install /home/olympusolutions/senior_ws/build/minibot
