[6.264s] Invoking command in '/home/olympusolutions/senior_ws/src/riley_ws/src/my_package': DEBUGINFOD_URLS=https://debuginfod.ubuntu.com PYTHONPATH=/home/olympusolutions/senior_ws/build/my_package/prefix_override:/usr/lib/python3/dist-packages/colcon_core/task/python/colcon_distutils_commands:/home/olympusolutions/senior_ws/install/my_package/lib/python3.12/site-packages:${PYTHONPATH} /usr/bin/python3 -W ignore:setup.py install is deprecated -W ignore:easy_install command is deprecated setup.py egg_info --egg-base ../../../../build/my_package build --build-base /home/olympusolutions/senior_ws/build/my_package/build install --record /home/olympusolutions/senior_ws/build/my_package/install.log --single-version-externally-managed install_data
[7.336s] running egg_info
[7.401s] writing ../../../../build/my_package/my_package.egg-info/PKG-INFO
[7.401s] writing dependency_links to ../../../../build/my_package/my_package.egg-info/dependency_links.txt
[7.406s] writing entry points to ../../../../build/my_package/my_package.egg-info/entry_points.txt
[7.406s] writing requirements to ../../../../build/my_package/my_package.egg-info/requires.txt
[7.406s] writing top-level names to ../../../../build/my_package/my_package.egg-info/top_level.txt
[7.536s] reading manifest file '../../../../build/my_package/my_package.egg-info/SOURCES.txt'
[7.541s] adding license file 'LICENSE'
[7.541s] writing manifest file '../../../../build/my_package/my_package.egg-info/SOURCES.txt'
[7.541s] running build
[7.541s] running build_py
[7.542s] running install
[7.565s] running install_lib
[7.640s] running install_data
[7.640s] running install_egg_info
[7.722s] removing '/home/olympusolutions/senior_ws/install/my_package/lib/python3.12/site-packages/my_package-0.0.0-py3.12.egg-info' (and everything under it)
[7.722s] Copying ../../../../build/my_package/my_package.egg-info to /home/olympusolutions/senior_ws/install/my_package/lib/python3.12/site-packages/my_package-0.0.0-py3.12.egg-info
[7.722s] running install_scripts
[8.465s] Installing my_node script to /home/olympusolutions/senior_ws/install/my_package/lib/my_package
[8.465s] writing list of installed files to '/home/olympusolutions/senior_ws/build/my_package/install.log'
[8.703s] Invoked command in '/home/olympusolutions/senior_ws/src/riley_ws/src/my_package' returned '0': DEBUGINFOD_URLS=https://debuginfod.ubuntu.com PYTHONPATH=/home/olympusolutions/senior_ws/build/my_package/prefix_override:/usr/lib/python3/dist-packages/colcon_core/task/python/colcon_distutils_commands:/home/olympusolutions/senior_ws/install/my_package/lib/python3.12/site-packages:${PYTHONPATH} /usr/bin/python3 -W ignore:setup.py install is deprecated -W ignore:easy_install command is deprecated setup.py egg_info --egg-base ../../../../build/my_package build --build-base /home/olympusolutions/senior_ws/build/my_package/build install --record /home/olympusolutions/senior_ws/build/my_package/install.log --single-version-externally-managed install_data
