[15.590s] Invoking command in '/home/olympusolutions/senior_ws/src/riley_ws/src/listener_package': DEBUGINFOD_URLS=https://debuginfod.ubuntu.com PYTHONPATH=/home/olympusolutions/senior_ws/build/listener_package/prefix_override:/usr/lib/python3/dist-packages/colcon_core/task/python/colcon_distutils_commands:/home/olympusolutions/senior_ws/install/listener_package/lib/python3.12/site-packages:${PYTHONPATH} /usr/bin/python3 -W ignore:setup.py install is deprecated -W ignore:easy_install command is deprecated setup.py egg_info --egg-base ../../../../build/listener_package build --build-base /home/olympusolutions/senior_ws/build/listener_package/build install --record /home/olympusolutions/senior_ws/build/listener_package/install.log --single-version-externally-managed install_data
[23.032s] running egg_info
[23.191s] writing ../../../../build/listener_package/listener_package.egg-info/PKG-INFO
[23.194s] writing dependency_links to ../../../../build/listener_package/listener_package.egg-info/dependency_links.txt
[23.194s] writing entry points to ../../../../build/listener_package/listener_package.egg-info/entry_points.txt
[23.199s] writing requirements to ../../../../build/listener_package/listener_package.egg-info/requires.txt
[23.201s] writing top-level names to ../../../../build/listener_package/listener_package.egg-info/top_level.txt
[24.223s] reading manifest file '../../../../build/listener_package/listener_package.egg-info/SOURCES.txt'
[24.230s] adding license file 'LICENSE'
[24.231s] writing manifest file '../../../../build/listener_package/listener_package.egg-info/SOURCES.txt'
[24.231s] running build
[24.231s] running build_py
[24.234s] running install
[24.319s] running install_lib
[24.548s] running install_data
[24.550s] running install_egg_info
[24.625s] removing '/home/olympusolutions/senior_ws/install/listener_package/lib/python3.12/site-packages/listener_package-0.0.0-py3.12.egg-info' (and everything under it)
[24.627s] Copying ../../../../build/listener_package/listener_package.egg-info to /home/olympusolutions/senior_ws/install/listener_package/lib/python3.12/site-packages/listener_package-0.0.0-py3.12.egg-info
[24.634s] running install_scripts
[25.656s] Installing listener script to /home/olympusolutions/senior_ws/install/listener_package/lib/listener_package
[25.656s] Installing phone_listener script to /home/olympusolutions/senior_ws/install/listener_package/lib/listener_package
[25.657s] Installing talker script to /home/olympusolutions/senior_ws/install/listener_package/lib/listener_package
[25.657s] writing list of installed files to '/home/olympusolutions/senior_ws/build/listener_package/install.log'
[25.841s] Invoked command in '/home/olympusolutions/senior_ws/src/riley_ws/src/listener_package' returned '0': DEBUGINFOD_URLS=https://debuginfod.ubuntu.com PYTHONPATH=/home/olympusolutions/senior_ws/build/listener_package/prefix_override:/usr/lib/python3/dist-packages/colcon_core/task/python/colcon_distutils_commands:/home/olympusolutions/senior_ws/install/listener_package/lib/python3.12/site-packages:${PYTHONPATH} /usr/bin/python3 -W ignore:setup.py install is deprecated -W ignore:easy_install command is deprecated setup.py egg_info --egg-base ../../../../build/listener_package build --build-base /home/olympusolutions/senior_ws/build/listener_package/build install --record /home/olympusolutions/senior_ws/build/listener_package/install.log --single-version-externally-managed install_data
