[1.747s] Invoking command in '/home/olympusolutions/riley_ws/src/my_package': DEBUGINFOD_URLS=https://debuginfod.ubuntu.com PYTHONPATH=/home/olympusolutions/riley_ws/build/my_package/prefix_override:/usr/lib/python3/dist-packages/colcon_core/task/python/colcon_distutils_commands:/home/olympusolutions/riley_ws/install/my_package/lib/python3.12/site-packages:${PYTHONPATH} /usr/bin/python3 -W ignore:setup.py install is deprecated -W ignore:easy_install command is deprecated setup.py egg_info --egg-base ../../build/my_package build --build-base /home/olympusolutions/riley_ws/build/my_package/build install --record /home/olympusolutions/riley_ws/build/my_package/install.log --single-version-externally-managed install_data
[2.168s] running egg_info
[2.202s] writing ../../build/my_package/my_package.egg-info/PKG-INFO
[2.203s] writing dependency_links to ../../build/my_package/my_package.egg-info/dependency_links.txt
[2.204s] writing entry points to ../../build/my_package/my_package.egg-info/entry_points.txt
[2.206s] writing requirements to ../../build/my_package/my_package.egg-info/requires.txt
[2.207s] writing top-level names to ../../build/my_package/my_package.egg-info/top_level.txt
[2.268s] reading manifest file '../../build/my_package/my_package.egg-info/SOURCES.txt'
[2.269s] adding license file 'LICENSE'
[2.270s] writing manifest file '../../build/my_package/my_package.egg-info/SOURCES.txt'
[2.270s] running build
[2.270s] running build_py
[2.270s] running install
[2.280s] running install_lib
[2.314s] running install_data
[2.315s] running install_egg_info
[2.346s] removing '/home/olympusolutions/riley_ws/install/my_package/lib/python3.12/site-packages/my_package-0.0.0-py3.12.egg-info' (and everything under it)
[2.346s] Copying ../../build/my_package/my_package.egg-info to /home/olympusolutions/riley_ws/install/my_package/lib/python3.12/site-packages/my_package-0.0.0-py3.12.egg-info
[2.347s] running install_scripts
[2.563s] Installing my_node script to /home/olympusolutions/riley_ws/install/my_package/lib/my_package
[2.564s] writing list of installed files to '/home/olympusolutions/riley_ws/build/my_package/install.log'
[2.670s] Invoked command in '/home/olympusolutions/riley_ws/src/my_package' returned '0': DEBUGINFOD_URLS=https://debuginfod.ubuntu.com PYTHONPATH=/home/olympusolutions/riley_ws/build/my_package/prefix_override:/usr/lib/python3/dist-packages/colcon_core/task/python/colcon_distutils_commands:/home/olympusolutions/riley_ws/install/my_package/lib/python3.12/site-packages:${PYTHONPATH} /usr/bin/python3 -W ignore:setup.py install is deprecated -W ignore:easy_install command is deprecated setup.py egg_info --egg-base ../../build/my_package build --build-base /home/olympusolutions/riley_ws/build/my_package/build install --record /home/olympusolutions/riley_ws/build/my_package/install.log --single-version-externally-managed install_data
