[0.043s] Invoking command in '/home/olympusolutions/senior_ws/build/sllidar_ros2': CMAKE_PREFIX_PATH=${CMAKE_PREFIX_PATH}:/home/olympusolutions/senior_ws/install/twist_stamper:/home/olympusolutions/senior_ws/install/serial_motor_demo:/home/olympusolutions/senior_ws/install/my_package:/home/olympusolutions/senior_ws/install/listener_package:/home/olympusolutions/senior_ws/install/joy_tester:/opt/ros/jazzy DEBUGINFOD_URLS=https://debuginfod.ubuntu.com /usr/bin/cmake --build /home/olympusolutions/senior_ws/build/sllidar_ros2 -- -j4 -l4
[0.426s] [ 10%] Built target sllidar_client
[0.553s] [100%] Built target sllidar_node
[0.684s] Invoked command in '/home/olympusolutions/senior_ws/build/sllidar_ros2' returned '0': CMAKE_PREFIX_PATH=${CMAKE_PREFIX_PATH}:/home/olympusolutions/senior_ws/install/twist_stamper:/home/olympusolutions/senior_ws/install/serial_motor_demo:/home/olympusolutions/senior_ws/install/my_package:/home/olympusolutions/senior_ws/install/listener_package:/home/olympusolutions/senior_ws/install/joy_tester:/opt/ros/jazzy DEBUGINFOD_URLS=https://debuginfod.ubuntu.com /usr/bin/cmake --build /home/olympusolutions/senior_ws/build/sllidar_ros2 -- -j4 -l4
[0.685s] Invoking command in '/home/olympusolutions/senior_ws/build/sllidar_ros2': CMAKE_PREFIX_PATH=${CMAKE_PREFIX_PATH}:/home/olympusolutions/senior_ws/install/twist_stamper:/home/olympusolutions/senior_ws/install/serial_motor_demo:/home/olympusolutions/senior_ws/install/my_package:/home/olympusolutions/senior_ws/install/listener_package:/home/olympusolutions/senior_ws/install/joy_tester:/opt/ros/jazzy DEBUGINFOD_URLS=https://debuginfod.ubuntu.com /usr/bin/cmake --install /home/olympusolutions/senior_ws/build/sllidar_ros2
[0.713s] -- Install configuration: ""
[0.717s] -- Execute custom install script
[0.717s] -- Up-to-date symlink: /home/olympusolutions/senior_ws/install/sllidar_ros2/share/sllidar_ros2/launch/sllidar_a1_launch.py
[0.717s] -- Up-to-date symlink: /home/olympusolutions/senior_ws/install/sllidar_ros2/share/sllidar_ros2/launch/sllidar_a2m12_launch .py
[0.718s] -- Up-to-date symlink: /home/olympusolutions/senior_ws/install/sllidar_ros2/share/sllidar_ros2/launch/sllidar_a2m7_launch.py
[0.720s] -- Up-to-date symlink: /home/olympusolutions/senior_ws/install/sllidar_ros2/share/sllidar_ros2/launch/sllidar_a2m8_launch.py
[0.720s] -- Up-to-date symlink: /home/olympusolutions/senior_ws/install/sllidar_ros2/share/sllidar_ros2/launch/sllidar_a3_launch.py
[0.720s] -- Up-to-date symlink: /home/olympusolutions/senior_ws/install/sllidar_ros2/share/sllidar_ros2/launch/sllidar_c1_launch.py
[0.720s] -- Up-to-date symlink: /home/olympusolutions/senior_ws/install/sllidar_ros2/share/sllidar_ros2/launch/sllidar_s1_launch.py
[0.720s] -- Up-to-date symlink: /home/olympusolutions/senior_ws/install/sllidar_ros2/share/sllidar_ros2/launch/sllidar_s1_tcp_launch.py
[0.726s] -- Up-to-date symlink: /home/olympusolutions/senior_ws/install/sllidar_ros2/share/sllidar_ros2/launch/sllidar_s2_launch.py
[0.730s] -- Up-to-date symlink: /home/olympusolutions/senior_ws/install/sllidar_ros2/share/sllidar_ros2/launch/sllidar_s2e_launch.py
[0.730s] -- Up-to-date symlink: /home/olympusolutions/senior_ws/install/sllidar_ros2/share/sllidar_ros2/launch/sllidar_s3_launch.py
[0.730s] -- Up-to-date symlink: /home/olympusolutions/senior_ws/install/sllidar_ros2/share/sllidar_ros2/launch/sllidar_t1_launch.py
[0.730s] -- Up-to-date symlink: /home/olympusolutions/senior_ws/install/sllidar_ros2/share/sllidar_ros2/launch/view_sllidar_a1_launch.py
[0.732s] -- Up-to-date symlink: /home/olympusolutions/senior_ws/install/sllidar_ros2/share/sllidar_ros2/launch/view_sllidar_a2m12_launch.py
[0.732s] -- Up-to-date symlink: /home/olympusolutions/senior_ws/install/sllidar_ros2/share/sllidar_ros2/launch/view_sllidar_a2m7_launch.py
[0.732s] -- Up-to-date symlink: /home/olympusolutions/senior_ws/install/sllidar_ros2/share/sllidar_ros2/launch/view_sllidar_a2m8_launch.py
[0.732s] -- Up-to-date symlink: /home/olympusolutions/senior_ws/install/sllidar_ros2/share/sllidar_ros2/launch/view_sllidar_a3_launch.py
[0.732s] -- Up-to-date symlink: /home/olympusolutions/senior_ws/install/sllidar_ros2/share/sllidar_ros2/launch/view_sllidar_c1_launch.py
[0.733s] -- Up-to-date symlink: /home/olympusolutions/senior_ws/install/sllidar_ros2/share/sllidar_ros2/launch/view_sllidar_s1_launch.py
[0.734s] -- Up-to-date symlink: /home/olympusolutions/senior_ws/install/sllidar_ros2/share/sllidar_ros2/launch/view_sllidar_s1_tcp_launch.py
[0.734s] -- Up-to-date symlink: /home/olympusolutions/senior_ws/install/sllidar_ros2/share/sllidar_ros2/launch/view_sllidar_s2_launch.py
[0.735s] -- Up-to-date symlink: /home/olympusolutions/senior_ws/install/sllidar_ros2/share/sllidar_ros2/launch/view_sllidar_s2e_launch.py
[0.737s] -- Up-to-date symlink: /home/olympusolutions/senior_ws/install/sllidar_ros2/share/sllidar_ros2/launch/view_sllidar_s3_launch.py
[0.742s] -- Up-to-date symlink: /home/olympusolutions/senior_ws/install/sllidar_ros2/share/sllidar_ros2/launch/view_sllidar_t1_launch.py
[0.742s] -- Up-to-date symlink: /home/olympusolutions/senior_ws/install/sllidar_ros2/share/sllidar_ros2/rviz/sllidar_ros2.rviz
[0.743s] -- Up-to-date symlink: /home/olympusolutions/senior_ws/install/sllidar_ros2/lib/sllidar_ros2/sllidar_node
[0.745s] -- Up-to-date symlink: /home/olympusolutions/senior_ws/install/sllidar_ros2/lib/sllidar_ros2/sllidar_client
[0.748s] -- Up-to-date symlink: /home/olympusolutions/senior_ws/install/sllidar_ros2/share/ament_index/resource_index/package_run_dependencies/sllidar_ros2
[0.749s] -- Up-to-date symlink: /home/olympusolutions/senior_ws/install/sllidar_ros2/share/ament_index/resource_index/parent_prefix_path/sllidar_ros2
[0.751s] -- Up-to-date symlink: /home/olympusolutions/senior_ws/install/sllidar_ros2/share/sllidar_ros2/environment/ament_prefix_path.sh
[0.752s] -- Up-to-date symlink: /home/olympusolutions/senior_ws/install/sllidar_ros2/share/sllidar_ros2/environment/ament_prefix_path.dsv
[0.754s] -- Up-to-date symlink: /home/olympusolutions/senior_ws/install/sllidar_ros2/share/sllidar_ros2/environment/path.sh
[0.760s] -- Up-to-date symlink: /home/olympusolutions/senior_ws/install/sllidar_ros2/share/sllidar_ros2/environment/path.dsv
[0.764s] -- Up-to-date symlink: /home/olympusolutions/senior_ws/install/sllidar_ros2/share/sllidar_ros2/local_setup.bash
[0.765s] -- Up-to-date symlink: /home/olympusolutions/senior_ws/install/sllidar_ros2/share/sllidar_ros2/local_setup.sh
[0.769s] -- Up-to-date symlink: /home/olympusolutions/senior_ws/install/sllidar_ros2/share/sllidar_ros2/local_setup.zsh
[0.772s] -- Up-to-date symlink: /home/olympusolutions/senior_ws/install/sllidar_ros2/share/sllidar_ros2/local_setup.dsv
[0.775s] -- Symlinking: /home/olympusolutions/senior_ws/install/sllidar_ros2/share/sllidar_ros2/package.dsv
[0.844s] -- Up-to-date symlink: /home/olympusolutions/senior_ws/install/sllidar_ros2/share/ament_index/resource_index/packages/sllidar_ros2
[0.845s] -- Up-to-date symlink: /home/olympusolutions/senior_ws/install/sllidar_ros2/share/sllidar_ros2/cmake/ament_cmake_export_dependencies-extras.cmake
[0.858s] -- Up-to-date symlink: /home/olympusolutions/senior_ws/install/sllidar_ros2/share/sllidar_ros2/cmake/ament_cmake_export_include_directories-extras.cmake
[0.858s] -- Up-to-date symlink: /home/olympusolutions/senior_ws/install/sllidar_ros2/share/sllidar_ros2/cmake/sllidar_ros2Config.cmake
[0.859s] -- Up-to-date symlink: /home/olympusolutions/senior_ws/install/sllidar_ros2/share/sllidar_ros2/cmake/sllidar_ros2Config-version.cmake
[0.859s] -- Up-to-date symlink: /home/olympusolutions/senior_ws/install/sllidar_ros2/share/sllidar_ros2/package.xml
[0.912s] Invoked command in '/home/olympusolutions/senior_ws/build/sllidar_ros2' returned '0': CMAKE_PREFIX_PATH=${CMAKE_PREFIX_PATH}:/home/olympusolutions/senior_ws/install/twist_stamper:/home/olympusolutions/senior_ws/install/serial_motor_demo:/home/olympusolutions/senior_ws/install/my_package:/home/olympusolutions/senior_ws/install/listener_package:/home/olympusolutions/senior_ws/install/joy_tester:/opt/ros/jazzy DEBUGINFOD_URLS=https://debuginfod.ubuntu.com /usr/bin/cmake --install /home/olympusolutions/senior_ws/build/sllidar_ros2
