[2.138s] Invoking command in '/home/olympusolutions/senior_ws/build/my_package': DEBUGINFOD_URLS=https://debuginfod.ubuntu.com PYTHONPATH=/home/olympusolutions/senior_ws/build/my_package/prefix_override:/usr/lib/python3/dist-packages/colcon_core/task/python/colcon_distutils_commands:/home/olympusolutions/senior_ws/install/my_package/lib/python3.12/site-packages:${PYTHONPATH} /usr/bin/python3 -W ignore:setup.py install is deprecated -W ignore:easy_install command is deprecated setup.py develop --uninstall --editable --build-directory /home/olympusolutions/senior_ws/build/my_package/build
[3.041s] running develop
[3.536s] Removing /home/olympusolutions/senior_ws/install/my_package/lib/python3.12/site-packages/my-package.egg-link (link to .)
[3.714s] Invoked command in '/home/olympusolutions/senior_ws/build/my_package' returned '0': DEBUGINFOD_URLS=https://debuginfod.ubuntu.com PYTHONPATH=/home/olympusolutions/senior_ws/build/my_package/prefix_override:/usr/lib/python3/dist-packages/colcon_core/task/python/colcon_distutils_commands:/home/olympusolutions/senior_ws/install/my_package/lib/python3.12/site-packages:${PYTHONPATH} /usr/bin/python3 -W ignore:setup.py install is deprecated -W ignore:easy_install command is deprecated setup.py develop --uninstall --editable --build-directory /home/olympusolutions/senior_ws/build/my_package/build
[3.721s] Invoking command in '/home/olympusolutions/senior_ws/src/riley_ws/src/my_package': DEBUGINFOD_URLS=https://debuginfod.ubuntu.com PYTHONPATH=/home/olympusolutions/senior_ws/build/my_package/prefix_override:/usr/lib/python3/dist-packages/colcon_core/task/python/colcon_distutils_commands:/home/olympusolutions/senior_ws/install/my_package/lib/python3.12/site-packages:${PYTHONPATH} /usr/bin/python3 -W ignore:setup.py install is deprecated -W ignore:easy_install command is deprecated setup.py egg_info --egg-base ../../../../build/my_package build --build-base /home/olympusolutions/senior_ws/build/my_package/build install --record /home/olympusolutions/senior_ws/build/my_package/install.log --single-version-externally-managed install_data --force
[4.210s] running egg_info
[4.254s] writing ../../../../build/my_package/my_package.egg-info/PKG-INFO
[4.255s] writing dependency_links to ../../../../build/my_package/my_package.egg-info/dependency_links.txt
[4.255s] writing entry points to ../../../../build/my_package/my_package.egg-info/entry_points.txt
[4.257s] writing requirements to ../../../../build/my_package/my_package.egg-info/requires.txt
[4.258s] writing top-level names to ../../../../build/my_package/my_package.egg-info/top_level.txt
[4.342s] reading manifest file '../../../../build/my_package/my_package.egg-info/SOURCES.txt'
[4.344s] adding license file 'LICENSE'
[4.345s] writing manifest file '../../../../build/my_package/my_package.egg-info/SOURCES.txt'
[4.346s] running build
[4.347s] running build_py
[4.348s] running install
[4.356s] running install_lib
[4.396s] creating /home/olympusolutions/senior_ws/install/my_package/lib/python3.12/site-packages/my_package
[4.397s] copying /home/olympusolutions/senior_ws/build/my_package/build/lib/my_package/__init__.py -> /home/olympusolutions/senior_ws/install/my_package/lib/python3.12/site-packages/my_package
[4.397s] copying /home/olympusolutions/senior_ws/build/my_package/build/lib/my_package/my_node.py -> /home/olympusolutions/senior_ws/install/my_package/lib/python3.12/site-packages/my_package
[4.398s] byte-compiling /home/olympusolutions/senior_ws/install/my_package/lib/python3.12/site-packages/my_package/__init__.py to __init__.cpython-312.pyc
[4.398s] byte-compiling /home/olympusolutions/senior_ws/install/my_package/lib/python3.12/site-packages/my_package/my_node.py to my_node.cpython-312.pyc
[4.399s] running install_data
[4.402s] copying resource/my_package -> /home/olympusolutions/senior_ws/install/my_package/share/ament_index/resource_index/packages
[4.403s] copying package.xml -> /home/olympusolutions/senior_ws/install/my_package/share/my_package
[4.403s] running install_egg_info
[4.451s] Copying ../../../../build/my_package/my_package.egg-info to /home/olympusolutions/senior_ws/install/my_package/lib/python3.12/site-packages/my_package-0.0.0-py3.12.egg-info
[4.454s] running install_scripts
[4.740s] Installing my_node script to /home/olympusolutions/senior_ws/install/my_package/lib/my_package
[4.742s] writing list of installed files to '/home/olympusolutions/senior_ws/build/my_package/install.log'
[4.877s] Invoked command in '/home/olympusolutions/senior_ws/src/riley_ws/src/my_package' returned '0': DEBUGINFOD_URLS=https://debuginfod.ubuntu.com PYTHONPATH=/home/olympusolutions/senior_ws/build/my_package/prefix_override:/usr/lib/python3/dist-packages/colcon_core/task/python/colcon_distutils_commands:/home/olympusolutions/senior_ws/install/my_package/lib/python3.12/site-packages:${PYTHONPATH} /usr/bin/python3 -W ignore:setup.py install is deprecated -W ignore:easy_install command is deprecated setup.py egg_info --egg-base ../../../../build/my_package build --build-base /home/olympusolutions/senior_ws/build/my_package/build install --record /home/olympusolutions/senior_ws/build/my_package/install.log --single-version-externally-managed install_data --force
