[0.105s] Invoking command in '/home/olympusolutions/senior_ws/build/sllidar_ros2': CMAKE_PREFIX_PATH=${CMAKE_PREFIX_PATH}:/home/olympusolutions/senior_ws/install/twist_stamper:/home/olympusolutions/senior_ws/install/serial_motor_demo:/home/olympusolutions/senior_ws/install/my_package:/home/olympusolutions/senior_ws/install/listener_package:/home/olympusolutions/senior_ws/install/joy_tester:/opt/ros/jazzy DEBUGINFOD_URLS=https://debuginfod.ubuntu.com /usr/bin/cmake --build /home/olympusolutions/senior_ws/build/sllidar_ros2 -- -j4 -l4
[0.615s] [ 10%] Built target sllidar_client
[0.624s] [100%] Built target sllidar_node
[0.694s] Invoked command in '/home/olympusolutions/senior_ws/build/sllidar_ros2' returned '0': CMAKE_PREFIX_PATH=${CMAKE_PREFIX_PATH}:/home/olympusolutions/senior_ws/install/twist_stamper:/home/olympusolutions/senior_ws/install/serial_motor_demo:/home/olympusolutions/senior_ws/install/my_package:/home/olympusolutions/senior_ws/install/listener_package:/home/olympusolutions/senior_ws/install/joy_tester:/opt/ros/jazzy DEBUGINFOD_URLS=https://debuginfod.ubuntu.com /usr/bin/cmake --build /home/olympusolutions/senior_ws/build/sllidar_ros2 -- -j4 -l4
[0.702s] Invoking command in '/home/olympusolutions/senior_ws/build/sllidar_ros2': CMAKE_PREFIX_PATH=${CMAKE_PREFIX_PATH}:/home/olympusolutions/senior_ws/install/twist_stamper:/home/olympusolutions/senior_ws/install/serial_motor_demo:/home/olympusolutions/senior_ws/install/my_package:/home/olympusolutions/senior_ws/install/listener_package:/home/olympusolutions/senior_ws/install/joy_tester:/opt/ros/jazzy DEBUGINFOD_URLS=https://debuginfod.ubuntu.com /usr/bin/cmake --install /home/olympusolutions/senior_ws/build/sllidar_ros2
[0.762s] -- Install configuration: ""
[0.763s] -- Execute custom install script
[0.768s] -- Up-to-date symlink: /home/olympusolutions/senior_ws/install/sllidar_ros2/share/sllidar_ros2/launch/sllidar_a1_launch.py
[0.772s] -- Up-to-date symlink: /home/olympusolutions/senior_ws/install/sllidar_ros2/share/sllidar_ros2/launch/sllidar_a2m12_launch .py
[0.772s] -- Up-to-date symlink: /home/olympusolutions/senior_ws/install/sllidar_ros2/share/sllidar_ros2/launch/sllidar_a2m7_launch.py
[0.772s] -- Up-to-date symlink: /home/olympusolutions/senior_ws/install/sllidar_ros2/share/sllidar_ros2/launch/sllidar_a2m8_launch.py
[0.773s] -- Up-to-date symlink: /home/olympusolutions/senior_ws/install/sllidar_ros2/share/sllidar_ros2/launch/sllidar_a3_launch.py
[0.773s] -- Up-to-date symlink: /home/olympusolutions/senior_ws/install/sllidar_ros2/share/sllidar_ros2/launch/sllidar_c1_launch.py
[0.773s] -- Up-to-date symlink: /home/olympusolutions/senior_ws/install/sllidar_ros2/share/sllidar_ros2/launch/sllidar_s1_launch.py
[0.773s] -- Up-to-date symlink: /home/olympusolutions/senior_ws/install/sllidar_ros2/share/sllidar_ros2/launch/sllidar_s1_tcp_launch.py
[0.773s] -- Up-to-date symlink: /home/olympusolutions/senior_ws/install/sllidar_ros2/share/sllidar_ros2/launch/sllidar_s2_launch.py
[0.773s] -- Up-to-date symlink: /home/olympusolutions/senior_ws/install/sllidar_ros2/share/sllidar_ros2/launch/sllidar_s2e_launch.py
[0.773s] -- Up-to-date symlink: /home/olympusolutions/senior_ws/install/sllidar_ros2/share/sllidar_ros2/launch/sllidar_s3_launch.py
[0.774s] -- Up-to-date symlink: /home/olympusolutions/senior_ws/install/sllidar_ros2/share/sllidar_ros2/launch/sllidar_t1_launch.py
[0.780s] -- Up-to-date symlink: /home/olympusolutions/senior_ws/install/sllidar_ros2/share/sllidar_ros2/launch/view_sllidar_a1_launch.py
[0.780s] -- Up-to-date symlink: /home/olympusolutions/senior_ws/install/sllidar_ros2/share/sllidar_ros2/launch/view_sllidar_a2m12_launch.py
[0.780s] -- Up-to-date symlink: /home/olympusolutions/senior_ws/install/sllidar_ros2/share/sllidar_ros2/launch/view_sllidar_a2m7_launch.py
[0.781s] -- Up-to-date symlink: /home/olympusolutions/senior_ws/install/sllidar_ros2/share/sllidar_ros2/launch/view_sllidar_a2m8_launch.py
[0.781s] -- Up-to-date symlink: /home/olympusolutions/senior_ws/install/sllidar_ros2/share/sllidar_ros2/launch/view_sllidar_a3_launch.py
[0.781s] -- Up-to-date symlink: /home/olympusolutions/senior_ws/install/sllidar_ros2/share/sllidar_ros2/launch/view_sllidar_c1_launch.py
[0.781s] -- Up-to-date symlink: /home/olympusolutions/senior_ws/install/sllidar_ros2/share/sllidar_ros2/launch/view_sllidar_s1_launch.py
[0.793s] -- Up-to-date symlink: /home/olympusolutions/senior_ws/install/sllidar_ros2/share/sllidar_ros2/launch/view_sllidar_s1_tcp_launch.py
[0.794s] -- Up-to-date symlink: /home/olympusolutions/senior_ws/install/sllidar_ros2/share/sllidar_ros2/launch/view_sllidar_s2_launch.py
[0.794s] -- Up-to-date symlink: /home/olympusolutions/senior_ws/install/sllidar_ros2/share/sllidar_ros2/launch/view_sllidar_s2e_launch.py
[0.795s] -- Up-to-date symlink: /home/olympusolutions/senior_ws/install/sllidar_ros2/share/sllidar_ros2/launch/view_sllidar_s3_launch.py
[0.795s] -- Up-to-date symlink: /home/olympusolutions/senior_ws/install/sllidar_ros2/share/sllidar_ros2/launch/view_sllidar_t1_launch.py
[0.806s] -- Up-to-date symlink: /home/olympusolutions/senior_ws/install/sllidar_ros2/share/sllidar_ros2/rviz/sllidar_ros2.rviz
[0.809s] -- Up-to-date symlink: /home/olympusolutions/senior_ws/install/sllidar_ros2/lib/sllidar_ros2/sllidar_node
[0.810s] -- Up-to-date symlink: /home/olympusolutions/senior_ws/install/sllidar_ros2/lib/sllidar_ros2/sllidar_client
[0.810s] -- Up-to-date symlink: /home/olympusolutions/senior_ws/install/sllidar_ros2/share/ament_index/resource_index/package_run_dependencies/sllidar_ros2
[0.813s] -- Up-to-date symlink: /home/olympusolutions/senior_ws/install/sllidar_ros2/share/ament_index/resource_index/parent_prefix_path/sllidar_ros2
[0.817s] -- Up-to-date symlink: /home/olympusolutions/senior_ws/install/sllidar_ros2/share/sllidar_ros2/environment/ament_prefix_path.sh
[0.821s] -- Up-to-date symlink: /home/olympusolutions/senior_ws/install/sllidar_ros2/share/sllidar_ros2/environment/ament_prefix_path.dsv
[0.826s] -- Up-to-date symlink: /home/olympusolutions/senior_ws/install/sllidar_ros2/share/sllidar_ros2/environment/path.sh
[0.826s] -- Up-to-date symlink: /home/olympusolutions/senior_ws/install/sllidar_ros2/share/sllidar_ros2/environment/path.dsv
[0.834s] -- Up-to-date symlink: /home/olympusolutions/senior_ws/install/sllidar_ros2/share/sllidar_ros2/local_setup.bash
[0.835s] -- Up-to-date symlink: /home/olympusolutions/senior_ws/install/sllidar_ros2/share/sllidar_ros2/local_setup.sh
[0.835s] -- Up-to-date symlink: /home/olympusolutions/senior_ws/install/sllidar_ros2/share/sllidar_ros2/local_setup.zsh
[0.848s] -- Up-to-date symlink: /home/olympusolutions/senior_ws/install/sllidar_ros2/share/sllidar_ros2/local_setup.dsv
[0.849s] -- Symlinking: /home/olympusolutions/senior_ws/install/sllidar_ros2/share/sllidar_ros2/package.dsv
[0.966s] -- Up-to-date symlink: /home/olympusolutions/senior_ws/install/sllidar_ros2/share/ament_index/resource_index/packages/sllidar_ros2
[0.966s] -- Up-to-date symlink: /home/olympusolutions/senior_ws/install/sllidar_ros2/share/sllidar_ros2/cmake/ament_cmake_export_dependencies-extras.cmake
[0.970s] -- Up-to-date symlink: /home/olympusolutions/senior_ws/install/sllidar_ros2/share/sllidar_ros2/cmake/ament_cmake_export_include_directories-extras.cmake
[0.975s] -- Up-to-date symlink: /home/olympusolutions/senior_ws/install/sllidar_ros2/share/sllidar_ros2/cmake/sllidar_ros2Config.cmake
[0.985s] -- Up-to-date symlink: /home/olympusolutions/senior_ws/install/sllidar_ros2/share/sllidar_ros2/cmake/sllidar_ros2Config-version.cmake
[1.002s] -- Up-to-date symlink: /home/olympusolutions/senior_ws/install/sllidar_ros2/share/sllidar_ros2/package.xml
[1.010s] Invoked command in '/home/olympusolutions/senior_ws/build/sllidar_ros2' returned '0': CMAKE_PREFIX_PATH=${CMAKE_PREFIX_PATH}:/home/olympusolutions/senior_ws/install/twist_stamper:/home/olympusolutions/senior_ws/install/serial_motor_demo:/home/olympusolutions/senior_ws/install/my_package:/home/olympusolutions/senior_ws/install/listener_package:/home/olympusolutions/senior_ws/install/joy_tester:/opt/ros/jazzy DEBUGINFOD_URLS=https://debuginfod.ubuntu.com /usr/bin/cmake --install /home/olympusolutions/senior_ws/build/sllidar_ros2
