[6.035s] Invoking command in '/home/olympusolutions/senior_ws/src/riley_ws/src/my_package': DEBUGINFOD_URLS=https://debuginfod.ubuntu.com PYTHONPATH=/home/olympusolutions/senior_ws/build/my_package/prefix_override:/usr/lib/python3/dist-packages/colcon_core/task/python/colcon_distutils_commands:/home/olympusolutions/senior_ws/install/my_package/lib/python3.12/site-packages:${PYTHONPATH} /usr/bin/python3 -W ignore:setup.py install is deprecated -W ignore:easy_install command is deprecated setup.py egg_info --egg-base ../../../../build/my_package build --build-base /home/olympusolutions/senior_ws/build/my_package/build install --record /home/olympusolutions/senior_ws/build/my_package/install.log --single-version-externally-managed install_data
[7.518s] running egg_info
[7.605s] writing ../../../../build/my_package/my_package.egg-info/PKG-INFO
[7.606s] writing dependency_links to ../../../../build/my_package/my_package.egg-info/dependency_links.txt
[7.607s] writing entry points to ../../../../build/my_package/my_package.egg-info/entry_points.txt
[7.607s] writing requirements to ../../../../build/my_package/my_package.egg-info/requires.txt
[7.607s] writing top-level names to ../../../../build/my_package/my_package.egg-info/top_level.txt
[7.782s] reading manifest file '../../../../build/my_package/my_package.egg-info/SOURCES.txt'
[7.783s] adding license file 'LICENSE'
[7.784s] writing manifest file '../../../../build/my_package/my_package.egg-info/SOURCES.txt'
[7.784s] running build
[7.785s] running build_py
[7.789s] running install
[7.810s] running install_lib
[7.955s] running install_data
[7.962s] running install_egg_info
[8.113s] removing '/home/olympusolutions/senior_ws/install/my_package/lib/python3.12/site-packages/my_package-0.0.0-py3.12.egg-info' (and everything under it)
[8.122s] Copying ../../../../build/my_package/my_package.egg-info to /home/olympusolutions/senior_ws/install/my_package/lib/python3.12/site-packages/my_package-0.0.0-py3.12.egg-info
[8.129s] running install_scripts
[8.806s] Installing my_node script to /home/olympusolutions/senior_ws/install/my_package/lib/my_package
[8.810s] writing list of installed files to '/home/olympusolutions/senior_ws/build/my_package/install.log'
[9.324s] Invoked command in '/home/olympusolutions/senior_ws/src/riley_ws/src/my_package' returned '0': DEBUGINFOD_URLS=https://debuginfod.ubuntu.com PYTHONPATH=/home/olympusolutions/senior_ws/build/my_package/prefix_override:/usr/lib/python3/dist-packages/colcon_core/task/python/colcon_distutils_commands:/home/olympusolutions/senior_ws/install/my_package/lib/python3.12/site-packages:${PYTHONPATH} /usr/bin/python3 -W ignore:setup.py install is deprecated -W ignore:easy_install command is deprecated setup.py egg_info --egg-base ../../../../build/my_package build --build-base /home/olympusolutions/senior_ws/build/my_package/build install --record /home/olympusolutions/senior_ws/build/my_package/install.log --single-version-externally-managed install_data
