[5.797s] Invoking command in '/home/olympusolutions/senior_ws/src/riley_ws/src/my_package': DEBUGINFOD_URLS=https://debuginfod.ubuntu.com PYTHONPATH=/home/olympusolutions/senior_ws/build/my_package/prefix_override:/usr/lib/python3/dist-packages/colcon_core/task/python/colcon_distutils_commands:/home/olympusolutions/senior_ws/install/my_package/lib/python3.12/site-packages:${PYTHONPATH} /usr/bin/python3 -W ignore:setup.py install is deprecated -W ignore:easy_install command is deprecated setup.py egg_info --egg-base ../../../../build/my_package build --build-base /home/olympusolutions/senior_ws/build/my_package/build install --record /home/olympusolutions/senior_ws/build/my_package/install.log --single-version-externally-managed install_data
[8.862s] running egg_info
[9.064s] writing ../../../../build/my_package/my_package.egg-info/PKG-INFO
[9.068s] writing dependency_links to ../../../../build/my_package/my_package.egg-info/dependency_links.txt
[9.069s] writing entry points to ../../../../build/my_package/my_package.egg-info/entry_points.txt
[9.077s] writing requirements to ../../../../build/my_package/my_package.egg-info/requires.txt
[9.077s] writing top-level names to ../../../../build/my_package/my_package.egg-info/top_level.txt
[9.600s] reading manifest file '../../../../build/my_package/my_package.egg-info/SOURCES.txt'
[9.607s] adding license file 'LICENSE'
[9.609s] writing manifest file '../../../../build/my_package/my_package.egg-info/SOURCES.txt'
[9.610s] running build
[9.612s] running build_py
[9.618s] running install
[9.688s] running install_lib
[9.961s] running install_data
[9.963s] running install_egg_info
[10.097s] removing '/home/olympusolutions/senior_ws/install/my_package/lib/python3.12/site-packages/my_package-0.0.0-py3.12.egg-info' (and everything under it)
[10.104s] Copying ../../../../build/my_package/my_package.egg-info to /home/olympusolutions/senior_ws/install/my_package/lib/python3.12/site-packages/my_package-0.0.0-py3.12.egg-info
[10.115s] running install_scripts
[11.025s] Installing my_node script to /home/olympusolutions/senior_ws/install/my_package/lib/my_package
[11.029s] writing list of installed files to '/home/olympusolutions/senior_ws/build/my_package/install.log'
[11.283s] Invoked command in '/home/olympusolutions/senior_ws/src/riley_ws/src/my_package' returned '0': DEBUGINFOD_URLS=https://debuginfod.ubuntu.com PYTHONPATH=/home/olympusolutions/senior_ws/build/my_package/prefix_override:/usr/lib/python3/dist-packages/colcon_core/task/python/colcon_distutils_commands:/home/olympusolutions/senior_ws/install/my_package/lib/python3.12/site-packages:${PYTHONPATH} /usr/bin/python3 -W ignore:setup.py install is deprecated -W ignore:easy_install command is deprecated setup.py egg_info --egg-base ../../../../build/my_package build --build-base /home/olympusolutions/senior_ws/build/my_package/build install --record /home/olympusolutions/senior_ws/build/my_package/install.log --single-version-externally-managed install_data
