[2.639s] Invoking command in '/home/olympusolutions/senior_ws/build/listener_package': DEBUGINFOD_URLS=https://debuginfod.ubuntu.com PYTHONPATH=/home/olympusolutions/senior_ws/build/listener_package/prefix_override:/usr/lib/python3/dist-packages/colcon_core/task/python/colcon_distutils_commands:/home/olympusolutions/senior_ws/install/listener_package/lib/python3.12/site-packages:${PYTHONPATH} /usr/bin/python3 -W ignore:setup.py install is deprecated -W ignore:easy_install command is deprecated setup.py develop --editable --build-directory /home/olympusolutions/senior_ws/build/listener_package/build --no-deps symlink_data --force
[3.484s] running develop
[4.037s] running egg_info
[4.087s] writing listener_package.egg-info/PKG-INFO
[4.090s] writing dependency_links to listener_package.egg-info/dependency_links.txt
[4.090s] writing entry points to listener_package.egg-info/entry_points.txt
[4.090s] writing requirements to listener_package.egg-info/requires.txt
[4.092s] writing top-level names to listener_package.egg-info/top_level.txt
[4.229s] reading manifest file 'listener_package.egg-info/SOURCES.txt'
[4.232s] writing manifest file 'listener_package.egg-info/SOURCES.txt'
[4.291s] running build_ext
[4.292s] Creating /home/olympusolutions/senior_ws/install/listener_package/lib/python3.12/site-packages/listener-package.egg-link (link to .)
[4.294s] Installing listener script to /home/olympusolutions/senior_ws/install/listener_package/lib/listener_package
[4.294s] Installing phone_listener script to /home/olympusolutions/senior_ws/install/listener_package/lib/listener_package
[4.294s] Installing talker script to /home/olympusolutions/senior_ws/install/listener_package/lib/listener_package
[4.295s] 
[4.296s] Installed /home/olympusolutions/senior_ws/build/listener_package
[4.296s] running symlink_data
[4.296s] symbolically linking /home/olympusolutions/senior_ws/build/listener_package/resource/listener_package -> /home/olympusolutions/senior_ws/install/listener_package/share/ament_index/resource_index/packages
[4.296s] symbolically linking /home/olympusolutions/senior_ws/build/listener_package/package.xml -> /home/olympusolutions/senior_ws/install/listener_package/share/listener_package
[4.805s] Invoked command in '/home/olympusolutions/senior_ws/build/listener_package' returned '0': DEBUGINFOD_URLS=https://debuginfod.ubuntu.com PYTHONPATH=/home/olympusolutions/senior_ws/build/listener_package/prefix_override:/usr/lib/python3/dist-packages/colcon_core/task/python/colcon_distutils_commands:/home/olympusolutions/senior_ws/install/listener_package/lib/python3.12/site-packages:${PYTHONPATH} /usr/bin/python3 -W ignore:setup.py install is deprecated -W ignore:easy_install command is deprecated setup.py develop --editable --build-directory /home/olympusolutions/senior_ws/build/listener_package/build --no-deps symlink_data --force
