[0.058s] Invoking command in '/home/olympusolutions/senior_ws/build/diffdrive_arduino': CMAKE_PREFIX_PATH=${CMAKE_PREFIX_PATH}:/home/olympusolutions/senior_ws/install/twist_stamper:/home/olympusolutions/senior_ws/install/serial_motor_demo:/home/olympusolutions/senior_ws/install/my_package:/home/olympusolutions/senior_ws/install/listener_package:/home/olympusolutions/senior_ws/install/joy_tester:/opt/ros/jazzy DEBUGINFOD_URLS=https://debuginfod.ubuntu.com /usr/bin/cmake --build /home/olympusolutions/senior_ws/build/diffdrive_arduino -- -j4 -l4
[0.256s] [100%] Built target diffdrive_arduino
[0.704s] Invoked command in '/home/olympusolutions/senior_ws/build/diffdrive_arduino' returned '0': CMAKE_PREFIX_PATH=${CMAKE_PREFIX_PATH}:/home/olympusolutions/senior_ws/install/twist_stamper:/home/olympusolutions/senior_ws/install/serial_motor_demo:/home/olympusolutions/senior_ws/install/my_package:/home/olympusolutions/senior_ws/install/listener_package:/home/olympusolutions/senior_ws/install/joy_tester:/opt/ros/jazzy DEBUGINFOD_URLS=https://debuginfod.ubuntu.com /usr/bin/cmake --build /home/olympusolutions/senior_ws/build/diffdrive_arduino -- -j4 -l4
[0.706s] Invoking command in '/home/olympusolutions/senior_ws/build/diffdrive_arduino': CMAKE_PREFIX_PATH=${CMAKE_PREFIX_PATH}:/home/olympusolutions/senior_ws/install/twist_stamper:/home/olympusolutions/senior_ws/install/serial_motor_demo:/home/olympusolutions/senior_ws/install/my_package:/home/olympusolutions/senior_ws/install/listener_package:/home/olympusolutions/senior_ws/install/joy_tester:/opt/ros/jazzy DEBUGINFOD_URLS=https://debuginfod.ubuntu.com /usr/bin/cmake --install /home/olympusolutions/senior_ws/build/diffdrive_arduino
[0.733s] -- Install configuration: ""
[0.738s] -- Execute custom install script
[0.738s] -- Up-to-date symlink: /home/olympusolutions/senior_ws/install/diffdrive_arduino/share/diffdrive_arduino//diffdrive_arduino.xml
[0.738s] -- Up-to-date symlink: /home/olympusolutions/senior_ws/install/diffdrive_arduino/include/diffdrive_arduino/diffdrive_arduino/arduino_comms.hpp
[0.738s] -- Up-to-date symlink: /home/olympusolutions/senior_ws/install/diffdrive_arduino/include/diffdrive_arduino/diffdrive_arduino/diffbot_system.hpp
[0.738s] -- Up-to-date symlink: /home/olympusolutions/senior_ws/install/diffdrive_arduino/include/diffdrive_arduino/diffdrive_arduino/visibility_control.h
[0.738s] -- Up-to-date symlink: /home/olympusolutions/senior_ws/install/diffdrive_arduino/include/diffdrive_arduino/diffdrive_arduino/wheel.hpp
[0.738s] -- Up-to-date symlink: /home/olympusolutions/senior_ws/install/diffdrive_arduino/share/diffdrive_arduino/launch/view_robot.launch.py
[0.739s] -- Up-to-date symlink: /home/olympusolutions/senior_ws/install/diffdrive_arduino/share/diffdrive_arduino/ros2_control/diffbot.ros2_control.xacro
[0.740s] -- Up-to-date symlink: /home/olympusolutions/senior_ws/install/diffdrive_arduino/share/diffdrive_arduino/urdf/diffbot.materials.xacro
[0.740s] -- Up-to-date symlink: /home/olympusolutions/senior_ws/install/diffdrive_arduino/share/diffdrive_arduino/urdf/diffbot.urdf.xacro
[0.741s] -- Up-to-date symlink: /home/olympusolutions/senior_ws/install/diffdrive_arduino/share/diffdrive_arduino/urdf/diffbot_description.urdf.xacro
[0.742s] -- Up-to-date symlink: /home/olympusolutions/senior_ws/install/diffdrive_arduino/share/diffdrive_arduino/rviz/diffbot.rviz
[0.743s] -- Up-to-date symlink: /home/olympusolutions/senior_ws/install/diffdrive_arduino/share/diffdrive_arduino/rviz/diffbot_view.rviz
[0.744s] -- Up-to-date symlink: /home/olympusolutions/senior_ws/install/diffdrive_arduino/share/diffdrive_arduino/launch/diffbot.launch.py
[0.744s] -- Up-to-date symlink: /home/olympusolutions/senior_ws/install/diffdrive_arduino/share/diffdrive_arduino/config/diffbot_controllers.yaml
[0.745s] -- Up-to-date symlink: /home/olympusolutions/senior_ws/install/diffdrive_arduino/share/diffdrive_arduino/environment/library_path.sh
[0.746s] -- Up-to-date symlink: /home/olympusolutions/senior_ws/install/diffdrive_arduino/share/diffdrive_arduino/environment/library_path.dsv
[0.747s] -- Up-to-date symlink: /home/olympusolutions/senior_ws/install/diffdrive_arduino/share/ament_index/resource_index/package_run_dependencies/diffdrive_arduino
[0.747s] -- Up-to-date symlink: /home/olympusolutions/senior_ws/install/diffdrive_arduino/share/ament_index/resource_index/parent_prefix_path/diffdrive_arduino
[0.747s] -- Up-to-date symlink: /home/olympusolutions/senior_ws/install/diffdrive_arduino/share/diffdrive_arduino/environment/ament_prefix_path.sh
[0.748s] -- Up-to-date symlink: /home/olympusolutions/senior_ws/install/diffdrive_arduino/share/diffdrive_arduino/environment/ament_prefix_path.dsv
[0.749s] -- Up-to-date symlink: /home/olympusolutions/senior_ws/install/diffdrive_arduino/share/diffdrive_arduino/environment/path.sh
[0.749s] -- Up-to-date symlink: /home/olympusolutions/senior_ws/install/diffdrive_arduino/share/diffdrive_arduino/environment/path.dsv
[0.751s] -- Up-to-date symlink: /home/olympusolutions/senior_ws/install/diffdrive_arduino/share/diffdrive_arduino/local_setup.bash
[0.751s] -- Up-to-date symlink: /home/olympusolutions/senior_ws/install/diffdrive_arduino/share/diffdrive_arduino/local_setup.sh
[0.751s] -- Up-to-date symlink: /home/olympusolutions/senior_ws/install/diffdrive_arduino/share/diffdrive_arduino/local_setup.zsh
[0.752s] -- Up-to-date symlink: /home/olympusolutions/senior_ws/install/diffdrive_arduino/share/diffdrive_arduino/local_setup.dsv
[0.753s] -- Symlinking: /home/olympusolutions/senior_ws/install/diffdrive_arduino/share/diffdrive_arduino/package.dsv
[0.784s] -- Up-to-date symlink: /home/olympusolutions/senior_ws/install/diffdrive_arduino/share/ament_index/resource_index/packages/diffdrive_arduino
[0.784s] -- Up-to-date symlink: /home/olympusolutions/senior_ws/install/diffdrive_arduino/share/ament_index/resource_index/hardware_interface__pluginlib__plugin/diffdrive_arduino
[0.784s] -- Up-to-date symlink: /home/olympusolutions/senior_ws/install/diffdrive_arduino/share/diffdrive_arduino/cmake/ament_cmake_export_targets-extras.cmake
[0.784s] -- Up-to-date symlink: /home/olympusolutions/senior_ws/install/diffdrive_arduino/share/diffdrive_arduino/cmake/ament_cmake_export_dependencies-extras.cmake
[0.785s] -- Up-to-date symlink: /home/olympusolutions/senior_ws/install/diffdrive_arduino/share/diffdrive_arduino/cmake/diffdrive_arduinoConfig.cmake
[0.785s] -- Up-to-date symlink: /home/olympusolutions/senior_ws/install/diffdrive_arduino/share/diffdrive_arduino/cmake/diffdrive_arduinoConfig-version.cmake
[0.786s] -- Up-to-date symlink: /home/olympusolutions/senior_ws/install/diffdrive_arduino/share/diffdrive_arduino/package.xml
[0.791s] -- Up-to-date: /home/olympusolutions/senior_ws/install/diffdrive_arduino/lib/libdiffdrive_arduino.so
[0.794s] -- Up-to-date: /home/olympusolutions/senior_ws/install/diffdrive_arduino/share/diffdrive_arduino/cmake/export_diffdrive_arduinoExport.cmake
[0.794s] -- Up-to-date: /home/olympusolutions/senior_ws/install/diffdrive_arduino/share/diffdrive_arduino/cmake/export_diffdrive_arduinoExport-noconfig.cmake
[0.896s] Invoked command in '/home/olympusolutions/senior_ws/build/diffdrive_arduino' returned '0': CMAKE_PREFIX_PATH=${CMAKE_PREFIX_PATH}:/home/olympusolutions/senior_ws/install/twist_stamper:/home/olympusolutions/senior_ws/install/serial_motor_demo:/home/olympusolutions/senior_ws/install/my_package:/home/olympusolutions/senior_ws/install/listener_package:/home/olympusolutions/senior_ws/install/joy_tester:/opt/ros/jazzy DEBUGINFOD_URLS=https://debuginfod.ubuntu.com /usr/bin/cmake --install /home/olympusolutions/senior_ws/build/diffdrive_arduino
