[2.239s] Invoking command in '/home/olympusolutions/riley_ws/src/listener_package': DEBUGINFOD_URLS=https://debuginfod.ubuntu.com PYTHONPATH=/home/olympusolutions/riley_ws/build/listener_package/prefix_override:/usr/lib/python3/dist-packages/colcon_core/task/python/colcon_distutils_commands:/home/olympusolutions/riley_ws/install/listener_package/lib/python3.12/site-packages:${PYTHONPATH} /usr/bin/python3 -W ignore:setup.py install is deprecated -W ignore:easy_install command is deprecated setup.py egg_info --egg-base ../../build/listener_package build --build-base /home/olympusolutions/riley_ws/build/listener_package/build install --record /home/olympusolutions/riley_ws/build/listener_package/install.log --single-version-externally-managed install_data
[2.757s] running egg_info
[2.786s] writing ../../build/listener_package/listener_package.egg-info/PKG-INFO
[2.787s] writing dependency_links to ../../build/listener_package/listener_package.egg-info/dependency_links.txt
[2.788s] writing entry points to ../../build/listener_package/listener_package.egg-info/entry_points.txt
[2.789s] writing requirements to ../../build/listener_package/listener_package.egg-info/requires.txt
[2.791s] writing top-level names to ../../build/listener_package/listener_package.egg-info/top_level.txt
[2.872s] reading manifest file '../../build/listener_package/listener_package.egg-info/SOURCES.txt'
[2.873s] adding license file 'LICENSE'
[2.874s] writing manifest file '../../build/listener_package/listener_package.egg-info/SOURCES.txt'
[2.874s] running build
[2.874s] running build_py
[2.875s] running install
[2.884s] running install_lib
[2.934s] running install_data
[2.935s] running install_egg_info
[2.967s] removing '/home/olympusolutions/riley_ws/install/listener_package/lib/python3.12/site-packages/listener_package-0.0.0-py3.12.egg-info' (and everything under it)
[2.967s] Copying ../../build/listener_package/listener_package.egg-info to /home/olympusolutions/riley_ws/install/listener_package/lib/python3.12/site-packages/listener_package-0.0.0-py3.12.egg-info
[2.968s] running install_scripts
[3.242s] Installing listener script to /home/olympusolutions/riley_ws/install/listener_package/lib/listener_package
[3.242s] Installing phone_listener script to /home/olympusolutions/riley_ws/install/listener_package/lib/listener_package
[3.244s] Installing talker script to /home/olympusolutions/riley_ws/install/listener_package/lib/listener_package
[3.246s] writing list of installed files to '/home/olympusolutions/riley_ws/build/listener_package/install.log'
[3.403s] Invoked command in '/home/olympusolutions/riley_ws/src/listener_package' returned '0': DEBUGINFOD_URLS=https://debuginfod.ubuntu.com PYTHONPATH=/home/olympusolutions/riley_ws/build/listener_package/prefix_override:/usr/lib/python3/dist-packages/colcon_core/task/python/colcon_distutils_commands:/home/olympusolutions/riley_ws/install/listener_package/lib/python3.12/site-packages:${PYTHONPATH} /usr/bin/python3 -W ignore:setup.py install is deprecated -W ignore:easy_install command is deprecated setup.py egg_info --egg-base ../../build/listener_package build --build-base /home/olympusolutions/riley_ws/build/listener_package/build install --record /home/olympusolutions/riley_ws/build/listener_package/install.log --single-version-externally-managed install_data
