[2.679s] Invoking command in '/home/olympusolutions/senior_ws/build/listener_package': DEBUGINFOD_URLS=https://debuginfod.ubuntu.com PYTHONPATH=/home/olympusolutions/senior_ws/build/listener_package/prefix_override:/usr/lib/python3/dist-packages/colcon_core/task/python/colcon_distutils_commands:/home/olympusolutions/senior_ws/install/listener_package/lib/python3.12/site-packages:${PYTHONPATH} /usr/bin/python3 -W ignore:setup.py install is deprecated -W ignore:easy_install command is deprecated setup.py develop --uninstall --editable --build-directory /home/olympusolutions/senior_ws/build/listener_package/build
[3.440s] running develop
[3.968s] Removing /home/olympusolutions/senior_ws/install/listener_package/lib/python3.12/site-packages/listener-package.egg-link (link to .)
[4.128s] Invoked command in '/home/olympusolutions/senior_ws/build/listener_package' returned '0': DEBUGINFOD_URLS=https://debuginfod.ubuntu.com PYTHONPATH=/home/olympusolutions/senior_ws/build/listener_package/prefix_override:/usr/lib/python3/dist-packages/colcon_core/task/python/colcon_distutils_commands:/home/olympusolutions/senior_ws/install/listener_package/lib/python3.12/site-packages:${PYTHONPATH} /usr/bin/python3 -W ignore:setup.py install is deprecated -W ignore:easy_install command is deprecated setup.py develop --uninstall --editable --build-directory /home/olympusolutions/senior_ws/build/listener_package/build
[4.128s] Invoking command in '/home/olympusolutions/senior_ws/src/riley_ws/src/listener_package': DEBUGINFOD_URLS=https://debuginfod.ubuntu.com PYTHONPATH=/home/olympusolutions/senior_ws/build/listener_package/prefix_override:/usr/lib/python3/dist-packages/colcon_core/task/python/colcon_distutils_commands:/home/olympusolutions/senior_ws/install/listener_package/lib/python3.12/site-packages:${PYTHONPATH} /usr/bin/python3 -W ignore:setup.py install is deprecated -W ignore:easy_install command is deprecated setup.py egg_info --egg-base ../../../../build/listener_package build --build-base /home/olympusolutions/senior_ws/build/listener_package/build install --record /home/olympusolutions/senior_ws/build/listener_package/install.log --single-version-externally-managed install_data --force
[4.845s] running egg_info
[4.883s] writing ../../../../build/listener_package/listener_package.egg-info/PKG-INFO
[4.883s] writing dependency_links to ../../../../build/listener_package/listener_package.egg-info/dependency_links.txt
[4.888s] writing entry points to ../../../../build/listener_package/listener_package.egg-info/entry_points.txt
[4.889s] writing requirements to ../../../../build/listener_package/listener_package.egg-info/requires.txt
[4.889s] writing top-level names to ../../../../build/listener_package/listener_package.egg-info/top_level.txt
[4.983s] reading manifest file '../../../../build/listener_package/listener_package.egg-info/SOURCES.txt'
[4.984s] adding license file 'LICENSE'
[4.984s] writing manifest file '../../../../build/listener_package/listener_package.egg-info/SOURCES.txt'
[4.985s] running build
[4.985s] running build_py
[4.985s] creating /home/olympusolutions/senior_ws/build/listener_package/build
[4.985s] creating /home/olympusolutions/senior_ws/build/listener_package/build/lib
[4.986s] creating /home/olympusolutions/senior_ws/build/listener_package/build/lib/listener_package
[4.986s] copying listener_package/__init__.py -> /home/olympusolutions/senior_ws/build/listener_package/build/lib/listener_package
[4.986s] copying listener_package/publisher_member_function.py -> /home/olympusolutions/senior_ws/build/listener_package/build/lib/listener_package
[4.987s] copying listener_package/phone_listener.py -> /home/olympusolutions/senior_ws/build/listener_package/build/lib/listener_package
[4.988s] copying listener_package/subscriber_member_function.py -> /home/olympusolutions/senior_ws/build/listener_package/build/lib/listener_package
[4.989s] running install
[5.005s] running install_lib
[5.043s] creating /home/olympusolutions/senior_ws/install/listener_package/lib/python3.12/site-packages/listener_package
[5.045s] copying /home/olympusolutions/senior_ws/build/listener_package/build/lib/listener_package/__init__.py -> /home/olympusolutions/senior_ws/install/listener_package/lib/python3.12/site-packages/listener_package
[5.045s] copying /home/olympusolutions/senior_ws/build/listener_package/build/lib/listener_package/publisher_member_function.py -> /home/olympusolutions/senior_ws/install/listener_package/lib/python3.12/site-packages/listener_package
[5.045s] copying /home/olympusolutions/senior_ws/build/listener_package/build/lib/listener_package/phone_listener.py -> /home/olympusolutions/senior_ws/install/listener_package/lib/python3.12/site-packages/listener_package
[5.048s] copying /home/olympusolutions/senior_ws/build/listener_package/build/lib/listener_package/subscriber_member_function.py -> /home/olympusolutions/senior_ws/install/listener_package/lib/python3.12/site-packages/listener_package
[5.049s] byte-compiling /home/olympusolutions/senior_ws/install/listener_package/lib/python3.12/site-packages/listener_package/__init__.py to __init__.cpython-312.pyc
[5.049s] byte-compiling /home/olympusolutions/senior_ws/install/listener_package/lib/python3.12/site-packages/listener_package/publisher_member_function.py to publisher_member_function.cpython-312.pyc
[5.050s] byte-compiling /home/olympusolutions/senior_ws/install/listener_package/lib/python3.12/site-packages/listener_package/phone_listener.py to phone_listener.cpython-312.pyc
[5.055s] byte-compiling /home/olympusolutions/senior_ws/install/listener_package/lib/python3.12/site-packages/listener_package/subscriber_member_function.py to subscriber_member_function.cpython-312.pyc
[5.055s] running install_data
[5.055s] copying resource/listener_package -> /home/olympusolutions/senior_ws/install/listener_package/share/ament_index/resource_index/packages
[5.055s] copying package.xml -> /home/olympusolutions/senior_ws/install/listener_package/share/listener_package
[5.056s] running install_egg_info
[5.093s] Copying ../../../../build/listener_package/listener_package.egg-info to /home/olympusolutions/senior_ws/install/listener_package/lib/python3.12/site-packages/listener_package-0.0.0-py3.12.egg-info
[5.098s] running install_scripts
[5.388s] Installing listener script to /home/olympusolutions/senior_ws/install/listener_package/lib/listener_package
[5.388s] Installing phone_listener script to /home/olympusolutions/senior_ws/install/listener_package/lib/listener_package
[5.389s] Installing talker script to /home/olympusolutions/senior_ws/install/listener_package/lib/listener_package
[5.391s] writing list of installed files to '/home/olympusolutions/senior_ws/build/listener_package/install.log'
[5.547s] Invoked command in '/home/olympusolutions/senior_ws/src/riley_ws/src/listener_package' returned '0': DEBUGINFOD_URLS=https://debuginfod.ubuntu.com PYTHONPATH=/home/olympusolutions/senior_ws/build/listener_package/prefix_override:/usr/lib/python3/dist-packages/colcon_core/task/python/colcon_distutils_commands:/home/olympusolutions/senior_ws/install/listener_package/lib/python3.12/site-packages:${PYTHONPATH} /usr/bin/python3 -W ignore:setup.py install is deprecated -W ignore:easy_install command is deprecated setup.py egg_info --egg-base ../../../../build/listener_package build --build-base /home/olympusolutions/senior_ws/build/listener_package/build install --record /home/olympusolutions/senior_ws/build/listener_package/install.log --single-version-externally-managed install_data --force
