[5.994s] Invoking command in '/home/olympusolutions/senior_ws/build/serial_motor_demo': CMAKE_PREFIX_PATH=/home/olympusolutions/senior_ws/install/serial_motor_demo_msgs:/home/olympusolutions/senior_ws/install/sllidar_ros2:/home/olympusolutions/senior_ws/install/serial:/home/olympusolutions/senior_ws/install/minibot:/home/olympusolutions/senior_ws/install/extender_arduino:/home/olympusolutions/senior_ws/install/diffdrive_arduino:/opt/ros/jazzy/opt/gz_sim_vendor:/opt/ros/jazzy/opt/gz_sensors_vendor:/opt/ros/jazzy/opt/gz_physics_vendor:/opt/ros/jazzy/opt/sdformat_vendor:/opt/ros/jazzy/opt/gz_gui_vendor:/opt/ros/jazzy/opt/gz_transport_vendor:/opt/ros/jazzy/opt/gz_rendering_vendor:/opt/ros/jazzy/opt/gz_plugin_vendor:/opt/ros/jazzy/opt/gz_fuel_tools_vendor:/opt/ros/jazzy/opt/gz_msgs_vendor:/opt/ros/jazzy/opt/gz_common_vendor:/opt/ros/jazzy/opt/gz_math_vendor:/opt/ros/jazzy/opt/gz_utils_vendor:/opt/ros/jazzy/opt/gz_tools_vendor:/opt/ros/jazzy/opt/gz_ogre_next_vendor:/opt/ros/jazzy/opt/gz_dartsim_vendor:/opt/ros/jazzy/opt/gz_cmake_vendor DEBUGINFOD_URLS=https://debuginfod.ubuntu.com PYTHONPATH=/home/olympusolutions/senior_ws/build/serial_motor_demo/prefix_override:/usr/lib/python3/dist-packages/colcon_core/task/python/colcon_distutils_commands:/home/olympusolutions/senior_ws/install/serial_motor_demo/lib/python3.12/site-packages:/home/olympusolutions/senior_ws/install/serial_motor_demo_msgs/lib/python3.12/site-packages:/home/olympusolutions/senior_ws/install/imu_publisher/lib/python3.12/site-packages:/home/olympusolutions/senior_ws/build/twist_stamper:/home/olympusolutions/senior_ws/install/twist_stamper/lib/python3.12/site-packages:/home/olympusolutions/senior_ws/build/serial_motor_demo:/home/olympusolutions/senior_ws/install/serial_motor_demo/lib/python3.12/site-packages:/home/olympusolutions/senior_ws/build/my_package:/home/olympusolutions/senior_ws/install/my_package/lib/python3.12/site-packages:/home/olympusolutions/senior_ws/build/listener_package:/home/olympusolutions/senior_ws/install/listener_package/lib/python3.12/site-packages:/home/olympusolutions/senior_ws/build/joy_tester:/home/olympusolutions/senior_ws/install/joy_tester/lib/python3.12/site-packages:/opt/ros/jazzy/lib/python3.12/site-packages /usr/bin/python3 -W ignore:setup.py install is deprecated -W ignore:easy_install command is deprecated setup.py develop --editable --build-directory /home/olympusolutions/senior_ws/build/serial_motor_demo/build --no-deps symlink_data --force
[6.600s] /usr/lib/python3/dist-packages/setuptools/dist.py:744: SetuptoolsDeprecationWarning: Invalid dash-separated options
[6.601s] !!
[6.601s] 
[6.601s]         ********************************************************************************
[6.601s]         Usage of dash-separated 'script-dir' will not be supported in future
[6.607s]         versions. Please use the underscore name 'script_dir' instead.
[6.608s] 
[6.608s]         This deprecation is overdue, please update your project and remove deprecated
[6.608s]         calls to avoid build errors in the future.
[6.608s] 
[6.609s]         See https://setuptools.pypa.io/en/latest/userguide/declarative_config.html for details.
[6.609s]         ********************************************************************************
[6.612s] 
[6.612s] !!
[6.612s]   opt = self.warn_dash_deprecation(opt, section)
[7.648s] running develop
[8.703s] running egg_info
[8.803s] writing serial_motor_demo.egg-info/PKG-INFO
[8.807s] writing dependency_links to serial_motor_demo.egg-info/dependency_links.txt
[8.807s] writing entry points to serial_motor_demo.egg-info/entry_points.txt
[8.813s] writing requirements to serial_motor_demo.egg-info/requires.txt
[8.815s] writing top-level names to serial_motor_demo.egg-info/top_level.txt
[8.983s] reading manifest file 'serial_motor_demo.egg-info/SOURCES.txt'
[8.985s] writing manifest file 'serial_motor_demo.egg-info/SOURCES.txt'
[9.091s] running build_ext
[9.091s] Creating /home/olympusolutions/senior_ws/install/serial_motor_demo/lib/python3.12/site-packages/serial-motor-demo.egg-link (link to .)
[9.093s] Installing driver script to /home/olympusolutions/senior_ws/install/serial_motor_demo/lib/serial_motor_demo
[9.095s] Installing gui script to /home/olympusolutions/senior_ws/install/serial_motor_demo/lib/serial_motor_demo
[9.095s] 
[9.095s] Installed /home/olympusolutions/senior_ws/build/serial_motor_demo
[9.095s] running symlink_data
[9.095s] symbolically linking /home/olympusolutions/senior_ws/build/serial_motor_demo/resource/serial_motor_demo -> /home/olympusolutions/senior_ws/install/serial_motor_demo/share/ament_index/resource_index/packages
[9.096s] symbolically linking /home/olympusolutions/senior_ws/build/serial_motor_demo/package.xml -> /home/olympusolutions/senior_ws/install/serial_motor_demo/share/serial_motor_demo
[9.315s] Invoked command in '/home/olympusolutions/senior_ws/build/serial_motor_demo' returned '0': CMAKE_PREFIX_PATH=/home/olympusolutions/senior_ws/install/serial_motor_demo_msgs:/home/olympusolutions/senior_ws/install/sllidar_ros2:/home/olympusolutions/senior_ws/install/serial:/home/olympusolutions/senior_ws/install/minibot:/home/olympusolutions/senior_ws/install/extender_arduino:/home/olympusolutions/senior_ws/install/diffdrive_arduino:/opt/ros/jazzy/opt/gz_sim_vendor:/opt/ros/jazzy/opt/gz_sensors_vendor:/opt/ros/jazzy/opt/gz_physics_vendor:/opt/ros/jazzy/opt/sdformat_vendor:/opt/ros/jazzy/opt/gz_gui_vendor:/opt/ros/jazzy/opt/gz_transport_vendor:/opt/ros/jazzy/opt/gz_rendering_vendor:/opt/ros/jazzy/opt/gz_plugin_vendor:/opt/ros/jazzy/opt/gz_fuel_tools_vendor:/opt/ros/jazzy/opt/gz_msgs_vendor:/opt/ros/jazzy/opt/gz_common_vendor:/opt/ros/jazzy/opt/gz_math_vendor:/opt/ros/jazzy/opt/gz_utils_vendor:/opt/ros/jazzy/opt/gz_tools_vendor:/opt/ros/jazzy/opt/gz_ogre_next_vendor:/opt/ros/jazzy/opt/gz_dartsim_vendor:/opt/ros/jazzy/opt/gz_cmake_vendor DEBUGINFOD_URLS=https://debuginfod.ubuntu.com PYTHONPATH=/home/olympusolutions/senior_ws/build/serial_motor_demo/prefix_override:/usr/lib/python3/dist-packages/colcon_core/task/python/colcon_distutils_commands:/home/olympusolutions/senior_ws/install/serial_motor_demo/lib/python3.12/site-packages:/home/olympusolutions/senior_ws/install/serial_motor_demo_msgs/lib/python3.12/site-packages:/home/olympusolutions/senior_ws/install/imu_publisher/lib/python3.12/site-packages:/home/olympusolutions/senior_ws/build/twist_stamper:/home/olympusolutions/senior_ws/install/twist_stamper/lib/python3.12/site-packages:/home/olympusolutions/senior_ws/build/serial_motor_demo:/home/olympusolutions/senior_ws/install/serial_motor_demo/lib/python3.12/site-packages:/home/olympusolutions/senior_ws/build/my_package:/home/olympusolutions/senior_ws/install/my_package/lib/python3.12/site-packages:/home/olympusolutions/senior_ws/build/listener_package:/home/olympusolutions/senior_ws/install/listener_package/lib/python3.12/site-packages:/home/olympusolutions/senior_ws/build/joy_tester:/home/olympusolutions/senior_ws/install/joy_tester/lib/python3.12/site-packages:/opt/ros/jazzy/lib/python3.12/site-packages /usr/bin/python3 -W ignore:setup.py install is deprecated -W ignore:easy_install command is deprecated setup.py develop --editable --build-directory /home/olympusolutions/senior_ws/build/serial_motor_demo/build --no-deps symlink_data --force
