[0.209s] Invoking command in '/home/olympusolutions/senior_ws/build/extender_arduino': CMAKE_PREFIX_PATH=${CMAKE_PREFIX_PATH}:/home/olympusolutions/senior_ws/install/twist_stamper:/home/olympusolutions/senior_ws/install/serial_motor_demo:/home/olympusolutions/senior_ws/install/my_package:/home/olympusolutions/senior_ws/install/listener_package:/home/olympusolutions/senior_ws/install/joy_tester:/opt/ros/jazzy DEBUGINFOD_URLS=https://debuginfod.ubuntu.com /usr/bin/cmake --build /home/olympusolutions/senior_ws/build/extender_arduino -- -j4 -l4
[0.755s] [100%] Built target extender_arduino
[1.816s] Invoked command in '/home/olympusolutions/senior_ws/build/extender_arduino' returned '0': CMAKE_PREFIX_PATH=${CMAKE_PREFIX_PATH}:/home/olympusolutions/senior_ws/install/twist_stamper:/home/olympusolutions/senior_ws/install/serial_motor_demo:/home/olympusolutions/senior_ws/install/my_package:/home/olympusolutions/senior_ws/install/listener_package:/home/olympusolutions/senior_ws/install/joy_tester:/opt/ros/jazzy DEBUGINFOD_URLS=https://debuginfod.ubuntu.com /usr/bin/cmake --build /home/olympusolutions/senior_ws/build/extender_arduino -- -j4 -l4
[1.817s] Invoking command in '/home/olympusolutions/senior_ws/build/extender_arduino': CMAKE_PREFIX_PATH=${CMAKE_PREFIX_PATH}:/home/olympusolutions/senior_ws/install/twist_stamper:/home/olympusolutions/senior_ws/install/serial_motor_demo:/home/olympusolutions/senior_ws/install/my_package:/home/olympusolutions/senior_ws/install/listener_package:/home/olympusolutions/senior_ws/install/joy_tester:/opt/ros/jazzy DEBUGINFOD_URLS=https://debuginfod.ubuntu.com /usr/bin/cmake --install /home/olympusolutions/senior_ws/build/extender_arduino
[1.919s] -- Install configuration: ""
[1.919s] -- Execute custom install script
[1.919s] -- Up-to-date symlink: /home/olympusolutions/senior_ws/install/extender_arduino/share/extender_arduino//extender_arduino.xml
[1.919s] -- Up-to-date symlink: /home/olympusolutions/senior_ws/install/extender_arduino/include/extender_arduino/extender_arduino/arduino_comms.hpp
[1.928s] -- Up-to-date symlink: /home/olympusolutions/senior_ws/install/extender_arduino/include/extender_arduino/extender_arduino/diffbot_system.hpp
[1.929s] -- Up-to-date symlink: /home/olympusolutions/senior_ws/install/extender_arduino/include/extender_arduino/extender_arduino/gripper.hpp
[1.934s] -- Up-to-date symlink: /home/olympusolutions/senior_ws/install/extender_arduino/include/extender_arduino/extender_arduino/visibility_control.h
[1.936s] -- Up-to-date symlink: /home/olympusolutions/senior_ws/install/extender_arduino/include/extender_arduino/extender_arduino/wheel.hpp
[1.943s] -- Up-to-date symlink: /home/olympusolutions/senior_ws/install/extender_arduino/share/extender_arduino/launch/view_robot.launch.py
[1.945s] -- Up-to-date symlink: /home/olympusolutions/senior_ws/install/extender_arduino/share/extender_arduino/ros2_control/diffbot.ros2_control.xacro
[1.946s] -- Up-to-date symlink: /home/olympusolutions/senior_ws/install/extender_arduino/share/extender_arduino/urdf/diffbot.materials.xacro
[1.946s] -- Up-to-date symlink: /home/olympusolutions/senior_ws/install/extender_arduino/share/extender_arduino/urdf/diffbot.urdf.xacro
[1.946s] -- Up-to-date symlink: /home/olympusolutions/senior_ws/install/extender_arduino/share/extender_arduino/urdf/diffbot_description.urdf.xacro
[1.953s] -- Up-to-date symlink: /home/olympusolutions/senior_ws/install/extender_arduino/share/extender_arduino/rviz/diffbot.rviz
[1.953s] -- Up-to-date symlink: /home/olympusolutions/senior_ws/install/extender_arduino/share/extender_arduino/rviz/diffbot_view.rviz
[1.954s] -- Up-to-date symlink: /home/olympusolutions/senior_ws/install/extender_arduino/share/extender_arduino/launch/diffbot.launch.py
[1.960s] -- Up-to-date symlink: /home/olympusolutions/senior_ws/install/extender_arduino/share/extender_arduino/config/diffbot_controllers.yaml
[1.960s] -- Up-to-date symlink: /home/olympusolutions/senior_ws/install/extender_arduino/share/extender_arduino/config/extender_controllers.yaml
[1.960s] -- Up-to-date symlink: /home/olympusolutions/senior_ws/install/extender_arduino/share/extender_arduino/environment/library_path.sh
[1.960s] -- Up-to-date symlink: /home/olympusolutions/senior_ws/install/extender_arduino/share/extender_arduino/environment/library_path.dsv
[1.969s] -- Up-to-date symlink: /home/olympusolutions/senior_ws/install/extender_arduino/share/ament_index/resource_index/package_run_dependencies/extender_arduino
[1.975s] -- Up-to-date symlink: /home/olympusolutions/senior_ws/install/extender_arduino/share/ament_index/resource_index/parent_prefix_path/extender_arduino
[1.975s] -- Up-to-date symlink: /home/olympusolutions/senior_ws/install/extender_arduino/share/extender_arduino/environment/ament_prefix_path.sh
[1.975s] -- Up-to-date symlink: /home/olympusolutions/senior_ws/install/extender_arduino/share/extender_arduino/environment/ament_prefix_path.dsv
[1.975s] -- Up-to-date symlink: /home/olympusolutions/senior_ws/install/extender_arduino/share/extender_arduino/environment/path.sh
[1.985s] -- Up-to-date symlink: /home/olympusolutions/senior_ws/install/extender_arduino/share/extender_arduino/environment/path.dsv
[1.985s] -- Up-to-date symlink: /home/olympusolutions/senior_ws/install/extender_arduino/share/extender_arduino/local_setup.bash
[1.985s] -- Up-to-date symlink: /home/olympusolutions/senior_ws/install/extender_arduino/share/extender_arduino/local_setup.sh
[1.990s] -- Up-to-date symlink: /home/olympusolutions/senior_ws/install/extender_arduino/share/extender_arduino/local_setup.zsh
[1.990s] -- Up-to-date symlink: /home/olympusolutions/senior_ws/install/extender_arduino/share/extender_arduino/local_setup.dsv
[1.990s] -- Symlinking: /home/olympusolutions/senior_ws/install/extender_arduino/share/extender_arduino/package.dsv
[2.032s] -- Up-to-date symlink: /home/olympusolutions/senior_ws/install/extender_arduino/share/ament_index/resource_index/packages/extender_arduino
[2.035s] -- Up-to-date symlink: /home/olympusolutions/senior_ws/install/extender_arduino/share/ament_index/resource_index/hardware_interface__pluginlib__plugin/extender_arduino
[2.035s] -- Up-to-date symlink: /home/olympusolutions/senior_ws/install/extender_arduino/share/extender_arduino/cmake/ament_cmake_export_targets-extras.cmake
[2.044s] -- Up-to-date symlink: /home/olympusolutions/senior_ws/install/extender_arduino/share/extender_arduino/cmake/ament_cmake_export_dependencies-extras.cmake
[2.048s] -- Up-to-date symlink: /home/olympusolutions/senior_ws/install/extender_arduino/share/extender_arduino/cmake/extender_arduinoConfig.cmake
[2.050s] -- Up-to-date symlink: /home/olympusolutions/senior_ws/install/extender_arduino/share/extender_arduino/cmake/extender_arduinoConfig-version.cmake
[2.065s] -- Up-to-date symlink: /home/olympusolutions/senior_ws/install/extender_arduino/share/extender_arduino/package.xml
[2.080s] -- Up-to-date: /home/olympusolutions/senior_ws/install/extender_arduino/lib/libextender_arduino.so
[2.080s] -- Up-to-date: /home/olympusolutions/senior_ws/install/extender_arduino/share/extender_arduino/cmake/export_extender_arduinoExport.cmake
[2.081s] -- Up-to-date: /home/olympusolutions/senior_ws/install/extender_arduino/share/extender_arduino/cmake/export_extender_arduinoExport-noconfig.cmake
[2.083s] Invoked command in '/home/olympusolutions/senior_ws/build/extender_arduino' returned '0': CMAKE_PREFIX_PATH=${CMAKE_PREFIX_PATH}:/home/olympusolutions/senior_ws/install/twist_stamper:/home/olympusolutions/senior_ws/install/serial_motor_demo:/home/olympusolutions/senior_ws/install/my_package:/home/olympusolutions/senior_ws/install/listener_package:/home/olympusolutions/senior_ws/install/joy_tester:/opt/ros/jazzy DEBUGINFOD_URLS=https://debuginfod.ubuntu.com /usr/bin/cmake --install /home/olympusolutions/senior_ws/build/extender_arduino
