[2.721s] Invoking command in '/home/olympusolutions/senior_ws/src/riley_ws/src/my_package': DEBUGINFOD_URLS=https://debuginfod.ubuntu.com PYTHONPATH=/home/olympusolutions/senior_ws/build/my_package/prefix_override:/usr/lib/python3/dist-packages/colcon_core/task/python/colcon_distutils_commands:/home/olympusolutions/senior_ws/install/my_package/lib/python3.12/site-packages:${PYTHONPATH} /usr/bin/python3 -W ignore:setup.py install is deprecated -W ignore:easy_install command is deprecated setup.py egg_info --egg-base ../../../../build/my_package build --build-base /home/olympusolutions/senior_ws/build/my_package/build install --record /home/olympusolutions/senior_ws/build/my_package/install.log --single-version-externally-managed install_data
[3.197s] running egg_info
[3.227s] writing ../../../../build/my_package/my_package.egg-info/PKG-INFO
[3.228s] writing dependency_links to ../../../../build/my_package/my_package.egg-info/dependency_links.txt
[3.228s] writing entry points to ../../../../build/my_package/my_package.egg-info/entry_points.txt
[3.230s] writing requirements to ../../../../build/my_package/my_package.egg-info/requires.txt
[3.232s] writing top-level names to ../../../../build/my_package/my_package.egg-info/top_level.txt
[3.310s] reading manifest file '../../../../build/my_package/my_package.egg-info/SOURCES.txt'
[3.310s] adding license file 'LICENSE'
[3.311s] writing manifest file '../../../../build/my_package/my_package.egg-info/SOURCES.txt'
[3.312s] running build
[3.312s] running build_py
[3.313s] running install
[3.323s] running install_lib
[3.374s] running install_data
[3.374s] running install_egg_info
[3.412s] removing '/home/olympusolutions/senior_ws/install/my_package/lib/python3.12/site-packages/my_package-0.0.0-py3.12.egg-info' (and everything under it)
[3.412s] Copying ../../../../build/my_package/my_package.egg-info to /home/olympusolutions/senior_ws/install/my_package/lib/python3.12/site-packages/my_package-0.0.0-py3.12.egg-info
[3.414s] running install_scripts
[3.654s] Installing my_node script to /home/olympusolutions/senior_ws/install/my_package/lib/my_package
[3.655s] writing list of installed files to '/home/olympusolutions/senior_ws/build/my_package/install.log'
[3.767s] Invoked command in '/home/olympusolutions/senior_ws/src/riley_ws/src/my_package' returned '0': DEBUGINFOD_URLS=https://debuginfod.ubuntu.com PYTHONPATH=/home/olympusolutions/senior_ws/build/my_package/prefix_override:/usr/lib/python3/dist-packages/colcon_core/task/python/colcon_distutils_commands:/home/olympusolutions/senior_ws/install/my_package/lib/python3.12/site-packages:${PYTHONPATH} /usr/bin/python3 -W ignore:setup.py install is deprecated -W ignore:easy_install command is deprecated setup.py egg_info --egg-base ../../../../build/my_package build --build-base /home/olympusolutions/senior_ws/build/my_package/build install --record /home/olympusolutions/senior_ws/build/my_package/install.log --single-version-externally-managed install_data
