[6.929s] Invoking command in '/home/olympusolutions/senior_ws/src/twist_stamper': DEBUGINFOD_URLS=https://debuginfod.ubuntu.com PYTHONPATH=/home/olympusolutions/senior_ws/build/twist_stamper/prefix_override:/usr/lib/python3/dist-packages/colcon_core/task/python/colcon_distutils_commands:/home/olympusolutions/senior_ws/install/twist_stamper/lib/python3.12/site-packages:${PYTHONPATH} /usr/bin/python3 -W ignore:setup.py install is deprecated -W ignore:easy_install command is deprecated setup.py egg_info --egg-base ../../build/twist_stamper build --build-base /home/olympusolutions/senior_ws/build/twist_stamper/build install --record /home/olympusolutions/senior_ws/build/twist_stamper/install.log --single-version-externally-managed install_data
[8.426s] running egg_info
[8.495s] writing ../../build/twist_stamper/twist_stamper.egg-info/PKG-INFO
[8.501s] writing dependency_links to ../../build/twist_stamper/twist_stamper.egg-info/dependency_links.txt
[8.502s] writing entry points to ../../build/twist_stamper/twist_stamper.egg-info/entry_points.txt
[8.508s] writing requirements to ../../build/twist_stamper/twist_stamper.egg-info/requires.txt
[8.510s] writing top-level names to ../../build/twist_stamper/twist_stamper.egg-info/top_level.txt
[8.795s] reading manifest file '../../build/twist_stamper/twist_stamper.egg-info/SOURCES.txt'
[8.796s] adding license file 'LICENSE'
[8.796s] writing manifest file '../../build/twist_stamper/twist_stamper.egg-info/SOURCES.txt'
[8.797s] running build
[8.797s] running build_py
[8.802s] running install
[8.821s] running install_lib
[8.955s] running install_data
[8.956s] running install_egg_info
[9.098s] removing '/home/olympusolutions/senior_ws/install/twist_stamper/lib/python3.12/site-packages/twist_stamper-0.0.5-py3.12.egg-info' (and everything under it)
[9.109s] Copying ../../build/twist_stamper/twist_stamper.egg-info to /home/olympusolutions/senior_ws/install/twist_stamper/lib/python3.12/site-packages/twist_stamper-0.0.5-py3.12.egg-info
[9.118s] running install_scripts
[9.635s] Installing twist_stamper script to /home/olympusolutions/senior_ws/install/twist_stamper/lib/twist_stamper
[9.637s] Installing twist_unstamper script to /home/olympusolutions/senior_ws/install/twist_stamper/lib/twist_stamper
[9.640s] writing list of installed files to '/home/olympusolutions/senior_ws/build/twist_stamper/install.log'
[9.779s] Invoked command in '/home/olympusolutions/senior_ws/src/twist_stamper' returned '0': DEBUGINFOD_URLS=https://debuginfod.ubuntu.com PYTHONPATH=/home/olympusolutions/senior_ws/build/twist_stamper/prefix_override:/usr/lib/python3/dist-packages/colcon_core/task/python/colcon_distutils_commands:/home/olympusolutions/senior_ws/install/twist_stamper/lib/python3.12/site-packages:${PYTHONPATH} /usr/bin/python3 -W ignore:setup.py install is deprecated -W ignore:easy_install command is deprecated setup.py egg_info --egg-base ../../build/twist_stamper build --build-base /home/olympusolutions/senior_ws/build/twist_stamper/build install --record /home/olympusolutions/senior_ws/build/twist_stamper/install.log --single-version-externally-managed install_data
