[0.058s] Invoking command in '/home/olympusolutions/senior_ws/build/serial': CMAKE_PREFIX_PATH=${CMAKE_PREFIX_PATH}:/home/olympusolutions/senior_ws/install/twist_stamper:/home/olympusolutions/senior_ws/install/serial_motor_demo:/home/olympusolutions/senior_ws/install/my_package:/home/olympusolutions/senior_ws/install/listener_package:/home/olympusolutions/senior_ws/install/joy_tester:/opt/ros/jazzy DEBUGINFOD_URLS=https://debuginfod.ubuntu.com /usr/bin/cmake /home/olympusolutions/senior_ws/src/serial -DAMENT_CMAKE_SYMLINK_INSTALL=1 -DCMAKE_INSTALL_PREFIX=/home/olympusolutions/senior_ws/install/serial
[0.141s] -- Found ament_cmake: 2.5.3 (/opt/ros/jazzy/share/ament_cmake/cmake)
[1.233s] -- Override CMake install command with custom implementation using symlinks instead of copying resources
[1.278s] -- Found ament_cmake_gtest: 2.5.3 (/opt/ros/jazzy/share/ament_cmake_gtest/cmake)
[1.341s] -- Found gtest sources under '/opt/ros/jazzy/src/gtest_vendor': C++ tests using 'Google Test' will be built
[2.023s] -- Configuring done (1.9s)
[2.154s] -- Generating done (0.1s)
[2.201s] -- Build files have been written to: /home/olympusolutions/senior_ws/build/serial
[2.209s] Invoked command in '/home/olympusolutions/senior_ws/build/serial' returned '0': CMAKE_PREFIX_PATH=${CMAKE_PREFIX_PATH}:/home/olympusolutions/senior_ws/install/twist_stamper:/home/olympusolutions/senior_ws/install/serial_motor_demo:/home/olympusolutions/senior_ws/install/my_package:/home/olympusolutions/senior_ws/install/listener_package:/home/olympusolutions/senior_ws/install/joy_tester:/opt/ros/jazzy DEBUGINFOD_URLS=https://debuginfod.ubuntu.com /usr/bin/cmake /home/olympusolutions/senior_ws/src/serial -DAMENT_CMAKE_SYMLINK_INSTALL=1 -DCMAKE_INSTALL_PREFIX=/home/olympusolutions/senior_ws/install/serial
[2.214s] Invoking command in '/home/olympusolutions/senior_ws/build/serial': CMAKE_PREFIX_PATH=${CMAKE_PREFIX_PATH}:/home/olympusolutions/senior_ws/install/twist_stamper:/home/olympusolutions/senior_ws/install/serial_motor_demo:/home/olympusolutions/senior_ws/install/my_package:/home/olympusolutions/senior_ws/install/listener_package:/home/olympusolutions/senior_ws/install/joy_tester:/opt/ros/jazzy DEBUGINFOD_URLS=https://debuginfod.ubuntu.com /usr/bin/cmake --build /home/olympusolutions/senior_ws/build/serial -- -j4 -l4
[2.434s] [ 28%] Built target serial
[2.495s] [ 42%] Built target gtest_main
[2.500s] [ 57%] Built target gtest
[2.596s] [ 71%] Built target serial_example
[2.646s] [ 85%] Built target serial-test-timer
[2.653s] [100%] Built target serial-test
[2.710s] Invoked command in '/home/olympusolutions/senior_ws/build/serial' returned '0': CMAKE_PREFIX_PATH=${CMAKE_PREFIX_PATH}:/home/olympusolutions/senior_ws/install/twist_stamper:/home/olympusolutions/senior_ws/install/serial_motor_demo:/home/olympusolutions/senior_ws/install/my_package:/home/olympusolutions/senior_ws/install/listener_package:/home/olympusolutions/senior_ws/install/joy_tester:/opt/ros/jazzy DEBUGINFOD_URLS=https://debuginfod.ubuntu.com /usr/bin/cmake --build /home/olympusolutions/senior_ws/build/serial -- -j4 -l4
[2.711s] Invoking command in '/home/olympusolutions/senior_ws/build/serial': CMAKE_PREFIX_PATH=${CMAKE_PREFIX_PATH}:/home/olympusolutions/senior_ws/install/twist_stamper:/home/olympusolutions/senior_ws/install/serial_motor_demo:/home/olympusolutions/senior_ws/install/my_package:/home/olympusolutions/senior_ws/install/listener_package:/home/olympusolutions/senior_ws/install/joy_tester:/opt/ros/jazzy DEBUGINFOD_URLS=https://debuginfod.ubuntu.com /usr/bin/cmake --install /home/olympusolutions/senior_ws/build/serial
[2.743s] -- Install configuration: ""
[2.745s] -- Execute custom install script
[2.747s] -- Up-to-date symlink: /home/olympusolutions/senior_ws/install/serial/lib/libserial.a
[2.750s] -- Up-to-date symlink: /home/olympusolutions/senior_ws/install/serial/include/serial/serial.h
[2.750s] -- Up-to-date symlink: /home/olympusolutions/senior_ws/install/serial/include/serial/v8stdint.h
[2.750s] -- Up-to-date symlink: /home/olympusolutions/senior_ws/install/serial/share/serial/environment/library_path.sh
[2.750s] -- Up-to-date symlink: /home/olympusolutions/senior_ws/install/serial/share/serial/environment/library_path.dsv
[2.750s] -- Up-to-date symlink: /home/olympusolutions/senior_ws/install/serial/share/ament_index/resource_index/package_run_dependencies/serial
[2.756s] -- Up-to-date symlink: /home/olympusolutions/senior_ws/install/serial/share/ament_index/resource_index/parent_prefix_path/serial
[2.756s] -- Up-to-date symlink: /home/olympusolutions/senior_ws/install/serial/share/serial/environment/ament_prefix_path.sh
[2.756s] -- Up-to-date symlink: /home/olympusolutions/senior_ws/install/serial/share/serial/environment/ament_prefix_path.dsv
[2.756s] -- Up-to-date symlink: /home/olympusolutions/senior_ws/install/serial/share/serial/environment/path.sh
[2.757s] -- Up-to-date symlink: /home/olympusolutions/senior_ws/install/serial/share/serial/environment/path.dsv
[2.757s] -- Up-to-date symlink: /home/olympusolutions/senior_ws/install/serial/share/serial/local_setup.bash
[2.761s] -- Up-to-date symlink: /home/olympusolutions/senior_ws/install/serial/share/serial/local_setup.sh
[2.761s] -- Up-to-date symlink: /home/olympusolutions/senior_ws/install/serial/share/serial/local_setup.zsh
[2.761s] -- Up-to-date symlink: /home/olympusolutions/senior_ws/install/serial/share/serial/local_setup.dsv
[2.762s] -- Symlinking: /home/olympusolutions/senior_ws/install/serial/share/serial/package.dsv
[2.811s] -- Up-to-date symlink: /home/olympusolutions/senior_ws/install/serial/share/ament_index/resource_index/packages/serial
[2.812s] -- Up-to-date symlink: /home/olympusolutions/senior_ws/install/serial/share/serial/cmake/ament_cmake_export_include_directories-extras.cmake
[2.812s] -- Up-to-date symlink: /home/olympusolutions/senior_ws/install/serial/share/serial/cmake/ament_cmake_export_libraries-extras.cmake
[2.812s] -- Up-to-date symlink: /home/olympusolutions/senior_ws/install/serial/share/serial/cmake/serialConfig.cmake
[2.812s] -- Up-to-date symlink: /home/olympusolutions/senior_ws/install/serial/share/serial/cmake/serialConfig-version.cmake
[2.812s] -- Up-to-date symlink: /home/olympusolutions/senior_ws/install/serial/share/serial/package.xml
[2.818s] Invoked command in '/home/olympusolutions/senior_ws/build/serial' returned '0': CMAKE_PREFIX_PATH=${CMAKE_PREFIX_PATH}:/home/olympusolutions/senior_ws/install/twist_stamper:/home/olympusolutions/senior_ws/install/serial_motor_demo:/home/olympusolutions/senior_ws/install/my_package:/home/olympusolutions/senior_ws/install/listener_package:/home/olympusolutions/senior_ws/install/joy_tester:/opt/ros/jazzy DEBUGINFOD_URLS=https://debuginfod.ubuntu.com /usr/bin/cmake --install /home/olympusolutions/senior_ws/build/serial
