[4.235s] Invoking command in '/home/olympusolutions/senior_ws/src/riley_ws/src/listener_package': DEBUGINFOD_URLS=https://debuginfod.ubuntu.com PYTHONPATH=/home/olympusolutions/senior_ws/build/listener_package/prefix_override:/usr/lib/python3/dist-packages/colcon_core/task/python/colcon_distutils_commands:/home/olympusolutions/senior_ws/install/listener_package/lib/python3.12/site-packages:${PYTHONPATH} /usr/bin/python3 -W ignore:setup.py install is deprecated -W ignore:easy_install command is deprecated setup.py egg_info --egg-base ../../../../build/listener_package build --build-base /home/olympusolutions/senior_ws/build/listener_package/build install --record /home/olympusolutions/senior_ws/build/listener_package/install.log --single-version-externally-managed install_data
[5.490s] running egg_info
[5.576s] writing ../../../../build/listener_package/listener_package.egg-info/PKG-INFO
[5.578s] writing dependency_links to ../../../../build/listener_package/listener_package.egg-info/dependency_links.txt
[5.581s] writing entry points to ../../../../build/listener_package/listener_package.egg-info/entry_points.txt
[5.583s] writing requirements to ../../../../build/listener_package/listener_package.egg-info/requires.txt
[5.586s] writing top-level names to ../../../../build/listener_package/listener_package.egg-info/top_level.txt
[5.795s] reading manifest file '../../../../build/listener_package/listener_package.egg-info/SOURCES.txt'
[5.798s] adding license file 'LICENSE'
[5.800s] writing manifest file '../../../../build/listener_package/listener_package.egg-info/SOURCES.txt'
[5.801s] running build
[5.803s] running build_py
[5.805s] running install
[5.816s] running install_lib
[5.899s] running install_data
[5.905s] running install_egg_info
[6.000s] removing '/home/olympusolutions/senior_ws/install/listener_package/lib/python3.12/site-packages/listener_package-0.0.0-py3.12.egg-info' (and everything under it)
[6.003s] Copying ../../../../build/listener_package/listener_package.egg-info to /home/olympusolutions/senior_ws/install/listener_package/lib/python3.12/site-packages/listener_package-0.0.0-py3.12.egg-info
[6.005s] running install_scripts
[6.944s] Installing listener script to /home/olympusolutions/senior_ws/install/listener_package/lib/listener_package
[6.972s] Installing phone_listener script to /home/olympusolutions/senior_ws/install/listener_package/lib/listener_package
[7.000s] Installing talker script to /home/olympusolutions/senior_ws/install/listener_package/lib/listener_package
[7.008s] writing list of installed files to '/home/olympusolutions/senior_ws/build/listener_package/install.log'
[7.201s] Invoked command in '/home/olympusolutions/senior_ws/src/riley_ws/src/listener_package' returned '0': DEBUGINFOD_URLS=https://debuginfod.ubuntu.com PYTHONPATH=/home/olympusolutions/senior_ws/build/listener_package/prefix_override:/usr/lib/python3/dist-packages/colcon_core/task/python/colcon_distutils_commands:/home/olympusolutions/senior_ws/install/listener_package/lib/python3.12/site-packages:${PYTHONPATH} /usr/bin/python3 -W ignore:setup.py install is deprecated -W ignore:easy_install command is deprecated setup.py egg_info --egg-base ../../../../build/listener_package build --build-base /home/olympusolutions/senior_ws/build/listener_package/build install --record /home/olympusolutions/senior_ws/build/listener_package/install.log --single-version-externally-managed install_data
