[1.763s] Invoking command in '/home/olympusolutions/senior_ws/src/twist_stamper': DEBUGINFOD_URLS=https://debuginfod.ubuntu.com PYTHONPATH=/home/olympusolutions/senior_ws/build/twist_stamper/prefix_override:/usr/lib/python3/dist-packages/colcon_core/task/python/colcon_distutils_commands:/home/olympusolutions/senior_ws/install/twist_stamper/lib/python3.12/site-packages:${PYTHONPATH} /usr/bin/python3 -W ignore:setup.py install is deprecated -W ignore:easy_install command is deprecated setup.py egg_info --egg-base ../../build/twist_stamper build --build-base /home/olympusolutions/senior_ws/build/twist_stamper/build install --record /home/olympusolutions/senior_ws/build/twist_stamper/install.log --single-version-externally-managed install_data
[2.280s] running egg_info
[2.319s] writing ../../build/twist_stamper/twist_stamper.egg-info/PKG-INFO
[2.320s] writing dependency_links to ../../build/twist_stamper/twist_stamper.egg-info/dependency_links.txt
[2.321s] writing entry points to ../../build/twist_stamper/twist_stamper.egg-info/entry_points.txt
[2.323s] writing requirements to ../../build/twist_stamper/twist_stamper.egg-info/requires.txt
[2.324s] writing top-level names to ../../build/twist_stamper/twist_stamper.egg-info/top_level.txt
[2.383s] reading manifest file '../../build/twist_stamper/twist_stamper.egg-info/SOURCES.txt'
[2.384s] adding license file 'LICENSE'
[2.385s] writing manifest file '../../build/twist_stamper/twist_stamper.egg-info/SOURCES.txt'
[2.385s] running build
[2.385s] running build_py
[2.386s] running install
[2.395s] running install_lib
[2.429s] running install_data
[2.430s] running install_egg_info
[2.470s] removing '/home/olympusolutions/senior_ws/install/twist_stamper/lib/python3.12/site-packages/twist_stamper-0.0.5-py3.12.egg-info' (and everything under it)
[2.470s] Copying ../../build/twist_stamper/twist_stamper.egg-info to /home/olympusolutions/senior_ws/install/twist_stamper/lib/python3.12/site-packages/twist_stamper-0.0.5-py3.12.egg-info
[2.470s] running install_scripts
[2.685s] Installing twist_stamper script to /home/olympusolutions/senior_ws/install/twist_stamper/lib/twist_stamper
[2.685s] Installing twist_unstamper script to /home/olympusolutions/senior_ws/install/twist_stamper/lib/twist_stamper
[2.686s] writing list of installed files to '/home/olympusolutions/senior_ws/build/twist_stamper/install.log'
[2.780s] Invoked command in '/home/olympusolutions/senior_ws/src/twist_stamper' returned '0': DEBUGINFOD_URLS=https://debuginfod.ubuntu.com PYTHONPATH=/home/olympusolutions/senior_ws/build/twist_stamper/prefix_override:/usr/lib/python3/dist-packages/colcon_core/task/python/colcon_distutils_commands:/home/olympusolutions/senior_ws/install/twist_stamper/lib/python3.12/site-packages:${PYTHONPATH} /usr/bin/python3 -W ignore:setup.py install is deprecated -W ignore:easy_install command is deprecated setup.py egg_info --egg-base ../../build/twist_stamper build --build-base /home/olympusolutions/senior_ws/build/twist_stamper/build install --record /home/olympusolutions/senior_ws/build/twist_stamper/install.log --single-version-externally-managed install_data
