[4.474s] Invoking command in '/home/olympusolutions/senior_ws/build/listener_package': DEBUGINFOD_URLS=https://debuginfod.ubuntu.com PYTHONPATH=/home/olympusolutions/senior_ws/build/listener_package/prefix_override:/usr/lib/python3/dist-packages/colcon_core/task/python/colcon_distutils_commands:/home/olympusolutions/senior_ws/install/listener_package/lib/python3.12/site-packages:${PYTHONPATH} /usr/bin/python3 -W ignore:setup.py install is deprecated -W ignore:easy_install command is deprecated setup.py develop --editable --build-directory /home/olympusolutions/senior_ws/build/listener_package/build --no-deps symlink_data --force
[6.489s] running develop
[8.358s] running egg_info
[8.574s] writing listener_package.egg-info/PKG-INFO
[8.583s] writing dependency_links to listener_package.egg-info/dependency_links.txt
[8.584s] writing entry points to listener_package.egg-info/entry_points.txt
[8.591s] writing requirements to listener_package.egg-info/requires.txt
[8.596s] writing top-level names to listener_package.egg-info/top_level.txt
[8.895s] reading manifest file 'listener_package.egg-info/SOURCES.txt'
[8.904s] writing manifest file 'listener_package.egg-info/SOURCES.txt'
[9.014s] running build_ext
[9.014s] Creating /home/olympusolutions/senior_ws/install/listener_package/lib/python3.12/site-packages/listener-package.egg-link (link to .)
[9.016s] Installing listener script to /home/olympusolutions/senior_ws/install/listener_package/lib/listener_package
[9.017s] Installing phone_listener script to /home/olympusolutions/senior_ws/install/listener_package/lib/listener_package
[9.020s] Installing talker script to /home/olympusolutions/senior_ws/install/listener_package/lib/listener_package
[9.024s] 
[9.025s] Installed /home/olympusolutions/senior_ws/build/listener_package
[9.025s] running symlink_data
[9.025s] symbolically linking /home/olympusolutions/senior_ws/build/listener_package/resource/listener_package -> /home/olympusolutions/senior_ws/install/listener_package/share/ament_index/resource_index/packages
[9.026s] symbolically linking /home/olympusolutions/senior_ws/build/listener_package/package.xml -> /home/olympusolutions/senior_ws/install/listener_package/share/listener_package
[10.370s] Invoked command in '/home/olympusolutions/senior_ws/build/listener_package' returned '0': DEBUGINFOD_URLS=https://debuginfod.ubuntu.com PYTHONPATH=/home/olympusolutions/senior_ws/build/listener_package/prefix_override:/usr/lib/python3/dist-packages/colcon_core/task/python/colcon_distutils_commands:/home/olympusolutions/senior_ws/install/listener_package/lib/python3.12/site-packages:${PYTHONPATH} /usr/bin/python3 -W ignore:setup.py install is deprecated -W ignore:easy_install command is deprecated setup.py develop --editable --build-directory /home/olympusolutions/senior_ws/build/listener_package/build --no-deps symlink_data --force
