[4.462s] Invoking command in '/home/olympusolutions/senior_ws/build/serial_motor_demo': CMAKE_PREFIX_PATH=/home/olympusolutions/senior_ws/install/serial_motor_demo_msgs:/home/olympusolutions/senior_ws/install/sllidar_ros2:/home/olympusolutions/senior_ws/install/serial:/home/olympusolutions/senior_ws/install/minibot:/home/olympusolutions/senior_ws/install/extender_arduino:/home/olympusolutions/senior_ws/install/diffdrive_arduino:/opt/ros/jazzy/opt/gz_sim_vendor:/opt/ros/jazzy/opt/gz_sensors_vendor:/opt/ros/jazzy/opt/gz_physics_vendor:/opt/ros/jazzy/opt/sdformat_vendor:/opt/ros/jazzy/opt/gz_gui_vendor:/opt/ros/jazzy/opt/gz_transport_vendor:/opt/ros/jazzy/opt/gz_rendering_vendor:/opt/ros/jazzy/opt/gz_plugin_vendor:/opt/ros/jazzy/opt/gz_fuel_tools_vendor:/opt/ros/jazzy/opt/gz_msgs_vendor:/opt/ros/jazzy/opt/gz_common_vendor:/opt/ros/jazzy/opt/gz_math_vendor:/opt/ros/jazzy/opt/gz_utils_vendor:/opt/ros/jazzy/opt/gz_tools_vendor:/opt/ros/jazzy/opt/gz_ogre_next_vendor:/opt/ros/jazzy/opt/gz_dartsim_vendor:/opt/ros/jazzy/opt/gz_cmake_vendor DEBUGINFOD_URLS=https://debuginfod.ubuntu.com PYTHONPATH=/home/olympusolutions/senior_ws/build/serial_motor_demo/prefix_override:/usr/lib/python3/dist-packages/colcon_core/task/python/colcon_distutils_commands:/home/olympusolutions/senior_ws/install/serial_motor_demo/lib/python3.12/site-packages:/home/olympusolutions/senior_ws/install/serial_motor_demo_msgs/lib/python3.12/site-packages:/home/olympusolutions/senior_ws/build/twist_stamper:/home/olympusolutions/senior_ws/build/serial_motor_demo:/home/olympusolutions/senior_ws/build/my_package:/home/olympusolutions/senior_ws/build/listener_package:/home/olympusolutions/senior_ws/build/joy_tester:/home/olympusolutions/senior_ws/install/twist_stamper/lib/python3.12/site-packages:/home/olympusolutions/senior_ws/install/serial_motor_demo/lib/python3.12/site-packages:/home/olympusolutions/senior_ws/install/my_package/lib/python3.12/site-packages:/home/olympusolutions/senior_ws/install/listener_package/lib/python3.12/site-packages:/home/olympusolutions/senior_ws/install/joy_tester/lib/python3.12/site-packages:/opt/ros/jazzy/lib/python3.12/site-packages /usr/bin/python3 -W ignore:setup.py install is deprecated -W ignore:easy_install command is deprecated setup.py develop --editable --build-directory /home/olympusolutions/senior_ws/build/serial_motor_demo/build --no-deps symlink_data
[4.907s] /usr/lib/python3/dist-packages/setuptools/dist.py:744: SetuptoolsDeprecationWarning: Invalid dash-separated options
[4.913s] !!
[4.915s] 
[4.919s]         ********************************************************************************
[4.919s]         Usage of dash-separated 'script-dir' will not be supported in future
[4.919s]         versions. Please use the underscore name 'script_dir' instead.
[4.920s] 
[4.920s]         This deprecation is overdue, please update your project and remove deprecated
[4.920s]         calls to avoid build errors in the future.
[4.921s] 
[4.922s]         See https://setuptools.pypa.io/en/latest/userguide/declarative_config.html for details.
[4.932s]         ********************************************************************************
[4.933s] 
[4.933s] !!
[4.933s]   opt = self.warn_dash_deprecation(opt, section)
[5.694s] running develop
[6.334s] running egg_info
[6.416s] writing serial_motor_demo.egg-info/PKG-INFO
[6.420s] writing dependency_links to serial_motor_demo.egg-info/dependency_links.txt
[6.430s] writing entry points to serial_motor_demo.egg-info/entry_points.txt
[6.430s] writing requirements to serial_motor_demo.egg-info/requires.txt
[6.437s] writing top-level names to serial_motor_demo.egg-info/top_level.txt
[6.708s] reading manifest file 'serial_motor_demo.egg-info/SOURCES.txt'
[6.709s] writing manifest file 'serial_motor_demo.egg-info/SOURCES.txt'
[6.873s] running build_ext
[6.873s] Creating /home/olympusolutions/senior_ws/install/serial_motor_demo/lib/python3.12/site-packages/serial-motor-demo.egg-link (link to .)
[6.877s] Installing driver script to /home/olympusolutions/senior_ws/install/serial_motor_demo/lib/serial_motor_demo
[6.878s] Installing gui script to /home/olympusolutions/senior_ws/install/serial_motor_demo/lib/serial_motor_demo
[6.878s] 
[6.879s] Installed /home/olympusolutions/senior_ws/build/serial_motor_demo
[6.879s] running symlink_data
