[6.687s] Invoking command in '/home/olympusolutions/senior_ws/src/twist_stamper': DEBUGINFOD_URLS=https://debuginfod.ubuntu.com PYTHONPATH=/home/olympusolutions/senior_ws/build/twist_stamper/prefix_override:/usr/lib/python3/dist-packages/colcon_core/task/python/colcon_distutils_commands:/home/olympusolutions/senior_ws/install/twist_stamper/lib/python3.12/site-packages:${PYTHONPATH} /usr/bin/python3 -W ignore:setup.py install is deprecated -W ignore:easy_install command is deprecated setup.py egg_info --egg-base ../../build/twist_stamper build --build-base /home/olympusolutions/senior_ws/build/twist_stamper/build install --record /home/olympusolutions/senior_ws/build/twist_stamper/install.log --single-version-externally-managed install_data
[9.267s] running egg_info
[9.343s] writing ../../build/twist_stamper/twist_stamper.egg-info/PKG-INFO
[9.345s] writing dependency_links to ../../build/twist_stamper/twist_stamper.egg-info/dependency_links.txt
[9.348s] writing entry points to ../../build/twist_stamper/twist_stamper.egg-info/entry_points.txt
[9.349s] writing requirements to ../../build/twist_stamper/twist_stamper.egg-info/requires.txt
[9.356s] writing top-level names to ../../build/twist_stamper/twist_stamper.egg-info/top_level.txt
[9.510s] reading manifest file '../../build/twist_stamper/twist_stamper.egg-info/SOURCES.txt'
[9.517s] adding license file 'LICENSE'
[9.522s] writing manifest file '../../build/twist_stamper/twist_stamper.egg-info/SOURCES.txt'
[9.524s] running build
[9.524s] running build_py
[9.524s] running install
[9.539s] running install_lib
[9.617s] running install_data
[9.621s] running install_egg_info
[9.721s] removing '/home/olympusolutions/senior_ws/install/twist_stamper/lib/python3.12/site-packages/twist_stamper-0.0.5-py3.12.egg-info' (and everything under it)
[9.730s] Copying ../../build/twist_stamper/twist_stamper.egg-info to /home/olympusolutions/senior_ws/install/twist_stamper/lib/python3.12/site-packages/twist_stamper-0.0.5-py3.12.egg-info
[9.737s] running install_scripts
[10.419s] Installing twist_stamper script to /home/olympusolutions/senior_ws/install/twist_stamper/lib/twist_stamper
[10.420s] Installing twist_unstamper script to /home/olympusolutions/senior_ws/install/twist_stamper/lib/twist_stamper
[10.424s] writing list of installed files to '/home/olympusolutions/senior_ws/build/twist_stamper/install.log'
[10.845s] Invoked command in '/home/olympusolutions/senior_ws/src/twist_stamper' returned '0': DEBUGINFOD_URLS=https://debuginfod.ubuntu.com PYTHONPATH=/home/olympusolutions/senior_ws/build/twist_stamper/prefix_override:/usr/lib/python3/dist-packages/colcon_core/task/python/colcon_distutils_commands:/home/olympusolutions/senior_ws/install/twist_stamper/lib/python3.12/site-packages:${PYTHONPATH} /usr/bin/python3 -W ignore:setup.py install is deprecated -W ignore:easy_install command is deprecated setup.py egg_info --egg-base ../../build/twist_stamper build --build-base /home/olympusolutions/senior_ws/build/twist_stamper/build install --record /home/olympusolutions/senior_ws/build/twist_stamper/install.log --single-version-externally-managed install_data
