[4.153s] Invoking command in '/home/olympusolutions/senior_ws/build/listener_package': DEBUGINFOD_URLS=https://debuginfod.ubuntu.com PYTHONPATH=/home/olympusolutions/senior_ws/build/listener_package/prefix_override:/usr/lib/python3/dist-packages/colcon_core/task/python/colcon_distutils_commands:/home/olympusolutions/senior_ws/install/listener_package/lib/python3.12/site-packages:${PYTHONPATH} /usr/bin/python3 -W ignore:setup.py install is deprecated -W ignore:easy_install command is deprecated setup.py develop --editable --build-directory /home/olympusolutions/senior_ws/build/listener_package/build --no-deps symlink_data --force
[5.150s] running develop
[5.978s] running egg_info
[6.096s] writing listener_package.egg-info/PKG-INFO
[6.096s] writing dependency_links to listener_package.egg-info/dependency_links.txt
[6.097s] writing entry points to listener_package.egg-info/entry_points.txt
[6.100s] writing requirements to listener_package.egg-info/requires.txt
[6.100s] writing top-level names to listener_package.egg-info/top_level.txt
[6.340s] reading manifest file 'listener_package.egg-info/SOURCES.txt'
[6.347s] writing manifest file 'listener_package.egg-info/SOURCES.txt'
[6.403s] running build_ext
[6.412s] Creating /home/olympusolutions/senior_ws/install/listener_package/lib/python3.12/site-packages/listener-package.egg-link (link to .)
[6.412s] Installing listener script to /home/olympusolutions/senior_ws/install/listener_package/lib/listener_package
[6.412s] Installing phone_listener script to /home/olympusolutions/senior_ws/install/listener_package/lib/listener_package
[6.413s] Installing talker script to /home/olympusolutions/senior_ws/install/listener_package/lib/listener_package
[6.413s] 
[6.413s] Installed /home/olympusolutions/senior_ws/build/listener_package
[6.413s] running symlink_data
[6.413s] symbolically linking /home/olympusolutions/senior_ws/build/listener_package/resource/listener_package -> /home/olympusolutions/senior_ws/install/listener_package/share/ament_index/resource_index/packages
[6.414s] symbolically linking /home/olympusolutions/senior_ws/build/listener_package/package.xml -> /home/olympusolutions/senior_ws/install/listener_package/share/listener_package
[6.838s] Invoked command in '/home/olympusolutions/senior_ws/build/listener_package' returned '0': DEBUGINFOD_URLS=https://debuginfod.ubuntu.com PYTHONPATH=/home/olympusolutions/senior_ws/build/listener_package/prefix_override:/usr/lib/python3/dist-packages/colcon_core/task/python/colcon_distutils_commands:/home/olympusolutions/senior_ws/install/listener_package/lib/python3.12/site-packages:${PYTHONPATH} /usr/bin/python3 -W ignore:setup.py install is deprecated -W ignore:easy_install command is deprecated setup.py develop --editable --build-directory /home/olympusolutions/senior_ws/build/listener_package/build --no-deps symlink_data --force
