[4.811s] Invoking command in '/home/olympusolutions/senior_ws/build/serial_motor_demo': CMAKE_PREFIX_PATH=/home/olympusolutions/senior_ws/install/serial_motor_demo_msgs:/home/olympusolutions/senior_ws/install/sllidar_ros2:/home/olympusolutions/senior_ws/install/serial:/home/olympusolutions/senior_ws/install/minibot:/home/olympusolutions/senior_ws/install/extender_arduino:/home/olympusolutions/senior_ws/install/diffdrive_arduino:/opt/ros/jazzy/opt/gz_sim_vendor:/opt/ros/jazzy/opt/gz_sensors_vendor:/opt/ros/jazzy/opt/gz_physics_vendor:/opt/ros/jazzy/opt/sdformat_vendor:/opt/ros/jazzy/opt/gz_gui_vendor:/opt/ros/jazzy/opt/gz_transport_vendor:/opt/ros/jazzy/opt/gz_rendering_vendor:/opt/ros/jazzy/opt/gz_plugin_vendor:/opt/ros/jazzy/opt/gz_fuel_tools_vendor:/opt/ros/jazzy/opt/gz_msgs_vendor:/opt/ros/jazzy/opt/gz_common_vendor:/opt/ros/jazzy/opt/gz_math_vendor:/opt/ros/jazzy/opt/gz_utils_vendor:/opt/ros/jazzy/opt/gz_tools_vendor:/opt/ros/jazzy/opt/gz_ogre_next_vendor:/opt/ros/jazzy/opt/gz_dartsim_vendor:/opt/ros/jazzy/opt/gz_cmake_vendor DEBUGINFOD_URLS=https://debuginfod.ubuntu.com PYTHONPATH=/home/olympusolutions/senior_ws/build/serial_motor_demo/prefix_override:/usr/lib/python3/dist-packages/colcon_core/task/python/colcon_distutils_commands:/home/olympusolutions/senior_ws/install/serial_motor_demo/lib/python3.12/site-packages:/home/olympusolutions/senior_ws/install/serial_motor_demo_msgs/lib/python3.12/site-packages:/home/olympusolutions/senior_ws/build/twist_stamper:/home/olympusolutions/senior_ws/install/twist_stamper/lib/python3.12/site-packages:/home/olympusolutions/senior_ws/build/serial_motor_demo:/home/olympusolutions/senior_ws/install/serial_motor_demo/lib/python3.12/site-packages:/home/olympusolutions/senior_ws/build/my_package:/home/olympusolutions/senior_ws/install/my_package/lib/python3.12/site-packages:/home/olympusolutions/senior_ws/build/listener_package:/home/olympusolutions/senior_ws/install/listener_package/lib/python3.12/site-packages:/home/olympusolutions/senior_ws/build/joy_tester:/home/olympusolutions/senior_ws/install/joy_tester/lib/python3.12/site-packages:/home/olympusolutions/senior_ws/src/riley_ws/install/my_package/lib/python3.12/site-packages:/home/olympusolutions/senior_ws/src/riley_ws/install/listener_package/lib/python3.12/site-packages:/opt/ros/jazzy/lib/python3.12/site-packages /usr/bin/python3 -W ignore:setup.py install is deprecated -W ignore:easy_install command is deprecated setup.py develop --uninstall --editable --build-directory /home/olympusolutions/senior_ws/build/serial_motor_demo/build
[5.397s] /usr/lib/python3/dist-packages/setuptools/dist.py:744: SetuptoolsDeprecationWarning: Invalid dash-separated options
[5.397s] !!
[5.397s] 
[5.399s]         ********************************************************************************
[5.399s]         Usage of dash-separated 'script-dir' will not be supported in future
[5.399s]         versions. Please use the underscore name 'script_dir' instead.
[5.399s] 
[5.399s]         This deprecation is overdue, please update your project and remove deprecated
[5.399s]         calls to avoid build errors in the future.
[5.400s] 
[5.400s]         See https://setuptools.pypa.io/en/latest/userguide/declarative_config.html for details.
[5.400s]         ********************************************************************************
[5.400s] 
[5.406s] !!
[5.408s]   opt = self.warn_dash_deprecation(opt, section)
[6.039s] running develop
[7.303s] Removing /home/olympusolutions/senior_ws/install/serial_motor_demo/lib/python3.12/site-packages/serial-motor-demo.egg-link (link to .)
[7.578s] Invoked command in '/home/olympusolutions/senior_ws/build/serial_motor_demo' returned '0': CMAKE_PREFIX_PATH=/home/olympusolutions/senior_ws/install/serial_motor_demo_msgs:/home/olympusolutions/senior_ws/install/sllidar_ros2:/home/olympusolutions/senior_ws/install/serial:/home/olympusolutions/senior_ws/install/minibot:/home/olympusolutions/senior_ws/install/extender_arduino:/home/olympusolutions/senior_ws/install/diffdrive_arduino:/opt/ros/jazzy/opt/gz_sim_vendor:/opt/ros/jazzy/opt/gz_sensors_vendor:/opt/ros/jazzy/opt/gz_physics_vendor:/opt/ros/jazzy/opt/sdformat_vendor:/opt/ros/jazzy/opt/gz_gui_vendor:/opt/ros/jazzy/opt/gz_transport_vendor:/opt/ros/jazzy/opt/gz_rendering_vendor:/opt/ros/jazzy/opt/gz_plugin_vendor:/opt/ros/jazzy/opt/gz_fuel_tools_vendor:/opt/ros/jazzy/opt/gz_msgs_vendor:/opt/ros/jazzy/opt/gz_common_vendor:/opt/ros/jazzy/opt/gz_math_vendor:/opt/ros/jazzy/opt/gz_utils_vendor:/opt/ros/jazzy/opt/gz_tools_vendor:/opt/ros/jazzy/opt/gz_ogre_next_vendor:/opt/ros/jazzy/opt/gz_dartsim_vendor:/opt/ros/jazzy/opt/gz_cmake_vendor DEBUGINFOD_URLS=https://debuginfod.ubuntu.com PYTHONPATH=/home/olympusolutions/senior_ws/build/serial_motor_demo/prefix_override:/usr/lib/python3/dist-packages/colcon_core/task/python/colcon_distutils_commands:/home/olympusolutions/senior_ws/install/serial_motor_demo/lib/python3.12/site-packages:/home/olympusolutions/senior_ws/install/serial_motor_demo_msgs/lib/python3.12/site-packages:/home/olympusolutions/senior_ws/build/twist_stamper:/home/olympusolutions/senior_ws/install/twist_stamper/lib/python3.12/site-packages:/home/olympusolutions/senior_ws/build/serial_motor_demo:/home/olympusolutions/senior_ws/install/serial_motor_demo/lib/python3.12/site-packages:/home/olympusolutions/senior_ws/build/my_package:/home/olympusolutions/senior_ws/install/my_package/lib/python3.12/site-packages:/home/olympusolutions/senior_ws/build/listener_package:/home/olympusolutions/senior_ws/install/listener_package/lib/python3.12/site-packages:/home/olympusolutions/senior_ws/build/joy_tester:/home/olympusolutions/senior_ws/install/joy_tester/lib/python3.12/site-packages:/home/olympusolutions/senior_ws/src/riley_ws/install/my_package/lib/python3.12/site-packages:/home/olympusolutions/senior_ws/src/riley_ws/install/listener_package/lib/python3.12/site-packages:/opt/ros/jazzy/lib/python3.12/site-packages /usr/bin/python3 -W ignore:setup.py install is deprecated -W ignore:easy_install command is deprecated setup.py develop --uninstall --editable --build-directory /home/olympusolutions/senior_ws/build/serial_motor_demo/build
[7.580s] Invoking command in '/home/olympusolutions/senior_ws/src/serial_motor_demo/serial_motor_demo': CMAKE_PREFIX_PATH=/home/olympusolutions/senior_ws/install/serial_motor_demo_msgs:/home/olympusolutions/senior_ws/install/sllidar_ros2:/home/olympusolutions/senior_ws/install/serial:/home/olympusolutions/senior_ws/install/minibot:/home/olympusolutions/senior_ws/install/extender_arduino:/home/olympusolutions/senior_ws/install/diffdrive_arduino:/opt/ros/jazzy/opt/gz_sim_vendor:/opt/ros/jazzy/opt/gz_sensors_vendor:/opt/ros/jazzy/opt/gz_physics_vendor:/opt/ros/jazzy/opt/sdformat_vendor:/opt/ros/jazzy/opt/gz_gui_vendor:/opt/ros/jazzy/opt/gz_transport_vendor:/opt/ros/jazzy/opt/gz_rendering_vendor:/opt/ros/jazzy/opt/gz_plugin_vendor:/opt/ros/jazzy/opt/gz_fuel_tools_vendor:/opt/ros/jazzy/opt/gz_msgs_vendor:/opt/ros/jazzy/opt/gz_common_vendor:/opt/ros/jazzy/opt/gz_math_vendor:/opt/ros/jazzy/opt/gz_utils_vendor:/opt/ros/jazzy/opt/gz_tools_vendor:/opt/ros/jazzy/opt/gz_ogre_next_vendor:/opt/ros/jazzy/opt/gz_dartsim_vendor:/opt/ros/jazzy/opt/gz_cmake_vendor DEBUGINFOD_URLS=https://debuginfod.ubuntu.com PYTHONPATH=/home/olympusolutions/senior_ws/build/serial_motor_demo/prefix_override:/usr/lib/python3/dist-packages/colcon_core/task/python/colcon_distutils_commands:/home/olympusolutions/senior_ws/install/serial_motor_demo/lib/python3.12/site-packages:/home/olympusolutions/senior_ws/install/serial_motor_demo_msgs/lib/python3.12/site-packages:/home/olympusolutions/senior_ws/build/twist_stamper:/home/olympusolutions/senior_ws/install/twist_stamper/lib/python3.12/site-packages:/home/olympusolutions/senior_ws/build/serial_motor_demo:/home/olympusolutions/senior_ws/install/serial_motor_demo/lib/python3.12/site-packages:/home/olympusolutions/senior_ws/build/my_package:/home/olympusolutions/senior_ws/install/my_package/lib/python3.12/site-packages:/home/olympusolutions/senior_ws/build/listener_package:/home/olympusolutions/senior_ws/install/listener_package/lib/python3.12/site-packages:/home/olympusolutions/senior_ws/build/joy_tester:/home/olympusolutions/senior_ws/install/joy_tester/lib/python3.12/site-packages:/home/olympusolutions/senior_ws/src/riley_ws/install/my_package/lib/python3.12/site-packages:/home/olympusolutions/senior_ws/src/riley_ws/install/listener_package/lib/python3.12/site-packages:/opt/ros/jazzy/lib/python3.12/site-packages /usr/bin/python3 -W ignore:setup.py install is deprecated -W ignore:easy_install command is deprecated setup.py egg_info --egg-base ../../../build/serial_motor_demo build --build-base /home/olympusolutions/senior_ws/build/serial_motor_demo/build install --record /home/olympusolutions/senior_ws/build/serial_motor_demo/install.log --install-scripts $base/lib/serial_motor_demo --single-version-externally-managed install_data --force
[8.204s] /usr/lib/python3/dist-packages/setuptools/dist.py:744: SetuptoolsDeprecationWarning: Invalid dash-separated options
[8.210s] !!
[8.211s] 
[8.221s]         ********************************************************************************
[8.222s]         Usage of dash-separated 'script-dir' will not be supported in future
[8.222s]         versions. Please use the underscore name 'script_dir' instead.
[8.223s] 
[8.224s]         This deprecation is overdue, please update your project and remove deprecated
[8.224s]         calls to avoid build errors in the future.
[8.224s] 
[8.225s]         See https://setuptools.pypa.io/en/latest/userguide/declarative_config.html for details.
[8.225s]         ********************************************************************************
[8.225s] 
[8.225s] !!
[8.225s]   opt = self.warn_dash_deprecation(opt, section)
[8.756s] running egg_info
[8.889s] writing ../../../build/serial_motor_demo/serial_motor_demo.egg-info/PKG-INFO
[8.892s] writing dependency_links to ../../../build/serial_motor_demo/serial_motor_demo.egg-info/dependency_links.txt
[8.901s] writing entry points to ../../../build/serial_motor_demo/serial_motor_demo.egg-info/entry_points.txt
[8.903s] writing requirements to ../../../build/serial_motor_demo/serial_motor_demo.egg-info/requires.txt
[8.906s] writing top-level names to ../../../build/serial_motor_demo/serial_motor_demo.egg-info/top_level.txt
[9.069s] reading manifest file '../../../build/serial_motor_demo/serial_motor_demo.egg-info/SOURCES.txt'
[9.073s] writing manifest file '../../../build/serial_motor_demo/serial_motor_demo.egg-info/SOURCES.txt'
[9.073s] running build
[9.073s] running build_py
[9.076s] running install
[9.098s] running install_lib
[9.202s] creating /home/olympusolutions/senior_ws/install/serial_motor_demo/lib/python3.12/site-packages/serial_motor_demo
[9.215s] copying /home/olympusolutions/senior_ws/build/serial_motor_demo/build/lib/serial_motor_demo/__init__.py -> /home/olympusolutions/senior_ws/install/serial_motor_demo/lib/python3.12/site-packages/serial_motor_demo
[9.215s] copying /home/olympusolutions/senior_ws/build/serial_motor_demo/build/lib/serial_motor_demo/driver.py -> /home/olympusolutions/senior_ws/install/serial_motor_demo/lib/python3.12/site-packages/serial_motor_demo
[9.215s] copying /home/olympusolutions/senior_ws/build/serial_motor_demo/build/lib/serial_motor_demo/gui.py -> /home/olympusolutions/senior_ws/install/serial_motor_demo/lib/python3.12/site-packages/serial_motor_demo
[9.223s] byte-compiling /home/olympusolutions/senior_ws/install/serial_motor_demo/lib/python3.12/site-packages/serial_motor_demo/__init__.py to __init__.cpython-312.pyc
[9.229s] byte-compiling /home/olympusolutions/senior_ws/install/serial_motor_demo/lib/python3.12/site-packages/serial_motor_demo/driver.py to driver.cpython-312.pyc
[9.230s] byte-compiling /home/olympusolutions/senior_ws/install/serial_motor_demo/lib/python3.12/site-packages/serial_motor_demo/gui.py to gui.cpython-312.pyc
[9.240s] running install_data
[9.241s] copying resource/serial_motor_demo -> /home/olympusolutions/senior_ws/install/serial_motor_demo/share/ament_index/resource_index/packages
[9.246s] copying package.xml -> /home/olympusolutions/senior_ws/install/serial_motor_demo/share/serial_motor_demo
[9.251s] running install_egg_info
[9.331s] Copying ../../../build/serial_motor_demo/serial_motor_demo.egg-info to /home/olympusolutions/senior_ws/install/serial_motor_demo/lib/python3.12/site-packages/serial_motor_demo-0.0.0-py3.12.egg-info
[9.336s] running install_scripts
[9.875s] Installing driver script to /home/olympusolutions/senior_ws/install/serial_motor_demo/lib/serial_motor_demo
[9.878s] Installing gui script to /home/olympusolutions/senior_ws/install/serial_motor_demo/lib/serial_motor_demo
[9.880s] writing list of installed files to '/home/olympusolutions/senior_ws/build/serial_motor_demo/install.log'
[10.069s] Invoked command in '/home/olympusolutions/senior_ws/src/serial_motor_demo/serial_motor_demo' returned '0': CMAKE_PREFIX_PATH=/home/olympusolutions/senior_ws/install/serial_motor_demo_msgs:/home/olympusolutions/senior_ws/install/sllidar_ros2:/home/olympusolutions/senior_ws/install/serial:/home/olympusolutions/senior_ws/install/minibot:/home/olympusolutions/senior_ws/install/extender_arduino:/home/olympusolutions/senior_ws/install/diffdrive_arduino:/opt/ros/jazzy/opt/gz_sim_vendor:/opt/ros/jazzy/opt/gz_sensors_vendor:/opt/ros/jazzy/opt/gz_physics_vendor:/opt/ros/jazzy/opt/sdformat_vendor:/opt/ros/jazzy/opt/gz_gui_vendor:/opt/ros/jazzy/opt/gz_transport_vendor:/opt/ros/jazzy/opt/gz_rendering_vendor:/opt/ros/jazzy/opt/gz_plugin_vendor:/opt/ros/jazzy/opt/gz_fuel_tools_vendor:/opt/ros/jazzy/opt/gz_msgs_vendor:/opt/ros/jazzy/opt/gz_common_vendor:/opt/ros/jazzy/opt/gz_math_vendor:/opt/ros/jazzy/opt/gz_utils_vendor:/opt/ros/jazzy/opt/gz_tools_vendor:/opt/ros/jazzy/opt/gz_ogre_next_vendor:/opt/ros/jazzy/opt/gz_dartsim_vendor:/opt/ros/jazzy/opt/gz_cmake_vendor DEBUGINFOD_URLS=https://debuginfod.ubuntu.com PYTHONPATH=/home/olympusolutions/senior_ws/build/serial_motor_demo/prefix_override:/usr/lib/python3/dist-packages/colcon_core/task/python/colcon_distutils_commands:/home/olympusolutions/senior_ws/install/serial_motor_demo/lib/python3.12/site-packages:/home/olympusolutions/senior_ws/install/serial_motor_demo_msgs/lib/python3.12/site-packages:/home/olympusolutions/senior_ws/build/twist_stamper:/home/olympusolutions/senior_ws/install/twist_stamper/lib/python3.12/site-packages:/home/olympusolutions/senior_ws/build/serial_motor_demo:/home/olympusolutions/senior_ws/install/serial_motor_demo/lib/python3.12/site-packages:/home/olympusolutions/senior_ws/build/my_package:/home/olympusolutions/senior_ws/install/my_package/lib/python3.12/site-packages:/home/olympusolutions/senior_ws/build/listener_package:/home/olympusolutions/senior_ws/install/listener_package/lib/python3.12/site-packages:/home/olympusolutions/senior_ws/build/joy_tester:/home/olympusolutions/senior_ws/install/joy_tester/lib/python3.12/site-packages:/home/olympusolutions/senior_ws/src/riley_ws/install/my_package/lib/python3.12/site-packages:/home/olympusolutions/senior_ws/src/riley_ws/install/listener_package/lib/python3.12/site-packages:/opt/ros/jazzy/lib/python3.12/site-packages /usr/bin/python3 -W ignore:setup.py install is deprecated -W ignore:easy_install command is deprecated setup.py egg_info --egg-base ../../../build/serial_motor_demo build --build-base /home/olympusolutions/senior_ws/build/serial_motor_demo/build install --record /home/olympusolutions/senior_ws/build/serial_motor_demo/install.log --install-scripts $base/lib/serial_motor_demo --single-version-externally-managed install_data --force
