[2.059s] Invoking command in '/home/olympusolutions/senior_ws/build/twist_stamper': DEBUGINFOD_URLS=https://debuginfod.ubuntu.com PYTHONPATH=/home/olympusolutions/senior_ws/build/twist_stamper/prefix_override:/usr/lib/python3/dist-packages/colcon_core/task/python/colcon_distutils_commands:/home/olympusolutions/senior_ws/install/twist_stamper/lib/python3.12/site-packages:${PYTHONPATH} /usr/bin/python3 -W ignore:setup.py install is deprecated -W ignore:easy_install command is deprecated setup.py develop --editable --build-directory /home/olympusolutions/senior_ws/build/twist_stamper/build --no-deps symlink_data --force
[2.594s] running develop
[2.902s] running egg_info
[2.931s] writing twist_stamper.egg-info/PKG-INFO
[2.932s] writing dependency_links to twist_stamper.egg-info/dependency_links.txt
[2.932s] writing entry points to twist_stamper.egg-info/entry_points.txt
[2.932s] writing requirements to twist_stamper.egg-info/requires.txt
[2.932s] writing top-level names to twist_stamper.egg-info/top_level.txt
[2.993s] reading manifest file 'twist_stamper.egg-info/SOURCES.txt'
[2.994s] writing manifest file 'twist_stamper.egg-info/SOURCES.txt'
[3.025s] running build_ext
[3.025s] Creating /home/olympusolutions/senior_ws/install/twist_stamper/lib/python3.12/site-packages/twist-stamper.egg-link (link to .)
[3.026s] Installing twist_stamper script to /home/olympusolutions/senior_ws/install/twist_stamper/lib/twist_stamper
[3.026s] Installing twist_unstamper script to /home/olympusolutions/senior_ws/install/twist_stamper/lib/twist_stamper
[3.027s] 
[3.027s] Installed /home/olympusolutions/senior_ws/build/twist_stamper
[3.027s] running symlink_data
[3.027s] symbolically linking /home/olympusolutions/senior_ws/build/twist_stamper/resource/twist_stamper -> /home/olympusolutions/senior_ws/install/twist_stamper/share/ament_index/resource_index/packages
[3.027s] symbolically linking /home/olympusolutions/senior_ws/build/twist_stamper/package.xml -> /home/olympusolutions/senior_ws/install/twist_stamper/share/twist_stamper
[3.161s] Invoked command in '/home/olympusolutions/senior_ws/build/twist_stamper' returned '0': DEBUGINFOD_URLS=https://debuginfod.ubuntu.com PYTHONPATH=/home/olympusolutions/senior_ws/build/twist_stamper/prefix_override:/usr/lib/python3/dist-packages/colcon_core/task/python/colcon_distutils_commands:/home/olympusolutions/senior_ws/install/twist_stamper/lib/python3.12/site-packages:${PYTHONPATH} /usr/bin/python3 -W ignore:setup.py install is deprecated -W ignore:easy_install command is deprecated setup.py develop --editable --build-directory /home/olympusolutions/senior_ws/build/twist_stamper/build --no-deps symlink_data --force
