[0.043s] Invoking command in '/home/olympusolutions/senior_ws/build/extender_arduino': CMAKE_PREFIX_PATH=${CMAKE_PREFIX_PATH}:/opt/ros/jazzy DEBUGINFOD_URLS=https://debuginfod.ubuntu.com /usr/bin/cmake /home/olympusolutions/senior_ws/src/extender_arduino -DCMAKE_INSTALL_PREFIX=/home/olympusolutions/senior_ws/install/extender_arduino
[0.640s] -- The CXX compiler identification is GNU 13.3.0
[0.710s] -- Detecting CXX compiler ABI info
[1.110s] -- Detecting CXX compiler ABI info - done
[1.133s] -- Check for working CXX compiler: /usr/bin/c++ - skipped
[1.135s] -- Detecting CXX compile features
[1.136s] -- Detecting CXX compile features - done
[1.162s] -- Found ament_cmake: 2.5.3 (/opt/ros/jazzy/share/ament_cmake/cmake)
[1.784s] -- Found Python3: /usr/bin/python3 (found version "3.12.3") found components: Interpreter 
[2.163s] -- Found hardware_interface: 4.24.0 (/opt/ros/jazzy/share/hardware_interface/cmake)
[2.282s] -- Found rosidl_generator_c: 4.6.5 (/opt/ros/jazzy/share/rosidl_generator_c/cmake)
[2.322s] -- Found rosidl_generator_cpp: 4.6.5 (/opt/ros/jazzy/share/rosidl_generator_cpp/cmake)
[2.361s] -- Using all available rosidl_typesupport_c: rosidl_typesupport_fastrtps_c;rosidl_typesupport_introspection_c
[2.406s] -- Using all available rosidl_typesupport_cpp: rosidl_typesupport_fastrtps_cpp;rosidl_typesupport_introspection_cpp
[2.894s] -- Found TinyXML2 via Config file: /usr/lib/aarch64-linux-gnu/cmake/tinyxml2
[2.995s] -- Found rmw_implementation_cmake: 7.3.1 (/opt/ros/jazzy/share/rmw_implementation_cmake/cmake)
[3.002s] -- Found rmw_fastrtps_cpp: 8.4.1 (/opt/ros/jazzy/share/rmw_fastrtps_cpp/cmake)
[3.066s] -- Found TinyXML2 via Config file: /usr/lib/aarch64-linux-gnu/cmake/tinyxml2
[3.205s] -- Found OpenSSL: /usr/lib/aarch64-linux-gnu/libcrypto.so (found version "3.0.13")  
[3.213s] -- Found TinyXML2 via Config file: /usr/lib/aarch64-linux-gnu/cmake/tinyxml2
[3.255s] -- Found FastRTPS: /opt/ros/jazzy/include (Required is at least version "2.13") 
[3.262s] -- Found TinyXML2 via Config file: /usr/lib/aarch64-linux-gnu/cmake/tinyxml2
[3.283s] -- Found TinyXML2 via Config file: /usr/lib/aarch64-linux-gnu/cmake/tinyxml2
[3.307s] -- Using RMW implementation 'rmw_fastrtps_cpp' as default
[4.148s] -- Found ament_cmake_gtest: 2.5.3 (/opt/ros/jazzy/share/ament_cmake_gtest/cmake)
[4.518s] -- Configuring done (4.5s)
[4.681s] -- Generating done (0.1s)
[4.719s] -- Build files have been written to: /home/olympusolutions/senior_ws/build/extender_arduino
[5.561s] Invoked command in '/home/olympusolutions/senior_ws/build/extender_arduino' returned '0': CMAKE_PREFIX_PATH=${CMAKE_PREFIX_PATH}:/opt/ros/jazzy DEBUGINFOD_URLS=https://debuginfod.ubuntu.com /usr/bin/cmake /home/olympusolutions/senior_ws/src/extender_arduino -DCMAKE_INSTALL_PREFIX=/home/olympusolutions/senior_ws/install/extender_arduino
[5.564s] Invoking command in '/home/olympusolutions/senior_ws/build/extender_arduino': CMAKE_PREFIX_PATH=${CMAKE_PREFIX_PATH}:/opt/ros/jazzy DEBUGINFOD_URLS=https://debuginfod.ubuntu.com /usr/bin/cmake --build /home/olympusolutions/senior_ws/build/extender_arduino -- -j4 -l4
[5.819s] [ 50%] [32mBuilding CXX object CMakeFiles/extender_arduino.dir/hardware/diffbot_system.cpp.o[0m
[21.118s] [100%] [32m[1mLinking CXX shared library libextender_arduino.so[0m
[22.105s] [100%] Built target extender_arduino
[22.155s] Invoked command in '/home/olympusolutions/senior_ws/build/extender_arduino' returned '0': CMAKE_PREFIX_PATH=${CMAKE_PREFIX_PATH}:/opt/ros/jazzy DEBUGINFOD_URLS=https://debuginfod.ubuntu.com /usr/bin/cmake --build /home/olympusolutions/senior_ws/build/extender_arduino -- -j4 -l4
[22.158s] Invoking command in '/home/olympusolutions/senior_ws/build/extender_arduino': CMAKE_PREFIX_PATH=${CMAKE_PREFIX_PATH}:/opt/ros/jazzy DEBUGINFOD_URLS=https://debuginfod.ubuntu.com /usr/bin/cmake --install /home/olympusolutions/senior_ws/build/extender_arduino
[22.182s] -- Install configuration: ""
[22.182s] -- Installing: /home/olympusolutions/senior_ws/install/extender_arduino/share/extender_arduino/extender_arduino.xml
[22.185s] -- Installing: /home/olympusolutions/senior_ws/install/extender_arduino/include/extender_arduino
[22.186s] -- Installing: /home/olympusolutions/senior_ws/install/extender_arduino/include/extender_arduino/extender_arduino
[22.190s] -- Installing: /home/olympusolutions/senior_ws/install/extender_arduino/include/extender_arduino/extender_arduino/arduino_comms.hpp
[22.191s] -- Installing: /home/olympusolutions/senior_ws/install/extender_arduino/include/extender_arduino/extender_arduino/diffbot_system.hpp
[22.191s] -- Installing: /home/olympusolutions/senior_ws/install/extender_arduino/include/extender_arduino/extender_arduino/wheel.hpp
[22.191s] -- Installing: /home/olympusolutions/senior_ws/install/extender_arduino/include/extender_arduino/extender_arduino/visibility_control.h
[22.192s] -- Installing: /home/olympusolutions/senior_ws/install/extender_arduino/include/extender_arduino/extender_arduino/gripper.hpp
[22.192s] -- Installing: /home/olympusolutions/senior_ws/install/extender_arduino/share/extender_arduino/launch
[22.193s] -- Installing: /home/olympusolutions/senior_ws/install/extender_arduino/share/extender_arduino/launch/view_robot.launch.py
[22.195s] -- Installing: /home/olympusolutions/senior_ws/install/extender_arduino/share/extender_arduino/ros2_control
[22.195s] -- Installing: /home/olympusolutions/senior_ws/install/extender_arduino/share/extender_arduino/ros2_control/diffbot.ros2_control.xacro
[22.196s] -- Installing: /home/olympusolutions/senior_ws/install/extender_arduino/share/extender_arduino/urdf
[22.197s] -- Installing: /home/olympusolutions/senior_ws/install/extender_arduino/share/extender_arduino/urdf/diffbot.materials.xacro
[22.197s] -- Installing: /home/olympusolutions/senior_ws/install/extender_arduino/share/extender_arduino/urdf/diffbot.urdf.xacro
[22.197s] -- Installing: /home/olympusolutions/senior_ws/install/extender_arduino/share/extender_arduino/urdf/diffbot_description.urdf.xacro
[22.199s] -- Installing: /home/olympusolutions/senior_ws/install/extender_arduino/share/extender_arduino/rviz
[22.200s] -- Installing: /home/olympusolutions/senior_ws/install/extender_arduino/share/extender_arduino/rviz/diffbot.rviz
[22.201s] -- Installing: /home/olympusolutions/senior_ws/install/extender_arduino/share/extender_arduino/rviz/diffbot_view.rviz
[22.201s] -- Up-to-date: /home/olympusolutions/senior_ws/install/extender_arduino/share/extender_arduino/launch
[22.202s] -- Installing: /home/olympusolutions/senior_ws/install/extender_arduino/share/extender_arduino/launch/diffbot.launch.py
[22.203s] -- Installing: /home/olympusolutions/senior_ws/install/extender_arduino/share/extender_arduino/config
[22.204s] -- Installing: /home/olympusolutions/senior_ws/install/extender_arduino/share/extender_arduino/config/diffbot_controllers.yaml
[22.204s] -- Installing: /home/olympusolutions/senior_ws/install/extender_arduino/share/extender_arduino/config/extender_controllers.yaml
[22.204s] -- Installing: /home/olympusolutions/senior_ws/install/extender_arduino/lib/libextender_arduino.so
[22.209s] -- Set non-toolchain portion of runtime path of "/home/olympusolutions/senior_ws/install/extender_arduino/lib/libextender_arduino.so" to ""
[22.211s] -- Installing: /home/olympusolutions/senior_ws/install/extender_arduino/share/extender_arduino/environment/library_path.sh
[22.211s] -- Installing: /home/olympusolutions/senior_ws/install/extender_arduino/share/extender_arduino/environment/library_path.dsv
[22.211s] -- Installing: /home/olympusolutions/senior_ws/install/extender_arduino/share/ament_index/resource_index/package_run_dependencies/extender_arduino
[22.212s] -- Installing: /home/olympusolutions/senior_ws/install/extender_arduino/share/ament_index/resource_index/parent_prefix_path/extender_arduino
[22.215s] -- Installing: /home/olympusolutions/senior_ws/install/extender_arduino/share/extender_arduino/environment/ament_prefix_path.sh
[22.216s] -- Installing: /home/olympusolutions/senior_ws/install/extender_arduino/share/extender_arduino/environment/ament_prefix_path.dsv
[22.218s] -- Installing: /home/olympusolutions/senior_ws/install/extender_arduino/share/extender_arduino/environment/path.sh
[22.221s] -- Installing: /home/olympusolutions/senior_ws/install/extender_arduino/share/extender_arduino/environment/path.dsv
[22.224s] -- Installing: /home/olympusolutions/senior_ws/install/extender_arduino/share/extender_arduino/local_setup.bash
[22.224s] -- Installing: /home/olympusolutions/senior_ws/install/extender_arduino/share/extender_arduino/local_setup.sh
[22.224s] -- Installing: /home/olympusolutions/senior_ws/install/extender_arduino/share/extender_arduino/local_setup.zsh
[22.225s] -- Installing: /home/olympusolutions/senior_ws/install/extender_arduino/share/extender_arduino/local_setup.dsv
[22.227s] -- Installing: /home/olympusolutions/senior_ws/install/extender_arduino/share/extender_arduino/package.dsv
[22.227s] -- Installing: /home/olympusolutions/senior_ws/install/extender_arduino/share/ament_index/resource_index/packages/extender_arduino
[22.227s] -- Installing: /home/olympusolutions/senior_ws/install/extender_arduino/share/ament_index/resource_index/hardware_interface__pluginlib__plugin/extender_arduino
[22.228s] -- Installing: /home/olympusolutions/senior_ws/install/extender_arduino/share/extender_arduino/cmake/export_extender_arduinoExport.cmake
[22.228s] -- Installing: /home/olympusolutions/senior_ws/install/extender_arduino/share/extender_arduino/cmake/export_extender_arduinoExport-noconfig.cmake
[22.228s] -- Installing: /home/olympusolutions/senior_ws/install/extender_arduino/share/extender_arduino/cmake/ament_cmake_export_targets-extras.cmake
[22.228s] -- Installing: /home/olympusolutions/senior_ws/install/extender_arduino/share/extender_arduino/cmake/ament_cmake_export_dependencies-extras.cmake
[22.229s] -- Installing: /home/olympusolutions/senior_ws/install/extender_arduino/share/extender_arduino/cmake/extender_arduinoConfig.cmake
[22.229s] -- Installing: /home/olympusolutions/senior_ws/install/extender_arduino/share/extender_arduino/cmake/extender_arduinoConfig-version.cmake
[22.229s] -- Installing: /home/olympusolutions/senior_ws/install/extender_arduino/share/extender_arduino/package.xml
[22.232s] Invoked command in '/home/olympusolutions/senior_ws/build/extender_arduino' returned '0': CMAKE_PREFIX_PATH=${CMAKE_PREFIX_PATH}:/opt/ros/jazzy DEBUGINFOD_URLS=https://debuginfod.ubuntu.com /usr/bin/cmake --install /home/olympusolutions/senior_ws/build/extender_arduino
