[2.824s] Invoking command in '/home/olympusolutions/senior_ws/src/riley_ws/src/my_package': DEBUGINFOD_URLS=https://debuginfod.ubuntu.com PYTHONPATH=/home/olympusolutions/senior_ws/build/my_package/prefix_override:/usr/lib/python3/dist-packages/colcon_core/task/python/colcon_distutils_commands:/home/olympusolutions/senior_ws/install/my_package/lib/python3.12/site-packages:${PYTHONPATH} /usr/bin/python3 -W ignore:setup.py install is deprecated -W ignore:easy_install command is deprecated setup.py egg_info --egg-base ../../../../build/my_package build --build-base /home/olympusolutions/senior_ws/build/my_package/build install --record /home/olympusolutions/senior_ws/build/my_package/install.log --single-version-externally-managed install_data
[4.332s] running egg_info
[4.457s] writing ../../../../build/my_package/my_package.egg-info/PKG-INFO
[4.461s] writing dependency_links to ../../../../build/my_package/my_package.egg-info/dependency_links.txt
[4.462s] writing entry points to ../../../../build/my_package/my_package.egg-info/entry_points.txt
[4.468s] writing requirements to ../../../../build/my_package/my_package.egg-info/requires.txt
[4.470s] writing top-level names to ../../../../build/my_package/my_package.egg-info/top_level.txt
[4.675s] reading manifest file '../../../../build/my_package/my_package.egg-info/SOURCES.txt'
[4.678s] adding license file 'LICENSE'
[4.682s] writing manifest file '../../../../build/my_package/my_package.egg-info/SOURCES.txt'
[4.682s] running build
[4.682s] running build_py
[4.685s] running install
[4.703s] running install_lib
[4.800s] running install_data
[4.800s] running install_egg_info
[4.891s] removing '/home/olympusolutions/senior_ws/install/my_package/lib/python3.12/site-packages/my_package-0.0.0-py3.12.egg-info' (and everything under it)
[4.892s] Copying ../../../../build/my_package/my_package.egg-info to /home/olympusolutions/senior_ws/install/my_package/lib/python3.12/site-packages/my_package-0.0.0-py3.12.egg-info
[4.903s] running install_scripts
[5.599s] Installing my_node script to /home/olympusolutions/senior_ws/install/my_package/lib/my_package
[5.603s] writing list of installed files to '/home/olympusolutions/senior_ws/build/my_package/install.log'
[5.858s] Invoked command in '/home/olympusolutions/senior_ws/src/riley_ws/src/my_package' returned '0': DEBUGINFOD_URLS=https://debuginfod.ubuntu.com PYTHONPATH=/home/olympusolutions/senior_ws/build/my_package/prefix_override:/usr/lib/python3/dist-packages/colcon_core/task/python/colcon_distutils_commands:/home/olympusolutions/senior_ws/install/my_package/lib/python3.12/site-packages:${PYTHONPATH} /usr/bin/python3 -W ignore:setup.py install is deprecated -W ignore:easy_install command is deprecated setup.py egg_info --egg-base ../../../../build/my_package build --build-base /home/olympusolutions/senior_ws/build/my_package/build install --record /home/olympusolutions/senior_ws/build/my_package/install.log --single-version-externally-managed install_data
