[3.189s] Invoking command in '/home/olympusolutions/senior_ws/src/riley_ws/src/my_package': DEBUGINFOD_URLS=https://debuginfod.ubuntu.com PYTHONPATH=/home/olympusolutions/senior_ws/build/my_package/prefix_override:/usr/lib/python3/dist-packages/colcon_core/task/python/colcon_distutils_commands:/home/olympusolutions/senior_ws/install/my_package/lib/python3.12/site-packages:${PYTHONPATH} /usr/bin/python3 -W ignore:setup.py install is deprecated -W ignore:easy_install command is deprecated setup.py egg_info --egg-base ../../../../build/my_package build --build-base /home/olympusolutions/senior_ws/build/my_package/build install --record /home/olympusolutions/senior_ws/build/my_package/install.log --single-version-externally-managed install_data
[4.092s] running egg_info
[4.146s] writing ../../../../build/my_package/my_package.egg-info/PKG-INFO
[4.147s] writing dependency_links to ../../../../build/my_package/my_package.egg-info/dependency_links.txt
[4.148s] writing entry points to ../../../../build/my_package/my_package.egg-info/entry_points.txt
[4.149s] writing requirements to ../../../../build/my_package/my_package.egg-info/requires.txt
[4.150s] writing top-level names to ../../../../build/my_package/my_package.egg-info/top_level.txt
[4.254s] reading manifest file '../../../../build/my_package/my_package.egg-info/SOURCES.txt'
[4.255s] adding license file 'LICENSE'
[4.256s] writing manifest file '../../../../build/my_package/my_package.egg-info/SOURCES.txt'
[4.260s] running build
[4.261s] running build_py
[4.261s] running install
[4.297s] running install_lib
[4.442s] running install_data
[4.442s] running install_egg_info
[4.537s] removing '/home/olympusolutions/senior_ws/install/my_package/lib/python3.12/site-packages/my_package-0.0.0-py3.12.egg-info' (and everything under it)
[4.537s] Copying ../../../../build/my_package/my_package.egg-info to /home/olympusolutions/senior_ws/install/my_package/lib/python3.12/site-packages/my_package-0.0.0-py3.12.egg-info
[4.538s] running install_scripts
[4.869s] Installing my_node script to /home/olympusolutions/senior_ws/install/my_package/lib/my_package
[4.872s] writing list of installed files to '/home/olympusolutions/senior_ws/build/my_package/install.log'
[5.029s] Invoked command in '/home/olympusolutions/senior_ws/src/riley_ws/src/my_package' returned '0': DEBUGINFOD_URLS=https://debuginfod.ubuntu.com PYTHONPATH=/home/olympusolutions/senior_ws/build/my_package/prefix_override:/usr/lib/python3/dist-packages/colcon_core/task/python/colcon_distutils_commands:/home/olympusolutions/senior_ws/install/my_package/lib/python3.12/site-packages:${PYTHONPATH} /usr/bin/python3 -W ignore:setup.py install is deprecated -W ignore:easy_install command is deprecated setup.py egg_info --egg-base ../../../../build/my_package build --build-base /home/olympusolutions/senior_ws/build/my_package/build install --record /home/olympusolutions/senior_ws/build/my_package/install.log --single-version-externally-managed install_data
