[1.820s] Invoking command in '/home/olympusolutions/riley_ws/src/listener_package': DEBUGINFOD_URLS=https://debuginfod.ubuntu.com PYTHONPATH=/home/olympusolutions/riley_ws/build/listener_package/prefix_override:/usr/lib/python3/dist-packages/colcon_core/task/python/colcon_distutils_commands:/home/olympusolutions/riley_ws/install/listener_package/lib/python3.12/site-packages:${PYTHONPATH} /usr/bin/python3 -W ignore:setup.py install is deprecated -W ignore:easy_install command is deprecated setup.py egg_info --egg-base ../../build/listener_package build --build-base /home/olympusolutions/riley_ws/build/listener_package/build install --record /home/olympusolutions/riley_ws/build/listener_package/install.log --single-version-externally-managed install_data
[2.247s] running egg_info
[2.276s] writing ../../build/listener_package/listener_package.egg-info/PKG-INFO
[2.276s] writing dependency_links to ../../build/listener_package/listener_package.egg-info/dependency_links.txt
[2.278s] writing entry points to ../../build/listener_package/listener_package.egg-info/entry_points.txt
[2.278s] writing requirements to ../../build/listener_package/listener_package.egg-info/requires.txt
[2.279s] writing top-level names to ../../build/listener_package/listener_package.egg-info/top_level.txt
[2.342s] reading manifest file '../../build/listener_package/listener_package.egg-info/SOURCES.txt'
[2.342s] adding license file 'LICENSE'
[2.343s] writing manifest file '../../build/listener_package/listener_package.egg-info/SOURCES.txt'
[2.344s] running build
[2.344s] running build_py
[2.344s] copying listener_package/phone_listener.py -> /home/olympusolutions/riley_ws/build/listener_package/build/lib/listener_package
[2.344s] running install
[2.354s] running install_lib
[2.383s] copying /home/olympusolutions/riley_ws/build/listener_package/build/lib/listener_package/phone_listener.py -> /home/olympusolutions/riley_ws/install/listener_package/lib/python3.12/site-packages/listener_package
[2.384s] byte-compiling /home/olympusolutions/riley_ws/install/listener_package/lib/python3.12/site-packages/listener_package/phone_listener.py to phone_listener.cpython-312.pyc
[2.386s] running install_data
[2.386s] running install_egg_info
[2.421s] removing '/home/olympusolutions/riley_ws/install/listener_package/lib/python3.12/site-packages/listener_package-0.0.0-py3.12.egg-info' (and everything under it)
[2.421s] Copying ../../build/listener_package/listener_package.egg-info to /home/olympusolutions/riley_ws/install/listener_package/lib/python3.12/site-packages/listener_package-0.0.0-py3.12.egg-info
[2.423s] running install_scripts
[2.635s] Installing listener script to /home/olympusolutions/riley_ws/install/listener_package/lib/listener_package
[2.635s] Installing phone_listener script to /home/olympusolutions/riley_ws/install/listener_package/lib/listener_package
[2.636s] Installing talker script to /home/olympusolutions/riley_ws/install/listener_package/lib/listener_package
[2.638s] writing list of installed files to '/home/olympusolutions/riley_ws/build/listener_package/install.log'
[2.746s] Invoked command in '/home/olympusolutions/riley_ws/src/listener_package' returned '0': DEBUGINFOD_URLS=https://debuginfod.ubuntu.com PYTHONPATH=/home/olympusolutions/riley_ws/build/listener_package/prefix_override:/usr/lib/python3/dist-packages/colcon_core/task/python/colcon_distutils_commands:/home/olympusolutions/riley_ws/install/listener_package/lib/python3.12/site-packages:${PYTHONPATH} /usr/bin/python3 -W ignore:setup.py install is deprecated -W ignore:easy_install command is deprecated setup.py egg_info --egg-base ../../build/listener_package build --build-base /home/olympusolutions/riley_ws/build/listener_package/build install --record /home/olympusolutions/riley_ws/build/listener_package/install.log --single-version-externally-managed install_data
