[3.634s] Invoking command in '/home/olympusolutions/senior_ws/build/twist_stamper': DEBUGINFOD_URLS=https://debuginfod.ubuntu.com PYTHONPATH=/home/olympusolutions/senior_ws/build/twist_stamper/prefix_override:/usr/lib/python3/dist-packages/colcon_core/task/python/colcon_distutils_commands:/home/olympusolutions/senior_ws/install/twist_stamper/lib/python3.12/site-packages:${PYTHONPATH} /usr/bin/python3 -W ignore:setup.py install is deprecated -W ignore:easy_install command is deprecated setup.py develop --editable --build-directory /home/olympusolutions/senior_ws/build/twist_stamper/build --no-deps symlink_data --force
[4.535s] running develop
[5.117s] running egg_info
[5.171s] writing twist_stamper.egg-info/PKG-INFO
[5.171s] writing dependency_links to twist_stamper.egg-info/dependency_links.txt
[5.173s] writing entry points to twist_stamper.egg-info/entry_points.txt
[5.177s] writing requirements to twist_stamper.egg-info/requires.txt
[5.178s] writing top-level names to twist_stamper.egg-info/top_level.txt
[5.258s] reading manifest file 'twist_stamper.egg-info/SOURCES.txt'
[5.260s] writing manifest file 'twist_stamper.egg-info/SOURCES.txt'
[5.291s] running build_ext
[5.292s] Creating /home/olympusolutions/senior_ws/install/twist_stamper/lib/python3.12/site-packages/twist-stamper.egg-link (link to .)
[5.292s] Installing twist_stamper script to /home/olympusolutions/senior_ws/install/twist_stamper/lib/twist_stamper
[5.294s] Installing twist_unstamper script to /home/olympusolutions/senior_ws/install/twist_stamper/lib/twist_stamper
[5.294s] 
[5.294s] Installed /home/olympusolutions/senior_ws/build/twist_stamper
[5.294s] running symlink_data
[5.295s] symbolically linking /home/olympusolutions/senior_ws/build/twist_stamper/resource/twist_stamper -> /home/olympusolutions/senior_ws/install/twist_stamper/share/ament_index/resource_index/packages
[5.295s] symbolically linking /home/olympusolutions/senior_ws/build/twist_stamper/package.xml -> /home/olympusolutions/senior_ws/install/twist_stamper/share/twist_stamper
[5.426s] Invoked command in '/home/olympusolutions/senior_ws/build/twist_stamper' returned '0': DEBUGINFOD_URLS=https://debuginfod.ubuntu.com PYTHONPATH=/home/olympusolutions/senior_ws/build/twist_stamper/prefix_override:/usr/lib/python3/dist-packages/colcon_core/task/python/colcon_distutils_commands:/home/olympusolutions/senior_ws/install/twist_stamper/lib/python3.12/site-packages:${PYTHONPATH} /usr/bin/python3 -W ignore:setup.py install is deprecated -W ignore:easy_install command is deprecated setup.py develop --editable --build-directory /home/olympusolutions/senior_ws/build/twist_stamper/build --no-deps symlink_data --force
