[5.475s] Invoking command in '/home/olympusolutions/senior_ws/src/riley_ws/src/listener_package': DEBUGINFOD_URLS=https://debuginfod.ubuntu.com PYTHONPATH=/home/olympusolutions/senior_ws/build/listener_package/prefix_override:/usr/lib/python3/dist-packages/colcon_core/task/python/colcon_distutils_commands:/home/olympusolutions/senior_ws/install/listener_package/lib/python3.12/site-packages:${PYTHONPATH} /usr/bin/python3 -W ignore:setup.py install is deprecated -W ignore:easy_install command is deprecated setup.py egg_info --egg-base ../../../../build/listener_package build --build-base /home/olympusolutions/senior_ws/build/listener_package/build install --record /home/olympusolutions/senior_ws/build/listener_package/install.log --single-version-externally-managed install_data
[7.471s] running egg_info
[7.652s] writing ../../../../build/listener_package/listener_package.egg-info/PKG-INFO
[7.656s] writing dependency_links to ../../../../build/listener_package/listener_package.egg-info/dependency_links.txt
[7.663s] writing entry points to ../../../../build/listener_package/listener_package.egg-info/entry_points.txt
[7.667s] writing requirements to ../../../../build/listener_package/listener_package.egg-info/requires.txt
[7.671s] writing top-level names to ../../../../build/listener_package/listener_package.egg-info/top_level.txt
[8.016s] reading manifest file '../../../../build/listener_package/listener_package.egg-info/SOURCES.txt'
[8.038s] adding license file 'LICENSE'
[8.042s] writing manifest file '../../../../build/listener_package/listener_package.egg-info/SOURCES.txt'
[8.049s] running build
[8.054s] running build_py
[8.055s] running install
[8.078s] running install_lib
[8.170s] running install_data
[8.170s] running install_egg_info
[8.308s] removing '/home/olympusolutions/senior_ws/install/listener_package/lib/python3.12/site-packages/listener_package-0.0.0-py3.12.egg-info' (and everything under it)
[8.312s] Copying ../../../../build/listener_package/listener_package.egg-info to /home/olympusolutions/senior_ws/install/listener_package/lib/python3.12/site-packages/listener_package-0.0.0-py3.12.egg-info
[8.319s] running install_scripts
[9.671s] Installing listener script to /home/olympusolutions/senior_ws/install/listener_package/lib/listener_package
[9.672s] Installing phone_listener script to /home/olympusolutions/senior_ws/install/listener_package/lib/listener_package
[9.674s] Installing talker script to /home/olympusolutions/senior_ws/install/listener_package/lib/listener_package
[9.684s] writing list of installed files to '/home/olympusolutions/senior_ws/build/listener_package/install.log'
[10.179s] Invoked command in '/home/olympusolutions/senior_ws/src/riley_ws/src/listener_package' returned '0': DEBUGINFOD_URLS=https://debuginfod.ubuntu.com PYTHONPATH=/home/olympusolutions/senior_ws/build/listener_package/prefix_override:/usr/lib/python3/dist-packages/colcon_core/task/python/colcon_distutils_commands:/home/olympusolutions/senior_ws/install/listener_package/lib/python3.12/site-packages:${PYTHONPATH} /usr/bin/python3 -W ignore:setup.py install is deprecated -W ignore:easy_install command is deprecated setup.py egg_info --egg-base ../../../../build/listener_package build --build-base /home/olympusolutions/senior_ws/build/listener_package/build install --record /home/olympusolutions/senior_ws/build/listener_package/install.log --single-version-externally-managed install_data
