[2.803s] Invoking command in '/home/olympusolutions/senior_ws/build/listener_package': DEBUGINFOD_URLS=https://debuginfod.ubuntu.com PYTHONPATH=/home/olympusolutions/senior_ws/build/listener_package/prefix_override:/usr/lib/python3/dist-packages/colcon_core/task/python/colcon_distutils_commands:/home/olympusolutions/senior_ws/install/listener_package/lib/python3.12/site-packages:${PYTHONPATH} /usr/bin/python3 -W ignore:setup.py install is deprecated -W ignore:easy_install command is deprecated setup.py develop --editable --build-directory /home/olympusolutions/senior_ws/build/listener_package/build --no-deps symlink_data --force
[5.151s] running develop
[7.067s] running egg_info
[7.628s] writing listener_package.egg-info/PKG-INFO
[7.644s] writing dependency_links to listener_package.egg-info/dependency_links.txt
[7.644s] writing entry points to listener_package.egg-info/entry_points.txt
[7.644s] writing requirements to listener_package.egg-info/requires.txt
[7.645s] writing top-level names to listener_package.egg-info/top_level.txt
[8.228s] reading manifest file 'listener_package.egg-info/SOURCES.txt'
[8.237s] writing manifest file 'listener_package.egg-info/SOURCES.txt'
[8.422s] running build_ext
[8.422s] Creating /home/olympusolutions/senior_ws/install/listener_package/lib/python3.12/site-packages/listener-package.egg-link (link to .)
[8.428s] Installing listener script to /home/olympusolutions/senior_ws/install/listener_package/lib/listener_package
[8.428s] Installing phone_listener script to /home/olympusolutions/senior_ws/install/listener_package/lib/listener_package
[8.429s] Installing talker script to /home/olympusolutions/senior_ws/install/listener_package/lib/listener_package
[8.430s] 
[8.433s] Installed /home/olympusolutions/senior_ws/build/listener_package
[8.442s] running symlink_data
[8.443s] symbolically linking /home/olympusolutions/senior_ws/build/listener_package/resource/listener_package -> /home/olympusolutions/senior_ws/install/listener_package/share/ament_index/resource_index/packages
[8.443s] symbolically linking /home/olympusolutions/senior_ws/build/listener_package/package.xml -> /home/olympusolutions/senior_ws/install/listener_package/share/listener_package
[9.292s] Invoked command in '/home/olympusolutions/senior_ws/build/listener_package' returned '0': DEBUGINFOD_URLS=https://debuginfod.ubuntu.com PYTHONPATH=/home/olympusolutions/senior_ws/build/listener_package/prefix_override:/usr/lib/python3/dist-packages/colcon_core/task/python/colcon_distutils_commands:/home/olympusolutions/senior_ws/install/listener_package/lib/python3.12/site-packages:${PYTHONPATH} /usr/bin/python3 -W ignore:setup.py install is deprecated -W ignore:easy_install command is deprecated setup.py develop --editable --build-directory /home/olympusolutions/senior_ws/build/listener_package/build --no-deps symlink_data --force
