[6.696s] Invoking command in '/home/olympusolutions/senior_ws/build/listener_package': DEBUGINFOD_URLS=https://debuginfod.ubuntu.com PYTHONPATH=/home/olympusolutions/senior_ws/build/listener_package/prefix_override:/usr/lib/python3/dist-packages/colcon_core/task/python/colcon_distutils_commands:/home/olympusolutions/senior_ws/install/listener_package/lib/python3.12/site-packages:${PYTHONPATH} /usr/bin/python3 -W ignore:setup.py install is deprecated -W ignore:easy_install command is deprecated setup.py develop --editable --build-directory /home/olympusolutions/senior_ws/build/listener_package/build --no-deps symlink_data --force
[9.849s] running develop
[11.036s] running egg_info
[11.230s] writing listener_package.egg-info/PKG-INFO
[11.233s] writing dependency_links to listener_package.egg-info/dependency_links.txt
[11.236s] writing entry points to listener_package.egg-info/entry_points.txt
[11.237s] writing requirements to listener_package.egg-info/requires.txt
[11.243s] writing top-level names to listener_package.egg-info/top_level.txt
[11.558s] reading manifest file 'listener_package.egg-info/SOURCES.txt'
[11.566s] writing manifest file 'listener_package.egg-info/SOURCES.txt'
[11.778s] running build_ext
[11.781s] Creating /home/olympusolutions/senior_ws/install/listener_package/lib/python3.12/site-packages/listener-package.egg-link (link to .)
[11.789s] Installing listener script to /home/olympusolutions/senior_ws/install/listener_package/lib/listener_package
[11.793s] Installing phone_listener script to /home/olympusolutions/senior_ws/install/listener_package/lib/listener_package
[11.797s] Installing talker script to /home/olympusolutions/senior_ws/install/listener_package/lib/listener_package
[11.797s] 
[11.798s] Installed /home/olympusolutions/senior_ws/build/listener_package
[11.798s] running symlink_data
[11.798s] symbolically linking /home/olympusolutions/senior_ws/build/listener_package/resource/listener_package -> /home/olympusolutions/senior_ws/install/listener_package/share/ament_index/resource_index/packages
[11.808s] symbolically linking /home/olympusolutions/senior_ws/build/listener_package/package.xml -> /home/olympusolutions/senior_ws/install/listener_package/share/listener_package
[12.133s] Invoked command in '/home/olympusolutions/senior_ws/build/listener_package' returned '0': DEBUGINFOD_URLS=https://debuginfod.ubuntu.com PYTHONPATH=/home/olympusolutions/senior_ws/build/listener_package/prefix_override:/usr/lib/python3/dist-packages/colcon_core/task/python/colcon_distutils_commands:/home/olympusolutions/senior_ws/install/listener_package/lib/python3.12/site-packages:${PYTHONPATH} /usr/bin/python3 -W ignore:setup.py install is deprecated -W ignore:easy_install command is deprecated setup.py develop --editable --build-directory /home/olympusolutions/senior_ws/build/listener_package/build --no-deps symlink_data --force
