[5.743s] Invoking command in '/home/olympusolutions/senior_ws/src/riley_ws/src/my_package': DEBUGINFOD_URLS=https://debuginfod.ubuntu.com PYTHONPATH=/home/olympusolutions/senior_ws/build/my_package/prefix_override:/usr/lib/python3/dist-packages/colcon_core/task/python/colcon_distutils_commands:/home/olympusolutions/senior_ws/install/my_package/lib/python3.12/site-packages:${PYTHONPATH} /usr/bin/python3 -W ignore:setup.py install is deprecated -W ignore:easy_install command is deprecated setup.py egg_info --egg-base ../../../../build/my_package build --build-base /home/olympusolutions/senior_ws/build/my_package/build install --record /home/olympusolutions/senior_ws/build/my_package/install.log --single-version-externally-managed install_data
[7.879s] running egg_info
[8.000s] writing ../../../../build/my_package/my_package.egg-info/PKG-INFO
[8.005s] writing dependency_links to ../../../../build/my_package/my_package.egg-info/dependency_links.txt
[8.006s] writing entry points to ../../../../build/my_package/my_package.egg-info/entry_points.txt
[8.007s] writing requirements to ../../../../build/my_package/my_package.egg-info/requires.txt
[8.009s] writing top-level names to ../../../../build/my_package/my_package.egg-info/top_level.txt
[8.343s] reading manifest file '../../../../build/my_package/my_package.egg-info/SOURCES.txt'
[8.346s] adding license file 'LICENSE'
[8.347s] writing manifest file '../../../../build/my_package/my_package.egg-info/SOURCES.txt'
[8.347s] running build
[8.348s] running build_py
[8.348s] running install
[8.366s] running install_lib
[8.467s] running install_data
[8.467s] running install_egg_info
[8.553s] removing '/home/olympusolutions/senior_ws/install/my_package/lib/python3.12/site-packages/my_package-0.0.0-py3.12.egg-info' (and everything under it)
[8.553s] Copying ../../../../build/my_package/my_package.egg-info to /home/olympusolutions/senior_ws/install/my_package/lib/python3.12/site-packages/my_package-0.0.0-py3.12.egg-info
[8.554s] running install_scripts
[10.316s] Installing my_node script to /home/olympusolutions/senior_ws/install/my_package/lib/my_package
[10.318s] writing list of installed files to '/home/olympusolutions/senior_ws/build/my_package/install.log'
[11.095s] Invoked command in '/home/olympusolutions/senior_ws/src/riley_ws/src/my_package' returned '0': DEBUGINFOD_URLS=https://debuginfod.ubuntu.com PYTHONPATH=/home/olympusolutions/senior_ws/build/my_package/prefix_override:/usr/lib/python3/dist-packages/colcon_core/task/python/colcon_distutils_commands:/home/olympusolutions/senior_ws/install/my_package/lib/python3.12/site-packages:${PYTHONPATH} /usr/bin/python3 -W ignore:setup.py install is deprecated -W ignore:easy_install command is deprecated setup.py egg_info --egg-base ../../../../build/my_package build --build-base /home/olympusolutions/senior_ws/build/my_package/build install --record /home/olympusolutions/senior_ws/build/my_package/install.log --single-version-externally-managed install_data
