[2.219s] Invoking command in '/home/olympusolutions/riley_ws/src/my_package': DEBUGINFOD_URLS=https://debuginfod.ubuntu.com PYTHONPATH=/home/olympusolutions/riley_ws/build/my_package/prefix_override:/usr/lib/python3/dist-packages/colcon_core/task/python/colcon_distutils_commands:/home/olympusolutions/riley_ws/install/my_package/lib/python3.12/site-packages:${PYTHONPATH} /usr/bin/python3 -W ignore:setup.py install is deprecated -W ignore:easy_install command is deprecated setup.py egg_info --egg-base ../../build/my_package build --build-base /home/olympusolutions/riley_ws/build/my_package/build install --record /home/olympusolutions/riley_ws/build/my_package/install.log --single-version-externally-managed install_data
[2.810s] running egg_info
[2.841s] writing ../../build/my_package/my_package.egg-info/PKG-INFO
[2.842s] writing dependency_links to ../../build/my_package/my_package.egg-info/dependency_links.txt
[2.844s] writing entry points to ../../build/my_package/my_package.egg-info/entry_points.txt
[2.849s] writing requirements to ../../build/my_package/my_package.egg-info/requires.txt
[2.849s] writing top-level names to ../../build/my_package/my_package.egg-info/top_level.txt
[2.937s] reading manifest file '../../build/my_package/my_package.egg-info/SOURCES.txt'
[2.938s] adding license file 'LICENSE'
[2.939s] writing manifest file '../../build/my_package/my_package.egg-info/SOURCES.txt'
[2.939s] running build
[2.939s] running build_py
[2.941s] running install
[2.952s] running install_lib
[3.014s] running install_data
[3.015s] running install_egg_info
[3.051s] removing '/home/olympusolutions/riley_ws/install/my_package/lib/python3.12/site-packages/my_package-0.0.0-py3.12.egg-info' (and everything under it)
[3.052s] Copying ../../build/my_package/my_package.egg-info to /home/olympusolutions/riley_ws/install/my_package/lib/python3.12/site-packages/my_package-0.0.0-py3.12.egg-info
[3.054s] running install_scripts
[3.351s] Installing my_node script to /home/olympusolutions/riley_ws/install/my_package/lib/my_package
[3.356s] writing list of installed files to '/home/olympusolutions/riley_ws/build/my_package/install.log'
[3.527s] Invoked command in '/home/olympusolutions/riley_ws/src/my_package' returned '0': DEBUGINFOD_URLS=https://debuginfod.ubuntu.com PYTHONPATH=/home/olympusolutions/riley_ws/build/my_package/prefix_override:/usr/lib/python3/dist-packages/colcon_core/task/python/colcon_distutils_commands:/home/olympusolutions/riley_ws/install/my_package/lib/python3.12/site-packages:${PYTHONPATH} /usr/bin/python3 -W ignore:setup.py install is deprecated -W ignore:easy_install command is deprecated setup.py egg_info --egg-base ../../build/my_package build --build-base /home/olympusolutions/riley_ws/build/my_package/build install --record /home/olympusolutions/riley_ws/build/my_package/install.log --single-version-externally-managed install_data
