[5.454s] Invoking command in '/home/olympusolutions/senior_ws/build/listener_package': DEBUGINFOD_URLS=https://debuginfod.ubuntu.com PYTHONPATH=/home/olympusolutions/senior_ws/build/listener_package/prefix_override:/usr/lib/python3/dist-packages/colcon_core/task/python/colcon_distutils_commands:/home/olympusolutions/senior_ws/install/listener_package/lib/python3.12/site-packages:${PYTHONPATH} /usr/bin/python3 -W ignore:setup.py install is deprecated -W ignore:easy_install command is deprecated setup.py develop --editable --build-directory /home/olympusolutions/senior_ws/build/listener_package/build --no-deps symlink_data --force
[8.166s] running develop
[9.619s] running egg_info
[9.727s] writing listener_package.egg-info/PKG-INFO
[9.731s] writing dependency_links to listener_package.egg-info/dependency_links.txt
[9.735s] writing entry points to listener_package.egg-info/entry_points.txt
[9.738s] writing requirements to listener_package.egg-info/requires.txt
[9.740s] writing top-level names to listener_package.egg-info/top_level.txt
[10.095s] reading manifest file 'listener_package.egg-info/SOURCES.txt'
[10.095s] writing manifest file 'listener_package.egg-info/SOURCES.txt'
[10.164s] running build_ext
[10.165s] Creating /home/olympusolutions/senior_ws/install/listener_package/lib/python3.12/site-packages/listener-package.egg-link (link to .)
[10.172s] Installing listener script to /home/olympusolutions/senior_ws/install/listener_package/lib/listener_package
[10.174s] Installing phone_listener script to /home/olympusolutions/senior_ws/install/listener_package/lib/listener_package
[10.175s] Installing talker script to /home/olympusolutions/senior_ws/install/listener_package/lib/listener_package
[10.175s] 
[10.175s] Installed /home/olympusolutions/senior_ws/build/listener_package
[10.175s] running symlink_data
[10.185s] symbolically linking /home/olympusolutions/senior_ws/build/listener_package/resource/listener_package -> /home/olympusolutions/senior_ws/install/listener_package/share/ament_index/resource_index/packages
[10.186s] symbolically linking /home/olympusolutions/senior_ws/build/listener_package/package.xml -> /home/olympusolutions/senior_ws/install/listener_package/share/listener_package
[10.712s] Invoked command in '/home/olympusolutions/senior_ws/build/listener_package' returned '0': DEBUGINFOD_URLS=https://debuginfod.ubuntu.com PYTHONPATH=/home/olympusolutions/senior_ws/build/listener_package/prefix_override:/usr/lib/python3/dist-packages/colcon_core/task/python/colcon_distutils_commands:/home/olympusolutions/senior_ws/install/listener_package/lib/python3.12/site-packages:${PYTHONPATH} /usr/bin/python3 -W ignore:setup.py install is deprecated -W ignore:easy_install command is deprecated setup.py develop --editable --build-directory /home/olympusolutions/senior_ws/build/listener_package/build --no-deps symlink_data --force
