[7.526s] Invoking command in '/home/olympusolutions/senior_ws/src/riley_ws/src/listener_package': DEBUGINFOD_URLS=https://debuginfod.ubuntu.com PYTHONPATH=/home/olympusolutions/senior_ws/build/listener_package/prefix_override:/usr/lib/python3/dist-packages/colcon_core/task/python/colcon_distutils_commands:/home/olympusolutions/senior_ws/install/listener_package/lib/python3.12/site-packages:${PYTHONPATH} /usr/bin/python3 -W ignore:setup.py install is deprecated -W ignore:easy_install command is deprecated setup.py egg_info --egg-base ../../../../build/listener_package build --build-base /home/olympusolutions/senior_ws/build/listener_package/build install --record /home/olympusolutions/senior_ws/build/listener_package/install.log --single-version-externally-managed install_data
[9.591s] running egg_info
[9.717s] writing ../../../../build/listener_package/listener_package.egg-info/PKG-INFO
[9.722s] writing dependency_links to ../../../../build/listener_package/listener_package.egg-info/dependency_links.txt
[9.728s] writing entry points to ../../../../build/listener_package/listener_package.egg-info/entry_points.txt
[9.731s] writing requirements to ../../../../build/listener_package/listener_package.egg-info/requires.txt
[9.738s] writing top-level names to ../../../../build/listener_package/listener_package.egg-info/top_level.txt
[10.186s] reading manifest file '../../../../build/listener_package/listener_package.egg-info/SOURCES.txt'
[10.188s] adding license file 'LICENSE'
[10.190s] writing manifest file '../../../../build/listener_package/listener_package.egg-info/SOURCES.txt'
[10.193s] running build
[10.195s] running build_py
[10.197s] running install
[10.228s] running install_lib
[10.373s] running install_data
[10.374s] running install_egg_info
[10.477s] removing '/home/olympusolutions/senior_ws/install/listener_package/lib/python3.12/site-packages/listener_package-0.0.0-py3.12.egg-info' (and everything under it)
[10.481s] Copying ../../../../build/listener_package/listener_package.egg-info to /home/olympusolutions/senior_ws/install/listener_package/lib/python3.12/site-packages/listener_package-0.0.0-py3.12.egg-info
[10.485s] running install_scripts
[11.105s] Installing listener script to /home/olympusolutions/senior_ws/install/listener_package/lib/listener_package
[11.109s] Installing phone_listener script to /home/olympusolutions/senior_ws/install/listener_package/lib/listener_package
[11.116s] Installing talker script to /home/olympusolutions/senior_ws/install/listener_package/lib/listener_package
[11.124s] writing list of installed files to '/home/olympusolutions/senior_ws/build/listener_package/install.log'
[11.334s] Invoked command in '/home/olympusolutions/senior_ws/src/riley_ws/src/listener_package' returned '0': DEBUGINFOD_URLS=https://debuginfod.ubuntu.com PYTHONPATH=/home/olympusolutions/senior_ws/build/listener_package/prefix_override:/usr/lib/python3/dist-packages/colcon_core/task/python/colcon_distutils_commands:/home/olympusolutions/senior_ws/install/listener_package/lib/python3.12/site-packages:${PYTHONPATH} /usr/bin/python3 -W ignore:setup.py install is deprecated -W ignore:easy_install command is deprecated setup.py egg_info --egg-base ../../../../build/listener_package build --build-base /home/olympusolutions/senior_ws/build/listener_package/build install --record /home/olympusolutions/senior_ws/build/listener_package/install.log --single-version-externally-managed install_data
