[0.104s] Invoking command in '/home/olympusolutions/senior_ws/build/sllidar_ros2': CMAKE_PREFIX_PATH=${CMAKE_PREFIX_PATH}:/home/olympusolutions/senior_ws/install/twist_stamper:/home/olympusolutions/senior_ws/install/serial_motor_demo:/home/olympusolutions/senior_ws/install/my_package:/home/olympusolutions/senior_ws/install/listener_package:/home/olympusolutions/senior_ws/install/joy_tester:/opt/ros/jazzy DEBUGINFOD_URLS=https://debuginfod.ubuntu.com /usr/bin/cmake --build /home/olympusolutions/senior_ws/build/sllidar_ros2 -- -j4 -l4
[0.574s] [ 90%] Built target sllidar_node
[0.584s] [100%] Built target sllidar_client
[0.677s] Invoked command in '/home/olympusolutions/senior_ws/build/sllidar_ros2' returned '0': CMAKE_PREFIX_PATH=${CMAKE_PREFIX_PATH}:/home/olympusolutions/senior_ws/install/twist_stamper:/home/olympusolutions/senior_ws/install/serial_motor_demo:/home/olympusolutions/senior_ws/install/my_package:/home/olympusolutions/senior_ws/install/listener_package:/home/olympusolutions/senior_ws/install/joy_tester:/opt/ros/jazzy DEBUGINFOD_URLS=https://debuginfod.ubuntu.com /usr/bin/cmake --build /home/olympusolutions/senior_ws/build/sllidar_ros2 -- -j4 -l4
[0.690s] Invoking command in '/home/olympusolutions/senior_ws/build/sllidar_ros2': CMAKE_PREFIX_PATH=${CMAKE_PREFIX_PATH}:/home/olympusolutions/senior_ws/install/twist_stamper:/home/olympusolutions/senior_ws/install/serial_motor_demo:/home/olympusolutions/senior_ws/install/my_package:/home/olympusolutions/senior_ws/install/listener_package:/home/olympusolutions/senior_ws/install/joy_tester:/opt/ros/jazzy DEBUGINFOD_URLS=https://debuginfod.ubuntu.com /usr/bin/cmake --install /home/olympusolutions/senior_ws/build/sllidar_ros2
[0.749s] -- Install configuration: ""
[0.755s] -- Execute custom install script
[0.763s] -- Up-to-date symlink: /home/olympusolutions/senior_ws/install/sllidar_ros2/share/sllidar_ros2/launch/sllidar_a1_launch.py
[0.766s] -- Up-to-date symlink: /home/olympusolutions/senior_ws/install/sllidar_ros2/share/sllidar_ros2/launch/sllidar_a2m12_launch .py
[0.769s] -- Up-to-date symlink: /home/olympusolutions/senior_ws/install/sllidar_ros2/share/sllidar_ros2/launch/sllidar_a2m7_launch.py
[0.772s] -- Up-to-date symlink: /home/olympusolutions/senior_ws/install/sllidar_ros2/share/sllidar_ros2/launch/sllidar_a2m8_launch.py
[0.777s] -- Up-to-date symlink: /home/olympusolutions/senior_ws/install/sllidar_ros2/share/sllidar_ros2/launch/sllidar_a3_launch.py
[0.780s] -- Up-to-date symlink: /home/olympusolutions/senior_ws/install/sllidar_ros2/share/sllidar_ros2/launch/sllidar_c1_launch.py
[0.781s] -- Up-to-date symlink: /home/olympusolutions/senior_ws/install/sllidar_ros2/share/sllidar_ros2/launch/sllidar_s1_launch.py
[0.781s] -- Up-to-date symlink: /home/olympusolutions/senior_ws/install/sllidar_ros2/share/sllidar_ros2/launch/sllidar_s1_tcp_launch.py
[0.783s] -- Up-to-date symlink: /home/olympusolutions/senior_ws/install/sllidar_ros2/share/sllidar_ros2/launch/sllidar_s2_launch.py
[0.784s] -- Up-to-date symlink: /home/olympusolutions/senior_ws/install/sllidar_ros2/share/sllidar_ros2/launch/sllidar_s2e_launch.py
[0.787s] -- Up-to-date symlink: /home/olympusolutions/senior_ws/install/sllidar_ros2/share/sllidar_ros2/launch/sllidar_s3_launch.py
[0.788s] -- Up-to-date symlink: /home/olympusolutions/senior_ws/install/sllidar_ros2/share/sllidar_ros2/launch/sllidar_t1_launch.py
[0.788s] -- Up-to-date symlink: /home/olympusolutions/senior_ws/install/sllidar_ros2/share/sllidar_ros2/launch/view_sllidar_a1_launch.py
[0.788s] -- Up-to-date symlink: /home/olympusolutions/senior_ws/install/sllidar_ros2/share/sllidar_ros2/launch/view_sllidar_a2m12_launch.py
[0.788s] -- Up-to-date symlink: /home/olympusolutions/senior_ws/install/sllidar_ros2/share/sllidar_ros2/launch/view_sllidar_a2m7_launch.py
[0.788s] -- Up-to-date symlink: /home/olympusolutions/senior_ws/install/sllidar_ros2/share/sllidar_ros2/launch/view_sllidar_a2m8_launch.py
[0.788s] -- Up-to-date symlink: /home/olympusolutions/senior_ws/install/sllidar_ros2/share/sllidar_ros2/launch/view_sllidar_a3_launch.py
[0.788s] -- Up-to-date symlink: /home/olympusolutions/senior_ws/install/sllidar_ros2/share/sllidar_ros2/launch/view_sllidar_c1_launch.py
[0.789s] -- Up-to-date symlink: /home/olympusolutions/senior_ws/install/sllidar_ros2/share/sllidar_ros2/launch/view_sllidar_s1_launch.py
[0.789s] -- Up-to-date symlink: /home/olympusolutions/senior_ws/install/sllidar_ros2/share/sllidar_ros2/launch/view_sllidar_s1_tcp_launch.py
[0.789s] -- Up-to-date symlink: /home/olympusolutions/senior_ws/install/sllidar_ros2/share/sllidar_ros2/launch/view_sllidar_s2_launch.py
[0.789s] -- Up-to-date symlink: /home/olympusolutions/senior_ws/install/sllidar_ros2/share/sllidar_ros2/launch/view_sllidar_s2e_launch.py
[0.789s] -- Up-to-date symlink: /home/olympusolutions/senior_ws/install/sllidar_ros2/share/sllidar_ros2/launch/view_sllidar_s3_launch.py
[0.789s] -- Up-to-date symlink: /home/olympusolutions/senior_ws/install/sllidar_ros2/share/sllidar_ros2/launch/view_sllidar_t1_launch.py
[0.790s] -- Up-to-date symlink: /home/olympusolutions/senior_ws/install/sllidar_ros2/share/sllidar_ros2/rviz/sllidar_ros2.rviz
[0.794s] -- Up-to-date symlink: /home/olympusolutions/senior_ws/install/sllidar_ros2/lib/sllidar_ros2/sllidar_node
[0.795s] -- Up-to-date symlink: /home/olympusolutions/senior_ws/install/sllidar_ros2/lib/sllidar_ros2/sllidar_client
[0.796s] -- Up-to-date symlink: /home/olympusolutions/senior_ws/install/sllidar_ros2/share/ament_index/resource_index/package_run_dependencies/sllidar_ros2
[0.797s] -- Up-to-date symlink: /home/olympusolutions/senior_ws/install/sllidar_ros2/share/ament_index/resource_index/parent_prefix_path/sllidar_ros2
[0.799s] -- Up-to-date symlink: /home/olympusolutions/senior_ws/install/sllidar_ros2/share/sllidar_ros2/environment/ament_prefix_path.sh
[0.801s] -- Up-to-date symlink: /home/olympusolutions/senior_ws/install/sllidar_ros2/share/sllidar_ros2/environment/ament_prefix_path.dsv
[0.803s] -- Up-to-date symlink: /home/olympusolutions/senior_ws/install/sllidar_ros2/share/sllidar_ros2/environment/path.sh
[0.805s] -- Up-to-date symlink: /home/olympusolutions/senior_ws/install/sllidar_ros2/share/sllidar_ros2/environment/path.dsv
[0.809s] -- Up-to-date symlink: /home/olympusolutions/senior_ws/install/sllidar_ros2/share/sllidar_ros2/local_setup.bash
[0.811s] -- Up-to-date symlink: /home/olympusolutions/senior_ws/install/sllidar_ros2/share/sllidar_ros2/local_setup.sh
[0.813s] -- Up-to-date symlink: /home/olympusolutions/senior_ws/install/sllidar_ros2/share/sllidar_ros2/local_setup.zsh
[0.815s] -- Up-to-date symlink: /home/olympusolutions/senior_ws/install/sllidar_ros2/share/sllidar_ros2/local_setup.dsv
[0.817s] -- Symlinking: /home/olympusolutions/senior_ws/install/sllidar_ros2/share/sllidar_ros2/package.dsv
[0.879s] -- Up-to-date symlink: /home/olympusolutions/senior_ws/install/sllidar_ros2/share/ament_index/resource_index/packages/sllidar_ros2
[0.882s] -- Up-to-date symlink: /home/olympusolutions/senior_ws/install/sllidar_ros2/share/sllidar_ros2/cmake/ament_cmake_export_dependencies-extras.cmake
[0.885s] -- Up-to-date symlink: /home/olympusolutions/senior_ws/install/sllidar_ros2/share/sllidar_ros2/cmake/ament_cmake_export_include_directories-extras.cmake
[0.885s] -- Up-to-date symlink: /home/olympusolutions/senior_ws/install/sllidar_ros2/share/sllidar_ros2/cmake/sllidar_ros2Config.cmake
[0.886s] -- Up-to-date symlink: /home/olympusolutions/senior_ws/install/sllidar_ros2/share/sllidar_ros2/cmake/sllidar_ros2Config-version.cmake
[0.886s] -- Up-to-date symlink: /home/olympusolutions/senior_ws/install/sllidar_ros2/share/sllidar_ros2/package.xml
[0.891s] Invoked command in '/home/olympusolutions/senior_ws/build/sllidar_ros2' returned '0': CMAKE_PREFIX_PATH=${CMAKE_PREFIX_PATH}:/home/olympusolutions/senior_ws/install/twist_stamper:/home/olympusolutions/senior_ws/install/serial_motor_demo:/home/olympusolutions/senior_ws/install/my_package:/home/olympusolutions/senior_ws/install/listener_package:/home/olympusolutions/senior_ws/install/joy_tester:/opt/ros/jazzy DEBUGINFOD_URLS=https://debuginfod.ubuntu.com /usr/bin/cmake --install /home/olympusolutions/senior_ws/build/sllidar_ros2
