[5.815s] Invoking command in '/home/olympusolutions/senior_ws/src/imu_publisher': DEBUGINFOD_URLS=https://debuginfod.ubuntu.com PYTHONPATH=/home/olympusolutions/senior_ws/build/imu_publisher/prefix_override:/usr/lib/python3/dist-packages/colcon_core/task/python/colcon_distutils_commands:/home/olympusolutions/senior_ws/install/imu_publisher/lib/python3.12/site-packages:${PYTHONPATH} /usr/bin/python3 -W ignore:setup.py install is deprecated -W ignore:easy_install command is deprecated setup.py egg_info --egg-base ../../build/imu_publisher build --build-base /home/olympusolutions/senior_ws/build/imu_publisher/build install --record /home/olympusolutions/senior_ws/build/imu_publisher/install.log --single-version-externally-managed install_data
[7.059s] running egg_info
[7.060s] creating ../../build/imu_publisher/imu_publisher.egg-info
[7.061s] writing ../../build/imu_publisher/imu_publisher.egg-info/PKG-INFO
[7.061s] writing dependency_links to ../../build/imu_publisher/imu_publisher.egg-info/dependency_links.txt
[7.061s] writing entry points to ../../build/imu_publisher/imu_publisher.egg-info/entry_points.txt
[7.061s] writing requirements to ../../build/imu_publisher/imu_publisher.egg-info/requires.txt
[7.062s] writing top-level names to ../../build/imu_publisher/imu_publisher.egg-info/top_level.txt
[7.062s] writing manifest file '../../build/imu_publisher/imu_publisher.egg-info/SOURCES.txt'
[7.148s] reading manifest file '../../build/imu_publisher/imu_publisher.egg-info/SOURCES.txt'
[7.150s] writing manifest file '../../build/imu_publisher/imu_publisher.egg-info/SOURCES.txt'
[7.150s] running build
[7.150s] running build_py
[7.152s] creating /home/olympusolutions/senior_ws/build/imu_publisher/build
[7.152s] creating /home/olympusolutions/senior_ws/build/imu_publisher/build/lib
[7.152s] creating /home/olympusolutions/senior_ws/build/imu_publisher/build/lib/imu_publisher
[7.152s] copying imu_publisher/__init__.py -> /home/olympusolutions/senior_ws/build/imu_publisher/build/lib/imu_publisher
[7.152s] copying imu_publisher/imu_publisher.py -> /home/olympusolutions/senior_ws/build/imu_publisher/build/lib/imu_publisher
[7.152s] running install
[7.164s] running install_lib
[7.243s] creating /home/olympusolutions/senior_ws/install/imu_publisher/lib/python3.12/site-packages/imu_publisher
[7.245s] copying /home/olympusolutions/senior_ws/build/imu_publisher/build/lib/imu_publisher/__init__.py -> /home/olympusolutions/senior_ws/install/imu_publisher/lib/python3.12/site-packages/imu_publisher
[7.246s] copying /home/olympusolutions/senior_ws/build/imu_publisher/build/lib/imu_publisher/imu_publisher.py -> /home/olympusolutions/senior_ws/install/imu_publisher/lib/python3.12/site-packages/imu_publisher
[7.248s] byte-compiling /home/olympusolutions/senior_ws/install/imu_publisher/lib/python3.12/site-packages/imu_publisher/__init__.py to __init__.cpython-312.pyc
[7.249s] byte-compiling /home/olympusolutions/senior_ws/install/imu_publisher/lib/python3.12/site-packages/imu_publisher/imu_publisher.py to imu_publisher.cpython-312.pyc
[7.250s] running install_data
[7.251s] creating /home/olympusolutions/senior_ws/install/imu_publisher/share/ament_index
[7.251s] creating /home/olympusolutions/senior_ws/install/imu_publisher/share/ament_index/resource_index
[7.251s] creating /home/olympusolutions/senior_ws/install/imu_publisher/share/ament_index/resource_index/packages
[7.251s] copying resource/imu_publisher -> /home/olympusolutions/senior_ws/install/imu_publisher/share/ament_index/resource_index/packages
[7.253s] copying package.xml -> /home/olympusolutions/senior_ws/install/imu_publisher/share/imu_publisher
[7.253s] running install_egg_info
[7.319s] Copying ../../build/imu_publisher/imu_publisher.egg-info to /home/olympusolutions/senior_ws/install/imu_publisher/lib/python3.12/site-packages/imu_publisher-0.0.0-py3.12.egg-info
[7.322s] running install_scripts
[7.662s] Installing imu_publisher script to /home/olympusolutions/senior_ws/install/imu_publisher/lib/imu_publisher
[7.663s] writing list of installed files to '/home/olympusolutions/senior_ws/build/imu_publisher/install.log'
[7.859s] Invoked command in '/home/olympusolutions/senior_ws/src/imu_publisher' returned '0': DEBUGINFOD_URLS=https://debuginfod.ubuntu.com PYTHONPATH=/home/olympusolutions/senior_ws/build/imu_publisher/prefix_override:/usr/lib/python3/dist-packages/colcon_core/task/python/colcon_distutils_commands:/home/olympusolutions/senior_ws/install/imu_publisher/lib/python3.12/site-packages:${PYTHONPATH} /usr/bin/python3 -W ignore:setup.py install is deprecated -W ignore:easy_install command is deprecated setup.py egg_info --egg-base ../../build/imu_publisher build --build-base /home/olympusolutions/senior_ws/build/imu_publisher/build install --record /home/olympusolutions/senior_ws/build/imu_publisher/install.log --single-version-externally-managed install_data
