[2.725s] Invoking command in '/home/olympusolutions/senior_ws/build/twist_stamper': DEBUGINFOD_URLS=https://debuginfod.ubuntu.com PYTHONPATH=/home/olympusolutions/senior_ws/build/twist_stamper/prefix_override:/usr/lib/python3/dist-packages/colcon_core/task/python/colcon_distutils_commands:/home/olympusolutions/senior_ws/install/twist_stamper/lib/python3.12/site-packages:${PYTHONPATH} /usr/bin/python3 -W ignore:setup.py install is deprecated -W ignore:easy_install command is deprecated setup.py develop --editable --build-directory /home/olympusolutions/senior_ws/build/twist_stamper/build --no-deps symlink_data
[3.533s] running develop
[4.170s] running egg_info
[4.170s] creating twist_stamper.egg-info
[4.225s] writing twist_stamper.egg-info/PKG-INFO
[4.227s] writing dependency_links to twist_stamper.egg-info/dependency_links.txt
[4.229s] writing entry points to twist_stamper.egg-info/entry_points.txt
[4.232s] writing requirements to twist_stamper.egg-info/requires.txt
[4.235s] writing top-level names to twist_stamper.egg-info/top_level.txt
[4.235s] writing manifest file 'twist_stamper.egg-info/SOURCES.txt'
[4.372s] reading manifest file 'twist_stamper.egg-info/SOURCES.txt'
[4.374s] writing manifest file 'twist_stamper.egg-info/SOURCES.txt'
[4.421s] running build_ext
[4.421s] Creating /home/olympusolutions/senior_ws/install/twist_stamper/lib/python3.12/site-packages/twist-stamper.egg-link (link to .)
[4.424s] Installing twist_stamper script to /home/olympusolutions/senior_ws/install/twist_stamper/lib/twist_stamper
[4.427s] Installing twist_unstamper script to /home/olympusolutions/senior_ws/install/twist_stamper/lib/twist_stamper
[4.428s] 
[4.430s] Installed /home/olympusolutions/senior_ws/build/twist_stamper
[4.431s] running symlink_data
[4.431s] creating /home/olympusolutions/senior_ws/install/twist_stamper/share/ament_index
[4.431s] creating /home/olympusolutions/senior_ws/install/twist_stamper/share/ament_index/resource_index
[4.431s] creating /home/olympusolutions/senior_ws/install/twist_stamper/share/ament_index/resource_index/packages
[4.434s] symbolically linking /home/olympusolutions/senior_ws/build/twist_stamper/resource/twist_stamper -> /home/olympusolutions/senior_ws/install/twist_stamper/share/ament_index/resource_index/packages
[4.437s] symbolically linking /home/olympusolutions/senior_ws/build/twist_stamper/package.xml -> /home/olympusolutions/senior_ws/install/twist_stamper/share/twist_stamper
[4.629s] Invoked command in '/home/olympusolutions/senior_ws/build/twist_stamper' returned '0': DEBUGINFOD_URLS=https://debuginfod.ubuntu.com PYTHONPATH=/home/olympusolutions/senior_ws/build/twist_stamper/prefix_override:/usr/lib/python3/dist-packages/colcon_core/task/python/colcon_distutils_commands:/home/olympusolutions/senior_ws/install/twist_stamper/lib/python3.12/site-packages:${PYTHONPATH} /usr/bin/python3 -W ignore:setup.py install is deprecated -W ignore:easy_install command is deprecated setup.py develop --editable --build-directory /home/olympusolutions/senior_ws/build/twist_stamper/build --no-deps symlink_data
