[1.982s] Invoking command in '/home/olympusolutions/senior_ws/src/riley_ws/src/my_package': DEBUGINFOD_URLS=https://debuginfod.ubuntu.com PYTHONPATH=/home/olympusolutions/senior_ws/src/riley_ws/build/my_package/prefix_override:/usr/lib/python3/dist-packages/colcon_core/task/python/colcon_distutils_commands:/home/olympusolutions/senior_ws/src/riley_ws/install/my_package/lib/python3.12/site-packages:${PYTHONPATH} /usr/bin/python3 -W ignore:setup.py install is deprecated -W ignore:easy_install command is deprecated setup.py egg_info --egg-base ../../build/my_package build --build-base /home/olympusolutions/senior_ws/src/riley_ws/build/my_package/build install --record /home/olympusolutions/senior_ws/src/riley_ws/build/my_package/install.log --single-version-externally-managed install_data
[2.456s] running egg_info
[2.485s] writing ../../build/my_package/my_package.egg-info/PKG-INFO
[2.489s] writing dependency_links to ../../build/my_package/my_package.egg-info/dependency_links.txt
[2.490s] writing entry points to ../../build/my_package/my_package.egg-info/entry_points.txt
[2.496s] writing requirements to ../../build/my_package/my_package.egg-info/requires.txt
[2.501s] writing top-level names to ../../build/my_package/my_package.egg-info/top_level.txt
[2.562s] reading manifest file '../../build/my_package/my_package.egg-info/SOURCES.txt'
[2.562s] adding license file 'LICENSE'
[2.563s] writing manifest file '../../build/my_package/my_package.egg-info/SOURCES.txt'
[2.563s] running build
[2.563s] running build_py
[2.564s] running install
[2.574s] running install_lib
[2.611s] running install_data
[2.611s] running install_egg_info
[2.650s] removing '/home/olympusolutions/senior_ws/src/riley_ws/install/my_package/lib/python3.12/site-packages/my_package-0.0.0-py3.12.egg-info' (and everything under it)
[2.650s] Copying ../../build/my_package/my_package.egg-info to /home/olympusolutions/senior_ws/src/riley_ws/install/my_package/lib/python3.12/site-packages/my_package-0.0.0-py3.12.egg-info
[2.652s] running install_scripts
[2.920s] Installing my_node script to /home/olympusolutions/senior_ws/src/riley_ws/install/my_package/lib/my_package
[2.925s] writing list of installed files to '/home/olympusolutions/senior_ws/src/riley_ws/build/my_package/install.log'
[3.073s] Invoked command in '/home/olympusolutions/senior_ws/src/riley_ws/src/my_package' returned '0': DEBUGINFOD_URLS=https://debuginfod.ubuntu.com PYTHONPATH=/home/olympusolutions/senior_ws/src/riley_ws/build/my_package/prefix_override:/usr/lib/python3/dist-packages/colcon_core/task/python/colcon_distutils_commands:/home/olympusolutions/senior_ws/src/riley_ws/install/my_package/lib/python3.12/site-packages:${PYTHONPATH} /usr/bin/python3 -W ignore:setup.py install is deprecated -W ignore:easy_install command is deprecated setup.py egg_info --egg-base ../../build/my_package build --build-base /home/olympusolutions/senior_ws/src/riley_ws/build/my_package/build install --record /home/olympusolutions/senior_ws/src/riley_ws/build/my_package/install.log --single-version-externally-managed install_data
