[5.626s] Invoking command in '/home/olympusolutions/senior_ws/src/riley_ws/src/my_package': DEBUGINFOD_URLS=https://debuginfod.ubuntu.com PYTHONPATH=/home/olympusolutions/senior_ws/build/my_package/prefix_override:/usr/lib/python3/dist-packages/colcon_core/task/python/colcon_distutils_commands:/home/olympusolutions/senior_ws/install/my_package/lib/python3.12/site-packages:${PYTHONPATH} /usr/bin/python3 -W ignore:setup.py install is deprecated -W ignore:easy_install command is deprecated setup.py egg_info --egg-base ../../../../build/my_package build --build-base /home/olympusolutions/senior_ws/build/my_package/build install --record /home/olympusolutions/senior_ws/build/my_package/install.log --single-version-externally-managed install_data
[7.452s] running egg_info
[7.562s] writing ../../../../build/my_package/my_package.egg-info/PKG-INFO
[7.562s] writing dependency_links to ../../../../build/my_package/my_package.egg-info/dependency_links.txt
[7.564s] writing entry points to ../../../../build/my_package/my_package.egg-info/entry_points.txt
[7.565s] writing requirements to ../../../../build/my_package/my_package.egg-info/requires.txt
[7.572s] writing top-level names to ../../../../build/my_package/my_package.egg-info/top_level.txt
[8.105s] reading manifest file '../../../../build/my_package/my_package.egg-info/SOURCES.txt'
[8.114s] adding license file 'LICENSE'
[8.120s] writing manifest file '../../../../build/my_package/my_package.egg-info/SOURCES.txt'
[8.127s] running build
[8.127s] running build_py
[8.127s] running install
[8.137s] running install_lib
[8.267s] running install_data
[8.269s] running install_egg_info
[8.428s] removing '/home/olympusolutions/senior_ws/install/my_package/lib/python3.12/site-packages/my_package-0.0.0-py3.12.egg-info' (and everything under it)
[8.441s] Copying ../../../../build/my_package/my_package.egg-info to /home/olympusolutions/senior_ws/install/my_package/lib/python3.12/site-packages/my_package-0.0.0-py3.12.egg-info
[8.448s] running install_scripts
[9.797s] Installing my_node script to /home/olympusolutions/senior_ws/install/my_package/lib/my_package
[9.807s] writing list of installed files to '/home/olympusolutions/senior_ws/build/my_package/install.log'
[10.147s] Invoked command in '/home/olympusolutions/senior_ws/src/riley_ws/src/my_package' returned '0': DEBUGINFOD_URLS=https://debuginfod.ubuntu.com PYTHONPATH=/home/olympusolutions/senior_ws/build/my_package/prefix_override:/usr/lib/python3/dist-packages/colcon_core/task/python/colcon_distutils_commands:/home/olympusolutions/senior_ws/install/my_package/lib/python3.12/site-packages:${PYTHONPATH} /usr/bin/python3 -W ignore:setup.py install is deprecated -W ignore:easy_install command is deprecated setup.py egg_info --egg-base ../../../../build/my_package build --build-base /home/olympusolutions/senior_ws/build/my_package/build install --record /home/olympusolutions/senior_ws/build/my_package/install.log --single-version-externally-managed install_data
