[11.485s] Invoking command in '/home/olympusolutions/senior_ws/src/twist_stamper': DEBUGINFOD_URLS=https://debuginfod.ubuntu.com PYTHONPATH=/home/olympusolutions/senior_ws/build/twist_stamper/prefix_override:/usr/lib/python3/dist-packages/colcon_core/task/python/colcon_distutils_commands:/home/olympusolutions/senior_ws/install/twist_stamper/lib/python3.12/site-packages:${PYTHONPATH} /usr/bin/python3 -W ignore:setup.py install is deprecated -W ignore:easy_install command is deprecated setup.py egg_info --egg-base ../../build/twist_stamper build --build-base /home/olympusolutions/senior_ws/build/twist_stamper/build install --record /home/olympusolutions/senior_ws/build/twist_stamper/install.log --single-version-externally-managed install_data
[13.283s] running egg_info
[13.382s] writing ../../build/twist_stamper/twist_stamper.egg-info/PKG-INFO
[13.382s] writing dependency_links to ../../build/twist_stamper/twist_stamper.egg-info/dependency_links.txt
[13.383s] writing entry points to ../../build/twist_stamper/twist_stamper.egg-info/entry_points.txt
[13.387s] writing requirements to ../../build/twist_stamper/twist_stamper.egg-info/requires.txt
[13.390s] writing top-level names to ../../build/twist_stamper/twist_stamper.egg-info/top_level.txt
[14.045s] reading manifest file '../../build/twist_stamper/twist_stamper.egg-info/SOURCES.txt'
[14.056s] adding license file 'LICENSE'
[14.056s] writing manifest file '../../build/twist_stamper/twist_stamper.egg-info/SOURCES.txt'
[14.057s] running build
[14.058s] running build_py
[14.060s] running install
[14.146s] running install_lib
[14.562s] running install_data
[14.564s] running install_egg_info
[14.847s] removing '/home/olympusolutions/senior_ws/install/twist_stamper/lib/python3.12/site-packages/twist_stamper-0.0.5-py3.12.egg-info' (and everything under it)
[14.852s] Copying ../../build/twist_stamper/twist_stamper.egg-info to /home/olympusolutions/senior_ws/install/twist_stamper/lib/python3.12/site-packages/twist_stamper-0.0.5-py3.12.egg-info
[14.858s] running install_scripts
[16.311s] Installing twist_stamper script to /home/olympusolutions/senior_ws/install/twist_stamper/lib/twist_stamper
[16.317s] Installing twist_unstamper script to /home/olympusolutions/senior_ws/install/twist_stamper/lib/twist_stamper
[16.322s] writing list of installed files to '/home/olympusolutions/senior_ws/build/twist_stamper/install.log'
[16.737s] Invoked command in '/home/olympusolutions/senior_ws/src/twist_stamper' returned '0': DEBUGINFOD_URLS=https://debuginfod.ubuntu.com PYTHONPATH=/home/olympusolutions/senior_ws/build/twist_stamper/prefix_override:/usr/lib/python3/dist-packages/colcon_core/task/python/colcon_distutils_commands:/home/olympusolutions/senior_ws/install/twist_stamper/lib/python3.12/site-packages:${PYTHONPATH} /usr/bin/python3 -W ignore:setup.py install is deprecated -W ignore:easy_install command is deprecated setup.py egg_info --egg-base ../../build/twist_stamper build --build-base /home/olympusolutions/senior_ws/build/twist_stamper/build install --record /home/olympusolutions/senior_ws/build/twist_stamper/install.log --single-version-externally-managed install_data
