[4.207s] Invoking command in '/home/olympusolutions/senior_ws/build/twist_stamper': DEBUGINFOD_URLS=https://debuginfod.ubuntu.com PYTHONPATH=/home/olympusolutions/senior_ws/build/twist_stamper/prefix_override:/usr/lib/python3/dist-packages/colcon_core/task/python/colcon_distutils_commands:/home/olympusolutions/senior_ws/install/twist_stamper/lib/python3.12/site-packages:${PYTHONPATH} /usr/bin/python3 -W ignore:setup.py install is deprecated -W ignore:easy_install command is deprecated setup.py develop --editable --build-directory /home/olympusolutions/senior_ws/build/twist_stamper/build --no-deps symlink_data
[7.129s] running develop
[8.882s] running egg_info
[8.883s] creating twist_stamper.egg-info
[9.023s] writing twist_stamper.egg-info/PKG-INFO
[9.025s] writing dependency_links to twist_stamper.egg-info/dependency_links.txt
[9.025s] writing entry points to twist_stamper.egg-info/entry_points.txt
[9.026s] writing requirements to twist_stamper.egg-info/requires.txt
[9.028s] writing top-level names to twist_stamper.egg-info/top_level.txt
[9.028s] writing manifest file 'twist_stamper.egg-info/SOURCES.txt'
[9.343s] reading manifest file 'twist_stamper.egg-info/SOURCES.txt'
[9.346s] writing manifest file 'twist_stamper.egg-info/SOURCES.txt'
[9.480s] running build_ext
[9.481s] Creating /home/olympusolutions/senior_ws/install/twist_stamper/lib/python3.12/site-packages/twist-stamper.egg-link (link to .)
[9.485s] Installing twist_stamper script to /home/olympusolutions/senior_ws/install/twist_stamper/lib/twist_stamper
[9.487s] Installing twist_unstamper script to /home/olympusolutions/senior_ws/install/twist_stamper/lib/twist_stamper
[9.489s] 
[9.489s] Installed /home/olympusolutions/senior_ws/build/twist_stamper
[9.489s] running symlink_data
[9.489s] creating /home/olympusolutions/senior_ws/install/twist_stamper/share/ament_index
[9.489s] creating /home/olympusolutions/senior_ws/install/twist_stamper/share/ament_index/resource_index
[9.489s] creating /home/olympusolutions/senior_ws/install/twist_stamper/share/ament_index/resource_index/packages
[9.491s] symbolically linking /home/olympusolutions/senior_ws/build/twist_stamper/resource/twist_stamper -> /home/olympusolutions/senior_ws/install/twist_stamper/share/ament_index/resource_index/packages
[9.491s] symbolically linking /home/olympusolutions/senior_ws/build/twist_stamper/package.xml -> /home/olympusolutions/senior_ws/install/twist_stamper/share/twist_stamper
[9.672s] Invoked command in '/home/olympusolutions/senior_ws/build/twist_stamper' returned '0': DEBUGINFOD_URLS=https://debuginfod.ubuntu.com PYTHONPATH=/home/olympusolutions/senior_ws/build/twist_stamper/prefix_override:/usr/lib/python3/dist-packages/colcon_core/task/python/colcon_distutils_commands:/home/olympusolutions/senior_ws/install/twist_stamper/lib/python3.12/site-packages:${PYTHONPATH} /usr/bin/python3 -W ignore:setup.py install is deprecated -W ignore:easy_install command is deprecated setup.py develop --editable --build-directory /home/olympusolutions/senior_ws/build/twist_stamper/build --no-deps symlink_data
