[0.065s] Invoking command in '/home/olympusolutions/senior_ws/build/serial_motor_demo_msgs': CMAKE_PREFIX_PATH=${CMAKE_PREFIX_PATH}:/home/olympusolutions/senior_ws/install/twist_stamper:/home/olympusolutions/senior_ws/install/serial_motor_demo:/home/olympusolutions/senior_ws/install/my_package:/home/olympusolutions/senior_ws/install/listener_package:/home/olympusolutions/senior_ws/install/joy_tester:/opt/ros/jazzy DEBUGINFOD_URLS=https://debuginfod.ubuntu.com /usr/bin/cmake --build /home/olympusolutions/senior_ws/build/serial_motor_demo_msgs -- -j4 -l4
[0.258s] [  1%] Built target serial_motor_demo_msgs__rosidl_generator_type_description
[0.330s] [  1%] Built target ament_cmake_python_symlink_serial_motor_demo_msgs
[0.382s] [ 22%] Built target serial_motor_demo_msgs__rosidl_generator_c
[0.403s] [ 24%] Built target serial_motor_demo_msgs__cpp
[0.476s] [ 33%] Built target serial_motor_demo_msgs__rosidl_typesupport_c
[0.513s] [ 42%] Built target serial_motor_demo_msgs__rosidl_typesupport_introspection_c
[0.577s] [ 51%] Built target serial_motor_demo_msgs__rosidl_typesupport_fastrtps_cpp
[0.598s] [ 61%] Built target serial_motor_demo_msgs__rosidl_typesupport_fastrtps_c
[0.605s] [ 70%] Built target serial_motor_demo_msgs__rosidl_typesupport_introspection_cpp
[0.675s] [ 79%] Built target serial_motor_demo_msgs__rosidl_typesupport_cpp
[0.860s] [ 79%] Built target serial_motor_demo_msgs
[0.984s] [ 81%] Built target serial_motor_demo_msgs__py
[1.072s] [ 88%] Built target serial_motor_demo_msgs__rosidl_generator_py
[1.149s] [ 92%] Built target serial_motor_demo_msgs_s__rosidl_typesupport_fastrtps_c
[1.166s] [ 96%] Built target serial_motor_demo_msgs_s__rosidl_typesupport_c
[1.174s] [100%] Built target serial_motor_demo_msgs_s__rosidl_typesupport_introspection_c
[1.302s] running egg_info
[1.351s] writing serial_motor_demo_msgs.egg-info/PKG-INFO
[1.353s] writing dependency_links to serial_motor_demo_msgs.egg-info/dependency_links.txt
[1.354s] writing top-level names to serial_motor_demo_msgs.egg-info/top_level.txt
[1.545s] reading manifest file 'serial_motor_demo_msgs.egg-info/SOURCES.txt'
[1.548s] writing manifest file 'serial_motor_demo_msgs.egg-info/SOURCES.txt'
[1.689s] [100%] Built target ament_cmake_python_build_serial_motor_demo_msgs_egg
[2.292s] Invoked command in '/home/olympusolutions/senior_ws/build/serial_motor_demo_msgs' returned '0': CMAKE_PREFIX_PATH=${CMAKE_PREFIX_PATH}:/home/olympusolutions/senior_ws/install/twist_stamper:/home/olympusolutions/senior_ws/install/serial_motor_demo:/home/olympusolutions/senior_ws/install/my_package:/home/olympusolutions/senior_ws/install/listener_package:/home/olympusolutions/senior_ws/install/joy_tester:/opt/ros/jazzy DEBUGINFOD_URLS=https://debuginfod.ubuntu.com /usr/bin/cmake --build /home/olympusolutions/senior_ws/build/serial_motor_demo_msgs -- -j4 -l4
[2.304s] Invoking command in '/home/olympusolutions/senior_ws/build/serial_motor_demo_msgs': CMAKE_PREFIX_PATH=${CMAKE_PREFIX_PATH}:/home/olympusolutions/senior_ws/install/twist_stamper:/home/olympusolutions/senior_ws/install/serial_motor_demo:/home/olympusolutions/senior_ws/install/my_package:/home/olympusolutions/senior_ws/install/listener_package:/home/olympusolutions/senior_ws/install/joy_tester:/opt/ros/jazzy DEBUGINFOD_URLS=https://debuginfod.ubuntu.com /usr/bin/cmake --install /home/olympusolutions/senior_ws/build/serial_motor_demo_msgs
[2.353s] -- Install configuration: ""
[2.355s] -- Execute custom install script
[2.358s] -- Up-to-date symlink: /home/olympusolutions/senior_ws/install/serial_motor_demo_msgs/share/ament_index/resource_index/rosidl_interfaces/serial_motor_demo_msgs
[2.360s] -- Up-to-date symlink: /home/olympusolutions/senior_ws/install/serial_motor_demo_msgs/share/serial_motor_demo_msgs/msg/MotorCommand.json
[2.361s] -- Up-to-date symlink: /home/olympusolutions/senior_ws/install/serial_motor_demo_msgs/share/serial_motor_demo_msgs/msg/MotorVels.json
[2.364s] -- Up-to-date symlink: /home/olympusolutions/senior_ws/install/serial_motor_demo_msgs/share/serial_motor_demo_msgs/msg/EncoderVals.json
[2.365s] -- Up-to-date symlink: /home/olympusolutions/senior_ws/install/serial_motor_demo_msgs/include/serial_motor_demo_msgs/serial_motor_demo_msgs/msg/detail/encoder_vals__functions.h
[2.367s] -- Up-to-date symlink: /home/olympusolutions/senior_ws/install/serial_motor_demo_msgs/include/serial_motor_demo_msgs/serial_motor_demo_msgs/msg/detail/encoder_vals__struct.h
[2.368s] -- Up-to-date symlink: /home/olympusolutions/senior_ws/install/serial_motor_demo_msgs/include/serial_motor_demo_msgs/serial_motor_demo_msgs/msg/detail/encoder_vals__type_support.h
[2.369s] -- Up-to-date symlink: /home/olympusolutions/senior_ws/install/serial_motor_demo_msgs/include/serial_motor_demo_msgs/serial_motor_demo_msgs/msg/detail/motor_command__functions.h
[2.370s] -- Up-to-date symlink: /home/olympusolutions/senior_ws/install/serial_motor_demo_msgs/include/serial_motor_demo_msgs/serial_motor_demo_msgs/msg/detail/motor_command__struct.h
[2.370s] -- Up-to-date symlink: /home/olympusolutions/senior_ws/install/serial_motor_demo_msgs/include/serial_motor_demo_msgs/serial_motor_demo_msgs/msg/detail/motor_command__type_support.h
[2.372s] -- Up-to-date symlink: /home/olympusolutions/senior_ws/install/serial_motor_demo_msgs/include/serial_motor_demo_msgs/serial_motor_demo_msgs/msg/detail/motor_vels__functions.h
[2.373s] -- Up-to-date symlink: /home/olympusolutions/senior_ws/install/serial_motor_demo_msgs/include/serial_motor_demo_msgs/serial_motor_demo_msgs/msg/detail/motor_vels__struct.h
[2.373s] -- Up-to-date symlink: /home/olympusolutions/senior_ws/install/serial_motor_demo_msgs/include/serial_motor_demo_msgs/serial_motor_demo_msgs/msg/detail/motor_vels__type_support.h
[2.373s] -- Up-to-date symlink: /home/olympusolutions/senior_ws/install/serial_motor_demo_msgs/include/serial_motor_demo_msgs/serial_motor_demo_msgs/msg/encoder_vals.h
[2.373s] -- Up-to-date symlink: /home/olympusolutions/senior_ws/install/serial_motor_demo_msgs/include/serial_motor_demo_msgs/serial_motor_demo_msgs/msg/motor_command.h
[2.373s] -- Up-to-date symlink: /home/olympusolutions/senior_ws/install/serial_motor_demo_msgs/include/serial_motor_demo_msgs/serial_motor_demo_msgs/msg/motor_vels.h
[2.377s] -- Up-to-date symlink: /home/olympusolutions/senior_ws/install/serial_motor_demo_msgs/include/serial_motor_demo_msgs/serial_motor_demo_msgs/msg/rosidl_generator_c__visibility_control.h
[2.377s] -- Up-to-date symlink: /home/olympusolutions/senior_ws/install/serial_motor_demo_msgs/share/serial_motor_demo_msgs/environment/library_path.sh
[2.378s] -- Up-to-date symlink: /home/olympusolutions/senior_ws/install/serial_motor_demo_msgs/share/serial_motor_demo_msgs/environment/library_path.dsv
[2.379s] -- Up-to-date symlink: /home/olympusolutions/senior_ws/install/serial_motor_demo_msgs/include/serial_motor_demo_msgs/serial_motor_demo_msgs/msg/detail/encoder_vals__rosidl_typesupport_fastrtps_c.h
[2.381s] -- Up-to-date symlink: /home/olympusolutions/senior_ws/install/serial_motor_demo_msgs/include/serial_motor_demo_msgs/serial_motor_demo_msgs/msg/detail/motor_command__rosidl_typesupport_fastrtps_c.h
[2.382s] -- Up-to-date symlink: /home/olympusolutions/senior_ws/install/serial_motor_demo_msgs/include/serial_motor_demo_msgs/serial_motor_demo_msgs/msg/detail/motor_vels__rosidl_typesupport_fastrtps_c.h
[2.384s] -- Up-to-date symlink: /home/olympusolutions/senior_ws/install/serial_motor_demo_msgs/include/serial_motor_demo_msgs/serial_motor_demo_msgs/msg/rosidl_typesupport_fastrtps_c__visibility_control.h
[2.385s] -- Up-to-date symlink: /home/olympusolutions/senior_ws/install/serial_motor_demo_msgs/include/serial_motor_demo_msgs/serial_motor_demo_msgs/msg/detail/encoder_vals__rosidl_typesupport_introspection_c.h
[2.387s] -- Up-to-date symlink: /home/olympusolutions/senior_ws/install/serial_motor_demo_msgs/include/serial_motor_demo_msgs/serial_motor_demo_msgs/msg/detail/motor_command__rosidl_typesupport_introspection_c.h
[2.389s] -- Up-to-date symlink: /home/olympusolutions/senior_ws/install/serial_motor_demo_msgs/include/serial_motor_demo_msgs/serial_motor_demo_msgs/msg/detail/motor_vels__rosidl_typesupport_introspection_c.h
[2.391s] -- Up-to-date symlink: /home/olympusolutions/senior_ws/install/serial_motor_demo_msgs/include/serial_motor_demo_msgs/serial_motor_demo_msgs/msg/rosidl_typesupport_introspection_c__visibility_control.h
[2.393s] -- Up-to-date symlink: /home/olympusolutions/senior_ws/install/serial_motor_demo_msgs/include/serial_motor_demo_msgs/serial_motor_demo_msgs/msg/detail/encoder_vals__builder.hpp
[2.395s] -- Up-to-date symlink: /home/olympusolutions/senior_ws/install/serial_motor_demo_msgs/include/serial_motor_demo_msgs/serial_motor_demo_msgs/msg/detail/encoder_vals__struct.hpp
[2.396s] -- Up-to-date symlink: /home/olympusolutions/senior_ws/install/serial_motor_demo_msgs/include/serial_motor_demo_msgs/serial_motor_demo_msgs/msg/detail/encoder_vals__traits.hpp
[2.399s] -- Up-to-date symlink: /home/olympusolutions/senior_ws/install/serial_motor_demo_msgs/include/serial_motor_demo_msgs/serial_motor_demo_msgs/msg/detail/encoder_vals__type_support.hpp
[2.401s] -- Up-to-date symlink: /home/olympusolutions/senior_ws/install/serial_motor_demo_msgs/include/serial_motor_demo_msgs/serial_motor_demo_msgs/msg/detail/motor_command__builder.hpp
[2.404s] -- Up-to-date symlink: /home/olympusolutions/senior_ws/install/serial_motor_demo_msgs/include/serial_motor_demo_msgs/serial_motor_demo_msgs/msg/detail/motor_command__struct.hpp
[2.405s] -- Up-to-date symlink: /home/olympusolutions/senior_ws/install/serial_motor_demo_msgs/include/serial_motor_demo_msgs/serial_motor_demo_msgs/msg/detail/motor_command__traits.hpp
[2.405s] -- Up-to-date symlink: /home/olympusolutions/senior_ws/install/serial_motor_demo_msgs/include/serial_motor_demo_msgs/serial_motor_demo_msgs/msg/detail/motor_command__type_support.hpp
[2.405s] -- Up-to-date symlink: /home/olympusolutions/senior_ws/install/serial_motor_demo_msgs/include/serial_motor_demo_msgs/serial_motor_demo_msgs/msg/detail/motor_vels__builder.hpp
[2.405s] -- Up-to-date symlink: /home/olympusolutions/senior_ws/install/serial_motor_demo_msgs/include/serial_motor_demo_msgs/serial_motor_demo_msgs/msg/detail/motor_vels__struct.hpp
[2.405s] -- Up-to-date symlink: /home/olympusolutions/senior_ws/install/serial_motor_demo_msgs/include/serial_motor_demo_msgs/serial_motor_demo_msgs/msg/detail/motor_vels__traits.hpp
[2.406s] -- Up-to-date symlink: /home/olympusolutions/senior_ws/install/serial_motor_demo_msgs/include/serial_motor_demo_msgs/serial_motor_demo_msgs/msg/detail/motor_vels__type_support.hpp
[2.411s] -- Up-to-date symlink: /home/olympusolutions/senior_ws/install/serial_motor_demo_msgs/include/serial_motor_demo_msgs/serial_motor_demo_msgs/msg/encoder_vals.hpp
[2.411s] -- Up-to-date symlink: /home/olympusolutions/senior_ws/install/serial_motor_demo_msgs/include/serial_motor_demo_msgs/serial_motor_demo_msgs/msg/motor_command.hpp
[2.412s] -- Up-to-date symlink: /home/olympusolutions/senior_ws/install/serial_motor_demo_msgs/include/serial_motor_demo_msgs/serial_motor_demo_msgs/msg/motor_vels.hpp
[2.412s] -- Up-to-date symlink: /home/olympusolutions/senior_ws/install/serial_motor_demo_msgs/include/serial_motor_demo_msgs/serial_motor_demo_msgs/msg/rosidl_generator_cpp__visibility_control.hpp
[2.412s] -- Up-to-date symlink: /home/olympusolutions/senior_ws/install/serial_motor_demo_msgs/include/serial_motor_demo_msgs/serial_motor_demo_msgs/msg/detail/encoder_vals__rosidl_typesupport_fastrtps_cpp.hpp
[2.413s] -- Up-to-date symlink: /home/olympusolutions/senior_ws/install/serial_motor_demo_msgs/include/serial_motor_demo_msgs/serial_motor_demo_msgs/msg/detail/motor_command__rosidl_typesupport_fastrtps_cpp.hpp
[2.413s] -- Up-to-date symlink: /home/olympusolutions/senior_ws/install/serial_motor_demo_msgs/include/serial_motor_demo_msgs/serial_motor_demo_msgs/msg/detail/motor_vels__rosidl_typesupport_fastrtps_cpp.hpp
[2.414s] -- Up-to-date symlink: /home/olympusolutions/senior_ws/install/serial_motor_demo_msgs/include/serial_motor_demo_msgs/serial_motor_demo_msgs/msg/rosidl_typesupport_fastrtps_cpp__visibility_control.h
[2.415s] -- Up-to-date symlink: /home/olympusolutions/senior_ws/install/serial_motor_demo_msgs/include/serial_motor_demo_msgs/serial_motor_demo_msgs/msg/detail/encoder_vals__rosidl_typesupport_introspection_cpp.hpp
[2.418s] -- Up-to-date symlink: /home/olympusolutions/senior_ws/install/serial_motor_demo_msgs/include/serial_motor_demo_msgs/serial_motor_demo_msgs/msg/detail/motor_command__rosidl_typesupport_introspection_cpp.hpp
[2.419s] -- Up-to-date symlink: /home/olympusolutions/senior_ws/install/serial_motor_demo_msgs/include/serial_motor_demo_msgs/serial_motor_demo_msgs/msg/detail/motor_vels__rosidl_typesupport_introspection_cpp.hpp
[2.421s] -- Up-to-date symlink: /home/olympusolutions/senior_ws/install/serial_motor_demo_msgs/share/serial_motor_demo_msgs/environment/pythonpath.sh
[2.422s] -- Up-to-date symlink: /home/olympusolutions/senior_ws/install/serial_motor_demo_msgs/share/serial_motor_demo_msgs/environment/pythonpath.dsv
[2.426s] -- Up-to-date symlink: /home/olympusolutions/senior_ws/install/serial_motor_demo_msgs/lib/python3.12/site-packages/serial_motor_demo_msgs-0.0.0-py3.12.egg-info/PKG-INFO
[2.430s] -- Up-to-date symlink: /home/olympusolutions/senior_ws/install/serial_motor_demo_msgs/lib/python3.12/site-packages/serial_motor_demo_msgs-0.0.0-py3.12.egg-info/SOURCES.txt
[2.433s] -- Up-to-date symlink: /home/olympusolutions/senior_ws/install/serial_motor_demo_msgs/lib/python3.12/site-packages/serial_motor_demo_msgs-0.0.0-py3.12.egg-info/dependency_links.txt
[2.434s] -- Up-to-date symlink: /home/olympusolutions/senior_ws/install/serial_motor_demo_msgs/lib/python3.12/site-packages/serial_motor_demo_msgs-0.0.0-py3.12.egg-info/top_level.txt
[2.434s] -- Up-to-date symlink: /home/olympusolutions/senior_ws/install/serial_motor_demo_msgs/lib/python3.12/site-packages/serial_motor_demo_msgs/__init__.py
[2.434s] -- Up-to-date symlink: /home/olympusolutions/senior_ws/install/serial_motor_demo_msgs/lib/python3.12/site-packages/serial_motor_demo_msgs/_serial_motor_demo_msgs_s.ep.rosidl_typesupport_c.c
[2.434s] -- Up-to-date symlink: /home/olympusolutions/senior_ws/install/serial_motor_demo_msgs/lib/python3.12/site-packages/serial_motor_demo_msgs/_serial_motor_demo_msgs_s.ep.rosidl_typesupport_fastrtps_c.c
[2.436s] -- Up-to-date symlink: /home/olympusolutions/senior_ws/install/serial_motor_demo_msgs/lib/python3.12/site-packages/serial_motor_demo_msgs/_serial_motor_demo_msgs_s.ep.rosidl_typesupport_introspection_c.c
[2.438s] -- Up-to-date symlink: /home/olympusolutions/senior_ws/install/serial_motor_demo_msgs/lib/python3.12/site-packages/serial_motor_demo_msgs/msg/__init__.py
[2.439s] -- Up-to-date symlink: /home/olympusolutions/senior_ws/install/serial_motor_demo_msgs/lib/python3.12/site-packages/serial_motor_demo_msgs/msg/_encoder_vals.py
[2.439s] -- Up-to-date symlink: /home/olympusolutions/senior_ws/install/serial_motor_demo_msgs/lib/python3.12/site-packages/serial_motor_demo_msgs/msg/_encoder_vals_s.c
[2.439s] -- Up-to-date symlink: /home/olympusolutions/senior_ws/install/serial_motor_demo_msgs/lib/python3.12/site-packages/serial_motor_demo_msgs/msg/_motor_command.py
[2.440s] -- Up-to-date symlink: /home/olympusolutions/senior_ws/install/serial_motor_demo_msgs/lib/python3.12/site-packages/serial_motor_demo_msgs/msg/_motor_command_s.c
[2.440s] -- Up-to-date symlink: /home/olympusolutions/senior_ws/install/serial_motor_demo_msgs/lib/python3.12/site-packages/serial_motor_demo_msgs/msg/_motor_vels.py
[2.441s] -- Up-to-date symlink: /home/olympusolutions/senior_ws/install/serial_motor_demo_msgs/lib/python3.12/site-packages/serial_motor_demo_msgs/msg/_motor_vels_s.c
[2.441s] -- Up-to-date symlink: /home/olympusolutions/senior_ws/install/serial_motor_demo_msgs/lib/python3.12/site-packages/serial_motor_demo_msgs/serial_motor_demo_msgs_s__rosidl_typesupport_c.so
[2.442s] -- Up-to-date symlink: /home/olympusolutions/senior_ws/install/serial_motor_demo_msgs/lib/python3.12/site-packages/serial_motor_demo_msgs/serial_motor_demo_msgs_s__rosidl_typesupport_fastrtps_c.so
[2.443s] -- Up-to-date symlink: /home/olympusolutions/senior_ws/install/serial_motor_demo_msgs/lib/python3.12/site-packages/serial_motor_demo_msgs/serial_motor_demo_msgs_s__rosidl_typesupport_introspection_c.so
[2.446s] -- Up-to-date symlink: /home/olympusolutions/senior_ws/install/serial_motor_demo_msgs/lib/python3.12/site-packages/serial_motor_demo_msgs/serial_motor_demo_msgs_s__rosidl_typesupport_fastrtps_c.so
[2.446s] -- Up-to-date symlink: /home/olympusolutions/senior_ws/install/serial_motor_demo_msgs/lib/python3.12/site-packages/serial_motor_demo_msgs/serial_motor_demo_msgs_s__rosidl_typesupport_introspection_c.so
[2.447s] -- Up-to-date symlink: /home/olympusolutions/senior_ws/install/serial_motor_demo_msgs/lib/python3.12/site-packages/serial_motor_demo_msgs/serial_motor_demo_msgs_s__rosidl_typesupport_c.so
[2.447s] -- Up-to-date symlink: /home/olympusolutions/senior_ws/install/serial_motor_demo_msgs/share/serial_motor_demo_msgs/msg/MotorCommand.idl
[2.447s] -- Up-to-date symlink: /home/olympusolutions/senior_ws/install/serial_motor_demo_msgs/share/serial_motor_demo_msgs/msg/MotorVels.idl
[2.451s] -- Up-to-date symlink: /home/olympusolutions/senior_ws/install/serial_motor_demo_msgs/share/serial_motor_demo_msgs/msg/EncoderVals.idl
[2.452s] -- Up-to-date symlink: /home/olympusolutions/senior_ws/install/serial_motor_demo_msgs/share/serial_motor_demo_msgs/msg/MotorCommand.msg
[2.452s] -- Up-to-date symlink: /home/olympusolutions/senior_ws/install/serial_motor_demo_msgs/share/serial_motor_demo_msgs/msg/MotorVels.msg
[2.452s] -- Up-to-date symlink: /home/olympusolutions/senior_ws/install/serial_motor_demo_msgs/share/serial_motor_demo_msgs/msg/EncoderVals.msg
[2.452s] -- Up-to-date symlink: /home/olympusolutions/senior_ws/install/serial_motor_demo_msgs/share/ament_index/resource_index/package_run_dependencies/serial_motor_demo_msgs
[2.452s] -- Up-to-date symlink: /home/olympusolutions/senior_ws/install/serial_motor_demo_msgs/share/ament_index/resource_index/parent_prefix_path/serial_motor_demo_msgs
[2.453s] -- Up-to-date symlink: /home/olympusolutions/senior_ws/install/serial_motor_demo_msgs/share/serial_motor_demo_msgs/environment/ament_prefix_path.sh
[2.453s] -- Up-to-date symlink: /home/olympusolutions/senior_ws/install/serial_motor_demo_msgs/share/serial_motor_demo_msgs/environment/ament_prefix_path.dsv
[2.453s] -- Up-to-date symlink: /home/olympusolutions/senior_ws/install/serial_motor_demo_msgs/share/serial_motor_demo_msgs/environment/path.sh
[2.454s] -- Up-to-date symlink: /home/olympusolutions/senior_ws/install/serial_motor_demo_msgs/share/serial_motor_demo_msgs/environment/path.dsv
[2.454s] -- Up-to-date symlink: /home/olympusolutions/senior_ws/install/serial_motor_demo_msgs/share/serial_motor_demo_msgs/local_setup.bash
[2.455s] -- Up-to-date symlink: /home/olympusolutions/senior_ws/install/serial_motor_demo_msgs/share/serial_motor_demo_msgs/local_setup.sh
[2.456s] -- Up-to-date symlink: /home/olympusolutions/senior_ws/install/serial_motor_demo_msgs/share/serial_motor_demo_msgs/local_setup.zsh
[2.457s] -- Up-to-date symlink: /home/olympusolutions/senior_ws/install/serial_motor_demo_msgs/share/serial_motor_demo_msgs/local_setup.dsv
[2.459s] -- Symlinking: /home/olympusolutions/senior_ws/install/serial_motor_demo_msgs/share/serial_motor_demo_msgs/package.dsv
[2.504s] -- Up-to-date symlink: /home/olympusolutions/senior_ws/install/serial_motor_demo_msgs/share/ament_index/resource_index/packages/serial_motor_demo_msgs
[2.507s] -- Up-to-date symlink: /home/olympusolutions/senior_ws/install/serial_motor_demo_msgs/share/serial_motor_demo_msgs/cmake/rosidl_cmake-extras.cmake
[2.509s] -- Up-to-date symlink: /home/olympusolutions/senior_ws/install/serial_motor_demo_msgs/share/serial_motor_demo_msgs/cmake/ament_cmake_export_include_directories-extras.cmake
[2.510s] -- Up-to-date symlink: /home/olympusolutions/senior_ws/install/serial_motor_demo_msgs/share/serial_motor_demo_msgs/cmake/ament_cmake_export_libraries-extras.cmake
[2.512s] -- Up-to-date symlink: /home/olympusolutions/senior_ws/install/serial_motor_demo_msgs/share/serial_motor_demo_msgs/cmake/ament_cmake_export_targets-extras.cmake
[2.513s] -- Up-to-date symlink: /home/olympusolutions/senior_ws/install/serial_motor_demo_msgs/share/serial_motor_demo_msgs/cmake/rosidl_cmake_export_typesupport_targets-extras.cmake
[2.515s] -- Up-to-date symlink: /home/olympusolutions/senior_ws/install/serial_motor_demo_msgs/share/serial_motor_demo_msgs/cmake/ament_cmake_export_dependencies-extras.cmake
[2.518s] -- Up-to-date symlink: /home/olympusolutions/senior_ws/install/serial_motor_demo_msgs/share/serial_motor_demo_msgs/cmake/rosidl_cmake_export_typesupport_libraries-extras.cmake
[2.518s] -- Up-to-date symlink: /home/olympusolutions/senior_ws/install/serial_motor_demo_msgs/share/serial_motor_demo_msgs/cmake/serial_motor_demo_msgsConfig.cmake
[2.523s] -- Up-to-date symlink: /home/olympusolutions/senior_ws/install/serial_motor_demo_msgs/share/serial_motor_demo_msgs/cmake/serial_motor_demo_msgsConfig-version.cmake
[2.525s] -- Up-to-date symlink: /home/olympusolutions/senior_ws/install/serial_motor_demo_msgs/share/serial_motor_demo_msgs/package.xml
[2.525s] -- Up-to-date: /home/olympusolutions/senior_ws/install/serial_motor_demo_msgs/lib/libserial_motor_demo_msgs__rosidl_generator_c.so
[2.529s] -- Up-to-date: /home/olympusolutions/senior_ws/install/serial_motor_demo_msgs/lib/libserial_motor_demo_msgs__rosidl_typesupport_fastrtps_c.so
[2.532s] -- Up-to-date: /home/olympusolutions/senior_ws/install/serial_motor_demo_msgs/lib/libserial_motor_demo_msgs__rosidl_typesupport_introspection_c.so
[2.538s] -- Up-to-date: /home/olympusolutions/senior_ws/install/serial_motor_demo_msgs/lib/libserial_motor_demo_msgs__rosidl_typesupport_c.so
[2.546s] -- Up-to-date: /home/olympusolutions/senior_ws/install/serial_motor_demo_msgs/lib/libserial_motor_demo_msgs__rosidl_typesupport_fastrtps_cpp.so
[2.548s] -- Up-to-date: /home/olympusolutions/senior_ws/install/serial_motor_demo_msgs/lib/libserial_motor_demo_msgs__rosidl_typesupport_introspection_cpp.so
[2.548s] -- Up-to-date: /home/olympusolutions/senior_ws/install/serial_motor_demo_msgs/lib/libserial_motor_demo_msgs__rosidl_typesupport_cpp.so
[2.766s] Listing '/home/olympusolutions/senior_ws/install/serial_motor_demo_msgs/lib/python3.12/site-packages/serial_motor_demo_msgs'...
[2.766s] Listing '/home/olympusolutions/senior_ws/install/serial_motor_demo_msgs/lib/python3.12/site-packages/serial_motor_demo_msgs/msg'...
[2.771s] -- Up-to-date: /home/olympusolutions/senior_ws/install/serial_motor_demo_msgs/lib/libserial_motor_demo_msgs__rosidl_generator_py.so
[2.773s] -- Up-to-date: /home/olympusolutions/senior_ws/install/serial_motor_demo_msgs/share/serial_motor_demo_msgs/cmake/export_serial_motor_demo_msgs__rosidl_generator_cExport.cmake
[2.776s] -- Up-to-date: /home/olympusolutions/senior_ws/install/serial_motor_demo_msgs/share/serial_motor_demo_msgs/cmake/export_serial_motor_demo_msgs__rosidl_generator_cExport-noconfig.cmake
[2.778s] -- Up-to-date: /home/olympusolutions/senior_ws/install/serial_motor_demo_msgs/share/serial_motor_demo_msgs/cmake/export_serial_motor_demo_msgs__rosidl_typesupport_fastrtps_cExport.cmake
[2.779s] -- Up-to-date: /home/olympusolutions/senior_ws/install/serial_motor_demo_msgs/share/serial_motor_demo_msgs/cmake/export_serial_motor_demo_msgs__rosidl_typesupport_fastrtps_cExport-noconfig.cmake
[2.779s] -- Up-to-date: /home/olympusolutions/senior_ws/install/serial_motor_demo_msgs/share/serial_motor_demo_msgs/cmake/serial_motor_demo_msgs__rosidl_typesupport_introspection_cExport.cmake
[2.779s] -- Up-to-date: /home/olympusolutions/senior_ws/install/serial_motor_demo_msgs/share/serial_motor_demo_msgs/cmake/serial_motor_demo_msgs__rosidl_typesupport_introspection_cExport-noconfig.cmake
[2.779s] -- Up-to-date: /home/olympusolutions/senior_ws/install/serial_motor_demo_msgs/share/serial_motor_demo_msgs/cmake/serial_motor_demo_msgs__rosidl_typesupport_cExport.cmake
[2.782s] -- Up-to-date: /home/olympusolutions/senior_ws/install/serial_motor_demo_msgs/share/serial_motor_demo_msgs/cmake/serial_motor_demo_msgs__rosidl_typesupport_cExport-noconfig.cmake
[2.783s] -- Up-to-date: /home/olympusolutions/senior_ws/install/serial_motor_demo_msgs/share/serial_motor_demo_msgs/cmake/export_serial_motor_demo_msgs__rosidl_generator_cppExport.cmake
[2.783s] -- Up-to-date: /home/olympusolutions/senior_ws/install/serial_motor_demo_msgs/share/serial_motor_demo_msgs/cmake/export_serial_motor_demo_msgs__rosidl_typesupport_fastrtps_cppExport.cmake
[2.783s] -- Up-to-date: /home/olympusolutions/senior_ws/install/serial_motor_demo_msgs/share/serial_motor_demo_msgs/cmake/export_serial_motor_demo_msgs__rosidl_typesupport_fastrtps_cppExport-noconfig.cmake
[2.783s] -- Up-to-date: /home/olympusolutions/senior_ws/install/serial_motor_demo_msgs/share/serial_motor_demo_msgs/cmake/serial_motor_demo_msgs__rosidl_typesupport_introspection_cppExport.cmake
[2.783s] -- Up-to-date: /home/olympusolutions/senior_ws/install/serial_motor_demo_msgs/share/serial_motor_demo_msgs/cmake/serial_motor_demo_msgs__rosidl_typesupport_introspection_cppExport-noconfig.cmake
[2.783s] -- Up-to-date: /home/olympusolutions/senior_ws/install/serial_motor_demo_msgs/share/serial_motor_demo_msgs/cmake/serial_motor_demo_msgs__rosidl_typesupport_cppExport.cmake
[2.784s] -- Up-to-date: /home/olympusolutions/senior_ws/install/serial_motor_demo_msgs/share/serial_motor_demo_msgs/cmake/serial_motor_demo_msgs__rosidl_typesupport_cppExport-noconfig.cmake
[2.784s] -- Up-to-date: /home/olympusolutions/senior_ws/install/serial_motor_demo_msgs/share/serial_motor_demo_msgs/cmake/export_serial_motor_demo_msgs__rosidl_generator_pyExport.cmake
[2.784s] -- Up-to-date: /home/olympusolutions/senior_ws/install/serial_motor_demo_msgs/share/serial_motor_demo_msgs/cmake/export_serial_motor_demo_msgs__rosidl_generator_pyExport-noconfig.cmake
[2.803s] Invoked command in '/home/olympusolutions/senior_ws/build/serial_motor_demo_msgs' returned '0': CMAKE_PREFIX_PATH=${CMAKE_PREFIX_PATH}:/home/olympusolutions/senior_ws/install/twist_stamper:/home/olympusolutions/senior_ws/install/serial_motor_demo:/home/olympusolutions/senior_ws/install/my_package:/home/olympusolutions/senior_ws/install/listener_package:/home/olympusolutions/senior_ws/install/joy_tester:/opt/ros/jazzy DEBUGINFOD_URLS=https://debuginfod.ubuntu.com /usr/bin/cmake --install /home/olympusolutions/senior_ws/build/serial_motor_demo_msgs
