[2.075s] Invoking command in '/home/olympusolutions/senior_ws/src/riley_ws/src/my_package': DEBUGINFOD_URLS=https://debuginfod.ubuntu.com PYTHONPATH=/home/olympusolutions/senior_ws/build/my_package/prefix_override:/usr/lib/python3/dist-packages/colcon_core/task/python/colcon_distutils_commands:/home/olympusolutions/senior_ws/install/my_package/lib/python3.12/site-packages:${PYTHONPATH} /usr/bin/python3 -W ignore:setup.py install is deprecated -W ignore:easy_install command is deprecated setup.py egg_info --egg-base ../../../../build/my_package build --build-base /home/olympusolutions/senior_ws/build/my_package/build install --record /home/olympusolutions/senior_ws/build/my_package/install.log --single-version-externally-managed install_data
[2.631s] running egg_info
[2.670s] writing ../../../../build/my_package/my_package.egg-info/PKG-INFO
[2.671s] writing dependency_links to ../../../../build/my_package/my_package.egg-info/dependency_links.txt
[2.672s] writing entry points to ../../../../build/my_package/my_package.egg-info/entry_points.txt
[2.673s] writing requirements to ../../../../build/my_package/my_package.egg-info/requires.txt
[2.674s] writing top-level names to ../../../../build/my_package/my_package.egg-info/top_level.txt
[2.745s] reading manifest file '../../../../build/my_package/my_package.egg-info/SOURCES.txt'
[2.746s] adding license file 'LICENSE'
[2.747s] writing manifest file '../../../../build/my_package/my_package.egg-info/SOURCES.txt'
[2.747s] running build
[2.747s] running build_py
[2.751s] running install
[2.761s] running install_lib
[2.807s] running install_data
[2.811s] running install_egg_info
[2.847s] removing '/home/olympusolutions/senior_ws/install/my_package/lib/python3.12/site-packages/my_package-0.0.0-py3.12.egg-info' (and everything under it)
[2.847s] Copying ../../../../build/my_package/my_package.egg-info to /home/olympusolutions/senior_ws/install/my_package/lib/python3.12/site-packages/my_package-0.0.0-py3.12.egg-info
[2.853s] running install_scripts
[3.066s] Installing my_node script to /home/olympusolutions/senior_ws/install/my_package/lib/my_package
[3.067s] writing list of installed files to '/home/olympusolutions/senior_ws/build/my_package/install.log'
[3.191s] Invoked command in '/home/olympusolutions/senior_ws/src/riley_ws/src/my_package' returned '0': DEBUGINFOD_URLS=https://debuginfod.ubuntu.com PYTHONPATH=/home/olympusolutions/senior_ws/build/my_package/prefix_override:/usr/lib/python3/dist-packages/colcon_core/task/python/colcon_distutils_commands:/home/olympusolutions/senior_ws/install/my_package/lib/python3.12/site-packages:${PYTHONPATH} /usr/bin/python3 -W ignore:setup.py install is deprecated -W ignore:easy_install command is deprecated setup.py egg_info --egg-base ../../../../build/my_package build --build-base /home/olympusolutions/senior_ws/build/my_package/build install --record /home/olympusolutions/senior_ws/build/my_package/install.log --single-version-externally-managed install_data
