[4.424s] Invoking command in '/home/olympusolutions/senior_ws/build/listener_package': DEBUGINFOD_URLS=https://debuginfod.ubuntu.com PYTHONPATH=/home/olympusolutions/senior_ws/build/listener_package/prefix_override:/usr/lib/python3/dist-packages/colcon_core/task/python/colcon_distutils_commands:/home/olympusolutions/senior_ws/install/listener_package/lib/python3.12/site-packages:${PYTHONPATH} /usr/bin/python3 -W ignore:setup.py install is deprecated -W ignore:easy_install command is deprecated setup.py develop --uninstall --editable --build-directory /home/olympusolutions/senior_ws/build/listener_package/build
[6.561s] running develop
[7.566s] Removing /home/olympusolutions/senior_ws/install/listener_package/lib/python3.12/site-packages/listener-package.egg-link (link to .)
[7.945s] Invoked command in '/home/olympusolutions/senior_ws/build/listener_package' returned '0': DEBUGINFOD_URLS=https://debuginfod.ubuntu.com PYTHONPATH=/home/olympusolutions/senior_ws/build/listener_package/prefix_override:/usr/lib/python3/dist-packages/colcon_core/task/python/colcon_distutils_commands:/home/olympusolutions/senior_ws/install/listener_package/lib/python3.12/site-packages:${PYTHONPATH} /usr/bin/python3 -W ignore:setup.py install is deprecated -W ignore:easy_install command is deprecated setup.py develop --uninstall --editable --build-directory /home/olympusolutions/senior_ws/build/listener_package/build
[7.953s] Invoking command in '/home/olympusolutions/senior_ws/src/riley_ws/src/listener_package': DEBUGINFOD_URLS=https://debuginfod.ubuntu.com PYTHONPATH=/home/olympusolutions/senior_ws/build/listener_package/prefix_override:/usr/lib/python3/dist-packages/colcon_core/task/python/colcon_distutils_commands:/home/olympusolutions/senior_ws/install/listener_package/lib/python3.12/site-packages:${PYTHONPATH} /usr/bin/python3 -W ignore:setup.py install is deprecated -W ignore:easy_install command is deprecated setup.py egg_info --egg-base ../../../../build/listener_package build --build-base /home/olympusolutions/senior_ws/build/listener_package/build install --record /home/olympusolutions/senior_ws/build/listener_package/install.log --single-version-externally-managed install_data --force
[11.153s] running egg_info
[11.337s] writing ../../../../build/listener_package/listener_package.egg-info/PKG-INFO
[11.340s] writing dependency_links to ../../../../build/listener_package/listener_package.egg-info/dependency_links.txt
[11.344s] writing entry points to ../../../../build/listener_package/listener_package.egg-info/entry_points.txt
[11.344s] writing requirements to ../../../../build/listener_package/listener_package.egg-info/requires.txt
[11.353s] writing top-level names to ../../../../build/listener_package/listener_package.egg-info/top_level.txt
[12.200s] reading manifest file '../../../../build/listener_package/listener_package.egg-info/SOURCES.txt'
[12.200s] adding license file 'LICENSE'
[12.204s] writing manifest file '../../../../build/listener_package/listener_package.egg-info/SOURCES.txt'
[12.221s] running build
[12.222s] running build_py
[12.233s] running install
[12.317s] running install_lib
[12.555s] creating /home/olympusolutions/senior_ws/install/listener_package/lib/python3.12/site-packages/listener_package
[12.558s] copying /home/olympusolutions/senior_ws/build/listener_package/build/lib/listener_package/__init__.py -> /home/olympusolutions/senior_ws/install/listener_package/lib/python3.12/site-packages/listener_package
[12.558s] copying /home/olympusolutions/senior_ws/build/listener_package/build/lib/listener_package/publisher_member_function.py -> /home/olympusolutions/senior_ws/install/listener_package/lib/python3.12/site-packages/listener_package
[12.559s] copying /home/olympusolutions/senior_ws/build/listener_package/build/lib/listener_package/phone_listener.py -> /home/olympusolutions/senior_ws/install/listener_package/lib/python3.12/site-packages/listener_package
[12.571s] copying /home/olympusolutions/senior_ws/build/listener_package/build/lib/listener_package/subscriber_member_function.py -> /home/olympusolutions/senior_ws/install/listener_package/lib/python3.12/site-packages/listener_package
[12.571s] byte-compiling /home/olympusolutions/senior_ws/install/listener_package/lib/python3.12/site-packages/listener_package/__init__.py to __init__.cpython-312.pyc
[12.572s] byte-compiling /home/olympusolutions/senior_ws/install/listener_package/lib/python3.12/site-packages/listener_package/publisher_member_function.py to publisher_member_function.cpython-312.pyc
[12.572s] byte-compiling /home/olympusolutions/senior_ws/install/listener_package/lib/python3.12/site-packages/listener_package/phone_listener.py to phone_listener.cpython-312.pyc
[12.572s] byte-compiling /home/olympusolutions/senior_ws/install/listener_package/lib/python3.12/site-packages/listener_package/subscriber_member_function.py to subscriber_member_function.cpython-312.pyc
[12.581s] running install_data
[12.583s] copying resource/listener_package -> /home/olympusolutions/senior_ws/install/listener_package/share/ament_index/resource_index/packages
[12.583s] copying package.xml -> /home/olympusolutions/senior_ws/install/listener_package/share/listener_package
[12.583s] running install_egg_info
[12.951s] Copying ../../../../build/listener_package/listener_package.egg-info to /home/olympusolutions/senior_ws/install/listener_package/lib/python3.12/site-packages/listener_package-0.0.0-py3.12.egg-info
[12.975s] running install_scripts
[15.640s] Installing listener script to /home/olympusolutions/senior_ws/install/listener_package/lib/listener_package
[15.641s] Installing phone_listener script to /home/olympusolutions/senior_ws/install/listener_package/lib/listener_package
[15.649s] Installing talker script to /home/olympusolutions/senior_ws/install/listener_package/lib/listener_package
[15.652s] writing list of installed files to '/home/olympusolutions/senior_ws/build/listener_package/install.log'
[17.315s] Invoked command in '/home/olympusolutions/senior_ws/src/riley_ws/src/listener_package' returned '0': DEBUGINFOD_URLS=https://debuginfod.ubuntu.com PYTHONPATH=/home/olympusolutions/senior_ws/build/listener_package/prefix_override:/usr/lib/python3/dist-packages/colcon_core/task/python/colcon_distutils_commands:/home/olympusolutions/senior_ws/install/listener_package/lib/python3.12/site-packages:${PYTHONPATH} /usr/bin/python3 -W ignore:setup.py install is deprecated -W ignore:easy_install command is deprecated setup.py egg_info --egg-base ../../../../build/listener_package build --build-base /home/olympusolutions/senior_ws/build/listener_package/build install --record /home/olympusolutions/senior_ws/build/listener_package/install.log --single-version-externally-managed install_data --force
