running egg_info
writing ../../build/listener_package/listener_package.egg-info/PKG-INFO
writing dependency_links to ../../build/listener_package/listener_package.egg-info/dependency_links.txt
writing entry points to ../../build/listener_package/listener_package.egg-info/entry_points.txt
writing requirements to ../../build/listener_package/listener_package.egg-info/requires.txt
writing top-level names to ../../build/listener_package/listener_package.egg-info/top_level.txt
reading manifest file '../../build/listener_package/listener_package.egg-info/SOURCES.txt'
adding license file 'LICENSE'
writing manifest file '../../build/listener_package/listener_package.egg-info/SOURCES.txt'
running build
running build_py
copying listener_package/publisher_member_function.py -> /home/olympusolutions/senior_ws/src/riley_ws/build/listener_package/build/lib/listener_package
copying listener_package/phone_listener.py -> /home/olympusolutions/senior_ws/src/riley_ws/build/listener_package/build/lib/listener_package
copying listener_package/subscriber_member_function.py -> /home/olympusolutions/senior_ws/src/riley_ws/build/listener_package/build/lib/listener_package
running install
running install_lib
copying /home/olympusolutions/senior_ws/src/riley_ws/build/listener_package/build/lib/listener_package/publisher_member_function.py -> /home/olympusolutions/senior_ws/src/riley_ws/install/listener_package/lib/python3.12/site-packages/listener_package
copying /home/olympusolutions/senior_ws/src/riley_ws/build/listener_package/build/lib/listener_package/phone_listener.py -> /home/olympusolutions/senior_ws/src/riley_ws/install/listener_package/lib/python3.12/site-packages/listener_package
copying /home/olympusolutions/senior_ws/src/riley_ws/build/listener_package/build/lib/listener_package/subscriber_member_function.py -> /home/olympusolutions/senior_ws/src/riley_ws/install/listener_package/lib/python3.12/site-packages/listener_package
byte-compiling /home/olympusolutions/senior_ws/src/riley_ws/install/listener_package/lib/python3.12/site-packages/listener_package/publisher_member_function.py to publisher_member_function.cpython-312.pyc
byte-compiling /home/olympusolutions/senior_ws/src/riley_ws/install/listener_package/lib/python3.12/site-packages/listener_package/phone_listener.py to phone_listener.cpython-312.pyc
byte-compiling /home/olympusolutions/senior_ws/src/riley_ws/install/listener_package/lib/python3.12/site-packages/listener_package/subscriber_member_function.py to subscriber_member_function.cpython-312.pyc
running install_data
running install_egg_info
removing '/home/olympusolutions/senior_ws/src/riley_ws/install/listener_package/lib/python3.12/site-packages/listener_package-0.0.0-py3.12.egg-info' (and everything under it)
Copying ../../build/listener_package/listener_package.egg-info to /home/olympusolutions/senior_ws/src/riley_ws/install/listener_package/lib/python3.12/site-packages/listener_package-0.0.0-py3.12.egg-info
running install_scripts
Installing listener script to /home/olympusolutions/senior_ws/src/riley_ws/install/listener_package/lib/listener_package
Installing phone_listener script to /home/olympusolutions/senior_ws/src/riley_ws/install/listener_package/lib/listener_package
Installing talker script to /home/olympusolutions/senior_ws/src/riley_ws/install/listener_package/lib/listener_package
writing list of installed files to '/home/olympusolutions/senior_ws/src/riley_ws/build/listener_package/install.log'
