[3.565s] Invoking command in '/home/olympusolutions/senior_ws/src/riley_ws/src/listener_package': DEBUGINFOD_URLS=https://debuginfod.ubuntu.com PYTHONPATH=/home/olympusolutions/senior_ws/src/riley_ws/build/listener_package/prefix_override:/usr/lib/python3/dist-packages/colcon_core/task/python/colcon_distutils_commands:/home/olympusolutions/senior_ws/src/riley_ws/install/listener_package/lib/python3.12/site-packages:${PYTHONPATH} /usr/bin/python3 -W ignore:setup.py install is deprecated -W ignore:easy_install command is deprecated setup.py egg_info --egg-base ../../build/listener_package build --build-base /home/olympusolutions/senior_ws/src/riley_ws/build/listener_package/build install --record /home/olympusolutions/senior_ws/src/riley_ws/build/listener_package/install.log --single-version-externally-managed install_data
[4.376s] running egg_info
[4.437s] writing ../../build/listener_package/listener_package.egg-info/PKG-INFO
[4.440s] writing dependency_links to ../../build/listener_package/listener_package.egg-info/dependency_links.txt
[4.442s] writing entry points to ../../build/listener_package/listener_package.egg-info/entry_points.txt
[4.443s] writing requirements to ../../build/listener_package/listener_package.egg-info/requires.txt
[4.447s] writing top-level names to ../../build/listener_package/listener_package.egg-info/top_level.txt
[4.530s] reading manifest file '../../build/listener_package/listener_package.egg-info/SOURCES.txt'
[4.531s] adding license file 'LICENSE'
[4.532s] writing manifest file '../../build/listener_package/listener_package.egg-info/SOURCES.txt'
[4.533s] running build
[4.534s] running build_py
[4.534s] copying listener_package/publisher_member_function.py -> /home/olympusolutions/senior_ws/src/riley_ws/build/listener_package/build/lib/listener_package
[4.534s] copying listener_package/phone_listener.py -> /home/olympusolutions/senior_ws/src/riley_ws/build/listener_package/build/lib/listener_package
[4.536s] copying listener_package/subscriber_member_function.py -> /home/olympusolutions/senior_ws/src/riley_ws/build/listener_package/build/lib/listener_package
[4.539s] running install
[4.556s] running install_lib
[4.605s] copying /home/olympusolutions/senior_ws/src/riley_ws/build/listener_package/build/lib/listener_package/publisher_member_function.py -> /home/olympusolutions/senior_ws/src/riley_ws/install/listener_package/lib/python3.12/site-packages/listener_package
[4.605s] copying /home/olympusolutions/senior_ws/src/riley_ws/build/listener_package/build/lib/listener_package/phone_listener.py -> /home/olympusolutions/senior_ws/src/riley_ws/install/listener_package/lib/python3.12/site-packages/listener_package
[4.605s] copying /home/olympusolutions/senior_ws/src/riley_ws/build/listener_package/build/lib/listener_package/subscriber_member_function.py -> /home/olympusolutions/senior_ws/src/riley_ws/install/listener_package/lib/python3.12/site-packages/listener_package
[4.606s] byte-compiling /home/olympusolutions/senior_ws/src/riley_ws/install/listener_package/lib/python3.12/site-packages/listener_package/publisher_member_function.py to publisher_member_function.cpython-312.pyc
[4.606s] byte-compiling /home/olympusolutions/senior_ws/src/riley_ws/install/listener_package/lib/python3.12/site-packages/listener_package/phone_listener.py to phone_listener.cpython-312.pyc
[4.610s] byte-compiling /home/olympusolutions/senior_ws/src/riley_ws/install/listener_package/lib/python3.12/site-packages/listener_package/subscriber_member_function.py to subscriber_member_function.cpython-312.pyc
[4.610s] running install_data
[4.610s] running install_egg_info
[4.662s] removing '/home/olympusolutions/senior_ws/src/riley_ws/install/listener_package/lib/python3.12/site-packages/listener_package-0.0.0-py3.12.egg-info' (and everything under it)
[4.662s] Copying ../../build/listener_package/listener_package.egg-info to /home/olympusolutions/senior_ws/src/riley_ws/install/listener_package/lib/python3.12/site-packages/listener_package-0.0.0-py3.12.egg-info
[4.666s] running install_scripts
[5.284s] Installing listener script to /home/olympusolutions/senior_ws/src/riley_ws/install/listener_package/lib/listener_package
[5.286s] Installing phone_listener script to /home/olympusolutions/senior_ws/src/riley_ws/install/listener_package/lib/listener_package
[5.287s] Installing talker script to /home/olympusolutions/senior_ws/src/riley_ws/install/listener_package/lib/listener_package
[5.293s] writing list of installed files to '/home/olympusolutions/senior_ws/src/riley_ws/build/listener_package/install.log'
[5.659s] Invoked command in '/home/olympusolutions/senior_ws/src/riley_ws/src/listener_package' returned '0': DEBUGINFOD_URLS=https://debuginfod.ubuntu.com PYTHONPATH=/home/olympusolutions/senior_ws/src/riley_ws/build/listener_package/prefix_override:/usr/lib/python3/dist-packages/colcon_core/task/python/colcon_distutils_commands:/home/olympusolutions/senior_ws/src/riley_ws/install/listener_package/lib/python3.12/site-packages:${PYTHONPATH} /usr/bin/python3 -W ignore:setup.py install is deprecated -W ignore:easy_install command is deprecated setup.py egg_info --egg-base ../../build/listener_package build --build-base /home/olympusolutions/senior_ws/src/riley_ws/build/listener_package/build install --record /home/olympusolutions/senior_ws/src/riley_ws/build/listener_package/install.log --single-version-externally-managed install_data
