[5.852s] Invoking command in '/home/olympusolutions/senior_ws/src/riley_ws/src/my_package': DEBUGINFOD_URLS=https://debuginfod.ubuntu.com PYTHONPATH=/home/olympusolutions/senior_ws/build/my_package/prefix_override:/usr/lib/python3/dist-packages/colcon_core/task/python/colcon_distutils_commands:/home/olympusolutions/senior_ws/install/my_package/lib/python3.12/site-packages:${PYTHONPATH} /usr/bin/python3 -W ignore:setup.py install is deprecated -W ignore:easy_install command is deprecated setup.py egg_info --egg-base ../../../../build/my_package build --build-base /home/olympusolutions/senior_ws/build/my_package/build install --record /home/olympusolutions/senior_ws/build/my_package/install.log --single-version-externally-managed install_data
[6.369s] running egg_info
[6.401s] writing ../../../../build/my_package/my_package.egg-info/PKG-INFO
[6.402s] writing dependency_links to ../../../../build/my_package/my_package.egg-info/dependency_links.txt
[6.403s] writing entry points to ../../../../build/my_package/my_package.egg-info/entry_points.txt
[6.403s] writing requirements to ../../../../build/my_package/my_package.egg-info/requires.txt
[6.405s] writing top-level names to ../../../../build/my_package/my_package.egg-info/top_level.txt
[6.486s] reading manifest file '../../../../build/my_package/my_package.egg-info/SOURCES.txt'
[6.488s] adding license file 'LICENSE'
[6.488s] writing manifest file '../../../../build/my_package/my_package.egg-info/SOURCES.txt'
[6.489s] running build
[6.490s] running build_py
[6.490s] running install
[6.499s] running install_lib
[6.543s] running install_data
[6.543s] running install_egg_info
[6.586s] removing '/home/olympusolutions/senior_ws/install/my_package/lib/python3.12/site-packages/my_package-0.0.0-py3.12.egg-info' (and everything under it)
[6.587s] Copying ../../../../build/my_package/my_package.egg-info to /home/olympusolutions/senior_ws/install/my_package/lib/python3.12/site-packages/my_package-0.0.0-py3.12.egg-info
[6.588s] running install_scripts
[6.816s] Installing my_node script to /home/olympusolutions/senior_ws/install/my_package/lib/my_package
[6.817s] writing list of installed files to '/home/olympusolutions/senior_ws/build/my_package/install.log'
[6.937s] Invoked command in '/home/olympusolutions/senior_ws/src/riley_ws/src/my_package' returned '0': DEBUGINFOD_URLS=https://debuginfod.ubuntu.com PYTHONPATH=/home/olympusolutions/senior_ws/build/my_package/prefix_override:/usr/lib/python3/dist-packages/colcon_core/task/python/colcon_distutils_commands:/home/olympusolutions/senior_ws/install/my_package/lib/python3.12/site-packages:${PYTHONPATH} /usr/bin/python3 -W ignore:setup.py install is deprecated -W ignore:easy_install command is deprecated setup.py egg_info --egg-base ../../../../build/my_package build --build-base /home/olympusolutions/senior_ws/build/my_package/build install --record /home/olympusolutions/senior_ws/build/my_package/install.log --single-version-externally-managed install_data
