[0.588s] Invoking command in '/home/olympusolutions/senior_ws/build/minibot': CMAKE_PREFIX_PATH=${CMAKE_PREFIX_PATH}:/opt/ros/jazzy DEBUGINFOD_URLS=https://debuginfod.ubuntu.com /usr/bin/cmake --build /home/olympusolutions/senior_ws/build/minibot -- -j4 -l4
[0.708s] -- Found ament_cmake: 2.5.3 (/opt/ros/jazzy/share/ament_cmake/cmake)
[1.580s] -- Override CMake install command with custom implementation using symlinks instead of copying resources
[1.609s] -- Found rclcpp: 28.1.6 (/opt/ros/jazzy/share/rclcpp/cmake)
[1.672s] -- Found rosidl_generator_c: 4.6.5 (/opt/ros/jazzy/share/rosidl_generator_c/cmake)
[1.691s] -- Found rosidl_generator_cpp: 4.6.5 (/opt/ros/jazzy/share/rosidl_generator_cpp/cmake)
[1.713s] -- Using all available rosidl_typesupport_c: rosidl_typesupport_fastrtps_c;rosidl_typesupport_introspection_c
[1.747s] -- Using all available rosidl_typesupport_cpp: rosidl_typesupport_fastrtps_cpp;rosidl_typesupport_introspection_cpp
[1.900s] -- Found rmw_implementation_cmake: 7.3.1 (/opt/ros/jazzy/share/rmw_implementation_cmake/cmake)
[1.901s] -- Found rmw_fastrtps_cpp: 8.4.1 (/opt/ros/jazzy/share/rmw_fastrtps_cpp/cmake)
[2.163s] -- Using RMW implementation 'rmw_fastrtps_cpp' as default
[2.466s] -- Found geometry_msgs: 5.3.5 (/opt/ros/jazzy/share/geometry_msgs/cmake)
[2.645s] -- Found rclpy: 7.1.3 (/opt/ros/jazzy/share/rclpy/cmake)
[2.646s] -- Found ament_lint_auto: 0.17.1 (/opt/ros/jazzy/share/ament_lint_auto/cmake)
[3.596s] -- Added test 'copyright' to check source files copyright and LICENSE
[3.603s] -- Added test 'cppcheck' to perform static code analysis on C / C++ code
[3.603s] -- Configured cppcheck include dirs: 
[3.604s] -- Configured cppcheck exclude dirs and/or files: 
[3.609s] -- Added test 'cpplint' to check C / C++ code against the Google style
[3.610s] -- Configured cpplint exclude dirs and/or files: 
[3.613s] -- Added test 'flake8' to check Python code syntax and style conventions
[3.614s] -- Configured 'flake8' exclude dirs and/or files: 
[3.614s] -- Added test 'lint_cmake' to check CMake code style
[3.614s] -- Added test 'pep257' to check Python code against some of the docstring style conventions in PEP 257
[3.619s] -- Added test 'uncrustify' to check C / C++ code style
[3.620s] -- Configured uncrustify additional arguments: 
[3.620s] -- Added test 'xmllint' to check XML markup files
[3.628s] -- Configuring done (2.9s)
[3.704s] -- Generating done (0.1s)
[3.718s] -- Build files have been written to: /home/olympusolutions/senior_ws/build/minibot
[4.021s] [100%] Built target velocity_publisher
[4.065s] Invoked command in '/home/olympusolutions/senior_ws/build/minibot' returned '0': CMAKE_PREFIX_PATH=${CMAKE_PREFIX_PATH}:/opt/ros/jazzy DEBUGINFOD_URLS=https://debuginfod.ubuntu.com /usr/bin/cmake --build /home/olympusolutions/senior_ws/build/minibot -- -j4 -l4
[4.076s] Invoking command in '/home/olympusolutions/senior_ws/build/minibot': CMAKE_PREFIX_PATH=${CMAKE_PREFIX_PATH}:/opt/ros/jazzy DEBUGINFOD_URLS=https://debuginfod.ubuntu.com /usr/bin/cmake --install /home/olympusolutions/senior_ws/build/minibot
[4.227s] -- Install configuration: ""
[4.236s] -- Execute custom install script
[4.236s] -- Up-to-date symlink: /home/olympusolutions/senior_ws/install/minibot/lib/minibot/velocity_publisher
[4.237s] -- Up-to-date symlink: /home/olympusolutions/senior_ws/install/minibot/share/minibot/config/controller.yaml
[4.243s] -- Up-to-date symlink: /home/olympusolutions/senior_ws/install/minibot/share/minibot/config/controller_gz_sim.yaml
[4.247s] -- Up-to-date symlink: /home/olympusolutions/senior_ws/install/minibot/share/minibot/config/empty.yaml
[4.250s] -- Up-to-date symlink: /home/olympusolutions/senior_ws/install/minibot/share/minibot/config/gz_params.yaml
[4.250s] -- Up-to-date symlink: /home/olympusolutions/senior_ws/install/minibot/share/minibot/config/joystick_params.yaml
[4.250s] -- Up-to-date symlink: /home/olympusolutions/senior_ws/install/minibot/share/minibot/config/mapper_params_localization.yaml
[4.250s] -- Up-to-date symlink: /home/olympusolutions/senior_ws/install/minibot/share/minibot/config/mapper_params_online_async.yaml
[4.253s] -- Up-to-date symlink: /home/olympusolutions/senior_ws/install/minibot/share/minibot/config/minibot_config.rviz
[4.254s] -- Up-to-date symlink: /home/olympusolutions/senior_ws/install/minibot/share/minibot/config/minibot_display.rviz
[4.254s] -- Up-to-date symlink: /home/olympusolutions/senior_ws/install/minibot/share/minibot/config/nav2_params.yaml
[4.254s] -- Up-to-date symlink: /home/olympusolutions/senior_ws/install/minibot/share/minibot/config/sim_config.rviz
[4.254s] -- Up-to-date symlink: /home/olympusolutions/senior_ws/install/minibot/share/minibot/config/twist_mux.yaml
[4.257s] -- Up-to-date symlink: /home/olympusolutions/senior_ws/install/minibot/share/minibot/description/camera.xacro
[4.258s] -- Up-to-date symlink: /home/olympusolutions/senior_ws/install/minibot/share/minibot/description/depth_camera.xacro
[4.258s] -- Up-to-date symlink: /home/olympusolutions/senior_ws/install/minibot/share/minibot/description/gz_diff_drive_control.xacro
[4.259s] -- Up-to-date symlink: /home/olympusolutions/senior_ws/install/minibot/share/minibot/description/inertial_macros.xacro
[4.259s] -- Up-to-date symlink: /home/olympusolutions/senior_ws/install/minibot/share/minibot/description/lidar.xacro
[4.259s] -- Up-to-date symlink: /home/olympusolutions/senior_ws/install/minibot/share/minibot/description/robot.urdf.xacro
[4.259s] -- Up-to-date symlink: /home/olympusolutions/senior_ws/install/minibot/share/minibot/description/robot_main.xacro
[4.259s] -- Up-to-date symlink: /home/olympusolutions/senior_ws/install/minibot/share/minibot/description/ros2_control.xacro
[4.273s] -- Up-to-date symlink: /home/olympusolutions/senior_ws/install/minibot/share/minibot/launch/joystick_teleop.launch.py
[4.274s] -- Up-to-date symlink: /home/olympusolutions/senior_ws/install/minibot/share/minibot/launch/keyboard.launch.py
[4.274s] -- Up-to-date symlink: /home/olympusolutions/senior_ws/install/minibot/share/minibot/launch/keyboard_combine.launch.py
[4.274s] -- Up-to-date symlink: /home/olympusolutions/senior_ws/install/minibot/share/minibot/launch/navigation_launch.py
[4.275s] -- Up-to-date symlink: /home/olympusolutions/senior_ws/install/minibot/share/minibot/launch/robot.launch.py
[4.288s] -- Up-to-date symlink: /home/olympusolutions/senior_ws/install/minibot/share/minibot/launch/robot_remote_station.launch.py
[4.288s] -- Up-to-date symlink: /home/olympusolutions/senior_ws/install/minibot/share/minibot/launch/sim.launch.py
[4.289s] -- Up-to-date symlink: /home/olympusolutions/senior_ws/install/minibot/share/minibot/launch/sim_control_station.launch.py
[4.289s] -- Up-to-date symlink: /home/olympusolutions/senior_ws/install/minibot/share/minibot/worlds/empty.sdf
[4.295s] -- Up-to-date symlink: /home/olympusolutions/senior_ws/install/minibot/share/minibot/worlds/playground.sdf
[4.296s] -- Up-to-date symlink: /home/olympusolutions/senior_ws/install/minibot/share/minibot/demo_publisher_node/extender_teleop_node.py
[4.297s] -- Up-to-date symlink: /home/olympusolutions/senior_ws/install/minibot/share/minibot/demo_publisher_node/gripper_teleop_node.py
[4.297s] -- Up-to-date symlink: /home/olympusolutions/senior_ws/install/minibot/share/minibot/demo_publisher_node/linear_data_collector_node.py
[4.297s] -- Symlinking: /home/olympusolutions/senior_ws/install/minibot/share/minibot/demo_publisher_node/platform_teleop_node.py
[4.397s] -- Up-to-date symlink: /home/olympusolutions/senior_ws/install/minibot/share/minibot/demo_publisher_node/velocity_publisher.cpp
[4.407s] -- Up-to-date symlink: /home/olympusolutions/senior_ws/install/minibot/share/minibot/maps/map_01.pgm
[4.407s] -- Up-to-date symlink: /home/olympusolutions/senior_ws/install/minibot/share/minibot/maps/map_01.yaml
[4.408s] -- Up-to-date symlink: /home/olympusolutions/senior_ws/install/minibot/share/minibot/maps/map_01_serial.data
[4.408s] -- Up-to-date symlink: /home/olympusolutions/senior_ws/install/minibot/share/minibot/maps/map_01_serial.posegraph
[4.408s] -- Up-to-date symlink: /home/olympusolutions/senior_ws/install/minibot/share/minibot/maps/sample_map.pgm
[4.408s] -- Up-to-date symlink: /home/olympusolutions/senior_ws/install/minibot/share/minibot/maps/sample_map.yaml
[4.408s] -- Up-to-date symlink: /home/olympusolutions/senior_ws/install/minibot/share/minibot/maps/sample_map_serial.data
[4.408s] -- Up-to-date symlink: /home/olympusolutions/senior_ws/install/minibot/share/minibot/maps/sample_map_serial.posegraph
[4.421s] -- Up-to-date symlink: /home/olympusolutions/senior_ws/install/minibot/share/minibot/visual_demos/Nav2_demostration-ezgif.com-video-to-gif-converter.gif
[4.421s] -- Up-to-date symlink: /home/olympusolutions/senior_ws/install/minibot/share/minibot/visual_demos/SLAM_demostration-ezgif.com-video-to-gif-converter.gif
[4.422s] -- Up-to-date symlink: /home/olympusolutions/senior_ws/install/minibot/share/minibot/visual_demos/robot_hardware.jpg
[4.422s] -- Up-to-date symlink: /home/olympusolutions/senior_ws/install/minibot/share/minibot/visual_demos/robot_visual.jpg
[4.422s] -- Up-to-date symlink: /home/olympusolutions/senior_ws/install/minibot/share/minibot/launch/joystick_teleop.launch.py
[4.422s] -- Up-to-date symlink: /home/olympusolutions/senior_ws/install/minibot/share/minibot/launch/keyboard.launch.py
[4.442s] -- Up-to-date symlink: /home/olympusolutions/senior_ws/install/minibot/share/minibot/launch/keyboard_combine.launch.py
[4.442s] -- Up-to-date symlink: /home/olympusolutions/senior_ws/install/minibot/share/minibot/launch/navigation_launch.py
[4.443s] -- Up-to-date symlink: /home/olympusolutions/senior_ws/install/minibot/share/minibot/launch/robot.launch.py
[4.443s] -- Up-to-date symlink: /home/olympusolutions/senior_ws/install/minibot/share/minibot/launch/robot_remote_station.launch.py
[4.443s] -- Up-to-date symlink: /home/olympusolutions/senior_ws/install/minibot/share/minibot/launch/sim.launch.py
[4.443s] -- Up-to-date symlink: /home/olympusolutions/senior_ws/install/minibot/share/minibot/launch/sim_control_station.launch.py
[4.443s] -- Up-to-date symlink: /home/olympusolutions/senior_ws/install/minibot/share/minibot/config/controller.yaml
[4.455s] -- Up-to-date symlink: /home/olympusolutions/senior_ws/install/minibot/share/minibot/config/controller_gz_sim.yaml
[4.455s] -- Up-to-date symlink: /home/olympusolutions/senior_ws/install/minibot/share/minibot/config/empty.yaml
[4.455s] -- Up-to-date symlink: /home/olympusolutions/senior_ws/install/minibot/share/minibot/config/gz_params.yaml
[4.456s] -- Up-to-date symlink: /home/olympusolutions/senior_ws/install/minibot/share/minibot/config/joystick_params.yaml
[4.456s] -- Up-to-date symlink: /home/olympusolutions/senior_ws/install/minibot/share/minibot/config/mapper_params_localization.yaml
[4.456s] -- Up-to-date symlink: /home/olympusolutions/senior_ws/install/minibot/share/minibot/config/mapper_params_online_async.yaml
[4.456s] -- Up-to-date symlink: /home/olympusolutions/senior_ws/install/minibot/share/minibot/config/minibot_config.rviz
[4.456s] -- Up-to-date symlink: /home/olympusolutions/senior_ws/install/minibot/share/minibot/config/minibot_display.rviz
[4.456s] -- Up-to-date symlink: /home/olympusolutions/senior_ws/install/minibot/share/minibot/config/nav2_params.yaml
[4.457s] -- Up-to-date symlink: /home/olympusolutions/senior_ws/install/minibot/share/minibot/config/sim_config.rviz
[4.462s] -- Up-to-date symlink: /home/olympusolutions/senior_ws/install/minibot/share/minibot/config/twist_mux.yaml
[4.466s] -- Up-to-date symlink: /home/olympusolutions/senior_ws/install/minibot/lib/minibot/extender_teleop_node.py
[4.466s] -- Up-to-date symlink: /home/olympusolutions/senior_ws/install/minibot/lib/minibot/gripper_teleop_node.py
[4.467s] -- Symlinking: /home/olympusolutions/senior_ws/install/minibot/lib/minibot/platform_teleop_node.py
[4.547s] -- Up-to-date symlink: /home/olympusolutions/senior_ws/install/minibot/lib/minibot/linear_data_collector_node.py
[4.548s] -- Up-to-date symlink: /home/olympusolutions/senior_ws/install/minibot/share/ament_index/resource_index/package_run_dependencies/minibot
[4.553s] -- Up-to-date symlink: /home/olympusolutions/senior_ws/install/minibot/share/ament_index/resource_index/parent_prefix_path/minibot
[4.556s] -- Up-to-date symlink: /home/olympusolutions/senior_ws/install/minibot/share/minibot/environment/ament_prefix_path.sh
[4.556s] -- Up-to-date symlink: /home/olympusolutions/senior_ws/install/minibot/share/minibot/environment/ament_prefix_path.dsv
[4.557s] -- Up-to-date symlink: /home/olympusolutions/senior_ws/install/minibot/share/minibot/environment/path.sh
[4.557s] -- Up-to-date symlink: /home/olympusolutions/senior_ws/install/minibot/share/minibot/environment/path.dsv
[4.557s] -- Up-to-date symlink: /home/olympusolutions/senior_ws/install/minibot/share/minibot/local_setup.bash
[4.557s] -- Up-to-date symlink: /home/olympusolutions/senior_ws/install/minibot/share/minibot/local_setup.sh
[4.557s] -- Up-to-date symlink: /home/olympusolutions/senior_ws/install/minibot/share/minibot/local_setup.zsh
[4.557s] -- Up-to-date symlink: /home/olympusolutions/senior_ws/install/minibot/share/minibot/local_setup.dsv
[4.558s] -- Symlinking: /home/olympusolutions/senior_ws/install/minibot/share/minibot/package.dsv
[4.662s] -- Up-to-date symlink: /home/olympusolutions/senior_ws/install/minibot/share/ament_index/resource_index/packages/minibot
[4.675s] -- Up-to-date symlink: /home/olympusolutions/senior_ws/install/minibot/share/minibot/cmake/minibotConfig.cmake
[4.677s] -- Up-to-date symlink: /home/olympusolutions/senior_ws/install/minibot/share/minibot/cmake/minibotConfig-version.cmake
[4.678s] -- Up-to-date symlink: /home/olympusolutions/senior_ws/install/minibot/share/minibot/package.xml
[4.703s] Invoked command in '/home/olympusolutions/senior_ws/build/minibot' returned '0': CMAKE_PREFIX_PATH=${CMAKE_PREFIX_PATH}:/opt/ros/jazzy DEBUGINFOD_URLS=https://debuginfod.ubuntu.com /usr/bin/cmake --install /home/olympusolutions/senior_ws/build/minibot
