[3.957s] Invoking command in '/home/olympusolutions/senior_ws/src/twist_stamper': DEBUGINFOD_URLS=https://debuginfod.ubuntu.com PYTHONPATH=/home/olympusolutions/senior_ws/build/twist_stamper/prefix_override:/usr/lib/python3/dist-packages/colcon_core/task/python/colcon_distutils_commands:/home/olympusolutions/senior_ws/install/twist_stamper/lib/python3.12/site-packages:${PYTHONPATH} /usr/bin/python3 -W ignore:setup.py install is deprecated -W ignore:easy_install command is deprecated setup.py egg_info --egg-base ../../build/twist_stamper build --build-base /home/olympusolutions/senior_ws/build/twist_stamper/build install --record /home/olympusolutions/senior_ws/build/twist_stamper/install.log --single-version-externally-managed install_data
[4.463s] running egg_info
[4.499s] writing ../../build/twist_stamper/twist_stamper.egg-info/PKG-INFO
[4.500s] writing dependency_links to ../../build/twist_stamper/twist_stamper.egg-info/dependency_links.txt
[4.501s] writing entry points to ../../build/twist_stamper/twist_stamper.egg-info/entry_points.txt
[4.502s] writing requirements to ../../build/twist_stamper/twist_stamper.egg-info/requires.txt
[4.503s] writing top-level names to ../../build/twist_stamper/twist_stamper.egg-info/top_level.txt
[4.565s] reading manifest file '../../build/twist_stamper/twist_stamper.egg-info/SOURCES.txt'
[4.566s] adding license file 'LICENSE'
[4.567s] writing manifest file '../../build/twist_stamper/twist_stamper.egg-info/SOURCES.txt'
[4.568s] running build
[4.568s] running build_py
[4.568s] running install
[4.578s] running install_lib
[4.607s] running install_data
[4.607s] running install_egg_info
[4.637s] removing '/home/olympusolutions/senior_ws/install/twist_stamper/lib/python3.12/site-packages/twist_stamper-0.0.5-py3.12.egg-info' (and everything under it)
[4.638s] Copying ../../build/twist_stamper/twist_stamper.egg-info to /home/olympusolutions/senior_ws/install/twist_stamper/lib/python3.12/site-packages/twist_stamper-0.0.5-py3.12.egg-info
[4.643s] running install_scripts
[4.872s] Installing twist_stamper script to /home/olympusolutions/senior_ws/install/twist_stamper/lib/twist_stamper
[4.873s] Installing twist_unstamper script to /home/olympusolutions/senior_ws/install/twist_stamper/lib/twist_stamper
[4.875s] writing list of installed files to '/home/olympusolutions/senior_ws/build/twist_stamper/install.log'
[4.991s] Invoked command in '/home/olympusolutions/senior_ws/src/twist_stamper' returned '0': DEBUGINFOD_URLS=https://debuginfod.ubuntu.com PYTHONPATH=/home/olympusolutions/senior_ws/build/twist_stamper/prefix_override:/usr/lib/python3/dist-packages/colcon_core/task/python/colcon_distutils_commands:/home/olympusolutions/senior_ws/install/twist_stamper/lib/python3.12/site-packages:${PYTHONPATH} /usr/bin/python3 -W ignore:setup.py install is deprecated -W ignore:easy_install command is deprecated setup.py egg_info --egg-base ../../build/twist_stamper build --build-base /home/olympusolutions/senior_ws/build/twist_stamper/build install --record /home/olympusolutions/senior_ws/build/twist_stamper/install.log --single-version-externally-managed install_data
