[0.090s] Invoking command in '/home/olympusolutions/senior_ws/build/serial': CMAKE_PREFIX_PATH=${CMAKE_PREFIX_PATH}:/opt/ros/jazzy DEBUGINFOD_URLS=https://debuginfod.ubuntu.com /usr/bin/cmake --build /home/olympusolutions/senior_ws/build/serial -- -j4 -l4
[0.357s] [ 14%] Built target gtest_main
[0.391s] [ 28%] Built target gtest
[0.411s] [ 57%] Built target serial
[0.588s] [ 71%] Built target serial-test
[0.626s] [ 85%] Built target serial_example
[0.691s] [100%] Built target serial-test-timer
[0.773s] Invoked command in '/home/olympusolutions/senior_ws/build/serial' returned '0': CMAKE_PREFIX_PATH=${CMAKE_PREFIX_PATH}:/opt/ros/jazzy DEBUGINFOD_URLS=https://debuginfod.ubuntu.com /usr/bin/cmake --build /home/olympusolutions/senior_ws/build/serial -- -j4 -l4
[0.785s] Invoking command in '/home/olympusolutions/senior_ws/build/serial': CMAKE_PREFIX_PATH=${CMAKE_PREFIX_PATH}:/opt/ros/jazzy DEBUGINFOD_URLS=https://debuginfod.ubuntu.com /usr/bin/cmake --install /home/olympusolutions/senior_ws/build/serial
[0.830s] -- Install configuration: ""
[0.836s] -- Execute custom install script
[0.836s] -- Up-to-date symlink: /home/olympusolutions/senior_ws/install/serial/lib/libserial.a
[0.837s] -- Up-to-date symlink: /home/olympusolutions/senior_ws/install/serial/include/serial/serial.h
[0.837s] -- Up-to-date symlink: /home/olympusolutions/senior_ws/install/serial/include/serial/v8stdint.h
[0.837s] -- Up-to-date symlink: /home/olympusolutions/senior_ws/install/serial/share/serial/environment/library_path.sh
[0.837s] -- Up-to-date symlink: /home/olympusolutions/senior_ws/install/serial/share/serial/environment/library_path.dsv
[0.849s] -- Up-to-date symlink: /home/olympusolutions/senior_ws/install/serial/share/ament_index/resource_index/package_run_dependencies/serial
[0.850s] -- Up-to-date symlink: /home/olympusolutions/senior_ws/install/serial/share/ament_index/resource_index/parent_prefix_path/serial
[0.850s] -- Up-to-date symlink: /home/olympusolutions/senior_ws/install/serial/share/serial/environment/ament_prefix_path.sh
[0.850s] -- Up-to-date symlink: /home/olympusolutions/senior_ws/install/serial/share/serial/environment/ament_prefix_path.dsv
[0.850s] -- Up-to-date symlink: /home/olympusolutions/senior_ws/install/serial/share/serial/environment/path.sh
[0.850s] -- Up-to-date symlink: /home/olympusolutions/senior_ws/install/serial/share/serial/environment/path.dsv
[0.851s] -- Up-to-date symlink: /home/olympusolutions/senior_ws/install/serial/share/serial/local_setup.bash
[0.851s] -- Up-to-date symlink: /home/olympusolutions/senior_ws/install/serial/share/serial/local_setup.sh
[0.851s] -- Up-to-date symlink: /home/olympusolutions/senior_ws/install/serial/share/serial/local_setup.zsh
[0.851s] -- Up-to-date symlink: /home/olympusolutions/senior_ws/install/serial/share/serial/local_setup.dsv
[0.864s] -- Symlinking: /home/olympusolutions/senior_ws/install/serial/share/serial/package.dsv
[0.864s] -- Up-to-date symlink: /home/olympusolutions/senior_ws/install/serial/share/ament_index/resource_index/packages/serial
[0.865s] -- Up-to-date symlink: /home/olympusolutions/senior_ws/install/serial/share/serial/cmake/ament_cmake_export_include_directories-extras.cmake
[0.865s] -- Up-to-date symlink: /home/olympusolutions/senior_ws/install/serial/share/serial/cmake/ament_cmake_export_libraries-extras.cmake
[0.865s] -- Up-to-date symlink: /home/olympusolutions/senior_ws/install/serial/share/serial/cmake/serialConfig.cmake
[0.866s] -- Up-to-date symlink: /home/olympusolutions/senior_ws/install/serial/share/serial/cmake/serialConfig-version.cmake
[0.866s] -- Up-to-date symlink: /home/olympusolutions/senior_ws/install/serial/share/serial/package.xml
[0.871s] Invoked command in '/home/olympusolutions/senior_ws/build/serial' returned '0': CMAKE_PREFIX_PATH=${CMAKE_PREFIX_PATH}:/opt/ros/jazzy DEBUGINFOD_URLS=https://debuginfod.ubuntu.com /usr/bin/cmake --install /home/olympusolutions/senior_ws/build/serial
