[1.119s] Invoking command in '/home/olympusolutions/senior_ws/build/serial': CMAKE_PREFIX_PATH=${CMAKE_PREFIX_PATH}:/home/olympusolutions/senior_ws/install/twist_stamper:/home/olympusolutions/senior_ws/install/serial_motor_demo:/home/olympusolutions/senior_ws/install/my_package:/home/olympusolutions/senior_ws/install/listener_package:/home/olympusolutions/senior_ws/install/joy_tester:/opt/ros/jazzy DEBUGINFOD_URLS=https://debuginfod.ubuntu.com /usr/bin/cmake --build /home/olympusolutions/senior_ws/build/serial -- -j4 -l4
[1.623s] [ 14%] Built target gtest_main
[1.632s] [ 42%] Built target serial
[1.664s] [ 57%] Built target gtest
[1.862s] [ 71%] Built target serial_example
[1.879s] [ 85%] Built target serial-test
[1.966s] [100%] Built target serial-test-timer
[2.091s] Invoked command in '/home/olympusolutions/senior_ws/build/serial' returned '0': CMAKE_PREFIX_PATH=${CMAKE_PREFIX_PATH}:/home/olympusolutions/senior_ws/install/twist_stamper:/home/olympusolutions/senior_ws/install/serial_motor_demo:/home/olympusolutions/senior_ws/install/my_package:/home/olympusolutions/senior_ws/install/listener_package:/home/olympusolutions/senior_ws/install/joy_tester:/opt/ros/jazzy DEBUGINFOD_URLS=https://debuginfod.ubuntu.com /usr/bin/cmake --build /home/olympusolutions/senior_ws/build/serial -- -j4 -l4
[2.095s] Invoking command in '/home/olympusolutions/senior_ws/build/serial': CMAKE_PREFIX_PATH=${CMAKE_PREFIX_PATH}:/home/olympusolutions/senior_ws/install/twist_stamper:/home/olympusolutions/senior_ws/install/serial_motor_demo:/home/olympusolutions/senior_ws/install/my_package:/home/olympusolutions/senior_ws/install/listener_package:/home/olympusolutions/senior_ws/install/joy_tester:/opt/ros/jazzy DEBUGINFOD_URLS=https://debuginfod.ubuntu.com /usr/bin/cmake --install /home/olympusolutions/senior_ws/build/serial
[2.152s] -- Install configuration: ""
[2.152s] -- Execute custom install script
[2.153s] -- Up-to-date symlink: /home/olympusolutions/senior_ws/install/serial/lib/libserial.a
[2.153s] -- Up-to-date symlink: /home/olympusolutions/senior_ws/install/serial/include/serial/serial.h
[2.153s] -- Up-to-date symlink: /home/olympusolutions/senior_ws/install/serial/include/serial/v8stdint.h
[2.153s] -- Up-to-date symlink: /home/olympusolutions/senior_ws/install/serial/share/serial/environment/library_path.sh
[2.161s] -- Up-to-date symlink: /home/olympusolutions/senior_ws/install/serial/share/serial/environment/library_path.dsv
[2.161s] -- Up-to-date symlink: /home/olympusolutions/senior_ws/install/serial/share/ament_index/resource_index/package_run_dependencies/serial
[2.161s] -- Up-to-date symlink: /home/olympusolutions/senior_ws/install/serial/share/ament_index/resource_index/parent_prefix_path/serial
[2.168s] -- Up-to-date symlink: /home/olympusolutions/senior_ws/install/serial/share/serial/environment/ament_prefix_path.sh
[2.168s] -- Up-to-date symlink: /home/olympusolutions/senior_ws/install/serial/share/serial/environment/ament_prefix_path.dsv
[2.168s] -- Up-to-date symlink: /home/olympusolutions/senior_ws/install/serial/share/serial/environment/path.sh
[2.169s] -- Up-to-date symlink: /home/olympusolutions/senior_ws/install/serial/share/serial/environment/path.dsv
[2.169s] -- Up-to-date symlink: /home/olympusolutions/senior_ws/install/serial/share/serial/local_setup.bash
[2.169s] -- Up-to-date symlink: /home/olympusolutions/senior_ws/install/serial/share/serial/local_setup.sh
[2.176s] -- Up-to-date symlink: /home/olympusolutions/senior_ws/install/serial/share/serial/local_setup.zsh
[2.176s] -- Up-to-date symlink: /home/olympusolutions/senior_ws/install/serial/share/serial/local_setup.dsv
[2.176s] -- Symlinking: /home/olympusolutions/senior_ws/install/serial/share/serial/package.dsv
[2.227s] -- Up-to-date symlink: /home/olympusolutions/senior_ws/install/serial/share/ament_index/resource_index/packages/serial
[2.228s] -- Up-to-date symlink: /home/olympusolutions/senior_ws/install/serial/share/serial/cmake/ament_cmake_export_include_directories-extras.cmake
[2.229s] -- Up-to-date symlink: /home/olympusolutions/senior_ws/install/serial/share/serial/cmake/ament_cmake_export_libraries-extras.cmake
[2.230s] -- Up-to-date symlink: /home/olympusolutions/senior_ws/install/serial/share/serial/cmake/serialConfig.cmake
[2.231s] -- Up-to-date symlink: /home/olympusolutions/senior_ws/install/serial/share/serial/cmake/serialConfig-version.cmake
[2.232s] -- Up-to-date symlink: /home/olympusolutions/senior_ws/install/serial/share/serial/package.xml
[2.241s] Invoked command in '/home/olympusolutions/senior_ws/build/serial' returned '0': CMAKE_PREFIX_PATH=${CMAKE_PREFIX_PATH}:/home/olympusolutions/senior_ws/install/twist_stamper:/home/olympusolutions/senior_ws/install/serial_motor_demo:/home/olympusolutions/senior_ws/install/my_package:/home/olympusolutions/senior_ws/install/listener_package:/home/olympusolutions/senior_ws/install/joy_tester:/opt/ros/jazzy DEBUGINFOD_URLS=https://debuginfod.ubuntu.com /usr/bin/cmake --install /home/olympusolutions/senior_ws/build/serial
