[5.780s] Invoking command in '/home/olympusolutions/senior_ws/src/riley_ws/src/listener_package': DEBUGINFOD_URLS=https://debuginfod.ubuntu.com PYTHONPATH=/home/olympusolutions/senior_ws/build/listener_package/prefix_override:/usr/lib/python3/dist-packages/colcon_core/task/python/colcon_distutils_commands:/home/olympusolutions/senior_ws/install/listener_package/lib/python3.12/site-packages:${PYTHONPATH} /usr/bin/python3 -W ignore:setup.py install is deprecated -W ignore:easy_install command is deprecated setup.py egg_info --egg-base ../../../../build/listener_package build --build-base /home/olympusolutions/senior_ws/build/listener_package/build install --record /home/olympusolutions/senior_ws/build/listener_package/install.log --single-version-externally-managed install_data
[8.469s] running egg_info
[8.651s] writing ../../../../build/listener_package/listener_package.egg-info/PKG-INFO
[8.659s] writing dependency_links to ../../../../build/listener_package/listener_package.egg-info/dependency_links.txt
[8.659s] writing entry points to ../../../../build/listener_package/listener_package.egg-info/entry_points.txt
[8.659s] writing requirements to ../../../../build/listener_package/listener_package.egg-info/requires.txt
[8.664s] writing top-level names to ../../../../build/listener_package/listener_package.egg-info/top_level.txt
[9.066s] reading manifest file '../../../../build/listener_package/listener_package.egg-info/SOURCES.txt'
[9.068s] adding license file 'LICENSE'
[9.071s] writing manifest file '../../../../build/listener_package/listener_package.egg-info/SOURCES.txt'
[9.074s] running build
[9.078s] running build_py
[9.078s] running install
[9.100s] running install_lib
[9.240s] running install_data
[9.241s] running install_egg_info
[9.549s] removing '/home/olympusolutions/senior_ws/install/listener_package/lib/python3.12/site-packages/listener_package-0.0.0-py3.12.egg-info' (and everything under it)
[9.552s] Copying ../../../../build/listener_package/listener_package.egg-info to /home/olympusolutions/senior_ws/install/listener_package/lib/python3.12/site-packages/listener_package-0.0.0-py3.12.egg-info
[9.567s] running install_scripts
[10.556s] Installing listener script to /home/olympusolutions/senior_ws/install/listener_package/lib/listener_package
[10.558s] Installing phone_listener script to /home/olympusolutions/senior_ws/install/listener_package/lib/listener_package
[10.559s] Installing talker script to /home/olympusolutions/senior_ws/install/listener_package/lib/listener_package
[10.561s] writing list of installed files to '/home/olympusolutions/senior_ws/build/listener_package/install.log'
[10.919s] Invoked command in '/home/olympusolutions/senior_ws/src/riley_ws/src/listener_package' returned '0': DEBUGINFOD_URLS=https://debuginfod.ubuntu.com PYTHONPATH=/home/olympusolutions/senior_ws/build/listener_package/prefix_override:/usr/lib/python3/dist-packages/colcon_core/task/python/colcon_distutils_commands:/home/olympusolutions/senior_ws/install/listener_package/lib/python3.12/site-packages:${PYTHONPATH} /usr/bin/python3 -W ignore:setup.py install is deprecated -W ignore:easy_install command is deprecated setup.py egg_info --egg-base ../../../../build/listener_package build --build-base /home/olympusolutions/senior_ws/build/listener_package/build install --record /home/olympusolutions/senior_ws/build/listener_package/install.log --single-version-externally-managed install_data
