[1.805s] Invoking command in '/home/olympusolutions/riley_ws/src/my_package': DEBUGINFOD_URLS=https://debuginfod.ubuntu.com PYTHONPATH=/home/olympusolutions/riley_ws/build/my_package/prefix_override:/usr/lib/python3/dist-packages/colcon_core/task/python/colcon_distutils_commands:/home/olympusolutions/riley_ws/install/my_package/lib/python3.12/site-packages:${PYTHONPATH} /usr/bin/python3 -W ignore:setup.py install is deprecated -W ignore:easy_install command is deprecated setup.py egg_info --egg-base ../../build/my_package build --build-base /home/olympusolutions/riley_ws/build/my_package/build install --record /home/olympusolutions/riley_ws/build/my_package/install.log --single-version-externally-managed install_data
[2.233s] running egg_info
[2.262s] writing ../../build/my_package/my_package.egg-info/PKG-INFO
[2.262s] writing dependency_links to ../../build/my_package/my_package.egg-info/dependency_links.txt
[2.263s] writing entry points to ../../build/my_package/my_package.egg-info/entry_points.txt
[2.264s] writing requirements to ../../build/my_package/my_package.egg-info/requires.txt
[2.265s] writing top-level names to ../../build/my_package/my_package.egg-info/top_level.txt
[2.328s] reading manifest file '../../build/my_package/my_package.egg-info/SOURCES.txt'
[2.328s] adding license file 'LICENSE'
[2.329s] writing manifest file '../../build/my_package/my_package.egg-info/SOURCES.txt'
[2.329s] running build
[2.329s] running build_py
[2.330s] running install
[2.339s] running install_lib
[2.369s] running install_data
[2.369s] running install_egg_info
[2.404s] removing '/home/olympusolutions/riley_ws/install/my_package/lib/python3.12/site-packages/my_package-0.0.0-py3.12.egg-info' (and everything under it)
[2.404s] Copying ../../build/my_package/my_package.egg-info to /home/olympusolutions/riley_ws/install/my_package/lib/python3.12/site-packages/my_package-0.0.0-py3.12.egg-info
[2.406s] running install_scripts
[2.616s] Installing my_node script to /home/olympusolutions/riley_ws/install/my_package/lib/my_package
[2.617s] writing list of installed files to '/home/olympusolutions/riley_ws/build/my_package/install.log'
[2.748s] Invoked command in '/home/olympusolutions/riley_ws/src/my_package' returned '0': DEBUGINFOD_URLS=https://debuginfod.ubuntu.com PYTHONPATH=/home/olympusolutions/riley_ws/build/my_package/prefix_override:/usr/lib/python3/dist-packages/colcon_core/task/python/colcon_distutils_commands:/home/olympusolutions/riley_ws/install/my_package/lib/python3.12/site-packages:${PYTHONPATH} /usr/bin/python3 -W ignore:setup.py install is deprecated -W ignore:easy_install command is deprecated setup.py egg_info --egg-base ../../build/my_package build --build-base /home/olympusolutions/riley_ws/build/my_package/build install --record /home/olympusolutions/riley_ws/build/my_package/install.log --single-version-externally-managed install_data
