[0.241s] Invoking command in '/home/olympusolutions/senior_ws/build/diffdrive_arduino': CMAKE_PREFIX_PATH=${CMAKE_PREFIX_PATH}:/home/olympusolutions/senior_ws/install/twist_stamper:/home/olympusolutions/senior_ws/install/serial_motor_demo:/home/olympusolutions/senior_ws/install/my_package:/home/olympusolutions/senior_ws/install/listener_package:/home/olympusolutions/senior_ws/install/joy_tester:/opt/ros/jazzy DEBUGINFOD_URLS=https://debuginfod.ubuntu.com /usr/bin/cmake --build /home/olympusolutions/senior_ws/build/diffdrive_arduino -- -j4 -l4
[0.830s] [100%] Built target diffdrive_arduino
[1.739s] Invoked command in '/home/olympusolutions/senior_ws/build/diffdrive_arduino' returned '0': CMAKE_PREFIX_PATH=${CMAKE_PREFIX_PATH}:/home/olympusolutions/senior_ws/install/twist_stamper:/home/olympusolutions/senior_ws/install/serial_motor_demo:/home/olympusolutions/senior_ws/install/my_package:/home/olympusolutions/senior_ws/install/listener_package:/home/olympusolutions/senior_ws/install/joy_tester:/opt/ros/jazzy DEBUGINFOD_URLS=https://debuginfod.ubuntu.com /usr/bin/cmake --build /home/olympusolutions/senior_ws/build/diffdrive_arduino -- -j4 -l4
[1.851s] Invoking command in '/home/olympusolutions/senior_ws/build/diffdrive_arduino': CMAKE_PREFIX_PATH=${CMAKE_PREFIX_PATH}:/home/olympusolutions/senior_ws/install/twist_stamper:/home/olympusolutions/senior_ws/install/serial_motor_demo:/home/olympusolutions/senior_ws/install/my_package:/home/olympusolutions/senior_ws/install/listener_package:/home/olympusolutions/senior_ws/install/joy_tester:/opt/ros/jazzy DEBUGINFOD_URLS=https://debuginfod.ubuntu.com /usr/bin/cmake --install /home/olympusolutions/senior_ws/build/diffdrive_arduino
[2.050s] -- Install configuration: ""
[2.060s] -- Execute custom install script
[2.060s] -- Up-to-date symlink: /home/olympusolutions/senior_ws/install/diffdrive_arduino/share/diffdrive_arduino//diffdrive_arduino.xml
[2.060s] -- Up-to-date symlink: /home/olympusolutions/senior_ws/install/diffdrive_arduino/include/diffdrive_arduino/diffdrive_arduino/arduino_comms.hpp
[2.065s] -- Up-to-date symlink: /home/olympusolutions/senior_ws/install/diffdrive_arduino/include/diffdrive_arduino/diffdrive_arduino/diffbot_system.hpp
[2.066s] -- Up-to-date symlink: /home/olympusolutions/senior_ws/install/diffdrive_arduino/include/diffdrive_arduino/diffdrive_arduino/visibility_control.h
[2.067s] -- Up-to-date symlink: /home/olympusolutions/senior_ws/install/diffdrive_arduino/include/diffdrive_arduino/diffdrive_arduino/wheel.hpp
[2.093s] -- Up-to-date symlink: /home/olympusolutions/senior_ws/install/diffdrive_arduino/share/diffdrive_arduino/launch/view_robot.launch.py
[2.094s] -- Up-to-date symlink: /home/olympusolutions/senior_ws/install/diffdrive_arduino/share/diffdrive_arduino/ros2_control/diffbot.ros2_control.xacro
[2.094s] -- Up-to-date symlink: /home/olympusolutions/senior_ws/install/diffdrive_arduino/share/diffdrive_arduino/urdf/diffbot.materials.xacro
[2.094s] -- Up-to-date symlink: /home/olympusolutions/senior_ws/install/diffdrive_arduino/share/diffdrive_arduino/urdf/diffbot.urdf.xacro
[2.106s] -- Up-to-date symlink: /home/olympusolutions/senior_ws/install/diffdrive_arduino/share/diffdrive_arduino/urdf/diffbot_description.urdf.xacro
[2.106s] -- Up-to-date symlink: /home/olympusolutions/senior_ws/install/diffdrive_arduino/share/diffdrive_arduino/rviz/diffbot.rviz
[2.107s] -- Up-to-date symlink: /home/olympusolutions/senior_ws/install/diffdrive_arduino/share/diffdrive_arduino/rviz/diffbot_view.rviz
[2.131s] -- Up-to-date symlink: /home/olympusolutions/senior_ws/install/diffdrive_arduino/share/diffdrive_arduino/launch/diffbot.launch.py
[2.133s] -- Up-to-date symlink: /home/olympusolutions/senior_ws/install/diffdrive_arduino/share/diffdrive_arduino/config/diffbot_controllers.yaml
[2.134s] -- Up-to-date symlink: /home/olympusolutions/senior_ws/install/diffdrive_arduino/share/diffdrive_arduino/environment/library_path.sh
[2.135s] -- Up-to-date symlink: /home/olympusolutions/senior_ws/install/diffdrive_arduino/share/diffdrive_arduino/environment/library_path.dsv
[2.136s] -- Up-to-date symlink: /home/olympusolutions/senior_ws/install/diffdrive_arduino/share/ament_index/resource_index/package_run_dependencies/diffdrive_arduino
[2.136s] -- Up-to-date symlink: /home/olympusolutions/senior_ws/install/diffdrive_arduino/share/ament_index/resource_index/parent_prefix_path/diffdrive_arduino
[2.136s] -- Up-to-date symlink: /home/olympusolutions/senior_ws/install/diffdrive_arduino/share/diffdrive_arduino/environment/ament_prefix_path.sh
[2.137s] -- Up-to-date symlink: /home/olympusolutions/senior_ws/install/diffdrive_arduino/share/diffdrive_arduino/environment/ament_prefix_path.dsv
[2.137s] -- Up-to-date symlink: /home/olympusolutions/senior_ws/install/diffdrive_arduino/share/diffdrive_arduino/environment/path.sh
[2.140s] -- Up-to-date symlink: /home/olympusolutions/senior_ws/install/diffdrive_arduino/share/diffdrive_arduino/environment/path.dsv
[2.140s] -- Up-to-date symlink: /home/olympusolutions/senior_ws/install/diffdrive_arduino/share/diffdrive_arduino/local_setup.bash
[2.141s] -- Up-to-date symlink: /home/olympusolutions/senior_ws/install/diffdrive_arduino/share/diffdrive_arduino/local_setup.sh
[2.141s] -- Up-to-date symlink: /home/olympusolutions/senior_ws/install/diffdrive_arduino/share/diffdrive_arduino/local_setup.zsh
[2.141s] -- Up-to-date symlink: /home/olympusolutions/senior_ws/install/diffdrive_arduino/share/diffdrive_arduino/local_setup.dsv
[2.141s] -- Symlinking: /home/olympusolutions/senior_ws/install/diffdrive_arduino/share/diffdrive_arduino/package.dsv
[2.289s] -- Up-to-date symlink: /home/olympusolutions/senior_ws/install/diffdrive_arduino/share/ament_index/resource_index/packages/diffdrive_arduino
[2.293s] -- Up-to-date symlink: /home/olympusolutions/senior_ws/install/diffdrive_arduino/share/ament_index/resource_index/hardware_interface__pluginlib__plugin/diffdrive_arduino
[2.294s] -- Up-to-date symlink: /home/olympusolutions/senior_ws/install/diffdrive_arduino/share/diffdrive_arduino/cmake/ament_cmake_export_targets-extras.cmake
[2.308s] -- Up-to-date symlink: /home/olympusolutions/senior_ws/install/diffdrive_arduino/share/diffdrive_arduino/cmake/ament_cmake_export_dependencies-extras.cmake
[2.321s] -- Up-to-date symlink: /home/olympusolutions/senior_ws/install/diffdrive_arduino/share/diffdrive_arduino/cmake/diffdrive_arduinoConfig.cmake
[2.323s] -- Up-to-date symlink: /home/olympusolutions/senior_ws/install/diffdrive_arduino/share/diffdrive_arduino/cmake/diffdrive_arduinoConfig-version.cmake
[2.324s] -- Up-to-date symlink: /home/olympusolutions/senior_ws/install/diffdrive_arduino/share/diffdrive_arduino/package.xml
[2.324s] -- Up-to-date: /home/olympusolutions/senior_ws/install/diffdrive_arduino/lib/libdiffdrive_arduino.so
[2.324s] -- Up-to-date: /home/olympusolutions/senior_ws/install/diffdrive_arduino/share/diffdrive_arduino/cmake/export_diffdrive_arduinoExport.cmake
[2.324s] -- Up-to-date: /home/olympusolutions/senior_ws/install/diffdrive_arduino/share/diffdrive_arduino/cmake/export_diffdrive_arduinoExport-noconfig.cmake
[2.477s] Invoked command in '/home/olympusolutions/senior_ws/build/diffdrive_arduino' returned '0': CMAKE_PREFIX_PATH=${CMAKE_PREFIX_PATH}:/home/olympusolutions/senior_ws/install/twist_stamper:/home/olympusolutions/senior_ws/install/serial_motor_demo:/home/olympusolutions/senior_ws/install/my_package:/home/olympusolutions/senior_ws/install/listener_package:/home/olympusolutions/senior_ws/install/joy_tester:/opt/ros/jazzy DEBUGINFOD_URLS=https://debuginfod.ubuntu.com /usr/bin/cmake --install /home/olympusolutions/senior_ws/build/diffdrive_arduino
