[2.507s] Invoking command in '/home/olympusolutions/senior_ws/src/riley_ws/src/my_package': DEBUGINFOD_URLS=https://debuginfod.ubuntu.com PYTHONPATH=/home/olympusolutions/senior_ws/build/my_package/prefix_override:/usr/lib/python3/dist-packages/colcon_core/task/python/colcon_distutils_commands:/home/olympusolutions/senior_ws/install/my_package/lib/python3.12/site-packages:${PYTHONPATH} /usr/bin/python3 -W ignore:setup.py install is deprecated -W ignore:easy_install command is deprecated setup.py egg_info --egg-base ../../../../build/my_package build --build-base /home/olympusolutions/senior_ws/build/my_package/build install --record /home/olympusolutions/senior_ws/build/my_package/install.log --single-version-externally-managed install_data
[3.104s] running egg_info
[3.133s] writing ../../../../build/my_package/my_package.egg-info/PKG-INFO
[3.133s] writing dependency_links to ../../../../build/my_package/my_package.egg-info/dependency_links.txt
[3.135s] writing entry points to ../../../../build/my_package/my_package.egg-info/entry_points.txt
[3.136s] writing requirements to ../../../../build/my_package/my_package.egg-info/requires.txt
[3.137s] writing top-level names to ../../../../build/my_package/my_package.egg-info/top_level.txt
[3.210s] reading manifest file '../../../../build/my_package/my_package.egg-info/SOURCES.txt'
[3.210s] adding license file 'LICENSE'
[3.210s] writing manifest file '../../../../build/my_package/my_package.egg-info/SOURCES.txt'
[3.213s] running build
[3.213s] running build_py
[3.214s] running install
[3.223s] running install_lib
[3.260s] running install_data
[3.263s] running install_egg_info
[3.300s] removing '/home/olympusolutions/senior_ws/install/my_package/lib/python3.12/site-packages/my_package-0.0.0-py3.12.egg-info' (and everything under it)
[3.300s] Copying ../../../../build/my_package/my_package.egg-info to /home/olympusolutions/senior_ws/install/my_package/lib/python3.12/site-packages/my_package-0.0.0-py3.12.egg-info
[3.302s] running install_scripts
[3.534s] Installing my_node script to /home/olympusolutions/senior_ws/install/my_package/lib/my_package
[3.535s] writing list of installed files to '/home/olympusolutions/senior_ws/build/my_package/install.log'
[3.686s] Invoked command in '/home/olympusolutions/senior_ws/src/riley_ws/src/my_package' returned '0': DEBUGINFOD_URLS=https://debuginfod.ubuntu.com PYTHONPATH=/home/olympusolutions/senior_ws/build/my_package/prefix_override:/usr/lib/python3/dist-packages/colcon_core/task/python/colcon_distutils_commands:/home/olympusolutions/senior_ws/install/my_package/lib/python3.12/site-packages:${PYTHONPATH} /usr/bin/python3 -W ignore:setup.py install is deprecated -W ignore:easy_install command is deprecated setup.py egg_info --egg-base ../../../../build/my_package build --build-base /home/olympusolutions/senior_ws/build/my_package/build install --record /home/olympusolutions/senior_ws/build/my_package/install.log --single-version-externally-managed install_data
