[2.025s] Invoking command in '/home/olympusolutions/senior_ws/src/riley_ws/src/listener_package': DEBUGINFOD_URLS=https://debuginfod.ubuntu.com PYTHONPATH=/home/olympusolutions/senior_ws/src/riley_ws/build/listener_package/prefix_override:/usr/lib/python3/dist-packages/colcon_core/task/python/colcon_distutils_commands:/home/olympusolutions/senior_ws/src/riley_ws/install/listener_package/lib/python3.12/site-packages:${PYTHONPATH} /usr/bin/python3 -W ignore:setup.py install is deprecated -W ignore:easy_install command is deprecated setup.py egg_info --egg-base ../../build/listener_package build --build-base /home/olympusolutions/senior_ws/src/riley_ws/build/listener_package/build install --record /home/olympusolutions/senior_ws/src/riley_ws/build/listener_package/install.log --single-version-externally-managed install_data
[2.481s] running egg_info
[2.510s] writing ../../build/listener_package/listener_package.egg-info/PKG-INFO
[2.511s] writing dependency_links to ../../build/listener_package/listener_package.egg-info/dependency_links.txt
[2.511s] writing entry points to ../../build/listener_package/listener_package.egg-info/entry_points.txt
[2.511s] writing requirements to ../../build/listener_package/listener_package.egg-info/requires.txt
[2.511s] writing top-level names to ../../build/listener_package/listener_package.egg-info/top_level.txt
[2.580s] reading manifest file '../../build/listener_package/listener_package.egg-info/SOURCES.txt'
[2.581s] adding license file 'LICENSE'
[2.581s] writing manifest file '../../build/listener_package/listener_package.egg-info/SOURCES.txt'
[2.582s] running build
[2.582s] running build_py
[2.582s] running install
[2.592s] running install_lib
[2.630s] running install_data
[2.630s] copying package.xml -> /home/olympusolutions/senior_ws/src/riley_ws/install/listener_package/share/listener_package
[2.630s] running install_egg_info
[2.664s] removing '/home/olympusolutions/senior_ws/src/riley_ws/install/listener_package/lib/python3.12/site-packages/listener_package-0.0.0-py3.12.egg-info' (and everything under it)
[2.667s] Copying ../../build/listener_package/listener_package.egg-info to /home/olympusolutions/senior_ws/src/riley_ws/install/listener_package/lib/python3.12/site-packages/listener_package-0.0.0-py3.12.egg-info
[2.667s] running install_scripts
[2.933s] Installing listener script to /home/olympusolutions/senior_ws/src/riley_ws/install/listener_package/lib/listener_package
[2.933s] Installing phone_listener script to /home/olympusolutions/senior_ws/src/riley_ws/install/listener_package/lib/listener_package
[2.934s] Installing talker script to /home/olympusolutions/senior_ws/src/riley_ws/install/listener_package/lib/listener_package
[2.935s] writing list of installed files to '/home/olympusolutions/senior_ws/src/riley_ws/build/listener_package/install.log'
[3.070s] Invoked command in '/home/olympusolutions/senior_ws/src/riley_ws/src/listener_package' returned '0': DEBUGINFOD_URLS=https://debuginfod.ubuntu.com PYTHONPATH=/home/olympusolutions/senior_ws/src/riley_ws/build/listener_package/prefix_override:/usr/lib/python3/dist-packages/colcon_core/task/python/colcon_distutils_commands:/home/olympusolutions/senior_ws/src/riley_ws/install/listener_package/lib/python3.12/site-packages:${PYTHONPATH} /usr/bin/python3 -W ignore:setup.py install is deprecated -W ignore:easy_install command is deprecated setup.py egg_info --egg-base ../../build/listener_package build --build-base /home/olympusolutions/senior_ws/src/riley_ws/build/listener_package/build install --record /home/olympusolutions/senior_ws/src/riley_ws/build/listener_package/install.log --single-version-externally-managed install_data
