[6.688s] Invoking command in '/home/olympusolutions/senior_ws/src/twist_stamper': DEBUGINFOD_URLS=https://debuginfod.ubuntu.com PYTHONPATH=/home/olympusolutions/senior_ws/build/twist_stamper/prefix_override:/usr/lib/python3/dist-packages/colcon_core/task/python/colcon_distutils_commands:/home/olympusolutions/senior_ws/install/twist_stamper/lib/python3.12/site-packages:${PYTHONPATH} /usr/bin/python3 -W ignore:setup.py install is deprecated -W ignore:easy_install command is deprecated setup.py egg_info --egg-base ../../build/twist_stamper build --build-base /home/olympusolutions/senior_ws/build/twist_stamper/build install --record /home/olympusolutions/senior_ws/build/twist_stamper/install.log --single-version-externally-managed install_data
[7.165s] running egg_info
[7.196s] writing ../../build/twist_stamper/twist_stamper.egg-info/PKG-INFO
[7.197s] writing dependency_links to ../../build/twist_stamper/twist_stamper.egg-info/dependency_links.txt
[7.199s] writing entry points to ../../build/twist_stamper/twist_stamper.egg-info/entry_points.txt
[7.200s] writing requirements to ../../build/twist_stamper/twist_stamper.egg-info/requires.txt
[7.201s] writing top-level names to ../../build/twist_stamper/twist_stamper.egg-info/top_level.txt
[7.264s] reading manifest file '../../build/twist_stamper/twist_stamper.egg-info/SOURCES.txt'
[7.265s] adding license file 'LICENSE'
[7.265s] writing manifest file '../../build/twist_stamper/twist_stamper.egg-info/SOURCES.txt'
[7.266s] running build
[7.266s] running build_py
[7.267s] running install
[7.276s] running install_lib
[7.306s] running install_data
[7.306s] running install_egg_info
[7.339s] removing '/home/olympusolutions/senior_ws/install/twist_stamper/lib/python3.12/site-packages/twist_stamper-0.0.5-py3.12.egg-info' (and everything under it)
[7.342s] Copying ../../build/twist_stamper/twist_stamper.egg-info to /home/olympusolutions/senior_ws/install/twist_stamper/lib/python3.12/site-packages/twist_stamper-0.0.5-py3.12.egg-info
[7.342s] running install_scripts
[7.621s] Installing twist_stamper script to /home/olympusolutions/senior_ws/install/twist_stamper/lib/twist_stamper
[7.622s] Installing twist_unstamper script to /home/olympusolutions/senior_ws/install/twist_stamper/lib/twist_stamper
[7.624s] writing list of installed files to '/home/olympusolutions/senior_ws/build/twist_stamper/install.log'
[7.731s] Invoked command in '/home/olympusolutions/senior_ws/src/twist_stamper' returned '0': DEBUGINFOD_URLS=https://debuginfod.ubuntu.com PYTHONPATH=/home/olympusolutions/senior_ws/build/twist_stamper/prefix_override:/usr/lib/python3/dist-packages/colcon_core/task/python/colcon_distutils_commands:/home/olympusolutions/senior_ws/install/twist_stamper/lib/python3.12/site-packages:${PYTHONPATH} /usr/bin/python3 -W ignore:setup.py install is deprecated -W ignore:easy_install command is deprecated setup.py egg_info --egg-base ../../build/twist_stamper build --build-base /home/olympusolutions/senior_ws/build/twist_stamper/build install --record /home/olympusolutions/senior_ws/build/twist_stamper/install.log --single-version-externally-managed install_data
