/home/olympusolutions/senior_ws/src/riley_ws/install/listener_package/lib/python3.12/site-packages/listener_package/__init__.py
/home/olympusolutions/senior_ws/src/riley_ws/install/listener_package/lib/python3.12/site-packages/listener_package/publisher_member_function.py
/home/olympusolutions/senior_ws/src/riley_ws/install/listener_package/lib/python3.12/site-packages/listener_package/phone_listener.py
/home/olympusolutions/senior_ws/src/riley_ws/install/listener_package/lib/python3.12/site-packages/listener_package/subscriber_member_function.py
/home/olympusolutions/senior_ws/src/riley_ws/install/listener_package/lib/python3.12/site-packages/listener_package/__pycache__/__init__.cpython-312.pyc
/home/olympusolutions/senior_ws/src/riley_ws/install/listener_package/lib/python3.12/site-packages/listener_package/__pycache__/publisher_member_function.cpython-312.pyc
/home/olympusolutions/senior_ws/src/riley_ws/install/listener_package/lib/python3.12/site-packages/listener_package/__pycache__/phone_listener.cpython-312.pyc
/home/olympusolutions/senior_ws/src/riley_ws/install/listener_package/lib/python3.12/site-packages/listener_package/__pycache__/subscriber_member_function.cpython-312.pyc
/home/olympusolutions/senior_ws/src/riley_ws/install/listener_package/share/ament_index/resource_index/packages/listener_package
/home/olympusolutions/senior_ws/src/riley_ws/install/listener_package/share/listener_package/package.xml
/home/olympusolutions/senior_ws/src/riley_ws/install/listener_package/lib/python3.12/site-packages/listener_package-0.0.0-py3.12.egg-info/SOURCES.txt
/home/olympusolutions/senior_ws/src/riley_ws/install/listener_package/lib/python3.12/site-packages/listener_package-0.0.0-py3.12.egg-info/top_level.txt
/home/olympusolutions/senior_ws/src/riley_ws/install/listener_package/lib/python3.12/site-packages/listener_package-0.0.0-py3.12.egg-info/PKG-INFO
/home/olympusolutions/senior_ws/src/riley_ws/install/listener_package/lib/python3.12/site-packages/listener_package-0.0.0-py3.12.egg-info/zip-safe
/home/olympusolutions/senior_ws/src/riley_ws/install/listener_package/lib/python3.12/site-packages/listener_package-0.0.0-py3.12.egg-info/requires.txt
/home/olympusolutions/senior_ws/src/riley_ws/install/listener_package/lib/python3.12/site-packages/listener_package-0.0.0-py3.12.egg-info/dependency_links.txt
/home/olympusolutions/senior_ws/src/riley_ws/install/listener_package/lib/python3.12/site-packages/listener_package-0.0.0-py3.12.egg-info/entry_points.txt
/home/olympusolutions/senior_ws/src/riley_ws/install/listener_package/lib/listener_package/listener
/home/olympusolutions/senior_ws/src/riley_ws/install/listener_package/lib/listener_package/phone_listener
/home/olympusolutions/senior_ws/src/riley_ws/install/listener_package/lib/listener_package/talker
