[0.046s] Invoking command in '/home/olympusolutions/senior_ws/build/extender_arduino': CMAKE_PREFIX_PATH=${CMAKE_PREFIX_PATH}:/home/olympusolutions/senior_ws/install/twist_stamper:/home/olympusolutions/senior_ws/install/serial_motor_demo:/home/olympusolutions/senior_ws/install/my_package:/home/olympusolutions/senior_ws/install/listener_package:/home/olympusolutions/senior_ws/install/joy_tester:/home/olympusolutions/senior_ws/src/riley_ws/install/my_package:/home/olympusolutions/senior_ws/src/riley_ws/install/listener_package:/opt/ros/jazzy DEBUGINFOD_URLS=https://debuginfod.ubuntu.com /usr/bin/cmake /home/olympusolutions/senior_ws/src/extender_arduino -DCMAKE_INSTALL_PREFIX=/home/olympusolutions/senior_ws/install/extender_arduino
[0.086s] -- Found ament_cmake: 2.5.3 (/opt/ros/jazzy/share/ament_cmake/cmake)
[0.687s] -- Override CMake install command with custom implementation using symlinks instead of copying resources
[0.706s] -- Found hardware_interface: 4.24.0 (/opt/ros/jazzy/share/hardware_interface/cmake)
[0.753s] -- Found rosidl_generator_c: 4.6.5 (/opt/ros/jazzy/share/rosidl_generator_c/cmake)
[0.769s] -- Found rosidl_generator_cpp: 4.6.5 (/opt/ros/jazzy/share/rosidl_generator_cpp/cmake)
[0.793s] -- Using all available rosidl_typesupport_c: rosidl_typesupport_fastrtps_c;rosidl_typesupport_introspection_c
[0.816s] -- Using all available rosidl_typesupport_cpp: rosidl_typesupport_fastrtps_cpp;rosidl_typesupport_introspection_cpp
[1.148s] -- Found TinyXML2 via Config file: /usr/lib/aarch64-linux-gnu/cmake/tinyxml2
[1.210s] -- Found rmw_implementation_cmake: 7.3.1 (/opt/ros/jazzy/share/rmw_implementation_cmake/cmake)
[1.213s] -- Found rmw_fastrtps_cpp: 8.4.1 (/opt/ros/jazzy/share/rmw_fastrtps_cpp/cmake)
[1.246s] -- Found TinyXML2 via Config file: /usr/lib/aarch64-linux-gnu/cmake/tinyxml2
[1.260s] -- Found TinyXML2 via Config file: /usr/lib/aarch64-linux-gnu/cmake/tinyxml2
[1.294s] -- Found TinyXML2 via Config file: /usr/lib/aarch64-linux-gnu/cmake/tinyxml2
[1.312s] -- Found TinyXML2 via Config file: /usr/lib/aarch64-linux-gnu/cmake/tinyxml2
[1.334s] -- Using RMW implementation 'rmw_fastrtps_cpp' as default
[1.527s] -- Found ament_cmake_gtest: 2.5.3 (/opt/ros/jazzy/share/ament_cmake_gtest/cmake)
[1.801s] -- Configuring done (1.7s)
[1.859s] -- Generating done (0.0s)
[1.876s] -- Build files have been written to: /home/olympusolutions/senior_ws/build/extender_arduino
[1.908s] Invoked command in '/home/olympusolutions/senior_ws/build/extender_arduino' returned '0': CMAKE_PREFIX_PATH=${CMAKE_PREFIX_PATH}:/home/olympusolutions/senior_ws/install/twist_stamper:/home/olympusolutions/senior_ws/install/serial_motor_demo:/home/olympusolutions/senior_ws/install/my_package:/home/olympusolutions/senior_ws/install/listener_package:/home/olympusolutions/senior_ws/install/joy_tester:/home/olympusolutions/senior_ws/src/riley_ws/install/my_package:/home/olympusolutions/senior_ws/src/riley_ws/install/listener_package:/opt/ros/jazzy DEBUGINFOD_URLS=https://debuginfod.ubuntu.com /usr/bin/cmake /home/olympusolutions/senior_ws/src/extender_arduino -DCMAKE_INSTALL_PREFIX=/home/olympusolutions/senior_ws/install/extender_arduino
[1.912s] Invoking command in '/home/olympusolutions/senior_ws/build/extender_arduino': CMAKE_PREFIX_PATH=${CMAKE_PREFIX_PATH}:/home/olympusolutions/senior_ws/install/twist_stamper:/home/olympusolutions/senior_ws/install/serial_motor_demo:/home/olympusolutions/senior_ws/install/my_package:/home/olympusolutions/senior_ws/install/listener_package:/home/olympusolutions/senior_ws/install/joy_tester:/home/olympusolutions/senior_ws/src/riley_ws/install/my_package:/home/olympusolutions/senior_ws/src/riley_ws/install/listener_package:/opt/ros/jazzy DEBUGINFOD_URLS=https://debuginfod.ubuntu.com /usr/bin/cmake --build /home/olympusolutions/senior_ws/build/extender_arduino -- -j4 -l4
[2.064s] [100%] Built target extender_arduino
[2.107s] Invoked command in '/home/olympusolutions/senior_ws/build/extender_arduino' returned '0': CMAKE_PREFIX_PATH=${CMAKE_PREFIX_PATH}:/home/olympusolutions/senior_ws/install/twist_stamper:/home/olympusolutions/senior_ws/install/serial_motor_demo:/home/olympusolutions/senior_ws/install/my_package:/home/olympusolutions/senior_ws/install/listener_package:/home/olympusolutions/senior_ws/install/joy_tester:/home/olympusolutions/senior_ws/src/riley_ws/install/my_package:/home/olympusolutions/senior_ws/src/riley_ws/install/listener_package:/opt/ros/jazzy DEBUGINFOD_URLS=https://debuginfod.ubuntu.com /usr/bin/cmake --build /home/olympusolutions/senior_ws/build/extender_arduino -- -j4 -l4
[2.137s] Invoking command in '/home/olympusolutions/senior_ws/build/extender_arduino': CMAKE_PREFIX_PATH=${CMAKE_PREFIX_PATH}:/home/olympusolutions/senior_ws/install/twist_stamper:/home/olympusolutions/senior_ws/install/serial_motor_demo:/home/olympusolutions/senior_ws/install/my_package:/home/olympusolutions/senior_ws/install/listener_package:/home/olympusolutions/senior_ws/install/joy_tester:/home/olympusolutions/senior_ws/src/riley_ws/install/my_package:/home/olympusolutions/senior_ws/src/riley_ws/install/listener_package:/opt/ros/jazzy DEBUGINFOD_URLS=https://debuginfod.ubuntu.com /usr/bin/cmake --install /home/olympusolutions/senior_ws/build/extender_arduino
[2.165s] -- Install configuration: ""
[2.165s] -- Execute custom install script
[2.165s] -- Up-to-date symlink: /home/olympusolutions/senior_ws/install/extender_arduino/share/extender_arduino//extender_arduino.xml
[2.166s] -- Up-to-date symlink: /home/olympusolutions/senior_ws/install/extender_arduino/include/extender_arduino/extender_arduino/arduino_comms.hpp
[2.167s] -- Up-to-date symlink: /home/olympusolutions/senior_ws/install/extender_arduino/include/extender_arduino/extender_arduino/diffbot_system.hpp
[2.168s] -- Up-to-date symlink: /home/olympusolutions/senior_ws/install/extender_arduino/include/extender_arduino/extender_arduino/visibility_control.h
[2.168s] -- Up-to-date symlink: /home/olympusolutions/senior_ws/install/extender_arduino/include/extender_arduino/extender_arduino/wheel.hpp
[2.170s] -- Up-to-date symlink: /home/olympusolutions/senior_ws/install/extender_arduino/share/extender_arduino/launch/view_robot.launch.py
[2.170s] -- Up-to-date symlink: /home/olympusolutions/senior_ws/install/extender_arduino/share/extender_arduino/ros2_control/diffbot.ros2_control.xacro
[2.171s] -- Up-to-date symlink: /home/olympusolutions/senior_ws/install/extender_arduino/share/extender_arduino/urdf/diffbot.materials.xacro
[2.174s] -- Up-to-date symlink: /home/olympusolutions/senior_ws/install/extender_arduino/share/extender_arduino/urdf/diffbot.urdf.xacro
[2.174s] -- Up-to-date symlink: /home/olympusolutions/senior_ws/install/extender_arduino/share/extender_arduino/urdf/diffbot_description.urdf.xacro
[2.175s] -- Up-to-date symlink: /home/olympusolutions/senior_ws/install/extender_arduino/share/extender_arduino/rviz/diffbot.rviz
[2.175s] -- Up-to-date symlink: /home/olympusolutions/senior_ws/install/extender_arduino/share/extender_arduino/rviz/diffbot_view.rviz
[2.175s] -- Up-to-date symlink: /home/olympusolutions/senior_ws/install/extender_arduino/share/extender_arduino/launch/diffbot.launch.py
[2.175s] -- Up-to-date symlink: /home/olympusolutions/senior_ws/install/extender_arduino/share/extender_arduino/config/diffbot_controllers.yaml
[2.175s] -- Up-to-date symlink: /home/olympusolutions/senior_ws/install/extender_arduino/share/extender_arduino/config/extender_controllers.yaml
[2.175s] -- Up-to-date symlink: /home/olympusolutions/senior_ws/install/extender_arduino/share/extender_arduino/environment/library_path.sh
[2.176s] -- Up-to-date symlink: /home/olympusolutions/senior_ws/install/extender_arduino/share/extender_arduino/environment/library_path.dsv
[2.176s] -- Up-to-date symlink: /home/olympusolutions/senior_ws/install/extender_arduino/share/ament_index/resource_index/package_run_dependencies/extender_arduino
[2.176s] -- Up-to-date symlink: /home/olympusolutions/senior_ws/install/extender_arduino/share/ament_index/resource_index/parent_prefix_path/extender_arduino
[2.176s] -- Up-to-date symlink: /home/olympusolutions/senior_ws/install/extender_arduino/share/extender_arduino/environment/ament_prefix_path.sh
[2.176s] -- Up-to-date symlink: /home/olympusolutions/senior_ws/install/extender_arduino/share/extender_arduino/environment/ament_prefix_path.dsv
[2.177s] -- Up-to-date symlink: /home/olympusolutions/senior_ws/install/extender_arduino/share/extender_arduino/environment/path.sh
[2.177s] -- Up-to-date symlink: /home/olympusolutions/senior_ws/install/extender_arduino/share/extender_arduino/environment/path.dsv
[2.177s] -- Up-to-date symlink: /home/olympusolutions/senior_ws/install/extender_arduino/share/extender_arduino/local_setup.bash
[2.177s] -- Up-to-date symlink: /home/olympusolutions/senior_ws/install/extender_arduino/share/extender_arduino/local_setup.sh
[2.178s] -- Up-to-date symlink: /home/olympusolutions/senior_ws/install/extender_arduino/share/extender_arduino/local_setup.zsh
[2.178s] -- Up-to-date symlink: /home/olympusolutions/senior_ws/install/extender_arduino/share/extender_arduino/local_setup.dsv
[2.178s] -- Symlinking: /home/olympusolutions/senior_ws/install/extender_arduino/share/extender_arduino/package.dsv
[2.217s] -- Up-to-date symlink: /home/olympusolutions/senior_ws/install/extender_arduino/share/ament_index/resource_index/packages/extender_arduino
[2.217s] -- Up-to-date symlink: /home/olympusolutions/senior_ws/install/extender_arduino/share/ament_index/resource_index/hardware_interface__pluginlib__plugin/extender_arduino
[2.217s] -- Up-to-date symlink: /home/olympusolutions/senior_ws/install/extender_arduino/share/extender_arduino/cmake/ament_cmake_export_targets-extras.cmake
[2.217s] -- Up-to-date symlink: /home/olympusolutions/senior_ws/install/extender_arduino/share/extender_arduino/cmake/ament_cmake_export_dependencies-extras.cmake
[2.217s] -- Up-to-date symlink: /home/olympusolutions/senior_ws/install/extender_arduino/share/extender_arduino/cmake/extender_arduinoConfig.cmake
[2.217s] -- Up-to-date symlink: /home/olympusolutions/senior_ws/install/extender_arduino/share/extender_arduino/cmake/extender_arduinoConfig-version.cmake
[2.219s] -- Up-to-date symlink: /home/olympusolutions/senior_ws/install/extender_arduino/share/extender_arduino/package.xml
[2.220s] -- Up-to-date: /home/olympusolutions/senior_ws/install/extender_arduino/lib/libextender_arduino.so
[2.220s] -- Up-to-date: /home/olympusolutions/senior_ws/install/extender_arduino/share/extender_arduino/cmake/export_extender_arduinoExport.cmake
[2.220s] -- Up-to-date: /home/olympusolutions/senior_ws/install/extender_arduino/share/extender_arduino/cmake/export_extender_arduinoExport-noconfig.cmake
[2.226s] Invoked command in '/home/olympusolutions/senior_ws/build/extender_arduino' returned '0': CMAKE_PREFIX_PATH=${CMAKE_PREFIX_PATH}:/home/olympusolutions/senior_ws/install/twist_stamper:/home/olympusolutions/senior_ws/install/serial_motor_demo:/home/olympusolutions/senior_ws/install/my_package:/home/olympusolutions/senior_ws/install/listener_package:/home/olympusolutions/senior_ws/install/joy_tester:/home/olympusolutions/senior_ws/src/riley_ws/install/my_package:/home/olympusolutions/senior_ws/src/riley_ws/install/listener_package:/opt/ros/jazzy DEBUGINFOD_URLS=https://debuginfod.ubuntu.com /usr/bin/cmake --install /home/olympusolutions/senior_ws/build/extender_arduino
