[3.129s] Invoking command in '/home/olympusolutions/senior_ws/src/riley_ws/src/listener_package': DEBUGINFOD_URLS=https://debuginfod.ubuntu.com PYTHONPATH=/home/olympusolutions/senior_ws/build/listener_package/prefix_override:/usr/lib/python3/dist-packages/colcon_core/task/python/colcon_distutils_commands:/home/olympusolutions/senior_ws/install/listener_package/lib/python3.12/site-packages:${PYTHONPATH} /usr/bin/python3 -W ignore:setup.py install is deprecated -W ignore:easy_install command is deprecated setup.py egg_info --egg-base ../../../../build/listener_package build --build-base /home/olympusolutions/senior_ws/build/listener_package/build install --record /home/olympusolutions/senior_ws/build/listener_package/install.log --single-version-externally-managed install_data
[4.380s] running egg_info
[4.457s] writing ../../../../build/listener_package/listener_package.egg-info/PKG-INFO
[4.457s] writing dependency_links to ../../../../build/listener_package/listener_package.egg-info/dependency_links.txt
[4.464s] writing entry points to ../../../../build/listener_package/listener_package.egg-info/entry_points.txt
[4.464s] writing requirements to ../../../../build/listener_package/listener_package.egg-info/requires.txt
[4.465s] writing top-level names to ../../../../build/listener_package/listener_package.egg-info/top_level.txt
[4.748s] reading manifest file '../../../../build/listener_package/listener_package.egg-info/SOURCES.txt'
[4.751s] adding license file 'LICENSE'
[4.751s] writing manifest file '../../../../build/listener_package/listener_package.egg-info/SOURCES.txt'
[4.752s] running build
[4.755s] running build_py
[4.755s] running install
[4.791s] running install_lib
[4.961s] running install_data
[4.964s] running install_egg_info
[5.179s] removing '/home/olympusolutions/senior_ws/install/listener_package/lib/python3.12/site-packages/listener_package-0.0.0-py3.12.egg-info' (and everything under it)
[5.183s] Copying ../../../../build/listener_package/listener_package.egg-info to /home/olympusolutions/senior_ws/install/listener_package/lib/python3.12/site-packages/listener_package-0.0.0-py3.12.egg-info
[5.184s] running install_scripts
[6.452s] Installing listener script to /home/olympusolutions/senior_ws/install/listener_package/lib/listener_package
[6.454s] Installing phone_listener script to /home/olympusolutions/senior_ws/install/listener_package/lib/listener_package
[6.460s] Installing talker script to /home/olympusolutions/senior_ws/install/listener_package/lib/listener_package
[6.462s] writing list of installed files to '/home/olympusolutions/senior_ws/build/listener_package/install.log'
[7.128s] Invoked command in '/home/olympusolutions/senior_ws/src/riley_ws/src/listener_package' returned '0': DEBUGINFOD_URLS=https://debuginfod.ubuntu.com PYTHONPATH=/home/olympusolutions/senior_ws/build/listener_package/prefix_override:/usr/lib/python3/dist-packages/colcon_core/task/python/colcon_distutils_commands:/home/olympusolutions/senior_ws/install/listener_package/lib/python3.12/site-packages:${PYTHONPATH} /usr/bin/python3 -W ignore:setup.py install is deprecated -W ignore:easy_install command is deprecated setup.py egg_info --egg-base ../../../../build/listener_package build --build-base /home/olympusolutions/senior_ws/build/listener_package/build install --record /home/olympusolutions/senior_ws/build/listener_package/install.log --single-version-externally-managed install_data
