[0.495s] Invoking command in '/home/olympusolutions/senior_ws/build/minibot': CMAKE_PREFIX_PATH=${CMAKE_PREFIX_PATH}:/opt/ros/jazzy DEBUGINFOD_URLS=https://debuginfod.ubuntu.com /usr/bin/cmake --build /home/olympusolutions/senior_ws/build/minibot -- -j4 -l4
[0.650s] [100%] Built target velocity_publisher
[0.689s] Invoked command in '/home/olympusolutions/senior_ws/build/minibot' returned '0': CMAKE_PREFIX_PATH=${CMAKE_PREFIX_PATH}:/opt/ros/jazzy DEBUGINFOD_URLS=https://debuginfod.ubuntu.com /usr/bin/cmake --build /home/olympusolutions/senior_ws/build/minibot -- -j4 -l4
[0.690s] Invoking command in '/home/olympusolutions/senior_ws/build/minibot': CMAKE_PREFIX_PATH=${CMAKE_PREFIX_PATH}:/opt/ros/jazzy DEBUGINFOD_URLS=https://debuginfod.ubuntu.com /usr/bin/cmake --install /home/olympusolutions/senior_ws/build/minibot
[0.721s] -- Install configuration: ""
[0.721s] -- Execute custom install script
[0.721s] -- Up-to-date symlink: /home/olympusolutions/senior_ws/install/minibot/lib/minibot/velocity_publisher
[0.721s] -- Up-to-date symlink: /home/olympusolutions/senior_ws/install/minibot/share/minibot/config/controller.yaml
[0.722s] -- Up-to-date symlink: /home/olympusolutions/senior_ws/install/minibot/share/minibot/config/controller_gz_sim.yaml
[0.723s] -- Up-to-date symlink: /home/olympusolutions/senior_ws/install/minibot/share/minibot/config/empty.yaml
[0.723s] -- Up-to-date symlink: /home/olympusolutions/senior_ws/install/minibot/share/minibot/config/gz_params.yaml
[0.723s] -- Up-to-date symlink: /home/olympusolutions/senior_ws/install/minibot/share/minibot/config/joystick_params.yaml
[0.724s] -- Up-to-date symlink: /home/olympusolutions/senior_ws/install/minibot/share/minibot/config/mapper_params_localization.yaml
[0.724s] -- Up-to-date symlink: /home/olympusolutions/senior_ws/install/minibot/share/minibot/config/mapper_params_online_async.yaml
[0.726s] -- Up-to-date symlink: /home/olympusolutions/senior_ws/install/minibot/share/minibot/config/minibot_config.rviz
[0.726s] -- Up-to-date symlink: /home/olympusolutions/senior_ws/install/minibot/share/minibot/config/minibot_display.rviz
[0.727s] -- Up-to-date symlink: /home/olympusolutions/senior_ws/install/minibot/share/minibot/config/nav2_params.yaml
[0.727s] -- Up-to-date symlink: /home/olympusolutions/senior_ws/install/minibot/share/minibot/config/sim_config.rviz
[0.727s] -- Up-to-date symlink: /home/olympusolutions/senior_ws/install/minibot/share/minibot/config/twist_mux.yaml
[0.727s] -- Up-to-date symlink: /home/olympusolutions/senior_ws/install/minibot/share/minibot/description/camera.xacro
[0.729s] -- Up-to-date symlink: /home/olympusolutions/senior_ws/install/minibot/share/minibot/description/depth_camera.xacro
[0.729s] -- Up-to-date symlink: /home/olympusolutions/senior_ws/install/minibot/share/minibot/description/gz_diff_drive_control.xacro
[0.729s] -- Up-to-date symlink: /home/olympusolutions/senior_ws/install/minibot/share/minibot/description/inertial_macros.xacro
[0.730s] -- Up-to-date symlink: /home/olympusolutions/senior_ws/install/minibot/share/minibot/description/lidar.xacro
[0.730s] -- Up-to-date symlink: /home/olympusolutions/senior_ws/install/minibot/share/minibot/description/robot.urdf.xacro
[0.730s] -- Up-to-date symlink: /home/olympusolutions/senior_ws/install/minibot/share/minibot/description/robot_main.xacro
[0.730s] -- Up-to-date symlink: /home/olympusolutions/senior_ws/install/minibot/share/minibot/description/ros2_control.xacro
[0.732s] -- Up-to-date symlink: /home/olympusolutions/senior_ws/install/minibot/share/minibot/launch/joystick_teleop.launch.py
[0.732s] -- Up-to-date symlink: /home/olympusolutions/senior_ws/install/minibot/share/minibot/launch/keyboard.launch.py
[0.733s] -- Up-to-date symlink: /home/olympusolutions/senior_ws/install/minibot/share/minibot/launch/keyboard_combine.launch.py
[0.736s] -- Up-to-date symlink: /home/olympusolutions/senior_ws/install/minibot/share/minibot/launch/robot.launch.py
[0.737s] -- Up-to-date symlink: /home/olympusolutions/senior_ws/install/minibot/share/minibot/launch/robot_remote_station.launch.py
[0.737s] -- Up-to-date symlink: /home/olympusolutions/senior_ws/install/minibot/share/minibot/launch/sim.launch.py
[0.737s] -- Up-to-date symlink: /home/olympusolutions/senior_ws/install/minibot/share/minibot/launch/sim_control_station.launch.py
[0.737s] -- Up-to-date symlink: /home/olympusolutions/senior_ws/install/minibot/share/minibot/worlds/empty.sdf
[0.738s] -- Up-to-date symlink: /home/olympusolutions/senior_ws/install/minibot/share/minibot/worlds/playground.sdf
[0.738s] -- Up-to-date symlink: /home/olympusolutions/senior_ws/install/minibot/share/minibot/demo_publisher_node/extender_teleop_node.py
[0.741s] -- Up-to-date symlink: /home/olympusolutions/senior_ws/install/minibot/share/minibot/demo_publisher_node/gripper_teleop_node.py
[0.741s] -- Up-to-date symlink: /home/olympusolutions/senior_ws/install/minibot/share/minibot/demo_publisher_node/linear_data_collector_node.py
[0.741s] -- Up-to-date symlink: /home/olympusolutions/senior_ws/install/minibot/share/minibot/demo_publisher_node/velocity_publisher.cpp
[0.744s] -- Up-to-date symlink: /home/olympusolutions/senior_ws/install/minibot/share/minibot/maps/map_01.pgm
[0.744s] -- Up-to-date symlink: /home/olympusolutions/senior_ws/install/minibot/share/minibot/maps/map_01.yaml
[0.745s] -- Up-to-date symlink: /home/olympusolutions/senior_ws/install/minibot/share/minibot/maps/map_01_serial.data
[0.745s] -- Up-to-date symlink: /home/olympusolutions/senior_ws/install/minibot/share/minibot/maps/map_01_serial.posegraph
[0.745s] -- Up-to-date symlink: /home/olympusolutions/senior_ws/install/minibot/share/minibot/maps/sample_map.pgm
[0.746s] -- Up-to-date symlink: /home/olympusolutions/senior_ws/install/minibot/share/minibot/maps/sample_map.yaml
[0.753s] -- Up-to-date symlink: /home/olympusolutions/senior_ws/install/minibot/share/minibot/maps/sample_map_serial.data
[0.753s] -- Up-to-date symlink: /home/olympusolutions/senior_ws/install/minibot/share/minibot/maps/sample_map_serial.posegraph
[0.753s] -- Up-to-date symlink: /home/olympusolutions/senior_ws/install/minibot/share/minibot/visual_demos/Nav2_demostration-ezgif.com-video-to-gif-converter.gif
[0.753s] -- Up-to-date symlink: /home/olympusolutions/senior_ws/install/minibot/share/minibot/visual_demos/SLAM_demostration-ezgif.com-video-to-gif-converter.gif
[0.753s] -- Up-to-date symlink: /home/olympusolutions/senior_ws/install/minibot/share/minibot/visual_demos/robot_hardware.jpg
[0.753s] -- Up-to-date symlink: /home/olympusolutions/senior_ws/install/minibot/share/minibot/visual_demos/robot_visual.jpg
[0.754s] -- Up-to-date symlink: /home/olympusolutions/senior_ws/install/minibot/share/minibot/launch/joystick_teleop.launch.py
[0.755s] -- Up-to-date symlink: /home/olympusolutions/senior_ws/install/minibot/share/minibot/launch/keyboard.launch.py
[0.756s] -- Up-to-date symlink: /home/olympusolutions/senior_ws/install/minibot/share/minibot/launch/keyboard_combine.launch.py
[0.758s] -- Up-to-date symlink: /home/olympusolutions/senior_ws/install/minibot/share/minibot/launch/robot.launch.py
[0.758s] -- Up-to-date symlink: /home/olympusolutions/senior_ws/install/minibot/share/minibot/launch/robot_remote_station.launch.py
[0.758s] -- Up-to-date symlink: /home/olympusolutions/senior_ws/install/minibot/share/minibot/launch/sim.launch.py
[0.758s] -- Up-to-date symlink: /home/olympusolutions/senior_ws/install/minibot/share/minibot/launch/sim_control_station.launch.py
[0.758s] -- Up-to-date symlink: /home/olympusolutions/senior_ws/install/minibot/share/minibot/config/controller.yaml
[0.758s] -- Up-to-date symlink: /home/olympusolutions/senior_ws/install/minibot/share/minibot/config/controller_gz_sim.yaml
[0.758s] -- Up-to-date symlink: /home/olympusolutions/senior_ws/install/minibot/share/minibot/config/empty.yaml
[0.758s] -- Up-to-date symlink: /home/olympusolutions/senior_ws/install/minibot/share/minibot/config/gz_params.yaml
[0.759s] -- Up-to-date symlink: /home/olympusolutions/senior_ws/install/minibot/share/minibot/config/joystick_params.yaml
[0.764s] -- Up-to-date symlink: /home/olympusolutions/senior_ws/install/minibot/share/minibot/config/mapper_params_localization.yaml
[0.764s] -- Up-to-date symlink: /home/olympusolutions/senior_ws/install/minibot/share/minibot/config/mapper_params_online_async.yaml
[0.764s] -- Up-to-date symlink: /home/olympusolutions/senior_ws/install/minibot/share/minibot/config/minibot_config.rviz
[0.764s] -- Up-to-date symlink: /home/olympusolutions/senior_ws/install/minibot/share/minibot/config/minibot_display.rviz
[0.764s] -- Up-to-date symlink: /home/olympusolutions/senior_ws/install/minibot/share/minibot/config/nav2_params.yaml
[0.764s] -- Up-to-date symlink: /home/olympusolutions/senior_ws/install/minibot/share/minibot/config/sim_config.rviz
[0.764s] -- Up-to-date symlink: /home/olympusolutions/senior_ws/install/minibot/share/minibot/config/twist_mux.yaml
[0.764s] -- Up-to-date symlink: /home/olympusolutions/senior_ws/install/minibot/lib/minibot/extender_teleop_node.py
[0.765s] -- Up-to-date symlink: /home/olympusolutions/senior_ws/install/minibot/lib/minibot/gripper_teleop_node.py
[0.765s] -- Up-to-date symlink: /home/olympusolutions/senior_ws/install/minibot/lib/minibot/linear_data_collector_node.py
[0.765s] -- Up-to-date symlink: /home/olympusolutions/senior_ws/install/minibot/share/ament_index/resource_index/package_run_dependencies/minibot
[0.766s] -- Up-to-date symlink: /home/olympusolutions/senior_ws/install/minibot/share/ament_index/resource_index/parent_prefix_path/minibot
[0.767s] -- Up-to-date symlink: /home/olympusolutions/senior_ws/install/minibot/share/minibot/environment/ament_prefix_path.sh
[0.767s] -- Up-to-date symlink: /home/olympusolutions/senior_ws/install/minibot/share/minibot/environment/ament_prefix_path.dsv
[0.767s] -- Up-to-date symlink: /home/olympusolutions/senior_ws/install/minibot/share/minibot/environment/path.sh
[0.767s] -- Up-to-date symlink: /home/olympusolutions/senior_ws/install/minibot/share/minibot/environment/path.dsv
[0.768s] -- Up-to-date symlink: /home/olympusolutions/senior_ws/install/minibot/share/minibot/local_setup.bash
[0.768s] -- Up-to-date symlink: /home/olympusolutions/senior_ws/install/minibot/share/minibot/local_setup.sh
[0.768s] -- Up-to-date symlink: /home/olympusolutions/senior_ws/install/minibot/share/minibot/local_setup.zsh
[0.768s] -- Up-to-date symlink: /home/olympusolutions/senior_ws/install/minibot/share/minibot/local_setup.dsv
[0.769s] -- Symlinking: /home/olympusolutions/senior_ws/install/minibot/share/minibot/package.dsv
[0.799s] -- Up-to-date symlink: /home/olympusolutions/senior_ws/install/minibot/share/ament_index/resource_index/packages/minibot
[0.804s] -- Up-to-date symlink: /home/olympusolutions/senior_ws/install/minibot/share/minibot/cmake/minibotConfig.cmake
[0.804s] -- Up-to-date symlink: /home/olympusolutions/senior_ws/install/minibot/share/minibot/cmake/minibotConfig-version.cmake
[0.804s] -- Up-to-date symlink: /home/olympusolutions/senior_ws/install/minibot/share/minibot/package.xml
[0.862s] Invoked command in '/home/olympusolutions/senior_ws/build/minibot' returned '0': CMAKE_PREFIX_PATH=${CMAKE_PREFIX_PATH}:/opt/ros/jazzy DEBUGINFOD_URLS=https://debuginfod.ubuntu.com /usr/bin/cmake --install /home/olympusolutions/senior_ws/build/minibot
