[8.105s] Invoking command in '/home/olympusolutions/senior_ws/src/riley_ws/src/listener_package': DEBUGINFOD_URLS=https://debuginfod.ubuntu.com PYTHONPATH=/home/olympusolutions/senior_ws/build/listener_package/prefix_override:/usr/lib/python3/dist-packages/colcon_core/task/python/colcon_distutils_commands:/home/olympusolutions/senior_ws/install/listener_package/lib/python3.12/site-packages:${PYTHONPATH} /usr/bin/python3 -W ignore:setup.py install is deprecated -W ignore:easy_install command is deprecated setup.py egg_info --egg-base ../../../../build/listener_package build --build-base /home/olympusolutions/senior_ws/build/listener_package/build install --record /home/olympusolutions/senior_ws/build/listener_package/install.log --single-version-externally-managed install_data
[11.026s] running egg_info
[11.444s] writing ../../../../build/listener_package/listener_package.egg-info/PKG-INFO
[11.449s] writing dependency_links to ../../../../build/listener_package/listener_package.egg-info/dependency_links.txt
[11.457s] writing entry points to ../../../../build/listener_package/listener_package.egg-info/entry_points.txt
[11.458s] writing requirements to ../../../../build/listener_package/listener_package.egg-info/requires.txt
[11.458s] writing top-level names to ../../../../build/listener_package/listener_package.egg-info/top_level.txt
[11.726s] reading manifest file '../../../../build/listener_package/listener_package.egg-info/SOURCES.txt'
[11.727s] adding license file 'LICENSE'
[11.732s] writing manifest file '../../../../build/listener_package/listener_package.egg-info/SOURCES.txt'
[11.733s] running build
[11.734s] running build_py
[11.734s] running install
[11.750s] running install_lib
[11.851s] running install_data
[11.851s] running install_egg_info
[11.958s] removing '/home/olympusolutions/senior_ws/install/listener_package/lib/python3.12/site-packages/listener_package-0.0.0-py3.12.egg-info' (and everything under it)
[11.963s] Copying ../../../../build/listener_package/listener_package.egg-info to /home/olympusolutions/senior_ws/install/listener_package/lib/python3.12/site-packages/listener_package-0.0.0-py3.12.egg-info
[11.969s] running install_scripts
[13.431s] Installing listener script to /home/olympusolutions/senior_ws/install/listener_package/lib/listener_package
[13.440s] Installing phone_listener script to /home/olympusolutions/senior_ws/install/listener_package/lib/listener_package
[13.447s] Installing talker script to /home/olympusolutions/senior_ws/install/listener_package/lib/listener_package
[13.462s] writing list of installed files to '/home/olympusolutions/senior_ws/build/listener_package/install.log'
[15.728s] Invoked command in '/home/olympusolutions/senior_ws/src/riley_ws/src/listener_package' returned '0': DEBUGINFOD_URLS=https://debuginfod.ubuntu.com PYTHONPATH=/home/olympusolutions/senior_ws/build/listener_package/prefix_override:/usr/lib/python3/dist-packages/colcon_core/task/python/colcon_distutils_commands:/home/olympusolutions/senior_ws/install/listener_package/lib/python3.12/site-packages:${PYTHONPATH} /usr/bin/python3 -W ignore:setup.py install is deprecated -W ignore:easy_install command is deprecated setup.py egg_info --egg-base ../../../../build/listener_package build --build-base /home/olympusolutions/senior_ws/build/listener_package/build install --record /home/olympusolutions/senior_ws/build/listener_package/install.log --single-version-externally-managed install_data
