[5.135s] Invoking command in '/home/olympusolutions/senior_ws/src/riley_ws/src/my_package': DEBUGINFOD_URLS=https://debuginfod.ubuntu.com PYTHONPATH=/home/olympusolutions/senior_ws/build/my_package/prefix_override:/usr/lib/python3/dist-packages/colcon_core/task/python/colcon_distutils_commands:/home/olympusolutions/senior_ws/install/my_package/lib/python3.12/site-packages:${PYTHONPATH} /usr/bin/python3 -W ignore:setup.py install is deprecated -W ignore:easy_install command is deprecated setup.py egg_info --egg-base ../../../../build/my_package build --build-base /home/olympusolutions/senior_ws/build/my_package/build install --record /home/olympusolutions/senior_ws/build/my_package/install.log --single-version-externally-managed install_data
[5.678s] running egg_info
[5.717s] writing ../../../../build/my_package/my_package.egg-info/PKG-INFO
[5.717s] writing dependency_links to ../../../../build/my_package/my_package.egg-info/dependency_links.txt
[5.720s] writing entry points to ../../../../build/my_package/my_package.egg-info/entry_points.txt
[5.721s] writing requirements to ../../../../build/my_package/my_package.egg-info/requires.txt
[5.723s] writing top-level names to ../../../../build/my_package/my_package.egg-info/top_level.txt
[5.799s] reading manifest file '../../../../build/my_package/my_package.egg-info/SOURCES.txt'
[5.799s] adding license file 'LICENSE'
[5.799s] writing manifest file '../../../../build/my_package/my_package.egg-info/SOURCES.txt'
[5.800s] running build
[5.801s] running build_py
[5.801s] running install
[5.813s] running install_lib
[5.845s] running install_data
[5.845s] running install_egg_info
[5.891s] removing '/home/olympusolutions/senior_ws/install/my_package/lib/python3.12/site-packages/my_package-0.0.0-py3.12.egg-info' (and everything under it)
[5.891s] Copying ../../../../build/my_package/my_package.egg-info to /home/olympusolutions/senior_ws/install/my_package/lib/python3.12/site-packages/my_package-0.0.0-py3.12.egg-info
[5.891s] running install_scripts
[6.125s] Installing my_node script to /home/olympusolutions/senior_ws/install/my_package/lib/my_package
[6.126s] writing list of installed files to '/home/olympusolutions/senior_ws/build/my_package/install.log'
[6.232s] Invoked command in '/home/olympusolutions/senior_ws/src/riley_ws/src/my_package' returned '0': DEBUGINFOD_URLS=https://debuginfod.ubuntu.com PYTHONPATH=/home/olympusolutions/senior_ws/build/my_package/prefix_override:/usr/lib/python3/dist-packages/colcon_core/task/python/colcon_distutils_commands:/home/olympusolutions/senior_ws/install/my_package/lib/python3.12/site-packages:${PYTHONPATH} /usr/bin/python3 -W ignore:setup.py install is deprecated -W ignore:easy_install command is deprecated setup.py egg_info --egg-base ../../../../build/my_package build --build-base /home/olympusolutions/senior_ws/build/my_package/build install --record /home/olympusolutions/senior_ws/build/my_package/install.log --single-version-externally-managed install_data
