[4.005s] Invoking command in '/home/olympusolutions/senior_ws/src/twist_stamper': DEBUGINFOD_URLS=https://debuginfod.ubuntu.com PYTHONPATH=/home/olympusolutions/senior_ws/build/twist_stamper/prefix_override:/usr/lib/python3/dist-packages/colcon_core/task/python/colcon_distutils_commands:/home/olympusolutions/senior_ws/install/twist_stamper/lib/python3.12/site-packages:${PYTHONPATH} /usr/bin/python3 -W ignore:setup.py install is deprecated -W ignore:easy_install command is deprecated setup.py egg_info --egg-base ../../build/twist_stamper build --build-base /home/olympusolutions/senior_ws/build/twist_stamper/build install --record /home/olympusolutions/senior_ws/build/twist_stamper/install.log --single-version-externally-managed install_data
[5.466s] running egg_info
[5.467s] creating ../../build/twist_stamper/twist_stamper.egg-info
[5.520s] writing ../../build/twist_stamper/twist_stamper.egg-info/PKG-INFO
[5.521s] writing dependency_links to ../../build/twist_stamper/twist_stamper.egg-info/dependency_links.txt
[5.521s] writing entry points to ../../build/twist_stamper/twist_stamper.egg-info/entry_points.txt
[5.521s] writing requirements to ../../build/twist_stamper/twist_stamper.egg-info/requires.txt
[5.522s] writing top-level names to ../../build/twist_stamper/twist_stamper.egg-info/top_level.txt
[5.522s] writing manifest file '../../build/twist_stamper/twist_stamper.egg-info/SOURCES.txt'
[5.630s] reading manifest file '../../build/twist_stamper/twist_stamper.egg-info/SOURCES.txt'
[5.631s] adding license file 'LICENSE'
[5.633s] writing manifest file '../../build/twist_stamper/twist_stamper.egg-info/SOURCES.txt'
[5.635s] running build
[5.635s] running build_py
[5.636s] creating /home/olympusolutions/senior_ws/build/twist_stamper/build
[5.636s] creating /home/olympusolutions/senior_ws/build/twist_stamper/build/lib
[5.637s] creating /home/olympusolutions/senior_ws/build/twist_stamper/build/lib/twist_stamper
[5.639s] copying twist_stamper/__init__.py -> /home/olympusolutions/senior_ws/build/twist_stamper/build/lib/twist_stamper
[5.639s] copying twist_stamper/twist_stamper.py -> /home/olympusolutions/senior_ws/build/twist_stamper/build/lib/twist_stamper
[5.642s] copying twist_stamper/twist_unstamper.py -> /home/olympusolutions/senior_ws/build/twist_stamper/build/lib/twist_stamper
[5.642s] running install
[5.656s] running install_lib
[5.727s] creating /home/olympusolutions/senior_ws/install/twist_stamper/lib/python3.12/site-packages/twist_stamper
[5.729s] copying /home/olympusolutions/senior_ws/build/twist_stamper/build/lib/twist_stamper/__init__.py -> /home/olympusolutions/senior_ws/install/twist_stamper/lib/python3.12/site-packages/twist_stamper
[5.734s] copying /home/olympusolutions/senior_ws/build/twist_stamper/build/lib/twist_stamper/twist_stamper.py -> /home/olympusolutions/senior_ws/install/twist_stamper/lib/python3.12/site-packages/twist_stamper
[5.735s] copying /home/olympusolutions/senior_ws/build/twist_stamper/build/lib/twist_stamper/twist_unstamper.py -> /home/olympusolutions/senior_ws/install/twist_stamper/lib/python3.12/site-packages/twist_stamper
[5.739s] byte-compiling /home/olympusolutions/senior_ws/install/twist_stamper/lib/python3.12/site-packages/twist_stamper/__init__.py to __init__.cpython-312.pyc
[5.739s] byte-compiling /home/olympusolutions/senior_ws/install/twist_stamper/lib/python3.12/site-packages/twist_stamper/twist_stamper.py to twist_stamper.cpython-312.pyc
[5.741s] byte-compiling /home/olympusolutions/senior_ws/install/twist_stamper/lib/python3.12/site-packages/twist_stamper/twist_unstamper.py to twist_unstamper.cpython-312.pyc
[5.743s] running install_data
[5.744s] creating /home/olympusolutions/senior_ws/install/twist_stamper/share/ament_index
[5.744s] creating /home/olympusolutions/senior_ws/install/twist_stamper/share/ament_index/resource_index
[5.745s] creating /home/olympusolutions/senior_ws/install/twist_stamper/share/ament_index/resource_index/packages
[5.745s] copying resource/twist_stamper -> /home/olympusolutions/senior_ws/install/twist_stamper/share/ament_index/resource_index/packages
[5.745s] copying package.xml -> /home/olympusolutions/senior_ws/install/twist_stamper/share/twist_stamper
[5.745s] running install_egg_info
[5.864s] Copying ../../build/twist_stamper/twist_stamper.egg-info to /home/olympusolutions/senior_ws/install/twist_stamper/lib/python3.12/site-packages/twist_stamper-0.0.5-py3.12.egg-info
[5.870s] running install_scripts
[6.404s] Installing twist_stamper script to /home/olympusolutions/senior_ws/install/twist_stamper/lib/twist_stamper
[6.404s] Installing twist_unstamper script to /home/olympusolutions/senior_ws/install/twist_stamper/lib/twist_stamper
[6.409s] writing list of installed files to '/home/olympusolutions/senior_ws/build/twist_stamper/install.log'
[6.609s] Invoked command in '/home/olympusolutions/senior_ws/src/twist_stamper' returned '0': DEBUGINFOD_URLS=https://debuginfod.ubuntu.com PYTHONPATH=/home/olympusolutions/senior_ws/build/twist_stamper/prefix_override:/usr/lib/python3/dist-packages/colcon_core/task/python/colcon_distutils_commands:/home/olympusolutions/senior_ws/install/twist_stamper/lib/python3.12/site-packages:${PYTHONPATH} /usr/bin/python3 -W ignore:setup.py install is deprecated -W ignore:easy_install command is deprecated setup.py egg_info --egg-base ../../build/twist_stamper build --build-base /home/olympusolutions/senior_ws/build/twist_stamper/build install --record /home/olympusolutions/senior_ws/build/twist_stamper/install.log --single-version-externally-managed install_data
