[3.378s] Invoking command in '/home/olympusolutions/senior_ws/src/twist_stamper': DEBUGINFOD_URLS=https://debuginfod.ubuntu.com PYTHONPATH=/home/olympusolutions/senior_ws/build/twist_stamper/prefix_override:/usr/lib/python3/dist-packages/colcon_core/task/python/colcon_distutils_commands:/home/olympusolutions/senior_ws/install/twist_stamper/lib/python3.12/site-packages:${PYTHONPATH} /usr/bin/python3 -W ignore:setup.py install is deprecated -W ignore:easy_install command is deprecated setup.py egg_info --egg-base ../../build/twist_stamper build --build-base /home/olympusolutions/senior_ws/build/twist_stamper/build install --record /home/olympusolutions/senior_ws/build/twist_stamper/install.log --single-version-externally-managed install_data
[3.811s] running egg_info
[3.846s] writing ../../build/twist_stamper/twist_stamper.egg-info/PKG-INFO
[3.847s] writing dependency_links to ../../build/twist_stamper/twist_stamper.egg-info/dependency_links.txt
[3.848s] writing entry points to ../../build/twist_stamper/twist_stamper.egg-info/entry_points.txt
[3.852s] writing requirements to ../../build/twist_stamper/twist_stamper.egg-info/requires.txt
[3.853s] writing top-level names to ../../build/twist_stamper/twist_stamper.egg-info/top_level.txt
[3.919s] reading manifest file '../../build/twist_stamper/twist_stamper.egg-info/SOURCES.txt'
[3.919s] adding license file 'LICENSE'
[3.920s] writing manifest file '../../build/twist_stamper/twist_stamper.egg-info/SOURCES.txt'
[3.921s] running build
[3.921s] running build_py
[3.921s] running install
[3.932s] running install_lib
[3.963s] running install_data
[3.963s] running install_egg_info
[3.997s] removing '/home/olympusolutions/senior_ws/install/twist_stamper/lib/python3.12/site-packages/twist_stamper-0.0.5-py3.12.egg-info' (and everything under it)
[3.998s] Copying ../../build/twist_stamper/twist_stamper.egg-info to /home/olympusolutions/senior_ws/install/twist_stamper/lib/python3.12/site-packages/twist_stamper-0.0.5-py3.12.egg-info
[3.999s] running install_scripts
[4.226s] Installing twist_stamper script to /home/olympusolutions/senior_ws/install/twist_stamper/lib/twist_stamper
[4.226s] Installing twist_unstamper script to /home/olympusolutions/senior_ws/install/twist_stamper/lib/twist_stamper
[4.228s] writing list of installed files to '/home/olympusolutions/senior_ws/build/twist_stamper/install.log'
[4.315s] Invoked command in '/home/olympusolutions/senior_ws/src/twist_stamper' returned '0': DEBUGINFOD_URLS=https://debuginfod.ubuntu.com PYTHONPATH=/home/olympusolutions/senior_ws/build/twist_stamper/prefix_override:/usr/lib/python3/dist-packages/colcon_core/task/python/colcon_distutils_commands:/home/olympusolutions/senior_ws/install/twist_stamper/lib/python3.12/site-packages:${PYTHONPATH} /usr/bin/python3 -W ignore:setup.py install is deprecated -W ignore:easy_install command is deprecated setup.py egg_info --egg-base ../../build/twist_stamper build --build-base /home/olympusolutions/senior_ws/build/twist_stamper/build install --record /home/olympusolutions/senior_ws/build/twist_stamper/install.log --single-version-externally-managed install_data
