[3.427s] Invoking command in '/home/olympusolutions/senior_ws/src/riley_ws/src/listener_package': DEBUGINFOD_URLS=https://debuginfod.ubuntu.com PYTHONPATH=/home/olympusolutions/senior_ws/build/listener_package/prefix_override:/usr/lib/python3/dist-packages/colcon_core/task/python/colcon_distutils_commands:/home/olympusolutions/senior_ws/install/listener_package/lib/python3.12/site-packages:${PYTHONPATH} /usr/bin/python3 -W ignore:setup.py install is deprecated -W ignore:easy_install command is deprecated setup.py egg_info --egg-base ../../../../build/listener_package build --build-base /home/olympusolutions/senior_ws/build/listener_package/build install --record /home/olympusolutions/senior_ws/build/listener_package/install.log --single-version-externally-managed install_data
[5.320s] running egg_info
[5.543s] writing ../../../../build/listener_package/listener_package.egg-info/PKG-INFO
[5.543s] writing dependency_links to ../../../../build/listener_package/listener_package.egg-info/dependency_links.txt
[5.543s] writing entry points to ../../../../build/listener_package/listener_package.egg-info/entry_points.txt
[5.544s] writing requirements to ../../../../build/listener_package/listener_package.egg-info/requires.txt
[5.544s] writing top-level names to ../../../../build/listener_package/listener_package.egg-info/top_level.txt
[5.800s] reading manifest file '../../../../build/listener_package/listener_package.egg-info/SOURCES.txt'
[5.804s] adding license file 'LICENSE'
[5.805s] writing manifest file '../../../../build/listener_package/listener_package.egg-info/SOURCES.txt'
[5.809s] running build
[5.810s] running build_py
[5.812s] running install
[5.842s] running install_lib
[5.925s] running install_data
[5.925s] running install_egg_info
[5.999s] removing '/home/olympusolutions/senior_ws/install/listener_package/lib/python3.12/site-packages/listener_package-0.0.0-py3.12.egg-info' (and everything under it)
[5.999s] Copying ../../../../build/listener_package/listener_package.egg-info to /home/olympusolutions/senior_ws/install/listener_package/lib/python3.12/site-packages/listener_package-0.0.0-py3.12.egg-info
[6.003s] running install_scripts
[6.892s] Installing listener script to /home/olympusolutions/senior_ws/install/listener_package/lib/listener_package
[6.893s] Installing phone_listener script to /home/olympusolutions/senior_ws/install/listener_package/lib/listener_package
[6.901s] Installing talker script to /home/olympusolutions/senior_ws/install/listener_package/lib/listener_package
[6.905s] writing list of installed files to '/home/olympusolutions/senior_ws/build/listener_package/install.log'
[7.352s] Invoked command in '/home/olympusolutions/senior_ws/src/riley_ws/src/listener_package' returned '0': DEBUGINFOD_URLS=https://debuginfod.ubuntu.com PYTHONPATH=/home/olympusolutions/senior_ws/build/listener_package/prefix_override:/usr/lib/python3/dist-packages/colcon_core/task/python/colcon_distutils_commands:/home/olympusolutions/senior_ws/install/listener_package/lib/python3.12/site-packages:${PYTHONPATH} /usr/bin/python3 -W ignore:setup.py install is deprecated -W ignore:easy_install command is deprecated setup.py egg_info --egg-base ../../../../build/listener_package build --build-base /home/olympusolutions/senior_ws/build/listener_package/build install --record /home/olympusolutions/senior_ws/build/listener_package/install.log --single-version-externally-managed install_data
