[1.973s] Invoking command in '/home/olympusolutions/senior_ws/src/riley_ws/src/listener_package': DEBUGINFOD_URLS=https://debuginfod.ubuntu.com PYTHONPATH=/home/olympusolutions/senior_ws/build/listener_package/prefix_override:/usr/lib/python3/dist-packages/colcon_core/task/python/colcon_distutils_commands:/home/olympusolutions/senior_ws/install/listener_package/lib/python3.12/site-packages:${PYTHONPATH} /usr/bin/python3 -W ignore:setup.py install is deprecated -W ignore:easy_install command is deprecated setup.py egg_info --egg-base ../../../../build/listener_package build --build-base /home/olympusolutions/senior_ws/build/listener_package/build install --record /home/olympusolutions/senior_ws/build/listener_package/install.log --single-version-externally-managed install_data
[2.625s] running egg_info
[2.712s] writing ../../../../build/listener_package/listener_package.egg-info/PKG-INFO
[2.712s] writing dependency_links to ../../../../build/listener_package/listener_package.egg-info/dependency_links.txt
[2.715s] writing entry points to ../../../../build/listener_package/listener_package.egg-info/entry_points.txt
[2.720s] writing requirements to ../../../../build/listener_package/listener_package.egg-info/requires.txt
[2.725s] writing top-level names to ../../../../build/listener_package/listener_package.egg-info/top_level.txt
[2.852s] reading manifest file '../../../../build/listener_package/listener_package.egg-info/SOURCES.txt'
[2.853s] adding license file 'LICENSE'
[2.855s] writing manifest file '../../../../build/listener_package/listener_package.egg-info/SOURCES.txt'
[2.856s] running build
[2.857s] running build_py
[2.859s] running install
[2.876s] running install_lib
[2.948s] running install_data
[2.949s] running install_egg_info
[3.016s] removing '/home/olympusolutions/senior_ws/install/listener_package/lib/python3.12/site-packages/listener_package-0.0.0-py3.12.egg-info' (and everything under it)
[3.019s] Copying ../../../../build/listener_package/listener_package.egg-info to /home/olympusolutions/senior_ws/install/listener_package/lib/python3.12/site-packages/listener_package-0.0.0-py3.12.egg-info
[3.019s] running install_scripts
[3.297s] Installing listener script to /home/olympusolutions/senior_ws/install/listener_package/lib/listener_package
[3.298s] Installing phone_listener script to /home/olympusolutions/senior_ws/install/listener_package/lib/listener_package
[3.299s] Installing talker script to /home/olympusolutions/senior_ws/install/listener_package/lib/listener_package
[3.301s] writing list of installed files to '/home/olympusolutions/senior_ws/build/listener_package/install.log'
[3.874s] Invoked command in '/home/olympusolutions/senior_ws/src/riley_ws/src/listener_package' returned '0': DEBUGINFOD_URLS=https://debuginfod.ubuntu.com PYTHONPATH=/home/olympusolutions/senior_ws/build/listener_package/prefix_override:/usr/lib/python3/dist-packages/colcon_core/task/python/colcon_distutils_commands:/home/olympusolutions/senior_ws/install/listener_package/lib/python3.12/site-packages:${PYTHONPATH} /usr/bin/python3 -W ignore:setup.py install is deprecated -W ignore:easy_install command is deprecated setup.py egg_info --egg-base ../../../../build/listener_package build --build-base /home/olympusolutions/senior_ws/build/listener_package/build install --record /home/olympusolutions/senior_ws/build/listener_package/install.log --single-version-externally-managed install_data
