[13.191s] Invoking command in '/home/olympusolutions/senior_ws/src/riley_ws/src/my_package': DEBUGINFOD_URLS=https://debuginfod.ubuntu.com PYTHONPATH=/home/olympusolutions/senior_ws/build/my_package/prefix_override:/usr/lib/python3/dist-packages/colcon_core/task/python/colcon_distutils_commands:/home/olympusolutions/senior_ws/install/my_package/lib/python3.12/site-packages:${PYTHONPATH} /usr/bin/python3 -W ignore:setup.py install is deprecated -W ignore:easy_install command is deprecated setup.py egg_info --egg-base ../../../../build/my_package build --build-base /home/olympusolutions/senior_ws/build/my_package/build install --record /home/olympusolutions/senior_ws/build/my_package/install.log --single-version-externally-managed install_data
[16.104s] running egg_info
[16.166s] writing ../../../../build/my_package/my_package.egg-info/PKG-INFO
[16.170s] writing dependency_links to ../../../../build/my_package/my_package.egg-info/dependency_links.txt
[16.173s] writing entry points to ../../../../build/my_package/my_package.egg-info/entry_points.txt
[16.175s] writing requirements to ../../../../build/my_package/my_package.egg-info/requires.txt
[16.180s] writing top-level names to ../../../../build/my_package/my_package.egg-info/top_level.txt
[16.381s] reading manifest file '../../../../build/my_package/my_package.egg-info/SOURCES.txt'
[16.386s] adding license file 'LICENSE'
[16.393s] writing manifest file '../../../../build/my_package/my_package.egg-info/SOURCES.txt'
[16.397s] running build
[16.400s] running build_py
[16.403s] running install
[16.412s] running install_lib
[16.519s] running install_data
[16.526s] running install_egg_info
[16.601s] removing '/home/olympusolutions/senior_ws/install/my_package/lib/python3.12/site-packages/my_package-0.0.0-py3.12.egg-info' (and everything under it)
[16.603s] Copying ../../../../build/my_package/my_package.egg-info to /home/olympusolutions/senior_ws/install/my_package/lib/python3.12/site-packages/my_package-0.0.0-py3.12.egg-info
[16.605s] running install_scripts
[17.293s] Installing my_node script to /home/olympusolutions/senior_ws/install/my_package/lib/my_package
[17.295s] writing list of installed files to '/home/olympusolutions/senior_ws/build/my_package/install.log'
[17.620s] Invoked command in '/home/olympusolutions/senior_ws/src/riley_ws/src/my_package' returned '0': DEBUGINFOD_URLS=https://debuginfod.ubuntu.com PYTHONPATH=/home/olympusolutions/senior_ws/build/my_package/prefix_override:/usr/lib/python3/dist-packages/colcon_core/task/python/colcon_distutils_commands:/home/olympusolutions/senior_ws/install/my_package/lib/python3.12/site-packages:${PYTHONPATH} /usr/bin/python3 -W ignore:setup.py install is deprecated -W ignore:easy_install command is deprecated setup.py egg_info --egg-base ../../../../build/my_package build --build-base /home/olympusolutions/senior_ws/build/my_package/build install --record /home/olympusolutions/senior_ws/build/my_package/install.log --single-version-externally-managed install_data
