[2.957s] Invoking command in '/home/olympusolutions/senior_ws/src/riley_ws/src/listener_package': DEBUGINFOD_URLS=https://debuginfod.ubuntu.com PYTHONPATH=/home/olympusolutions/senior_ws/build/listener_package/prefix_override:/usr/lib/python3/dist-packages/colcon_core/task/python/colcon_distutils_commands:/home/olympusolutions/senior_ws/install/listener_package/lib/python3.12/site-packages:${PYTHONPATH} /usr/bin/python3 -W ignore:setup.py install is deprecated -W ignore:easy_install command is deprecated setup.py egg_info --egg-base ../../../../build/listener_package build --build-base /home/olympusolutions/senior_ws/build/listener_package/build install --record /home/olympusolutions/senior_ws/build/listener_package/install.log --single-version-externally-managed install_data
[3.742s] running egg_info
[3.819s] writing ../../../../build/listener_package/listener_package.egg-info/PKG-INFO
[3.819s] writing dependency_links to ../../../../build/listener_package/listener_package.egg-info/dependency_links.txt
[3.819s] writing entry points to ../../../../build/listener_package/listener_package.egg-info/entry_points.txt
[3.829s] writing requirements to ../../../../build/listener_package/listener_package.egg-info/requires.txt
[3.829s] writing top-level names to ../../../../build/listener_package/listener_package.egg-info/top_level.txt
[4.020s] reading manifest file '../../../../build/listener_package/listener_package.egg-info/SOURCES.txt'
[4.021s] adding license file 'LICENSE'
[4.022s] writing manifest file '../../../../build/listener_package/listener_package.egg-info/SOURCES.txt'
[4.022s] running build
[4.024s] running build_py
[4.024s] running install
[4.035s] running install_lib
[4.108s] running install_data
[4.109s] running install_egg_info
[4.141s] removing '/home/olympusolutions/senior_ws/install/listener_package/lib/python3.12/site-packages/listener_package-0.0.0-py3.12.egg-info' (and everything under it)
[4.142s] Copying ../../../../build/listener_package/listener_package.egg-info to /home/olympusolutions/senior_ws/install/listener_package/lib/python3.12/site-packages/listener_package-0.0.0-py3.12.egg-info
[4.142s] running install_scripts
[4.488s] Installing listener script to /home/olympusolutions/senior_ws/install/listener_package/lib/listener_package
[4.492s] Installing phone_listener script to /home/olympusolutions/senior_ws/install/listener_package/lib/listener_package
[4.497s] Installing talker script to /home/olympusolutions/senior_ws/install/listener_package/lib/listener_package
[4.504s] writing list of installed files to '/home/olympusolutions/senior_ws/build/listener_package/install.log'
[5.507s] Invoked command in '/home/olympusolutions/senior_ws/src/riley_ws/src/listener_package' returned '0': DEBUGINFOD_URLS=https://debuginfod.ubuntu.com PYTHONPATH=/home/olympusolutions/senior_ws/build/listener_package/prefix_override:/usr/lib/python3/dist-packages/colcon_core/task/python/colcon_distutils_commands:/home/olympusolutions/senior_ws/install/listener_package/lib/python3.12/site-packages:${PYTHONPATH} /usr/bin/python3 -W ignore:setup.py install is deprecated -W ignore:easy_install command is deprecated setup.py egg_info --egg-base ../../../../build/listener_package build --build-base /home/olympusolutions/senior_ws/build/listener_package/build install --record /home/olympusolutions/senior_ws/build/listener_package/install.log --single-version-externally-managed install_data
