[1.790s] Invoking command in '/home/olympusolutions/riley_ws/src/my_package': DEBUGINFOD_URLS=https://debuginfod.ubuntu.com PYTHONPATH=/home/olympusolutions/riley_ws/build/my_package/prefix_override:/usr/lib/python3/dist-packages/colcon_core/task/python/colcon_distutils_commands:/home/olympusolutions/riley_ws/install/my_package/lib/python3.12/site-packages:${PYTHONPATH} /usr/bin/python3 -W ignore:setup.py install is deprecated -W ignore:easy_install command is deprecated setup.py egg_info --egg-base ../../build/my_package build --build-base /home/olympusolutions/riley_ws/build/my_package/build install --record /home/olympusolutions/riley_ws/build/my_package/install.log --single-version-externally-managed install_data
[2.280s] running egg_info
[2.280s] creating ../../build/my_package/my_package.egg-info
[2.311s] writing ../../build/my_package/my_package.egg-info/PKG-INFO
[2.311s] writing dependency_links to ../../build/my_package/my_package.egg-info/dependency_links.txt
[2.311s] writing entry points to ../../build/my_package/my_package.egg-info/entry_points.txt
[2.311s] writing requirements to ../../build/my_package/my_package.egg-info/requires.txt
[2.311s] writing top-level names to ../../build/my_package/my_package.egg-info/top_level.txt
[2.312s] writing manifest file '../../build/my_package/my_package.egg-info/SOURCES.txt'
[2.368s] reading manifest file '../../build/my_package/my_package.egg-info/SOURCES.txt'
[2.368s] adding license file 'LICENSE'
[2.369s] writing manifest file '../../build/my_package/my_package.egg-info/SOURCES.txt'
[2.369s] running build
[2.369s] running build_py
[2.369s] creating /home/olympusolutions/riley_ws/build/my_package/build
[2.369s] creating /home/olympusolutions/riley_ws/build/my_package/build/lib
[2.369s] creating /home/olympusolutions/riley_ws/build/my_package/build/lib/my_package
[2.369s] copying my_package/__init__.py -> /home/olympusolutions/riley_ws/build/my_package/build/lib/my_package
[2.370s] copying my_package/my_node.py -> /home/olympusolutions/riley_ws/build/my_package/build/lib/my_package
[2.370s] running install
[2.379s] running install_lib
[2.410s] creating /home/olympusolutions/riley_ws/install/my_package/lib/python3.12/site-packages/my_package
[2.411s] copying /home/olympusolutions/riley_ws/build/my_package/build/lib/my_package/__init__.py -> /home/olympusolutions/riley_ws/install/my_package/lib/python3.12/site-packages/my_package
[2.411s] copying /home/olympusolutions/riley_ws/build/my_package/build/lib/my_package/my_node.py -> /home/olympusolutions/riley_ws/install/my_package/lib/python3.12/site-packages/my_package
[2.411s] byte-compiling /home/olympusolutions/riley_ws/install/my_package/lib/python3.12/site-packages/my_package/__init__.py to __init__.cpython-312.pyc
[2.412s] byte-compiling /home/olympusolutions/riley_ws/install/my_package/lib/python3.12/site-packages/my_package/my_node.py to my_node.cpython-312.pyc
[2.412s] running install_data
[2.412s] creating /home/olympusolutions/riley_ws/install/my_package/share/ament_index
[2.412s] creating /home/olympusolutions/riley_ws/install/my_package/share/ament_index/resource_index
[2.413s] creating /home/olympusolutions/riley_ws/install/my_package/share/ament_index/resource_index/packages
[2.413s] copying resource/my_package -> /home/olympusolutions/riley_ws/install/my_package/share/ament_index/resource_index/packages
[2.413s] copying package.xml -> /home/olympusolutions/riley_ws/install/my_package/share/my_package
[2.413s] running install_egg_info
[2.443s] Copying ../../build/my_package/my_package.egg-info to /home/olympusolutions/riley_ws/install/my_package/lib/python3.12/site-packages/my_package-0.0.0-py3.12.egg-info
[2.444s] running install_scripts
[2.665s] Installing my_node script to /home/olympusolutions/riley_ws/install/my_package/lib/my_package
[2.665s] writing list of installed files to '/home/olympusolutions/riley_ws/build/my_package/install.log'
[2.856s] Invoked command in '/home/olympusolutions/riley_ws/src/my_package' returned '0': DEBUGINFOD_URLS=https://debuginfod.ubuntu.com PYTHONPATH=/home/olympusolutions/riley_ws/build/my_package/prefix_override:/usr/lib/python3/dist-packages/colcon_core/task/python/colcon_distutils_commands:/home/olympusolutions/riley_ws/install/my_package/lib/python3.12/site-packages:${PYTHONPATH} /usr/bin/python3 -W ignore:setup.py install is deprecated -W ignore:easy_install command is deprecated setup.py egg_info --egg-base ../../build/my_package build --build-base /home/olympusolutions/riley_ws/build/my_package/build install --record /home/olympusolutions/riley_ws/build/my_package/install.log --single-version-externally-managed install_data
