[0.046s] Invoking command in '/home/olympusolutions/senior_ws/build/diffdrive_arduino': CMAKE_PREFIX_PATH=${CMAKE_PREFIX_PATH}:/opt/ros/jazzy DEBUGINFOD_URLS=https://debuginfod.ubuntu.com /usr/bin/cmake /home/olympusolutions/senior_ws/src/diffdrive_arduino -DCMAKE_INSTALL_PREFIX=/home/olympusolutions/senior_ws/install/diffdrive_arduino
[0.088s] -- Found ament_cmake: 2.5.3 (/opt/ros/jazzy/share/ament_cmake/cmake)
[0.953s] -- Override CMake install command with custom implementation using symlinks instead of copying resources
[0.975s] -- Found hardware_interface: 4.24.0 (/opt/ros/jazzy/share/hardware_interface/cmake)
[1.032s] -- Found rosidl_generator_c: 4.6.5 (/opt/ros/jazzy/share/rosidl_generator_c/cmake)
[1.047s] -- Found rosidl_generator_cpp: 4.6.5 (/opt/ros/jazzy/share/rosidl_generator_cpp/cmake)
[1.067s] -- Using all available rosidl_typesupport_c: rosidl_typesupport_fastrtps_c;rosidl_typesupport_introspection_c
[1.093s] -- Using all available rosidl_typesupport_cpp: rosidl_typesupport_fastrtps_cpp;rosidl_typesupport_introspection_cpp
[1.519s] -- Found TinyXML2 via Config file: /usr/lib/aarch64-linux-gnu/cmake/tinyxml2
[1.580s] -- Found rmw_implementation_cmake: 7.3.1 (/opt/ros/jazzy/share/rmw_implementation_cmake/cmake)
[1.582s] -- Found rmw_fastrtps_cpp: 8.4.1 (/opt/ros/jazzy/share/rmw_fastrtps_cpp/cmake)
[1.617s] -- Found TinyXML2 via Config file: /usr/lib/aarch64-linux-gnu/cmake/tinyxml2
[1.637s] -- Found TinyXML2 via Config file: /usr/lib/aarch64-linux-gnu/cmake/tinyxml2
[1.666s] -- Found TinyXML2 via Config file: /usr/lib/aarch64-linux-gnu/cmake/tinyxml2
[1.687s] -- Found TinyXML2 via Config file: /usr/lib/aarch64-linux-gnu/cmake/tinyxml2
[1.715s] -- Using RMW implementation 'rmw_fastrtps_cpp' as default
[1.975s] -- Found ament_cmake_gtest: 2.5.3 (/opt/ros/jazzy/share/ament_cmake_gtest/cmake)
[2.294s] -- Configuring done (2.2s)
[2.393s] -- Generating done (0.1s)
[2.425s] -- Build files have been written to: /home/olympusolutions/senior_ws/build/diffdrive_arduino
[2.458s] Invoked command in '/home/olympusolutions/senior_ws/build/diffdrive_arduino' returned '0': CMAKE_PREFIX_PATH=${CMAKE_PREFIX_PATH}:/opt/ros/jazzy DEBUGINFOD_URLS=https://debuginfod.ubuntu.com /usr/bin/cmake /home/olympusolutions/senior_ws/src/diffdrive_arduino -DCMAKE_INSTALL_PREFIX=/home/olympusolutions/senior_ws/install/diffdrive_arduino
[2.464s] Invoking command in '/home/olympusolutions/senior_ws/build/diffdrive_arduino': CMAKE_PREFIX_PATH=${CMAKE_PREFIX_PATH}:/opt/ros/jazzy DEBUGINFOD_URLS=https://debuginfod.ubuntu.com /usr/bin/cmake --build /home/olympusolutions/senior_ws/build/diffdrive_arduino -- -j4 -l4
[2.662s] [100%] Built target diffdrive_arduino
[2.708s] Invoked command in '/home/olympusolutions/senior_ws/build/diffdrive_arduino' returned '0': CMAKE_PREFIX_PATH=${CMAKE_PREFIX_PATH}:/opt/ros/jazzy DEBUGINFOD_URLS=https://debuginfod.ubuntu.com /usr/bin/cmake --build /home/olympusolutions/senior_ws/build/diffdrive_arduino -- -j4 -l4
[2.709s] Invoking command in '/home/olympusolutions/senior_ws/build/diffdrive_arduino': CMAKE_PREFIX_PATH=${CMAKE_PREFIX_PATH}:/opt/ros/jazzy DEBUGINFOD_URLS=https://debuginfod.ubuntu.com /usr/bin/cmake --install /home/olympusolutions/senior_ws/build/diffdrive_arduino
[2.757s] -- Install configuration: ""
[2.766s] -- Execute custom install script
[2.766s] -- Up-to-date symlink: /home/olympusolutions/senior_ws/install/diffdrive_arduino/share/diffdrive_arduino//diffdrive_arduino.xml
[2.781s] -- Up-to-date symlink: /home/olympusolutions/senior_ws/install/diffdrive_arduino/include/diffdrive_arduino/diffdrive_arduino/arduino_comms.hpp
[2.781s] -- Up-to-date symlink: /home/olympusolutions/senior_ws/install/diffdrive_arduino/include/diffdrive_arduino/diffdrive_arduino/diffbot_system.hpp
[2.781s] -- Up-to-date symlink: /home/olympusolutions/senior_ws/install/diffdrive_arduino/include/diffdrive_arduino/diffdrive_arduino/visibility_control.h
[2.781s] -- Up-to-date symlink: /home/olympusolutions/senior_ws/install/diffdrive_arduino/include/diffdrive_arduino/diffdrive_arduino/wheel.hpp
[2.798s] -- Up-to-date symlink: /home/olympusolutions/senior_ws/install/diffdrive_arduino/share/diffdrive_arduino/launch/view_robot.launch.py
[2.798s] -- Up-to-date symlink: /home/olympusolutions/senior_ws/install/diffdrive_arduino/share/diffdrive_arduino/ros2_control/diffbot.ros2_control.xacro
[2.798s] -- Up-to-date symlink: /home/olympusolutions/senior_ws/install/diffdrive_arduino/share/diffdrive_arduino/urdf/diffbot.materials.xacro
[2.798s] -- Up-to-date symlink: /home/olympusolutions/senior_ws/install/diffdrive_arduino/share/diffdrive_arduino/urdf/diffbot.urdf.xacro
[2.798s] -- Up-to-date symlink: /home/olympusolutions/senior_ws/install/diffdrive_arduino/share/diffdrive_arduino/urdf/diffbot_description.urdf.xacro
[2.799s] -- Up-to-date symlink: /home/olympusolutions/senior_ws/install/diffdrive_arduino/share/diffdrive_arduino/rviz/diffbot.rviz
[2.799s] -- Up-to-date symlink: /home/olympusolutions/senior_ws/install/diffdrive_arduino/share/diffdrive_arduino/rviz/diffbot_view.rviz
[2.799s] -- Up-to-date symlink: /home/olympusolutions/senior_ws/install/diffdrive_arduino/share/diffdrive_arduino/launch/diffbot.launch.py
[2.799s] -- Up-to-date symlink: /home/olympusolutions/senior_ws/install/diffdrive_arduino/share/diffdrive_arduino/config/diffbot_controllers.yaml
[2.801s] -- Up-to-date symlink: /home/olympusolutions/senior_ws/install/diffdrive_arduino/share/diffdrive_arduino/environment/library_path.sh
[2.801s] -- Up-to-date symlink: /home/olympusolutions/senior_ws/install/diffdrive_arduino/share/diffdrive_arduino/environment/library_path.dsv
[2.801s] -- Up-to-date symlink: /home/olympusolutions/senior_ws/install/diffdrive_arduino/share/ament_index/resource_index/package_run_dependencies/diffdrive_arduino
[2.801s] -- Up-to-date symlink: /home/olympusolutions/senior_ws/install/diffdrive_arduino/share/ament_index/resource_index/parent_prefix_path/diffdrive_arduino
[2.802s] -- Up-to-date symlink: /home/olympusolutions/senior_ws/install/diffdrive_arduino/share/diffdrive_arduino/environment/ament_prefix_path.sh
[2.802s] -- Up-to-date symlink: /home/olympusolutions/senior_ws/install/diffdrive_arduino/share/diffdrive_arduino/environment/ament_prefix_path.dsv
[2.805s] -- Up-to-date symlink: /home/olympusolutions/senior_ws/install/diffdrive_arduino/share/diffdrive_arduino/environment/path.sh
[2.805s] -- Up-to-date symlink: /home/olympusolutions/senior_ws/install/diffdrive_arduino/share/diffdrive_arduino/environment/path.dsv
[2.805s] -- Up-to-date symlink: /home/olympusolutions/senior_ws/install/diffdrive_arduino/share/diffdrive_arduino/local_setup.bash
[2.805s] -- Up-to-date symlink: /home/olympusolutions/senior_ws/install/diffdrive_arduino/share/diffdrive_arduino/local_setup.sh
[2.806s] -- Up-to-date symlink: /home/olympusolutions/senior_ws/install/diffdrive_arduino/share/diffdrive_arduino/local_setup.zsh
[2.806s] -- Up-to-date symlink: /home/olympusolutions/senior_ws/install/diffdrive_arduino/share/diffdrive_arduino/local_setup.dsv
[2.807s] -- Symlinking: /home/olympusolutions/senior_ws/install/diffdrive_arduino/share/diffdrive_arduino/package.dsv
[2.829s] -- Up-to-date symlink: /home/olympusolutions/senior_ws/install/diffdrive_arduino/share/ament_index/resource_index/packages/diffdrive_arduino
[2.829s] -- Up-to-date symlink: /home/olympusolutions/senior_ws/install/diffdrive_arduino/share/ament_index/resource_index/hardware_interface__pluginlib__plugin/diffdrive_arduino
[2.829s] -- Up-to-date symlink: /home/olympusolutions/senior_ws/install/diffdrive_arduino/share/diffdrive_arduino/cmake/ament_cmake_export_targets-extras.cmake
[2.830s] -- Up-to-date symlink: /home/olympusolutions/senior_ws/install/diffdrive_arduino/share/diffdrive_arduino/cmake/ament_cmake_export_dependencies-extras.cmake
[2.830s] -- Up-to-date symlink: /home/olympusolutions/senior_ws/install/diffdrive_arduino/share/diffdrive_arduino/cmake/diffdrive_arduinoConfig.cmake
[2.830s] -- Up-to-date symlink: /home/olympusolutions/senior_ws/install/diffdrive_arduino/share/diffdrive_arduino/cmake/diffdrive_arduinoConfig-version.cmake
[2.830s] -- Up-to-date symlink: /home/olympusolutions/senior_ws/install/diffdrive_arduino/share/diffdrive_arduino/package.xml
[2.830s] -- Up-to-date: /home/olympusolutions/senior_ws/install/diffdrive_arduino/lib/libdiffdrive_arduino.so
[2.831s] -- Up-to-date: /home/olympusolutions/senior_ws/install/diffdrive_arduino/share/diffdrive_arduino/cmake/export_diffdrive_arduinoExport.cmake
[2.831s] -- Up-to-date: /home/olympusolutions/senior_ws/install/diffdrive_arduino/share/diffdrive_arduino/cmake/export_diffdrive_arduinoExport-noconfig.cmake
[2.976s] Invoked command in '/home/olympusolutions/senior_ws/build/diffdrive_arduino' returned '0': CMAKE_PREFIX_PATH=${CMAKE_PREFIX_PATH}:/opt/ros/jazzy DEBUGINFOD_URLS=https://debuginfod.ubuntu.com /usr/bin/cmake --install /home/olympusolutions/senior_ws/build/diffdrive_arduino
