[2.236s] Invoking command in '/home/olympusolutions/riley_ws/src/listener_package': DEBUGINFOD_URLS=https://debuginfod.ubuntu.com PYTHONPATH=/home/olympusolutions/riley_ws/build/listener_package/prefix_override:/usr/lib/python3/dist-packages/colcon_core/task/python/colcon_distutils_commands:/home/olympusolutions/riley_ws/install/listener_package/lib/python3.12/site-packages:${PYTHONPATH} /usr/bin/python3 -W ignore:setup.py install is deprecated -W ignore:easy_install command is deprecated setup.py egg_info --egg-base ../../build/listener_package build --build-base /home/olympusolutions/riley_ws/build/listener_package/build install --record /home/olympusolutions/riley_ws/build/listener_package/install.log --single-version-externally-managed install_data
[2.750s] running egg_info
[2.780s] writing ../../build/listener_package/listener_package.egg-info/PKG-INFO
[2.780s] writing dependency_links to ../../build/listener_package/listener_package.egg-info/dependency_links.txt
[2.782s] writing entry points to ../../build/listener_package/listener_package.egg-info/entry_points.txt
[2.786s] writing requirements to ../../build/listener_package/listener_package.egg-info/requires.txt
[2.786s] writing top-level names to ../../build/listener_package/listener_package.egg-info/top_level.txt
[2.868s] reading manifest file '../../build/listener_package/listener_package.egg-info/SOURCES.txt'
[2.868s] adding license file 'LICENSE'
[2.869s] writing manifest file '../../build/listener_package/listener_package.egg-info/SOURCES.txt'
[2.869s] running build
[2.869s] running build_py
[2.869s] running install
[2.879s] running install_lib
[2.925s] running install_data
[2.927s] running install_egg_info
[2.964s] removing '/home/olympusolutions/riley_ws/install/listener_package/lib/python3.12/site-packages/listener_package-0.0.0-py3.12.egg-info' (and everything under it)
[2.965s] Copying ../../build/listener_package/listener_package.egg-info to /home/olympusolutions/riley_ws/install/listener_package/lib/python3.12/site-packages/listener_package-0.0.0-py3.12.egg-info
[2.966s] running install_scripts
[3.260s] Installing listener script to /home/olympusolutions/riley_ws/install/listener_package/lib/listener_package
[3.260s] Installing phone_listener script to /home/olympusolutions/riley_ws/install/listener_package/lib/listener_package
[3.260s] Installing talker script to /home/olympusolutions/riley_ws/install/listener_package/lib/listener_package
[3.261s] writing list of installed files to '/home/olympusolutions/riley_ws/build/listener_package/install.log'
[3.433s] Invoked command in '/home/olympusolutions/riley_ws/src/listener_package' returned '0': DEBUGINFOD_URLS=https://debuginfod.ubuntu.com PYTHONPATH=/home/olympusolutions/riley_ws/build/listener_package/prefix_override:/usr/lib/python3/dist-packages/colcon_core/task/python/colcon_distutils_commands:/home/olympusolutions/riley_ws/install/listener_package/lib/python3.12/site-packages:${PYTHONPATH} /usr/bin/python3 -W ignore:setup.py install is deprecated -W ignore:easy_install command is deprecated setup.py egg_info --egg-base ../../build/listener_package build --build-base /home/olympusolutions/riley_ws/build/listener_package/build install --record /home/olympusolutions/riley_ws/build/listener_package/install.log --single-version-externally-managed install_data
