[0.048s] Invoking command in '/home/olympusolutions/senior_ws/build/extender_arduino': CMAKE_PREFIX_PATH=${CMAKE_PREFIX_PATH}:/home/olympusolutions/senior_ws/install/twist_stamper:/home/olympusolutions/senior_ws/install/serial_motor_demo:/home/olympusolutions/senior_ws/install/my_package:/home/olympusolutions/senior_ws/install/listener_package:/home/olympusolutions/senior_ws/install/joy_tester:/opt/ros/jazzy DEBUGINFOD_URLS=https://debuginfod.ubuntu.com /usr/bin/cmake --build /home/olympusolutions/senior_ws/build/extender_arduino -- -j4 -l4
[0.261s] [100%] Built target extender_arduino
[0.970s] Invoked command in '/home/olympusolutions/senior_ws/build/extender_arduino' returned '0': CMAKE_PREFIX_PATH=${CMAKE_PREFIX_PATH}:/home/olympusolutions/senior_ws/install/twist_stamper:/home/olympusolutions/senior_ws/install/serial_motor_demo:/home/olympusolutions/senior_ws/install/my_package:/home/olympusolutions/senior_ws/install/listener_package:/home/olympusolutions/senior_ws/install/joy_tester:/opt/ros/jazzy DEBUGINFOD_URLS=https://debuginfod.ubuntu.com /usr/bin/cmake --build /home/olympusolutions/senior_ws/build/extender_arduino -- -j4 -l4
[0.996s] Invoking command in '/home/olympusolutions/senior_ws/build/extender_arduino': CMAKE_PREFIX_PATH=${CMAKE_PREFIX_PATH}:/home/olympusolutions/senior_ws/install/twist_stamper:/home/olympusolutions/senior_ws/install/serial_motor_demo:/home/olympusolutions/senior_ws/install/my_package:/home/olympusolutions/senior_ws/install/listener_package:/home/olympusolutions/senior_ws/install/joy_tester:/opt/ros/jazzy DEBUGINFOD_URLS=https://debuginfod.ubuntu.com /usr/bin/cmake --install /home/olympusolutions/senior_ws/build/extender_arduino
[1.045s] -- Install configuration: ""
[1.047s] -- Execute custom install script
[1.049s] -- Up-to-date symlink: /home/olympusolutions/senior_ws/install/extender_arduino/share/extender_arduino//extender_arduino.xml
[1.050s] -- Up-to-date symlink: /home/olympusolutions/senior_ws/install/extender_arduino/include/extender_arduino/extender_arduino/arduino_comms.hpp
[1.051s] -- Up-to-date symlink: /home/olympusolutions/senior_ws/install/extender_arduino/include/extender_arduino/extender_arduino/diffbot_system.hpp
[1.051s] -- Up-to-date symlink: /home/olympusolutions/senior_ws/install/extender_arduino/include/extender_arduino/extender_arduino/gripper.hpp
[1.051s] -- Up-to-date symlink: /home/olympusolutions/senior_ws/install/extender_arduino/include/extender_arduino/extender_arduino/visibility_control.h
[1.052s] -- Up-to-date symlink: /home/olympusolutions/senior_ws/install/extender_arduino/include/extender_arduino/extender_arduino/wheel.hpp
[1.058s] -- Up-to-date symlink: /home/olympusolutions/senior_ws/install/extender_arduino/share/extender_arduino/launch/view_robot.launch.py
[1.058s] -- Up-to-date symlink: /home/olympusolutions/senior_ws/install/extender_arduino/share/extender_arduino/ros2_control/diffbot.ros2_control.xacro
[1.058s] -- Up-to-date symlink: /home/olympusolutions/senior_ws/install/extender_arduino/share/extender_arduino/urdf/diffbot.materials.xacro
[1.059s] -- Up-to-date symlink: /home/olympusolutions/senior_ws/install/extender_arduino/share/extender_arduino/urdf/diffbot.urdf.xacro
[1.059s] -- Up-to-date symlink: /home/olympusolutions/senior_ws/install/extender_arduino/share/extender_arduino/urdf/diffbot_description.urdf.xacro
[1.059s] -- Up-to-date symlink: /home/olympusolutions/senior_ws/install/extender_arduino/share/extender_arduino/rviz/diffbot.rviz
[1.060s] -- Up-to-date symlink: /home/olympusolutions/senior_ws/install/extender_arduino/share/extender_arduino/rviz/diffbot_view.rviz
[1.060s] -- Up-to-date symlink: /home/olympusolutions/senior_ws/install/extender_arduino/share/extender_arduino/launch/diffbot.launch.py
[1.060s] -- Up-to-date symlink: /home/olympusolutions/senior_ws/install/extender_arduino/share/extender_arduino/config/diffbot_controllers.yaml
[1.060s] -- Up-to-date symlink: /home/olympusolutions/senior_ws/install/extender_arduino/share/extender_arduino/config/extender_controllers.yaml
[1.060s] -- Up-to-date symlink: /home/olympusolutions/senior_ws/install/extender_arduino/share/extender_arduino/environment/library_path.sh
[1.061s] -- Up-to-date symlink: /home/olympusolutions/senior_ws/install/extender_arduino/share/extender_arduino/environment/library_path.dsv
[1.061s] -- Up-to-date symlink: /home/olympusolutions/senior_ws/install/extender_arduino/share/ament_index/resource_index/package_run_dependencies/extender_arduino
[1.061s] -- Up-to-date symlink: /home/olympusolutions/senior_ws/install/extender_arduino/share/ament_index/resource_index/parent_prefix_path/extender_arduino
[1.062s] -- Up-to-date symlink: /home/olympusolutions/senior_ws/install/extender_arduino/share/extender_arduino/environment/ament_prefix_path.sh
[1.063s] -- Up-to-date symlink: /home/olympusolutions/senior_ws/install/extender_arduino/share/extender_arduino/environment/ament_prefix_path.dsv
[1.065s] -- Up-to-date symlink: /home/olympusolutions/senior_ws/install/extender_arduino/share/extender_arduino/environment/path.sh
[1.065s] -- Up-to-date symlink: /home/olympusolutions/senior_ws/install/extender_arduino/share/extender_arduino/environment/path.dsv
[1.066s] -- Up-to-date symlink: /home/olympusolutions/senior_ws/install/extender_arduino/share/extender_arduino/local_setup.bash
[1.066s] -- Up-to-date symlink: /home/olympusolutions/senior_ws/install/extender_arduino/share/extender_arduino/local_setup.sh
[1.066s] -- Up-to-date symlink: /home/olympusolutions/senior_ws/install/extender_arduino/share/extender_arduino/local_setup.zsh
[1.067s] -- Up-to-date symlink: /home/olympusolutions/senior_ws/install/extender_arduino/share/extender_arduino/local_setup.dsv
[1.067s] -- Symlinking: /home/olympusolutions/senior_ws/install/extender_arduino/share/extender_arduino/package.dsv
[1.135s] -- Up-to-date symlink: /home/olympusolutions/senior_ws/install/extender_arduino/share/ament_index/resource_index/packages/extender_arduino
[1.135s] -- Up-to-date symlink: /home/olympusolutions/senior_ws/install/extender_arduino/share/ament_index/resource_index/hardware_interface__pluginlib__plugin/extender_arduino
[1.135s] -- Up-to-date symlink: /home/olympusolutions/senior_ws/install/extender_arduino/share/extender_arduino/cmake/ament_cmake_export_targets-extras.cmake
[1.136s] -- Up-to-date symlink: /home/olympusolutions/senior_ws/install/extender_arduino/share/extender_arduino/cmake/ament_cmake_export_dependencies-extras.cmake
[1.136s] -- Up-to-date symlink: /home/olympusolutions/senior_ws/install/extender_arduino/share/extender_arduino/cmake/extender_arduinoConfig.cmake
[1.138s] -- Up-to-date symlink: /home/olympusolutions/senior_ws/install/extender_arduino/share/extender_arduino/cmake/extender_arduinoConfig-version.cmake
[1.140s] -- Up-to-date symlink: /home/olympusolutions/senior_ws/install/extender_arduino/share/extender_arduino/package.xml
[1.140s] -- Up-to-date: /home/olympusolutions/senior_ws/install/extender_arduino/lib/libextender_arduino.so
[1.143s] -- Up-to-date: /home/olympusolutions/senior_ws/install/extender_arduino/share/extender_arduino/cmake/export_extender_arduinoExport.cmake
[1.143s] -- Up-to-date: /home/olympusolutions/senior_ws/install/extender_arduino/share/extender_arduino/cmake/export_extender_arduinoExport-noconfig.cmake
[1.252s] Invoked command in '/home/olympusolutions/senior_ws/build/extender_arduino' returned '0': CMAKE_PREFIX_PATH=${CMAKE_PREFIX_PATH}:/home/olympusolutions/senior_ws/install/twist_stamper:/home/olympusolutions/senior_ws/install/serial_motor_demo:/home/olympusolutions/senior_ws/install/my_package:/home/olympusolutions/senior_ws/install/listener_package:/home/olympusolutions/senior_ws/install/joy_tester:/opt/ros/jazzy DEBUGINFOD_URLS=https://debuginfod.ubuntu.com /usr/bin/cmake --install /home/olympusolutions/senior_ws/build/extender_arduino
