running egg_info
creating ../../build/listener_package/listener_package.egg-info
writing ../../build/listener_package/listener_package.egg-info/PKG-INFO
writing dependency_links to ../../build/listener_package/listener_package.egg-info/dependency_links.txt
writing requirements to ../../build/listener_package/listener_package.egg-info/requires.txt
writing top-level names to ../../build/listener_package/listener_package.egg-info/top_level.txt
writing manifest file '../../build/listener_package/listener_package.egg-info/SOURCES.txt'
reading manifest file '../../build/listener_package/listener_package.egg-info/SOURCES.txt'
adding license file 'LICENSE'
writing manifest file '../../build/listener_package/listener_package.egg-info/SOURCES.txt'
running build
running build_py
creating /home/olympusolutions/riley_ws/build/listener_package/build
creating /home/olympusolutions/riley_ws/build/listener_package/build/lib
creating /home/olympusolutions/riley_ws/build/listener_package/build/lib/listener_package
copying listener_package/__init__.py -> /home/olympusolutions/riley_ws/build/listener_package/build/lib/listener_package
running install
running install_lib
creating /home/olympusolutions/riley_ws/install/listener_package/lib/python3.12/site-packages/listener_package
copying /home/olympusolutions/riley_ws/build/listener_package/build/lib/listener_package/__init__.py -> /home/olympusolutions/riley_ws/install/listener_package/lib/python3.12/site-packages/listener_package
byte-compiling /home/olympusolutions/riley_ws/install/listener_package/lib/python3.12/site-packages/listener_package/__init__.py to __init__.cpython-312.pyc
running install_data
creating /home/olympusolutions/riley_ws/install/listener_package/share/ament_index
creating /home/olympusolutions/riley_ws/install/listener_package/share/ament_index/resource_index
creating /home/olympusolutions/riley_ws/install/listener_package/share/ament_index/resource_index/packages
copying resource/listener_package -> /home/olympusolutions/riley_ws/install/listener_package/share/ament_index/resource_index/packages
copying package.xml -> /home/olympusolutions/riley_ws/install/listener_package/share/listener_package
running install_egg_info
Copying ../../build/listener_package/listener_package.egg-info to /home/olympusolutions/riley_ws/install/listener_package/lib/python3.12/site-packages/listener_package-0.0.0-py3.12.egg-info
running install_scripts
writing list of installed files to '/home/olympusolutions/riley_ws/build/listener_package/install.log'
