[1.800s] Invoking command in '/home/olympusolutions/riley_ws/src/listener_package': DEBUGINFOD_URLS=https://debuginfod.ubuntu.com PYTHONPATH=/home/olympusolutions/riley_ws/build/listener_package/prefix_override:/usr/lib/python3/dist-packages/colcon_core/task/python/colcon_distutils_commands:/home/olympusolutions/riley_ws/install/listener_package/lib/python3.12/site-packages:${PYTHONPATH} /usr/bin/python3 -W ignore:setup.py install is deprecated -W ignore:easy_install command is deprecated setup.py egg_info --egg-base ../../build/listener_package build --build-base /home/olympusolutions/riley_ws/build/listener_package/build install --record /home/olympusolutions/riley_ws/build/listener_package/install.log --single-version-externally-managed install_data
[2.284s] running egg_info
[2.284s] creating ../../build/listener_package/listener_package.egg-info
[2.312s] writing ../../build/listener_package/listener_package.egg-info/PKG-INFO
[2.312s] writing dependency_links to ../../build/listener_package/listener_package.egg-info/dependency_links.txt
[2.312s] writing requirements to ../../build/listener_package/listener_package.egg-info/requires.txt
[2.312s] writing top-level names to ../../build/listener_package/listener_package.egg-info/top_level.txt
[2.313s] writing manifest file '../../build/listener_package/listener_package.egg-info/SOURCES.txt'
[2.373s] reading manifest file '../../build/listener_package/listener_package.egg-info/SOURCES.txt'
[2.373s] adding license file 'LICENSE'
[2.374s] writing manifest file '../../build/listener_package/listener_package.egg-info/SOURCES.txt'
[2.374s] running build
[2.374s] running build_py
[2.374s] creating /home/olympusolutions/riley_ws/build/listener_package/build
[2.375s] creating /home/olympusolutions/riley_ws/build/listener_package/build/lib
[2.375s] creating /home/olympusolutions/riley_ws/build/listener_package/build/lib/listener_package
[2.375s] copying listener_package/__init__.py -> /home/olympusolutions/riley_ws/build/listener_package/build/lib/listener_package
[2.375s] running install
[2.385s] running install_lib
[2.413s] creating /home/olympusolutions/riley_ws/install/listener_package/lib/python3.12/site-packages/listener_package
[2.413s] copying /home/olympusolutions/riley_ws/build/listener_package/build/lib/listener_package/__init__.py -> /home/olympusolutions/riley_ws/install/listener_package/lib/python3.12/site-packages/listener_package
[2.414s] byte-compiling /home/olympusolutions/riley_ws/install/listener_package/lib/python3.12/site-packages/listener_package/__init__.py to __init__.cpython-312.pyc
[2.414s] running install_data
[2.414s] creating /home/olympusolutions/riley_ws/install/listener_package/share/ament_index
[2.414s] creating /home/olympusolutions/riley_ws/install/listener_package/share/ament_index/resource_index
[2.415s] creating /home/olympusolutions/riley_ws/install/listener_package/share/ament_index/resource_index/packages
[2.415s] copying resource/listener_package -> /home/olympusolutions/riley_ws/install/listener_package/share/ament_index/resource_index/packages
[2.415s] copying package.xml -> /home/olympusolutions/riley_ws/install/listener_package/share/listener_package
[2.415s] running install_egg_info
[2.449s] Copying ../../build/listener_package/listener_package.egg-info to /home/olympusolutions/riley_ws/install/listener_package/lib/python3.12/site-packages/listener_package-0.0.0-py3.12.egg-info
[2.450s] running install_scripts
[2.658s] writing list of installed files to '/home/olympusolutions/riley_ws/build/listener_package/install.log'
[2.828s] Invoked command in '/home/olympusolutions/riley_ws/src/listener_package' returned '0': DEBUGINFOD_URLS=https://debuginfod.ubuntu.com PYTHONPATH=/home/olympusolutions/riley_ws/build/listener_package/prefix_override:/usr/lib/python3/dist-packages/colcon_core/task/python/colcon_distutils_commands:/home/olympusolutions/riley_ws/install/listener_package/lib/python3.12/site-packages:${PYTHONPATH} /usr/bin/python3 -W ignore:setup.py install is deprecated -W ignore:easy_install command is deprecated setup.py egg_info --egg-base ../../build/listener_package build --build-base /home/olympusolutions/riley_ws/build/listener_package/build install --record /home/olympusolutions/riley_ws/build/listener_package/install.log --single-version-externally-managed install_data
