[1.599s] Invoking command in '/home/olympusolutions/senior_ws/src/riley_ws/src/listener_package': DEBUGINFOD_URLS=https://debuginfod.ubuntu.com PYTHONPATH=/home/olympusolutions/senior_ws/src/riley_ws/build/listener_package/prefix_override:/usr/lib/python3/dist-packages/colcon_core/task/python/colcon_distutils_commands:/home/olympusolutions/senior_ws/src/riley_ws/install/listener_package/lib/python3.12/site-packages:${PYTHONPATH} /usr/bin/python3 -W ignore:setup.py install is deprecated -W ignore:easy_install command is deprecated setup.py egg_info --egg-base ../../build/listener_package build --build-base /home/olympusolutions/senior_ws/src/riley_ws/build/listener_package/build install --record /home/olympusolutions/senior_ws/src/riley_ws/build/listener_package/install.log --single-version-externally-managed install_data
[2.028s] running egg_info
[2.058s] writing ../../build/listener_package/listener_package.egg-info/PKG-INFO
[2.058s] writing dependency_links to ../../build/listener_package/listener_package.egg-info/dependency_links.txt
[2.059s] writing entry points to ../../build/listener_package/listener_package.egg-info/entry_points.txt
[2.060s] writing requirements to ../../build/listener_package/listener_package.egg-info/requires.txt
[2.061s] writing top-level names to ../../build/listener_package/listener_package.egg-info/top_level.txt
[2.126s] reading manifest file '../../build/listener_package/listener_package.egg-info/SOURCES.txt'
[2.126s] adding license file 'LICENSE'
[2.127s] writing manifest file '../../build/listener_package/listener_package.egg-info/SOURCES.txt'
[2.127s] running build
[2.128s] running build_py
[2.128s] running install
[2.138s] running install_lib
[2.167s] running install_data
[2.167s] running install_egg_info
[2.197s] removing '/home/olympusolutions/senior_ws/src/riley_ws/install/listener_package/lib/python3.12/site-packages/listener_package-0.0.0-py3.12.egg-info' (and everything under it)
[2.199s] Copying ../../build/listener_package/listener_package.egg-info to /home/olympusolutions/senior_ws/src/riley_ws/install/listener_package/lib/python3.12/site-packages/listener_package-0.0.0-py3.12.egg-info
[2.199s] running install_scripts
[2.422s] Installing listener script to /home/olympusolutions/senior_ws/src/riley_ws/install/listener_package/lib/listener_package
[2.422s] Installing phone_listener script to /home/olympusolutions/senior_ws/src/riley_ws/install/listener_package/lib/listener_package
[2.424s] Installing talker script to /home/olympusolutions/senior_ws/src/riley_ws/install/listener_package/lib/listener_package
[2.425s] writing list of installed files to '/home/olympusolutions/senior_ws/src/riley_ws/build/listener_package/install.log'
[2.515s] Invoked command in '/home/olympusolutions/senior_ws/src/riley_ws/src/listener_package' returned '0': DEBUGINFOD_URLS=https://debuginfod.ubuntu.com PYTHONPATH=/home/olympusolutions/senior_ws/src/riley_ws/build/listener_package/prefix_override:/usr/lib/python3/dist-packages/colcon_core/task/python/colcon_distutils_commands:/home/olympusolutions/senior_ws/src/riley_ws/install/listener_package/lib/python3.12/site-packages:${PYTHONPATH} /usr/bin/python3 -W ignore:setup.py install is deprecated -W ignore:easy_install command is deprecated setup.py egg_info --egg-base ../../build/listener_package build --build-base /home/olympusolutions/senior_ws/src/riley_ws/build/listener_package/build install --record /home/olympusolutions/senior_ws/src/riley_ws/build/listener_package/install.log --single-version-externally-managed install_data
