[0.037s] Invoking command in '/home/olympusolutions/senior_ws/build/serial': CMAKE_PREFIX_PATH=${CMAKE_PREFIX_PATH}:/home/olympusolutions/senior_ws/install/twist_stamper:/home/olympusolutions/senior_ws/install/serial_motor_demo:/home/olympusolutions/senior_ws/install/my_package:/home/olympusolutions/senior_ws/install/listener_package:/home/olympusolutions/senior_ws/install/joy_tester:/home/olympusolutions/senior_ws/src/riley_ws/install/my_package:/home/olympusolutions/senior_ws/src/riley_ws/install/listener_package:/opt/ros/jazzy DEBUGINFOD_URLS=https://debuginfod.ubuntu.com /usr/bin/cmake /home/olympusolutions/senior_ws/src/serial -DAMENT_CMAKE_SYMLINK_INSTALL=1 -DCMAKE_INSTALL_PREFIX=/home/olympusolutions/senior_ws/install/serial
[0.066s] -- Found ament_cmake: 2.5.3 (/opt/ros/jazzy/share/ament_cmake/cmake)
[0.639s] -- Override CMake install command with custom implementation using symlinks instead of copying resources
[0.654s] -- Found ament_cmake_gtest: 2.5.3 (/opt/ros/jazzy/share/ament_cmake_gtest/cmake)
[0.663s] -- Found gtest sources under '/opt/ros/jazzy/src/gtest_vendor': C++ tests using 'Google Test' will be built
[0.923s] -- Configuring done (0.9s)
[0.967s] -- Generating done (0.0s)
[0.993s] -- Build files have been written to: /home/olympusolutions/senior_ws/build/serial
[1.012s] Invoked command in '/home/olympusolutions/senior_ws/build/serial' returned '0': CMAKE_PREFIX_PATH=${CMAKE_PREFIX_PATH}:/home/olympusolutions/senior_ws/install/twist_stamper:/home/olympusolutions/senior_ws/install/serial_motor_demo:/home/olympusolutions/senior_ws/install/my_package:/home/olympusolutions/senior_ws/install/listener_package:/home/olympusolutions/senior_ws/install/joy_tester:/home/olympusolutions/senior_ws/src/riley_ws/install/my_package:/home/olympusolutions/senior_ws/src/riley_ws/install/listener_package:/opt/ros/jazzy DEBUGINFOD_URLS=https://debuginfod.ubuntu.com /usr/bin/cmake /home/olympusolutions/senior_ws/src/serial -DAMENT_CMAKE_SYMLINK_INSTALL=1 -DCMAKE_INSTALL_PREFIX=/home/olympusolutions/senior_ws/install/serial
[1.015s] Invoking command in '/home/olympusolutions/senior_ws/build/serial': CMAKE_PREFIX_PATH=${CMAKE_PREFIX_PATH}:/home/olympusolutions/senior_ws/install/twist_stamper:/home/olympusolutions/senior_ws/install/serial_motor_demo:/home/olympusolutions/senior_ws/install/my_package:/home/olympusolutions/senior_ws/install/listener_package:/home/olympusolutions/senior_ws/install/joy_tester:/home/olympusolutions/senior_ws/src/riley_ws/install/my_package:/home/olympusolutions/senior_ws/src/riley_ws/install/listener_package:/opt/ros/jazzy DEBUGINFOD_URLS=https://debuginfod.ubuntu.com /usr/bin/cmake --build /home/olympusolutions/senior_ws/build/serial -- -j4 -l4
[1.201s] [ 42%] Built target serial
[1.201s] [ 35%] Built target gtest_main
[1.233s] [ 57%] Built target gtest
[1.310s] [ 71%] Built target serial_example
[1.354s] [ 85%] Built target serial-test
[1.366s] [100%] Built target serial-test-timer
[1.400s] Invoked command in '/home/olympusolutions/senior_ws/build/serial' returned '0': CMAKE_PREFIX_PATH=${CMAKE_PREFIX_PATH}:/home/olympusolutions/senior_ws/install/twist_stamper:/home/olympusolutions/senior_ws/install/serial_motor_demo:/home/olympusolutions/senior_ws/install/my_package:/home/olympusolutions/senior_ws/install/listener_package:/home/olympusolutions/senior_ws/install/joy_tester:/home/olympusolutions/senior_ws/src/riley_ws/install/my_package:/home/olympusolutions/senior_ws/src/riley_ws/install/listener_package:/opt/ros/jazzy DEBUGINFOD_URLS=https://debuginfod.ubuntu.com /usr/bin/cmake --build /home/olympusolutions/senior_ws/build/serial -- -j4 -l4
[1.403s] Invoking command in '/home/olympusolutions/senior_ws/build/serial': CMAKE_PREFIX_PATH=${CMAKE_PREFIX_PATH}:/home/olympusolutions/senior_ws/install/twist_stamper:/home/olympusolutions/senior_ws/install/serial_motor_demo:/home/olympusolutions/senior_ws/install/my_package:/home/olympusolutions/senior_ws/install/listener_package:/home/olympusolutions/senior_ws/install/joy_tester:/home/olympusolutions/senior_ws/src/riley_ws/install/my_package:/home/olympusolutions/senior_ws/src/riley_ws/install/listener_package:/opt/ros/jazzy DEBUGINFOD_URLS=https://debuginfod.ubuntu.com /usr/bin/cmake --install /home/olympusolutions/senior_ws/build/serial
[1.436s] -- Install configuration: ""
[1.436s] -- Execute custom install script
[1.438s] -- Up-to-date symlink: /home/olympusolutions/senior_ws/install/serial/lib/libserial.a
[1.439s] -- Up-to-date symlink: /home/olympusolutions/senior_ws/install/serial/include/serial/serial.h
[1.439s] -- Up-to-date symlink: /home/olympusolutions/senior_ws/install/serial/include/serial/v8stdint.h
[1.441s] -- Up-to-date symlink: /home/olympusolutions/senior_ws/install/serial/share/serial/environment/library_path.sh
[1.441s] -- Up-to-date symlink: /home/olympusolutions/senior_ws/install/serial/share/serial/environment/library_path.dsv
[1.442s] -- Up-to-date symlink: /home/olympusolutions/senior_ws/install/serial/share/ament_index/resource_index/package_run_dependencies/serial
[1.442s] -- Up-to-date symlink: /home/olympusolutions/senior_ws/install/serial/share/ament_index/resource_index/parent_prefix_path/serial
[1.444s] -- Up-to-date symlink: /home/olympusolutions/senior_ws/install/serial/share/serial/environment/ament_prefix_path.sh
[1.445s] -- Up-to-date symlink: /home/olympusolutions/senior_ws/install/serial/share/serial/environment/ament_prefix_path.dsv
[1.445s] -- Up-to-date symlink: /home/olympusolutions/senior_ws/install/serial/share/serial/environment/path.sh
[1.446s] -- Up-to-date symlink: /home/olympusolutions/senior_ws/install/serial/share/serial/environment/path.dsv
[1.447s] -- Up-to-date symlink: /home/olympusolutions/senior_ws/install/serial/share/serial/local_setup.bash
[1.447s] -- Up-to-date symlink: /home/olympusolutions/senior_ws/install/serial/share/serial/local_setup.sh
[1.448s] -- Up-to-date symlink: /home/olympusolutions/senior_ws/install/serial/share/serial/local_setup.zsh
[1.448s] -- Up-to-date symlink: /home/olympusolutions/senior_ws/install/serial/share/serial/local_setup.dsv
[1.449s] -- Symlinking: /home/olympusolutions/senior_ws/install/serial/share/serial/package.dsv
[1.478s] -- Up-to-date symlink: /home/olympusolutions/senior_ws/install/serial/share/ament_index/resource_index/packages/serial
[1.480s] -- Up-to-date symlink: /home/olympusolutions/senior_ws/install/serial/share/serial/cmake/ament_cmake_export_include_directories-extras.cmake
[1.481s] -- Up-to-date symlink: /home/olympusolutions/senior_ws/install/serial/share/serial/cmake/ament_cmake_export_libraries-extras.cmake
[1.482s] -- Up-to-date symlink: /home/olympusolutions/senior_ws/install/serial/share/serial/cmake/serialConfig.cmake
[1.482s] -- Up-to-date symlink: /home/olympusolutions/senior_ws/install/serial/share/serial/cmake/serialConfig-version.cmake
[1.483s] -- Up-to-date symlink: /home/olympusolutions/senior_ws/install/serial/share/serial/package.xml
[1.490s] Invoked command in '/home/olympusolutions/senior_ws/build/serial' returned '0': CMAKE_PREFIX_PATH=${CMAKE_PREFIX_PATH}:/home/olympusolutions/senior_ws/install/twist_stamper:/home/olympusolutions/senior_ws/install/serial_motor_demo:/home/olympusolutions/senior_ws/install/my_package:/home/olympusolutions/senior_ws/install/listener_package:/home/olympusolutions/senior_ws/install/joy_tester:/home/olympusolutions/senior_ws/src/riley_ws/install/my_package:/home/olympusolutions/senior_ws/src/riley_ws/install/listener_package:/opt/ros/jazzy DEBUGINFOD_URLS=https://debuginfod.ubuntu.com /usr/bin/cmake --install /home/olympusolutions/senior_ws/build/serial
