[2.830s] Invoking command in '/home/olympusolutions/senior_ws/src/riley_ws/src/my_package': DEBUGINFOD_URLS=https://debuginfod.ubuntu.com PYTHONPATH=/home/olympusolutions/senior_ws/build/my_package/prefix_override:/usr/lib/python3/dist-packages/colcon_core/task/python/colcon_distutils_commands:/home/olympusolutions/senior_ws/install/my_package/lib/python3.12/site-packages:${PYTHONPATH} /usr/bin/python3 -W ignore:setup.py install is deprecated -W ignore:easy_install command is deprecated setup.py egg_info --egg-base ../../../../build/my_package build --build-base /home/olympusolutions/senior_ws/build/my_package/build install --record /home/olympusolutions/senior_ws/build/my_package/install.log --single-version-externally-managed install_data
[3.721s] running egg_info
[3.780s] writing ../../../../build/my_package/my_package.egg-info/PKG-INFO
[3.780s] writing dependency_links to ../../../../build/my_package/my_package.egg-info/dependency_links.txt
[3.781s] writing entry points to ../../../../build/my_package/my_package.egg-info/entry_points.txt
[3.784s] writing requirements to ../../../../build/my_package/my_package.egg-info/requires.txt
[3.784s] writing top-level names to ../../../../build/my_package/my_package.egg-info/top_level.txt
[3.889s] reading manifest file '../../../../build/my_package/my_package.egg-info/SOURCES.txt'
[3.889s] adding license file 'LICENSE'
[3.890s] writing manifest file '../../../../build/my_package/my_package.egg-info/SOURCES.txt'
[3.890s] running build
[3.890s] running build_py
[3.892s] running install
[3.901s] running install_lib
[3.933s] running install_data
[3.933s] running install_egg_info
[3.980s] removing '/home/olympusolutions/senior_ws/install/my_package/lib/python3.12/site-packages/my_package-0.0.0-py3.12.egg-info' (and everything under it)
[3.980s] Copying ../../../../build/my_package/my_package.egg-info to /home/olympusolutions/senior_ws/install/my_package/lib/python3.12/site-packages/my_package-0.0.0-py3.12.egg-info
[3.980s] running install_scripts
[4.220s] Installing my_node script to /home/olympusolutions/senior_ws/install/my_package/lib/my_package
[4.220s] writing list of installed files to '/home/olympusolutions/senior_ws/build/my_package/install.log'
[4.375s] Invoked command in '/home/olympusolutions/senior_ws/src/riley_ws/src/my_package' returned '0': DEBUGINFOD_URLS=https://debuginfod.ubuntu.com PYTHONPATH=/home/olympusolutions/senior_ws/build/my_package/prefix_override:/usr/lib/python3/dist-packages/colcon_core/task/python/colcon_distutils_commands:/home/olympusolutions/senior_ws/install/my_package/lib/python3.12/site-packages:${PYTHONPATH} /usr/bin/python3 -W ignore:setup.py install is deprecated -W ignore:easy_install command is deprecated setup.py egg_info --egg-base ../../../../build/my_package build --build-base /home/olympusolutions/senior_ws/build/my_package/build install --record /home/olympusolutions/senior_ws/build/my_package/install.log --single-version-externally-managed install_data
