[2.091s] Invoking command in '/home/olympusolutions/senior_ws/src/riley_ws/src/listener_package': DEBUGINFOD_URLS=https://debuginfod.ubuntu.com PYTHONPATH=/home/olympusolutions/senior_ws/build/listener_package/prefix_override:/usr/lib/python3/dist-packages/colcon_core/task/python/colcon_distutils_commands:/home/olympusolutions/senior_ws/install/listener_package/lib/python3.12/site-packages:${PYTHONPATH} /usr/bin/python3 -W ignore:setup.py install is deprecated -W ignore:easy_install command is deprecated setup.py egg_info --egg-base ../../../../build/listener_package build --build-base /home/olympusolutions/senior_ws/build/listener_package/build install --record /home/olympusolutions/senior_ws/build/listener_package/install.log --single-version-externally-managed install_data
[2.901s] running egg_info
[2.951s] writing ../../../../build/listener_package/listener_package.egg-info/PKG-INFO
[2.955s] writing dependency_links to ../../../../build/listener_package/listener_package.egg-info/dependency_links.txt
[2.956s] writing entry points to ../../../../build/listener_package/listener_package.egg-info/entry_points.txt
[2.956s] writing requirements to ../../../../build/listener_package/listener_package.egg-info/requires.txt
[2.957s] writing top-level names to ../../../../build/listener_package/listener_package.egg-info/top_level.txt
[3.032s] reading manifest file '../../../../build/listener_package/listener_package.egg-info/SOURCES.txt'
[3.033s] adding license file 'LICENSE'
[3.035s] writing manifest file '../../../../build/listener_package/listener_package.egg-info/SOURCES.txt'
[3.036s] running build
[3.036s] running build_py
[3.039s] running install
[3.052s] running install_lib
[3.098s] running install_data
[3.099s] running install_egg_info
[3.139s] removing '/home/olympusolutions/senior_ws/install/listener_package/lib/python3.12/site-packages/listener_package-0.0.0-py3.12.egg-info' (and everything under it)
[3.139s] Copying ../../../../build/listener_package/listener_package.egg-info to /home/olympusolutions/senior_ws/install/listener_package/lib/python3.12/site-packages/listener_package-0.0.0-py3.12.egg-info
[3.146s] running install_scripts
[3.480s] Installing listener script to /home/olympusolutions/senior_ws/install/listener_package/lib/listener_package
[3.481s] Installing phone_listener script to /home/olympusolutions/senior_ws/install/listener_package/lib/listener_package
[3.481s] Installing talker script to /home/olympusolutions/senior_ws/install/listener_package/lib/listener_package
[3.483s] writing list of installed files to '/home/olympusolutions/senior_ws/build/listener_package/install.log'
[3.711s] Invoked command in '/home/olympusolutions/senior_ws/src/riley_ws/src/listener_package' returned '0': DEBUGINFOD_URLS=https://debuginfod.ubuntu.com PYTHONPATH=/home/olympusolutions/senior_ws/build/listener_package/prefix_override:/usr/lib/python3/dist-packages/colcon_core/task/python/colcon_distutils_commands:/home/olympusolutions/senior_ws/install/listener_package/lib/python3.12/site-packages:${PYTHONPATH} /usr/bin/python3 -W ignore:setup.py install is deprecated -W ignore:easy_install command is deprecated setup.py egg_info --egg-base ../../../../build/listener_package build --build-base /home/olympusolutions/senior_ws/build/listener_package/build install --record /home/olympusolutions/senior_ws/build/listener_package/install.log --single-version-externally-managed install_data
