[4.354s] Invoking command in '/home/olympusolutions/senior_ws/src/riley_ws/src/my_package': DEBUGINFOD_URLS=https://debuginfod.ubuntu.com PYTHONPATH=/home/olympusolutions/senior_ws/build/my_package/prefix_override:/usr/lib/python3/dist-packages/colcon_core/task/python/colcon_distutils_commands:/home/olympusolutions/senior_ws/install/my_package/lib/python3.12/site-packages:${PYTHONPATH} /usr/bin/python3 -W ignore:setup.py install is deprecated -W ignore:easy_install command is deprecated setup.py egg_info --egg-base ../../../../build/my_package build --build-base /home/olympusolutions/senior_ws/build/my_package/build install --record /home/olympusolutions/senior_ws/build/my_package/install.log --single-version-externally-managed install_data
[5.252s] running egg_info
[5.292s] writing ../../../../build/my_package/my_package.egg-info/PKG-INFO
[5.294s] writing dependency_links to ../../../../build/my_package/my_package.egg-info/dependency_links.txt
[5.295s] writing entry points to ../../../../build/my_package/my_package.egg-info/entry_points.txt
[5.296s] writing requirements to ../../../../build/my_package/my_package.egg-info/requires.txt
[5.298s] writing top-level names to ../../../../build/my_package/my_package.egg-info/top_level.txt
[5.469s] reading manifest file '../../../../build/my_package/my_package.egg-info/SOURCES.txt'
[5.473s] adding license file 'LICENSE'
[5.481s] writing manifest file '../../../../build/my_package/my_package.egg-info/SOURCES.txt'
[5.482s] running build
[5.483s] running build_py
[5.485s] running install
[5.505s] running install_lib
[5.583s] running install_data
[5.583s] running install_egg_info
[5.747s] removing '/home/olympusolutions/senior_ws/install/my_package/lib/python3.12/site-packages/my_package-0.0.0-py3.12.egg-info' (and everything under it)
[5.754s] Copying ../../../../build/my_package/my_package.egg-info to /home/olympusolutions/senior_ws/install/my_package/lib/python3.12/site-packages/my_package-0.0.0-py3.12.egg-info
[5.768s] running install_scripts
[6.403s] Installing my_node script to /home/olympusolutions/senior_ws/install/my_package/lib/my_package
[6.404s] writing list of installed files to '/home/olympusolutions/senior_ws/build/my_package/install.log'
[6.606s] Invoked command in '/home/olympusolutions/senior_ws/src/riley_ws/src/my_package' returned '0': DEBUGINFOD_URLS=https://debuginfod.ubuntu.com PYTHONPATH=/home/olympusolutions/senior_ws/build/my_package/prefix_override:/usr/lib/python3/dist-packages/colcon_core/task/python/colcon_distutils_commands:/home/olympusolutions/senior_ws/install/my_package/lib/python3.12/site-packages:${PYTHONPATH} /usr/bin/python3 -W ignore:setup.py install is deprecated -W ignore:easy_install command is deprecated setup.py egg_info --egg-base ../../../../build/my_package build --build-base /home/olympusolutions/senior_ws/build/my_package/build install --record /home/olympusolutions/senior_ws/build/my_package/install.log --single-version-externally-managed install_data
