[6.653s] Invoking command in '/home/olympusolutions/senior_ws/src/riley_ws/src/my_package': DEBUGINFOD_URLS=https://debuginfod.ubuntu.com PYTHONPATH=/home/olympusolutions/senior_ws/build/my_package/prefix_override:/usr/lib/python3/dist-packages/colcon_core/task/python/colcon_distutils_commands:/home/olympusolutions/senior_ws/install/my_package/lib/python3.12/site-packages:${PYTHONPATH} /usr/bin/python3 -W ignore:setup.py install is deprecated -W ignore:easy_install command is deprecated setup.py egg_info --egg-base ../../../../build/my_package build --build-base /home/olympusolutions/senior_ws/build/my_package/build install --record /home/olympusolutions/senior_ws/build/my_package/install.log --single-version-externally-managed install_data
[8.098s] running egg_info
[8.153s] writing ../../../../build/my_package/my_package.egg-info/PKG-INFO
[8.154s] writing dependency_links to ../../../../build/my_package/my_package.egg-info/dependency_links.txt
[8.154s] writing entry points to ../../../../build/my_package/my_package.egg-info/entry_points.txt
[8.154s] writing requirements to ../../../../build/my_package/my_package.egg-info/requires.txt
[8.154s] writing top-level names to ../../../../build/my_package/my_package.egg-info/top_level.txt
[8.298s] reading manifest file '../../../../build/my_package/my_package.egg-info/SOURCES.txt'
[8.300s] adding license file 'LICENSE'
[8.301s] writing manifest file '../../../../build/my_package/my_package.egg-info/SOURCES.txt'
[8.301s] running build
[8.302s] running build_py
[8.303s] running install
[8.320s] running install_lib
[8.386s] running install_data
[8.386s] running install_egg_info
[8.497s] removing '/home/olympusolutions/senior_ws/install/my_package/lib/python3.12/site-packages/my_package-0.0.0-py3.12.egg-info' (and everything under it)
[8.498s] Copying ../../../../build/my_package/my_package.egg-info to /home/olympusolutions/senior_ws/install/my_package/lib/python3.12/site-packages/my_package-0.0.0-py3.12.egg-info
[8.657s] running install_scripts
[9.136s] Installing my_node script to /home/olympusolutions/senior_ws/install/my_package/lib/my_package
[9.186s] writing list of installed files to '/home/olympusolutions/senior_ws/build/my_package/install.log'
[9.421s] Invoked command in '/home/olympusolutions/senior_ws/src/riley_ws/src/my_package' returned '0': DEBUGINFOD_URLS=https://debuginfod.ubuntu.com PYTHONPATH=/home/olympusolutions/senior_ws/build/my_package/prefix_override:/usr/lib/python3/dist-packages/colcon_core/task/python/colcon_distutils_commands:/home/olympusolutions/senior_ws/install/my_package/lib/python3.12/site-packages:${PYTHONPATH} /usr/bin/python3 -W ignore:setup.py install is deprecated -W ignore:easy_install command is deprecated setup.py egg_info --egg-base ../../../../build/my_package build --build-base /home/olympusolutions/senior_ws/build/my_package/build install --record /home/olympusolutions/senior_ws/build/my_package/install.log --single-version-externally-managed install_data
