[8.732s] Invoking command in '/home/olympusolutions/senior_ws/src/riley_ws/src/my_package': DEBUGINFOD_URLS=https://debuginfod.ubuntu.com PYTHONPATH=/home/olympusolutions/senior_ws/build/my_package/prefix_override:/usr/lib/python3/dist-packages/colcon_core/task/python/colcon_distutils_commands:/home/olympusolutions/senior_ws/install/my_package/lib/python3.12/site-packages:${PYTHONPATH} /usr/bin/python3 -W ignore:setup.py install is deprecated -W ignore:easy_install command is deprecated setup.py egg_info --egg-base ../../../../build/my_package build --build-base /home/olympusolutions/senior_ws/build/my_package/build install --record /home/olympusolutions/senior_ws/build/my_package/install.log --single-version-externally-managed install_data
[11.316s] running egg_info
[11.404s] writing ../../../../build/my_package/my_package.egg-info/PKG-INFO
[11.407s] writing dependency_links to ../../../../build/my_package/my_package.egg-info/dependency_links.txt
[11.411s] writing entry points to ../../../../build/my_package/my_package.egg-info/entry_points.txt
[11.411s] writing requirements to ../../../../build/my_package/my_package.egg-info/requires.txt
[11.411s] writing top-level names to ../../../../build/my_package/my_package.egg-info/top_level.txt
[11.891s] reading manifest file '../../../../build/my_package/my_package.egg-info/SOURCES.txt'
[11.893s] adding license file 'LICENSE'
[11.904s] writing manifest file '../../../../build/my_package/my_package.egg-info/SOURCES.txt'
[11.907s] running build
[11.910s] running build_py
[11.910s] running install
[11.982s] running install_lib
[12.197s] running install_data
[12.200s] running install_egg_info
[12.529s] removing '/home/olympusolutions/senior_ws/install/my_package/lib/python3.12/site-packages/my_package-0.0.0-py3.12.egg-info' (and everything under it)
[12.533s] Copying ../../../../build/my_package/my_package.egg-info to /home/olympusolutions/senior_ws/install/my_package/lib/python3.12/site-packages/my_package-0.0.0-py3.12.egg-info
[12.543s] running install_scripts
[14.827s] Installing my_node script to /home/olympusolutions/senior_ws/install/my_package/lib/my_package
[14.829s] writing list of installed files to '/home/olympusolutions/senior_ws/build/my_package/install.log'
[15.290s] Invoked command in '/home/olympusolutions/senior_ws/src/riley_ws/src/my_package' returned '0': DEBUGINFOD_URLS=https://debuginfod.ubuntu.com PYTHONPATH=/home/olympusolutions/senior_ws/build/my_package/prefix_override:/usr/lib/python3/dist-packages/colcon_core/task/python/colcon_distutils_commands:/home/olympusolutions/senior_ws/install/my_package/lib/python3.12/site-packages:${PYTHONPATH} /usr/bin/python3 -W ignore:setup.py install is deprecated -W ignore:easy_install command is deprecated setup.py egg_info --egg-base ../../../../build/my_package build --build-base /home/olympusolutions/senior_ws/build/my_package/build install --record /home/olympusolutions/senior_ws/build/my_package/install.log --single-version-externally-managed install_data
