[2.746s] Invoking command in '/home/olympusolutions/senior_ws/build/my_package': DEBUGINFOD_URLS=https://debuginfod.ubuntu.com PYTHONPATH=/home/olympusolutions/senior_ws/build/my_package/prefix_override:/usr/lib/python3/dist-packages/colcon_core/task/python/colcon_distutils_commands:/home/olympusolutions/senior_ws/install/my_package/lib/python3.12/site-packages:${PYTHONPATH} /usr/bin/python3 -W ignore:setup.py install is deprecated -W ignore:easy_install command is deprecated setup.py develop --uninstall --editable --build-directory /home/olympusolutions/senior_ws/build/my_package/build
[3.555s] running develop
[4.048s] Removing /home/olympusolutions/senior_ws/install/my_package/lib/python3.12/site-packages/my-package.egg-link (link to .)
[4.623s] Invoked command in '/home/olympusolutions/senior_ws/build/my_package' returned '0': DEBUGINFOD_URLS=https://debuginfod.ubuntu.com PYTHONPATH=/home/olympusolutions/senior_ws/build/my_package/prefix_override:/usr/lib/python3/dist-packages/colcon_core/task/python/colcon_distutils_commands:/home/olympusolutions/senior_ws/install/my_package/lib/python3.12/site-packages:${PYTHONPATH} /usr/bin/python3 -W ignore:setup.py install is deprecated -W ignore:easy_install command is deprecated setup.py develop --uninstall --editable --build-directory /home/olympusolutions/senior_ws/build/my_package/build
[4.624s] Invoking command in '/home/olympusolutions/senior_ws/src/riley_ws/src/my_package': DEBUGINFOD_URLS=https://debuginfod.ubuntu.com PYTHONPATH=/home/olympusolutions/senior_ws/build/my_package/prefix_override:/usr/lib/python3/dist-packages/colcon_core/task/python/colcon_distutils_commands:/home/olympusolutions/senior_ws/install/my_package/lib/python3.12/site-packages:${PYTHONPATH} /usr/bin/python3 -W ignore:setup.py install is deprecated -W ignore:easy_install command is deprecated setup.py egg_info --egg-base ../../../../build/my_package build --build-base /home/olympusolutions/senior_ws/build/my_package/build install --record /home/olympusolutions/senior_ws/build/my_package/install.log --single-version-externally-managed install_data --force
[5.254s] running egg_info
[5.295s] writing ../../../../build/my_package/my_package.egg-info/PKG-INFO
[5.295s] writing dependency_links to ../../../../build/my_package/my_package.egg-info/dependency_links.txt
[5.296s] writing entry points to ../../../../build/my_package/my_package.egg-info/entry_points.txt
[5.297s] writing requirements to ../../../../build/my_package/my_package.egg-info/requires.txt
[5.298s] writing top-level names to ../../../../build/my_package/my_package.egg-info/top_level.txt
[5.386s] reading manifest file '../../../../build/my_package/my_package.egg-info/SOURCES.txt'
[5.386s] adding license file 'LICENSE'
[5.386s] writing manifest file '../../../../build/my_package/my_package.egg-info/SOURCES.txt'
[5.386s] running build
[5.386s] running build_py
[5.392s] running install
[5.403s] running install_lib
[5.446s] creating /home/olympusolutions/senior_ws/install/my_package/lib/python3.12/site-packages/my_package
[5.447s] copying /home/olympusolutions/senior_ws/build/my_package/build/lib/my_package/__init__.py -> /home/olympusolutions/senior_ws/install/my_package/lib/python3.12/site-packages/my_package
[5.447s] copying /home/olympusolutions/senior_ws/build/my_package/build/lib/my_package/my_node.py -> /home/olympusolutions/senior_ws/install/my_package/lib/python3.12/site-packages/my_package
[5.450s] byte-compiling /home/olympusolutions/senior_ws/install/my_package/lib/python3.12/site-packages/my_package/__init__.py to __init__.cpython-312.pyc
[5.450s] byte-compiling /home/olympusolutions/senior_ws/install/my_package/lib/python3.12/site-packages/my_package/my_node.py to my_node.cpython-312.pyc
[5.450s] running install_data
[5.450s] copying resource/my_package -> /home/olympusolutions/senior_ws/install/my_package/share/ament_index/resource_index/packages
[5.452s] copying package.xml -> /home/olympusolutions/senior_ws/install/my_package/share/my_package
[5.456s] running install_egg_info
[5.501s] Copying ../../../../build/my_package/my_package.egg-info to /home/olympusolutions/senior_ws/install/my_package/lib/python3.12/site-packages/my_package-0.0.0-py3.12.egg-info
[5.508s] running install_scripts
[5.836s] Installing my_node script to /home/olympusolutions/senior_ws/install/my_package/lib/my_package
[5.838s] writing list of installed files to '/home/olympusolutions/senior_ws/build/my_package/install.log'
[5.977s] Invoked command in '/home/olympusolutions/senior_ws/src/riley_ws/src/my_package' returned '0': DEBUGINFOD_URLS=https://debuginfod.ubuntu.com PYTHONPATH=/home/olympusolutions/senior_ws/build/my_package/prefix_override:/usr/lib/python3/dist-packages/colcon_core/task/python/colcon_distutils_commands:/home/olympusolutions/senior_ws/install/my_package/lib/python3.12/site-packages:${PYTHONPATH} /usr/bin/python3 -W ignore:setup.py install is deprecated -W ignore:easy_install command is deprecated setup.py egg_info --egg-base ../../../../build/my_package build --build-base /home/olympusolutions/senior_ws/build/my_package/build install --record /home/olympusolutions/senior_ws/build/my_package/install.log --single-version-externally-managed install_data --force
