[4.003s] Invoking command in '/home/olympusolutions/senior_ws/src/riley_ws/src/listener_package': DEBUGINFOD_URLS=https://debuginfod.ubuntu.com PYTHONPATH=/home/olympusolutions/senior_ws/build/listener_package/prefix_override:/usr/lib/python3/dist-packages/colcon_core/task/python/colcon_distutils_commands:/home/olympusolutions/senior_ws/install/listener_package/lib/python3.12/site-packages:${PYTHONPATH} /usr/bin/python3 -W ignore:setup.py install is deprecated -W ignore:easy_install command is deprecated setup.py egg_info --egg-base ../../../../build/listener_package build --build-base /home/olympusolutions/senior_ws/build/listener_package/build install --record /home/olympusolutions/senior_ws/build/listener_package/install.log --single-version-externally-managed install_data
[6.118s] running egg_info
[6.293s] writing ../../../../build/listener_package/listener_package.egg-info/PKG-INFO
[6.303s] writing dependency_links to ../../../../build/listener_package/listener_package.egg-info/dependency_links.txt
[6.304s] writing entry points to ../../../../build/listener_package/listener_package.egg-info/entry_points.txt
[6.304s] writing requirements to ../../../../build/listener_package/listener_package.egg-info/requires.txt
[6.308s] writing top-level names to ../../../../build/listener_package/listener_package.egg-info/top_level.txt
[6.448s] reading manifest file '../../../../build/listener_package/listener_package.egg-info/SOURCES.txt'
[6.449s] adding license file 'LICENSE'
[6.452s] writing manifest file '../../../../build/listener_package/listener_package.egg-info/SOURCES.txt'
[6.454s] running build
[6.458s] running build_py
[6.462s] running install
[6.472s] running install_lib
[6.536s] running install_data
[6.536s] running install_egg_info
[6.603s] removing '/home/olympusolutions/senior_ws/install/listener_package/lib/python3.12/site-packages/listener_package-0.0.0-py3.12.egg-info' (and everything under it)
[6.603s] Copying ../../../../build/listener_package/listener_package.egg-info to /home/olympusolutions/senior_ws/install/listener_package/lib/python3.12/site-packages/listener_package-0.0.0-py3.12.egg-info
[6.616s] running install_scripts
[7.043s] Installing listener script to /home/olympusolutions/senior_ws/install/listener_package/lib/listener_package
[7.045s] Installing phone_listener script to /home/olympusolutions/senior_ws/install/listener_package/lib/listener_package
[7.046s] Installing talker script to /home/olympusolutions/senior_ws/install/listener_package/lib/listener_package
[7.051s] writing list of installed files to '/home/olympusolutions/senior_ws/build/listener_package/install.log'
[7.318s] Invoked command in '/home/olympusolutions/senior_ws/src/riley_ws/src/listener_package' returned '0': DEBUGINFOD_URLS=https://debuginfod.ubuntu.com PYTHONPATH=/home/olympusolutions/senior_ws/build/listener_package/prefix_override:/usr/lib/python3/dist-packages/colcon_core/task/python/colcon_distutils_commands:/home/olympusolutions/senior_ws/install/listener_package/lib/python3.12/site-packages:${PYTHONPATH} /usr/bin/python3 -W ignore:setup.py install is deprecated -W ignore:easy_install command is deprecated setup.py egg_info --egg-base ../../../../build/listener_package build --build-base /home/olympusolutions/senior_ws/build/listener_package/build install --record /home/olympusolutions/senior_ws/build/listener_package/install.log --single-version-externally-managed install_data
