[1.803s] Invoking command in '/home/olympusolutions/senior_ws/build/twist_stamper': DEBUGINFOD_URLS=https://debuginfod.ubuntu.com PYTHONPATH=/home/olympusolutions/senior_ws/build/twist_stamper/prefix_override:/usr/lib/python3/dist-packages/colcon_core/task/python/colcon_distutils_commands:/home/olympusolutions/senior_ws/install/twist_stamper/lib/python3.12/site-packages:${PYTHONPATH} /usr/bin/python3 -W ignore:setup.py install is deprecated -W ignore:easy_install command is deprecated setup.py develop --uninstall --editable --build-directory /home/olympusolutions/senior_ws/build/twist_stamper/build
[2.355s] running develop
[2.697s] Removing /home/olympusolutions/senior_ws/install/twist_stamper/lib/python3.12/site-packages/twist-stamper.egg-link (link to .)
[2.808s] Invoked command in '/home/olympusolutions/senior_ws/build/twist_stamper' returned '0': DEBUGINFOD_URLS=https://debuginfod.ubuntu.com PYTHONPATH=/home/olympusolutions/senior_ws/build/twist_stamper/prefix_override:/usr/lib/python3/dist-packages/colcon_core/task/python/colcon_distutils_commands:/home/olympusolutions/senior_ws/install/twist_stamper/lib/python3.12/site-packages:${PYTHONPATH} /usr/bin/python3 -W ignore:setup.py install is deprecated -W ignore:easy_install command is deprecated setup.py develop --uninstall --editable --build-directory /home/olympusolutions/senior_ws/build/twist_stamper/build
[2.810s] Invoking command in '/home/olympusolutions/senior_ws/src/twist_stamper': DEBUGINFOD_URLS=https://debuginfod.ubuntu.com PYTHONPATH=/home/olympusolutions/senior_ws/build/twist_stamper/prefix_override:/usr/lib/python3/dist-packages/colcon_core/task/python/colcon_distutils_commands:/home/olympusolutions/senior_ws/install/twist_stamper/lib/python3.12/site-packages:${PYTHONPATH} /usr/bin/python3 -W ignore:setup.py install is deprecated -W ignore:easy_install command is deprecated setup.py egg_info --egg-base ../../build/twist_stamper build --build-base /home/olympusolutions/senior_ws/build/twist_stamper/build install --record /home/olympusolutions/senior_ws/build/twist_stamper/install.log --single-version-externally-managed install_data --force
[3.233s] running egg_info
[3.265s] writing ../../build/twist_stamper/twist_stamper.egg-info/PKG-INFO
[3.290s] writing dependency_links to ../../build/twist_stamper/twist_stamper.egg-info/dependency_links.txt
[3.290s] writing entry points to ../../build/twist_stamper/twist_stamper.egg-info/entry_points.txt
[3.291s] writing requirements to ../../build/twist_stamper/twist_stamper.egg-info/requires.txt
[3.291s] writing top-level names to ../../build/twist_stamper/twist_stamper.egg-info/top_level.txt
[3.359s] reading manifest file '../../build/twist_stamper/twist_stamper.egg-info/SOURCES.txt'
[3.360s] adding license file 'LICENSE'
[3.360s] writing manifest file '../../build/twist_stamper/twist_stamper.egg-info/SOURCES.txt'
[3.360s] running build
[3.361s] running build_py
[3.361s] running install
[3.372s] running install_lib
[3.403s] creating /home/olympusolutions/senior_ws/install/twist_stamper/lib/python3.12/site-packages/twist_stamper
[3.403s] copying /home/olympusolutions/senior_ws/build/twist_stamper/build/lib/twist_stamper/__init__.py -> /home/olympusolutions/senior_ws/install/twist_stamper/lib/python3.12/site-packages/twist_stamper
[3.404s] copying /home/olympusolutions/senior_ws/build/twist_stamper/build/lib/twist_stamper/twist_stamper.py -> /home/olympusolutions/senior_ws/install/twist_stamper/lib/python3.12/site-packages/twist_stamper
[3.404s] copying /home/olympusolutions/senior_ws/build/twist_stamper/build/lib/twist_stamper/twist_unstamper.py -> /home/olympusolutions/senior_ws/install/twist_stamper/lib/python3.12/site-packages/twist_stamper
[3.405s] byte-compiling /home/olympusolutions/senior_ws/install/twist_stamper/lib/python3.12/site-packages/twist_stamper/__init__.py to __init__.cpython-312.pyc
[3.406s] byte-compiling /home/olympusolutions/senior_ws/install/twist_stamper/lib/python3.12/site-packages/twist_stamper/twist_stamper.py to twist_stamper.cpython-312.pyc
[3.407s] byte-compiling /home/olympusolutions/senior_ws/install/twist_stamper/lib/python3.12/site-packages/twist_stamper/twist_unstamper.py to twist_unstamper.cpython-312.pyc
[3.408s] running install_data
[3.408s] copying resource/twist_stamper -> /home/olympusolutions/senior_ws/install/twist_stamper/share/ament_index/resource_index/packages
[3.408s] copying package.xml -> /home/olympusolutions/senior_ws/install/twist_stamper/share/twist_stamper
[3.408s] running install_egg_info
[3.440s] Copying ../../build/twist_stamper/twist_stamper.egg-info to /home/olympusolutions/senior_ws/install/twist_stamper/lib/python3.12/site-packages/twist_stamper-0.0.5-py3.12.egg-info
[3.442s] running install_scripts
[3.666s] Installing twist_stamper script to /home/olympusolutions/senior_ws/install/twist_stamper/lib/twist_stamper
[3.666s] Installing twist_unstamper script to /home/olympusolutions/senior_ws/install/twist_stamper/lib/twist_stamper
[3.667s] writing list of installed files to '/home/olympusolutions/senior_ws/build/twist_stamper/install.log'
[3.753s] Invoked command in '/home/olympusolutions/senior_ws/src/twist_stamper' returned '0': DEBUGINFOD_URLS=https://debuginfod.ubuntu.com PYTHONPATH=/home/olympusolutions/senior_ws/build/twist_stamper/prefix_override:/usr/lib/python3/dist-packages/colcon_core/task/python/colcon_distutils_commands:/home/olympusolutions/senior_ws/install/twist_stamper/lib/python3.12/site-packages:${PYTHONPATH} /usr/bin/python3 -W ignore:setup.py install is deprecated -W ignore:easy_install command is deprecated setup.py egg_info --egg-base ../../build/twist_stamper build --build-base /home/olympusolutions/senior_ws/build/twist_stamper/build install --record /home/olympusolutions/senior_ws/build/twist_stamper/install.log --single-version-externally-managed install_data --force
