[7.147s] Invoking command in '/home/olympusolutions/senior_ws/build/listener_package': DEBUGINFOD_URLS=https://debuginfod.ubuntu.com PYTHONPATH=/home/olympusolutions/senior_ws/build/listener_package/prefix_override:/usr/lib/python3/dist-packages/colcon_core/task/python/colcon_distutils_commands:/home/olympusolutions/senior_ws/install/listener_package/lib/python3.12/site-packages:${PYTHONPATH} /usr/bin/python3 -W ignore:setup.py install is deprecated -W ignore:easy_install command is deprecated setup.py develop --editable --build-directory /home/olympusolutions/senior_ws/build/listener_package/build --no-deps symlink_data
[10.739s] running develop
[14.320s] running egg_info
[14.320s] creating listener_package.egg-info
[14.516s] writing listener_package.egg-info/PKG-INFO
[14.516s] writing dependency_links to listener_package.egg-info/dependency_links.txt
[14.518s] writing entry points to listener_package.egg-info/entry_points.txt
[14.523s] writing requirements to listener_package.egg-info/requires.txt
[14.523s] writing top-level names to listener_package.egg-info/top_level.txt
[14.524s] writing manifest file 'listener_package.egg-info/SOURCES.txt'
[14.971s] reading manifest file 'listener_package.egg-info/SOURCES.txt'
[14.973s] writing manifest file 'listener_package.egg-info/SOURCES.txt'
[15.232s] running build_ext
[15.235s] Creating /home/olympusolutions/senior_ws/install/listener_package/lib/python3.12/site-packages/listener-package.egg-link (link to .)
[15.240s] Installing listener script to /home/olympusolutions/senior_ws/install/listener_package/lib/listener_package
[15.244s] Installing phone_listener script to /home/olympusolutions/senior_ws/install/listener_package/lib/listener_package
[15.249s] Installing talker script to /home/olympusolutions/senior_ws/install/listener_package/lib/listener_package
[15.255s] 
[15.258s] Installed /home/olympusolutions/senior_ws/build/listener_package
[15.259s] running symlink_data
[15.259s] creating /home/olympusolutions/senior_ws/install/listener_package/share/ament_index
[15.261s] creating /home/olympusolutions/senior_ws/install/listener_package/share/ament_index/resource_index
[15.262s] creating /home/olympusolutions/senior_ws/install/listener_package/share/ament_index/resource_index/packages
[15.265s] symbolically linking /home/olympusolutions/senior_ws/build/listener_package/resource/listener_package -> /home/olympusolutions/senior_ws/install/listener_package/share/ament_index/resource_index/packages
[15.269s] symbolically linking /home/olympusolutions/senior_ws/build/listener_package/package.xml -> /home/olympusolutions/senior_ws/install/listener_package/share/listener_package
[15.651s] Invoked command in '/home/olympusolutions/senior_ws/build/listener_package' returned '0': DEBUGINFOD_URLS=https://debuginfod.ubuntu.com PYTHONPATH=/home/olympusolutions/senior_ws/build/listener_package/prefix_override:/usr/lib/python3/dist-packages/colcon_core/task/python/colcon_distutils_commands:/home/olympusolutions/senior_ws/install/listener_package/lib/python3.12/site-packages:${PYTHONPATH} /usr/bin/python3 -W ignore:setup.py install is deprecated -W ignore:easy_install command is deprecated setup.py develop --editable --build-directory /home/olympusolutions/senior_ws/build/listener_package/build --no-deps symlink_data
