Traceback (most recent call last):
  File "/home/olympusolutions/senior_ws/src/twist_stamper/setup.py", line 1, in <module>
    from setuptools import setup
  File "/usr/lib/python3/dist-packages/setuptools/__init__.py", line 270, in <module>
    monkey.patch_all()
  File "/usr/lib/python3/dist-packages/setuptools/monkey.py", line 96, in patch_all
    patch_for_msvc_specialized_compiler()
  File "/usr/lib/python3/dist-packages/setuptools/monkey.py", line 133, in patch_for_msvc_specialized_compiler
    msvc = import_module('setuptools.msvc')
           ^^^^^^^^^^^^^^^^^^^^^^^^^^^^^^^^
  File "/usr/lib/python3.12/importlib/__init__.py", line 90, in import_module
    return _bootstrap._gcd_import(name[level:], package, level)
           ^^^^^^^^^^^^^^^^^^^^^^^^^^^^^^^^^^^^^^^^^^^^^^^^^^^^
  File "/usr/lib/python3/dist-packages/setuptools/msvc.py", line 14, in <module>
    import json
  File "/usr/lib/python3.12/json/__init__.py", line 106, in <module>
    from .decoder import JSONDecoder, JSONDecodeError
  File "/usr/lib/python3.12/json/decoder.py", line 5, in <module>
    from json import scanner
  File "/usr/lib/python3.12/json/scanner.py", line 5, in <module>
    from _json import make_scanner as c_make_scanner
KeyboardInterrupt
