[7.087s] Invoking command in '/home/olympusolutions/senior_ws/build/listener_package': DEBUGINFOD_URLS=https://debuginfod.ubuntu.com PYTHONPATH=/home/olympusolutions/senior_ws/build/listener_package/prefix_override:/usr/lib/python3/dist-packages/colcon_core/task/python/colcon_distutils_commands:/home/olympusolutions/senior_ws/install/listener_package/lib/python3.12/site-packages:${PYTHONPATH} /usr/bin/python3 -W ignore:setup.py install is deprecated -W ignore:easy_install command is deprecated setup.py develop --editable --build-directory /home/olympusolutions/senior_ws/build/listener_package/build --no-deps symlink_data --force
[10.377s] running develop
[12.392s] running egg_info
[12.743s] writing listener_package.egg-info/PKG-INFO
[12.754s] writing dependency_links to listener_package.egg-info/dependency_links.txt
[12.755s] writing entry points to listener_package.egg-info/entry_points.txt
[12.762s] writing requirements to listener_package.egg-info/requires.txt
[12.767s] writing top-level names to listener_package.egg-info/top_level.txt
[12.954s] reading manifest file 'listener_package.egg-info/SOURCES.txt'
[12.961s] writing manifest file 'listener_package.egg-info/SOURCES.txt'
[13.105s] running build_ext
[13.106s] Creating /home/olympusolutions/senior_ws/install/listener_package/lib/python3.12/site-packages/listener-package.egg-link (link to .)
[13.115s] Installing listener script to /home/olympusolutions/senior_ws/install/listener_package/lib/listener_package
[13.120s] Installing phone_listener script to /home/olympusolutions/senior_ws/install/listener_package/lib/listener_package
[13.121s] Installing talker script to /home/olympusolutions/senior_ws/install/listener_package/lib/listener_package
[13.123s] 
[13.125s] Installed /home/olympusolutions/senior_ws/build/listener_package
[13.129s] running symlink_data
[13.129s] symbolically linking /home/olympusolutions/senior_ws/build/listener_package/resource/listener_package -> /home/olympusolutions/senior_ws/install/listener_package/share/ament_index/resource_index/packages
[13.132s] symbolically linking /home/olympusolutions/senior_ws/build/listener_package/package.xml -> /home/olympusolutions/senior_ws/install/listener_package/share/listener_package
[13.611s] Invoked command in '/home/olympusolutions/senior_ws/build/listener_package' returned '0': DEBUGINFOD_URLS=https://debuginfod.ubuntu.com PYTHONPATH=/home/olympusolutions/senior_ws/build/listener_package/prefix_override:/usr/lib/python3/dist-packages/colcon_core/task/python/colcon_distutils_commands:/home/olympusolutions/senior_ws/install/listener_package/lib/python3.12/site-packages:${PYTHONPATH} /usr/bin/python3 -W ignore:setup.py install is deprecated -W ignore:easy_install command is deprecated setup.py develop --editable --build-directory /home/olympusolutions/senior_ws/build/listener_package/build --no-deps symlink_data --force
