[0.082s] Invoking command in '/home/olympusolutions/senior_ws/build/extender_arduino': CMAKE_PREFIX_PATH=${CMAKE_PREFIX_PATH}:/home/olympusolutions/senior_ws/install/twist_stamper:/home/olympusolutions/senior_ws/install/serial_motor_demo:/home/olympusolutions/senior_ws/install/my_package:/home/olympusolutions/senior_ws/install/listener_package:/home/olympusolutions/senior_ws/install/joy_tester:/opt/ros/jazzy DEBUGINFOD_URLS=https://debuginfod.ubuntu.com /usr/bin/cmake --build /home/olympusolutions/senior_ws/build/extender_arduino -- -j4 -l4
[0.468s] [ 50%] [32mBuilding CXX object CMakeFiles/extender_arduino.dir/hardware/diffbot_system.cpp.o[0m
[25.738s] [100%] [32m[1mLinking CXX shared library libextender_arduino.so[0m
[26.581s] [100%] Built target extender_arduino
[26.615s] Invoked command in '/home/olympusolutions/senior_ws/build/extender_arduino' returned '0': CMAKE_PREFIX_PATH=${CMAKE_PREFIX_PATH}:/home/olympusolutions/senior_ws/install/twist_stamper:/home/olympusolutions/senior_ws/install/serial_motor_demo:/home/olympusolutions/senior_ws/install/my_package:/home/olympusolutions/senior_ws/install/listener_package:/home/olympusolutions/senior_ws/install/joy_tester:/opt/ros/jazzy DEBUGINFOD_URLS=https://debuginfod.ubuntu.com /usr/bin/cmake --build /home/olympusolutions/senior_ws/build/extender_arduino -- -j4 -l4
[26.618s] Invoking command in '/home/olympusolutions/senior_ws/build/extender_arduino': CMAKE_PREFIX_PATH=${CMAKE_PREFIX_PATH}:/home/olympusolutions/senior_ws/install/twist_stamper:/home/olympusolutions/senior_ws/install/serial_motor_demo:/home/olympusolutions/senior_ws/install/my_package:/home/olympusolutions/senior_ws/install/listener_package:/home/olympusolutions/senior_ws/install/joy_tester:/opt/ros/jazzy DEBUGINFOD_URLS=https://debuginfod.ubuntu.com /usr/bin/cmake --install /home/olympusolutions/senior_ws/build/extender_arduino
[26.649s] -- Install configuration: ""
[26.650s] -- Execute custom install script
[26.651s] -- Up-to-date symlink: /home/olympusolutions/senior_ws/install/extender_arduino/share/extender_arduino//extender_arduino.xml
[26.655s] -- Up-to-date symlink: /home/olympusolutions/senior_ws/install/extender_arduino/include/extender_arduino/extender_arduino/arduino_comms.hpp
[26.655s] -- Up-to-date symlink: /home/olympusolutions/senior_ws/install/extender_arduino/include/extender_arduino/extender_arduino/diffbot_system.hpp
[26.655s] -- Symlinking: /home/olympusolutions/senior_ws/install/extender_arduino/include/extender_arduino/extender_arduino/gripper.hpp
[26.683s] -- Up-to-date symlink: /home/olympusolutions/senior_ws/install/extender_arduino/include/extender_arduino/extender_arduino/visibility_control.h
[26.683s] -- Up-to-date symlink: /home/olympusolutions/senior_ws/install/extender_arduino/include/extender_arduino/extender_arduino/wheel.hpp
[26.684s] -- Up-to-date symlink: /home/olympusolutions/senior_ws/install/extender_arduino/share/extender_arduino/launch/view_robot.launch.py
[26.684s] -- Up-to-date symlink: /home/olympusolutions/senior_ws/install/extender_arduino/share/extender_arduino/ros2_control/diffbot.ros2_control.xacro
[26.684s] -- Up-to-date symlink: /home/olympusolutions/senior_ws/install/extender_arduino/share/extender_arduino/urdf/diffbot.materials.xacro
[26.684s] -- Up-to-date symlink: /home/olympusolutions/senior_ws/install/extender_arduino/share/extender_arduino/urdf/diffbot.urdf.xacro
[26.685s] -- Up-to-date symlink: /home/olympusolutions/senior_ws/install/extender_arduino/share/extender_arduino/urdf/diffbot_description.urdf.xacro
[26.685s] -- Up-to-date symlink: /home/olympusolutions/senior_ws/install/extender_arduino/share/extender_arduino/rviz/diffbot.rviz
[26.685s] -- Up-to-date symlink: /home/olympusolutions/senior_ws/install/extender_arduino/share/extender_arduino/rviz/diffbot_view.rviz
[26.685s] -- Up-to-date symlink: /home/olympusolutions/senior_ws/install/extender_arduino/share/extender_arduino/launch/diffbot.launch.py
[26.686s] -- Up-to-date symlink: /home/olympusolutions/senior_ws/install/extender_arduino/share/extender_arduino/config/diffbot_controllers.yaml
[26.686s] -- Up-to-date symlink: /home/olympusolutions/senior_ws/install/extender_arduino/share/extender_arduino/config/extender_controllers.yaml
[26.686s] -- Up-to-date symlink: /home/olympusolutions/senior_ws/install/extender_arduino/share/extender_arduino/environment/library_path.sh
[26.687s] -- Up-to-date symlink: /home/olympusolutions/senior_ws/install/extender_arduino/share/extender_arduino/environment/library_path.dsv
[26.687s] -- Up-to-date symlink: /home/olympusolutions/senior_ws/install/extender_arduino/share/ament_index/resource_index/package_run_dependencies/extender_arduino
[26.688s] -- Up-to-date symlink: /home/olympusolutions/senior_ws/install/extender_arduino/share/ament_index/resource_index/parent_prefix_path/extender_arduino
[26.688s] -- Up-to-date symlink: /home/olympusolutions/senior_ws/install/extender_arduino/share/extender_arduino/environment/ament_prefix_path.sh
[26.689s] -- Up-to-date symlink: /home/olympusolutions/senior_ws/install/extender_arduino/share/extender_arduino/environment/ament_prefix_path.dsv
[26.689s] -- Up-to-date symlink: /home/olympusolutions/senior_ws/install/extender_arduino/share/extender_arduino/environment/path.sh
[26.689s] -- Up-to-date symlink: /home/olympusolutions/senior_ws/install/extender_arduino/share/extender_arduino/environment/path.dsv
[26.689s] -- Up-to-date symlink: /home/olympusolutions/senior_ws/install/extender_arduino/share/extender_arduino/local_setup.bash
[26.689s] -- Up-to-date symlink: /home/olympusolutions/senior_ws/install/extender_arduino/share/extender_arduino/local_setup.sh
[26.689s] -- Up-to-date symlink: /home/olympusolutions/senior_ws/install/extender_arduino/share/extender_arduino/local_setup.zsh
[26.690s] -- Up-to-date symlink: /home/olympusolutions/senior_ws/install/extender_arduino/share/extender_arduino/local_setup.dsv
[26.690s] -- Symlinking: /home/olympusolutions/senior_ws/install/extender_arduino/share/extender_arduino/package.dsv
[26.716s] -- Up-to-date symlink: /home/olympusolutions/senior_ws/install/extender_arduino/share/ament_index/resource_index/packages/extender_arduino
[26.717s] -- Up-to-date symlink: /home/olympusolutions/senior_ws/install/extender_arduino/share/ament_index/resource_index/hardware_interface__pluginlib__plugin/extender_arduino
[26.717s] -- Up-to-date symlink: /home/olympusolutions/senior_ws/install/extender_arduino/share/extender_arduino/cmake/ament_cmake_export_targets-extras.cmake
[26.717s] -- Up-to-date symlink: /home/olympusolutions/senior_ws/install/extender_arduino/share/extender_arduino/cmake/ament_cmake_export_dependencies-extras.cmake
[26.717s] -- Up-to-date symlink: /home/olympusolutions/senior_ws/install/extender_arduino/share/extender_arduino/cmake/extender_arduinoConfig.cmake
[26.717s] -- Up-to-date symlink: /home/olympusolutions/senior_ws/install/extender_arduino/share/extender_arduino/cmake/extender_arduinoConfig-version.cmake
[26.718s] -- Up-to-date symlink: /home/olympusolutions/senior_ws/install/extender_arduino/share/extender_arduino/package.xml
[26.718s] -- Installing: /home/olympusolutions/senior_ws/install/extender_arduino/lib/libextender_arduino.so
[26.723s] -- Set non-toolchain portion of runtime path of "/home/olympusolutions/senior_ws/install/extender_arduino/lib/libextender_arduino.so" to ""
[26.724s] -- Up-to-date: /home/olympusolutions/senior_ws/install/extender_arduino/share/extender_arduino/cmake/export_extender_arduinoExport.cmake
[26.726s] -- Up-to-date: /home/olympusolutions/senior_ws/install/extender_arduino/share/extender_arduino/cmake/export_extender_arduinoExport-noconfig.cmake
[26.733s] Invoked command in '/home/olympusolutions/senior_ws/build/extender_arduino' returned '0': CMAKE_PREFIX_PATH=${CMAKE_PREFIX_PATH}:/home/olympusolutions/senior_ws/install/twist_stamper:/home/olympusolutions/senior_ws/install/serial_motor_demo:/home/olympusolutions/senior_ws/install/my_package:/home/olympusolutions/senior_ws/install/listener_package:/home/olympusolutions/senior_ws/install/joy_tester:/opt/ros/jazzy DEBUGINFOD_URLS=https://debuginfod.ubuntu.com /usr/bin/cmake --install /home/olympusolutions/senior_ws/build/extender_arduino
