[2.093s] Invoking command in '/home/olympusolutions/senior_ws/src/riley_ws/src/my_package': DEBUGINFOD_URLS=https://debuginfod.ubuntu.com PYTHONPATH=/home/olympusolutions/senior_ws/build/my_package/prefix_override:/usr/lib/python3/dist-packages/colcon_core/task/python/colcon_distutils_commands:/home/olympusolutions/senior_ws/install/my_package/lib/python3.12/site-packages:${PYTHONPATH} /usr/bin/python3 -W ignore:setup.py install is deprecated -W ignore:easy_install command is deprecated setup.py egg_info --egg-base ../../../../build/my_package build --build-base /home/olympusolutions/senior_ws/build/my_package/build install --record /home/olympusolutions/senior_ws/build/my_package/install.log --single-version-externally-managed install_data
[2.665s] running egg_info
[2.706s] writing ../../../../build/my_package/my_package.egg-info/PKG-INFO
[2.707s] writing dependency_links to ../../../../build/my_package/my_package.egg-info/dependency_links.txt
[2.709s] writing entry points to ../../../../build/my_package/my_package.egg-info/entry_points.txt
[2.709s] writing requirements to ../../../../build/my_package/my_package.egg-info/requires.txt
[2.711s] writing top-level names to ../../../../build/my_package/my_package.egg-info/top_level.txt
[2.782s] reading manifest file '../../../../build/my_package/my_package.egg-info/SOURCES.txt'
[2.783s] adding license file 'LICENSE'
[2.784s] writing manifest file '../../../../build/my_package/my_package.egg-info/SOURCES.txt'
[2.784s] running build
[2.785s] running build_py
[2.785s] running install
[2.795s] running install_lib
[2.830s] running install_data
[2.831s] running install_egg_info
[2.864s] removing '/home/olympusolutions/senior_ws/install/my_package/lib/python3.12/site-packages/my_package-0.0.0-py3.12.egg-info' (and everything under it)
[2.868s] Copying ../../../../build/my_package/my_package.egg-info to /home/olympusolutions/senior_ws/install/my_package/lib/python3.12/site-packages/my_package-0.0.0-py3.12.egg-info
[2.868s] running install_scripts
[3.100s] Installing my_node script to /home/olympusolutions/senior_ws/install/my_package/lib/my_package
[3.101s] writing list of installed files to '/home/olympusolutions/senior_ws/build/my_package/install.log'
[3.218s] Invoked command in '/home/olympusolutions/senior_ws/src/riley_ws/src/my_package' returned '0': DEBUGINFOD_URLS=https://debuginfod.ubuntu.com PYTHONPATH=/home/olympusolutions/senior_ws/build/my_package/prefix_override:/usr/lib/python3/dist-packages/colcon_core/task/python/colcon_distutils_commands:/home/olympusolutions/senior_ws/install/my_package/lib/python3.12/site-packages:${PYTHONPATH} /usr/bin/python3 -W ignore:setup.py install is deprecated -W ignore:easy_install command is deprecated setup.py egg_info --egg-base ../../../../build/my_package build --build-base /home/olympusolutions/senior_ws/build/my_package/build install --record /home/olympusolutions/senior_ws/build/my_package/install.log --single-version-externally-managed install_data
