[7.625s] Invoking command in '/home/olympusolutions/senior_ws/src/riley_ws/src/my_package': DEBUGINFOD_URLS=https://debuginfod.ubuntu.com PYTHONPATH=/home/olympusolutions/senior_ws/build/my_package/prefix_override:/usr/lib/python3/dist-packages/colcon_core/task/python/colcon_distutils_commands:/home/olympusolutions/senior_ws/install/my_package/lib/python3.12/site-packages:${PYTHONPATH} /usr/bin/python3 -W ignore:setup.py install is deprecated -W ignore:easy_install command is deprecated setup.py egg_info --egg-base ../../../../build/my_package build --build-base /home/olympusolutions/senior_ws/build/my_package/build install --record /home/olympusolutions/senior_ws/build/my_package/install.log --single-version-externally-managed install_data
[9.144s] running egg_info
[9.328s] writing ../../../../build/my_package/my_package.egg-info/PKG-INFO
[9.330s] writing dependency_links to ../../../../build/my_package/my_package.egg-info/dependency_links.txt
[9.331s] writing entry points to ../../../../build/my_package/my_package.egg-info/entry_points.txt
[9.333s] writing requirements to ../../../../build/my_package/my_package.egg-info/requires.txt
[9.333s] writing top-level names to ../../../../build/my_package/my_package.egg-info/top_level.txt
[9.567s] reading manifest file '../../../../build/my_package/my_package.egg-info/SOURCES.txt'
[9.567s] adding license file 'LICENSE'
[9.568s] writing manifest file '../../../../build/my_package/my_package.egg-info/SOURCES.txt'
[9.569s] running build
[9.569s] running build_py
[9.569s] running install
[9.604s] running install_lib
[9.663s] running install_data
[9.664s] running install_egg_info
[9.802s] removing '/home/olympusolutions/senior_ws/install/my_package/lib/python3.12/site-packages/my_package-0.0.0-py3.12.egg-info' (and everything under it)
[9.802s] Copying ../../../../build/my_package/my_package.egg-info to /home/olympusolutions/senior_ws/install/my_package/lib/python3.12/site-packages/my_package-0.0.0-py3.12.egg-info
[9.803s] running install_scripts
[10.289s] Installing my_node script to /home/olympusolutions/senior_ws/install/my_package/lib/my_package
[10.293s] writing list of installed files to '/home/olympusolutions/senior_ws/build/my_package/install.log'
[10.609s] Invoked command in '/home/olympusolutions/senior_ws/src/riley_ws/src/my_package' returned '0': DEBUGINFOD_URLS=https://debuginfod.ubuntu.com PYTHONPATH=/home/olympusolutions/senior_ws/build/my_package/prefix_override:/usr/lib/python3/dist-packages/colcon_core/task/python/colcon_distutils_commands:/home/olympusolutions/senior_ws/install/my_package/lib/python3.12/site-packages:${PYTHONPATH} /usr/bin/python3 -W ignore:setup.py install is deprecated -W ignore:easy_install command is deprecated setup.py egg_info --egg-base ../../../../build/my_package build --build-base /home/olympusolutions/senior_ws/build/my_package/build install --record /home/olympusolutions/senior_ws/build/my_package/install.log --single-version-externally-managed install_data
