[5.161s] Invoking command in '/home/olympusolutions/senior_ws/build/listener_package': DEBUGINFOD_URLS=https://debuginfod.ubuntu.com PYTHONPATH=/home/olympusolutions/senior_ws/build/listener_package/prefix_override:/usr/lib/python3/dist-packages/colcon_core/task/python/colcon_distutils_commands:/home/olympusolutions/senior_ws/install/listener_package/lib/python3.12/site-packages:${PYTHONPATH} /usr/bin/python3 -W ignore:setup.py install is deprecated -W ignore:easy_install command is deprecated setup.py develop --editable --build-directory /home/olympusolutions/senior_ws/build/listener_package/build --no-deps symlink_data --force
[7.187s] running develop
[8.175s] running egg_info
[8.258s] writing listener_package.egg-info/PKG-INFO
[8.261s] writing dependency_links to listener_package.egg-info/dependency_links.txt
[8.265s] writing entry points to listener_package.egg-info/entry_points.txt
[8.267s] writing requirements to listener_package.egg-info/requires.txt
[8.269s] writing top-level names to listener_package.egg-info/top_level.txt
[8.506s] reading manifest file 'listener_package.egg-info/SOURCES.txt'
[8.507s] writing manifest file 'listener_package.egg-info/SOURCES.txt'
[8.590s] running build_ext
[8.596s] Creating /home/olympusolutions/senior_ws/install/listener_package/lib/python3.12/site-packages/listener-package.egg-link (link to .)
[8.600s] Installing listener script to /home/olympusolutions/senior_ws/install/listener_package/lib/listener_package
[8.609s] Installing phone_listener script to /home/olympusolutions/senior_ws/install/listener_package/lib/listener_package
[8.609s] Installing talker script to /home/olympusolutions/senior_ws/install/listener_package/lib/listener_package
[8.613s] 
[8.613s] Installed /home/olympusolutions/senior_ws/build/listener_package
[8.613s] running symlink_data
[8.620s] symbolically linking /home/olympusolutions/senior_ws/build/listener_package/resource/listener_package -> /home/olympusolutions/senior_ws/install/listener_package/share/ament_index/resource_index/packages
[8.621s] symbolically linking /home/olympusolutions/senior_ws/build/listener_package/package.xml -> /home/olympusolutions/senior_ws/install/listener_package/share/listener_package
[8.868s] Invoked command in '/home/olympusolutions/senior_ws/build/listener_package' returned '0': DEBUGINFOD_URLS=https://debuginfod.ubuntu.com PYTHONPATH=/home/olympusolutions/senior_ws/build/listener_package/prefix_override:/usr/lib/python3/dist-packages/colcon_core/task/python/colcon_distutils_commands:/home/olympusolutions/senior_ws/install/listener_package/lib/python3.12/site-packages:${PYTHONPATH} /usr/bin/python3 -W ignore:setup.py install is deprecated -W ignore:easy_install command is deprecated setup.py develop --editable --build-directory /home/olympusolutions/senior_ws/build/listener_package/build --no-deps symlink_data --force
