[6.664s] Invoking command in '/home/olympusolutions/senior_ws/build/listener_package': DEBUGINFOD_URLS=https://debuginfod.ubuntu.com PYTHONPATH=/home/olympusolutions/senior_ws/build/listener_package/prefix_override:/usr/lib/python3/dist-packages/colcon_core/task/python/colcon_distutils_commands:/home/olympusolutions/senior_ws/install/listener_package/lib/python3.12/site-packages:${PYTHONPATH} /usr/bin/python3 -W ignore:setup.py install is deprecated -W ignore:easy_install command is deprecated setup.py develop --uninstall --editable --build-directory /home/olympusolutions/senior_ws/build/listener_package/build
[10.049s] running develop
[12.646s] Removing /home/olympusolutions/senior_ws/install/listener_package/lib/python3.12/site-packages/listener-package.egg-link (link to .)
[13.065s] Invoked command in '/home/olympusolutions/senior_ws/build/listener_package' returned '0': DEBUGINFOD_URLS=https://debuginfod.ubuntu.com PYTHONPATH=/home/olympusolutions/senior_ws/build/listener_package/prefix_override:/usr/lib/python3/dist-packages/colcon_core/task/python/colcon_distutils_commands:/home/olympusolutions/senior_ws/install/listener_package/lib/python3.12/site-packages:${PYTHONPATH} /usr/bin/python3 -W ignore:setup.py install is deprecated -W ignore:easy_install command is deprecated setup.py develop --uninstall --editable --build-directory /home/olympusolutions/senior_ws/build/listener_package/build
[13.066s] Invoking command in '/home/olympusolutions/senior_ws/src/riley_ws/src/listener_package': DEBUGINFOD_URLS=https://debuginfod.ubuntu.com PYTHONPATH=/home/olympusolutions/senior_ws/build/listener_package/prefix_override:/usr/lib/python3/dist-packages/colcon_core/task/python/colcon_distutils_commands:/home/olympusolutions/senior_ws/install/listener_package/lib/python3.12/site-packages:${PYTHONPATH} /usr/bin/python3 -W ignore:setup.py install is deprecated -W ignore:easy_install command is deprecated setup.py egg_info --egg-base ../../../../build/listener_package build --build-base /home/olympusolutions/senior_ws/build/listener_package/build install --record /home/olympusolutions/senior_ws/build/listener_package/install.log --single-version-externally-managed install_data --force
[15.869s] running egg_info
[16.077s] writing ../../../../build/listener_package/listener_package.egg-info/PKG-INFO
[16.081s] writing dependency_links to ../../../../build/listener_package/listener_package.egg-info/dependency_links.txt
[16.081s] writing entry points to ../../../../build/listener_package/listener_package.egg-info/entry_points.txt
[16.081s] writing requirements to ../../../../build/listener_package/listener_package.egg-info/requires.txt
[16.083s] writing top-level names to ../../../../build/listener_package/listener_package.egg-info/top_level.txt
[16.621s] reading manifest file '../../../../build/listener_package/listener_package.egg-info/SOURCES.txt'
[16.631s] adding license file 'LICENSE'
[16.631s] writing manifest file '../../../../build/listener_package/listener_package.egg-info/SOURCES.txt'
[16.631s] running build
[16.632s] running build_py
[16.652s] running install
[16.657s] running install_lib
[16.833s] creating /home/olympusolutions/senior_ws/install/listener_package/lib/python3.12/site-packages/listener_package
[16.834s] copying /home/olympusolutions/senior_ws/build/listener_package/build/lib/listener_package/__init__.py -> /home/olympusolutions/senior_ws/install/listener_package/lib/python3.12/site-packages/listener_package
[16.834s] copying /home/olympusolutions/senior_ws/build/listener_package/build/lib/listener_package/publisher_member_function.py -> /home/olympusolutions/senior_ws/install/listener_package/lib/python3.12/site-packages/listener_package
[16.837s] copying /home/olympusolutions/senior_ws/build/listener_package/build/lib/listener_package/phone_listener.py -> /home/olympusolutions/senior_ws/install/listener_package/lib/python3.12/site-packages/listener_package
[16.838s] copying /home/olympusolutions/senior_ws/build/listener_package/build/lib/listener_package/subscriber_member_function.py -> /home/olympusolutions/senior_ws/install/listener_package/lib/python3.12/site-packages/listener_package
[16.842s] byte-compiling /home/olympusolutions/senior_ws/install/listener_package/lib/python3.12/site-packages/listener_package/__init__.py to __init__.cpython-312.pyc
[16.843s] byte-compiling /home/olympusolutions/senior_ws/install/listener_package/lib/python3.12/site-packages/listener_package/publisher_member_function.py to publisher_member_function.cpython-312.pyc
[16.855s] byte-compiling /home/olympusolutions/senior_ws/install/listener_package/lib/python3.12/site-packages/listener_package/phone_listener.py to phone_listener.cpython-312.pyc
[16.856s] byte-compiling /home/olympusolutions/senior_ws/install/listener_package/lib/python3.12/site-packages/listener_package/subscriber_member_function.py to subscriber_member_function.cpython-312.pyc
[16.859s] running install_data
[16.859s] copying resource/listener_package -> /home/olympusolutions/senior_ws/install/listener_package/share/ament_index/resource_index/packages
[16.865s] copying package.xml -> /home/olympusolutions/senior_ws/install/listener_package/share/listener_package
[16.865s] running install_egg_info
[16.985s] Copying ../../../../build/listener_package/listener_package.egg-info to /home/olympusolutions/senior_ws/install/listener_package/lib/python3.12/site-packages/listener_package-0.0.0-py3.12.egg-info
[16.988s] running install_scripts
[17.684s] Installing listener script to /home/olympusolutions/senior_ws/install/listener_package/lib/listener_package
[17.687s] Installing phone_listener script to /home/olympusolutions/senior_ws/install/listener_package/lib/listener_package
[17.694s] Installing talker script to /home/olympusolutions/senior_ws/install/listener_package/lib/listener_package
[17.694s] writing list of installed files to '/home/olympusolutions/senior_ws/build/listener_package/install.log'
[18.002s] Invoked command in '/home/olympusolutions/senior_ws/src/riley_ws/src/listener_package' returned '0': DEBUGINFOD_URLS=https://debuginfod.ubuntu.com PYTHONPATH=/home/olympusolutions/senior_ws/build/listener_package/prefix_override:/usr/lib/python3/dist-packages/colcon_core/task/python/colcon_distutils_commands:/home/olympusolutions/senior_ws/install/listener_package/lib/python3.12/site-packages:${PYTHONPATH} /usr/bin/python3 -W ignore:setup.py install is deprecated -W ignore:easy_install command is deprecated setup.py egg_info --egg-base ../../../../build/listener_package build --build-base /home/olympusolutions/senior_ws/build/listener_package/build install --record /home/olympusolutions/senior_ws/build/listener_package/install.log --single-version-externally-managed install_data --force
