[5.543s] Invoking command in '/home/olympusolutions/senior_ws/build/twist_stamper': DEBUGINFOD_URLS=https://debuginfod.ubuntu.com PYTHONPATH=/home/olympusolutions/senior_ws/build/twist_stamper/prefix_override:/usr/lib/python3/dist-packages/colcon_core/task/python/colcon_distutils_commands:/home/olympusolutions/senior_ws/install/twist_stamper/lib/python3.12/site-packages:${PYTHONPATH} /usr/bin/python3 -W ignore:setup.py install is deprecated -W ignore:easy_install command is deprecated setup.py develop --editable --build-directory /home/olympusolutions/senior_ws/build/twist_stamper/build --no-deps symlink_data --force
[6.959s] running develop
[7.855s] running egg_info
[7.911s] writing twist_stamper.egg-info/PKG-INFO
[7.913s] writing dependency_links to twist_stamper.egg-info/dependency_links.txt
[7.921s] writing entry points to twist_stamper.egg-info/entry_points.txt
[7.921s] writing requirements to twist_stamper.egg-info/requires.txt
[7.926s] writing top-level names to twist_stamper.egg-info/top_level.txt
[8.078s] reading manifest file 'twist_stamper.egg-info/SOURCES.txt'
[8.089s] writing manifest file 'twist_stamper.egg-info/SOURCES.txt'
[8.169s] running build_ext
[8.170s] Creating /home/olympusolutions/senior_ws/install/twist_stamper/lib/python3.12/site-packages/twist-stamper.egg-link (link to .)
[8.172s] Installing twist_stamper script to /home/olympusolutions/senior_ws/install/twist_stamper/lib/twist_stamper
[8.172s] Installing twist_unstamper script to /home/olympusolutions/senior_ws/install/twist_stamper/lib/twist_stamper
[8.172s] 
[8.176s] Installed /home/olympusolutions/senior_ws/build/twist_stamper
[8.176s] running symlink_data
[8.176s] symbolically linking /home/olympusolutions/senior_ws/build/twist_stamper/resource/twist_stamper -> /home/olympusolutions/senior_ws/install/twist_stamper/share/ament_index/resource_index/packages
[8.177s] symbolically linking /home/olympusolutions/senior_ws/build/twist_stamper/package.xml -> /home/olympusolutions/senior_ws/install/twist_stamper/share/twist_stamper
[8.464s] Invoked command in '/home/olympusolutions/senior_ws/build/twist_stamper' returned '0': DEBUGINFOD_URLS=https://debuginfod.ubuntu.com PYTHONPATH=/home/olympusolutions/senior_ws/build/twist_stamper/prefix_override:/usr/lib/python3/dist-packages/colcon_core/task/python/colcon_distutils_commands:/home/olympusolutions/senior_ws/install/twist_stamper/lib/python3.12/site-packages:${PYTHONPATH} /usr/bin/python3 -W ignore:setup.py install is deprecated -W ignore:easy_install command is deprecated setup.py develop --editable --build-directory /home/olympusolutions/senior_ws/build/twist_stamper/build --no-deps symlink_data --force
