[0.032s] Invoking command in '/home/olympusolutions/senior_ws/build/minibot': CMAKE_PREFIX_PATH=${CMAKE_PREFIX_PATH}:/opt/ros/jazzy DEBUGINFOD_URLS=https://debuginfod.ubuntu.com /usr/bin/cmake /home/olympusolutions/senior_ws/src/minibot -DAMENT_CMAKE_SYMLINK_INSTALL=1 -DCMAKE_INSTALL_PREFIX=/home/olympusolutions/senior_ws/install/minibot
[0.223s] -- The C compiler identification is GNU 13.3.0
[0.428s] -- The CXX compiler identification is GNU 13.3.0
[0.475s] -- Detecting C compiler ABI info
[0.970s] -- Detecting C compiler ABI info - done
[1.036s] -- Check for working C compiler: /usr/bin/cc - skipped
[1.036s] -- Detecting C compile features
[1.040s] -- Detecting C compile features - done
[1.098s] -- Detecting CXX compiler ABI info
[1.626s] -- Detecting CXX compiler ABI info - done
[1.677s] -- Check for working CXX compiler: /usr/bin/c++ - skipped
[1.678s] -- Detecting CXX compile features
[1.681s] -- Detecting CXX compile features - done
[1.698s] -- Found ament_cmake: 2.5.3 (/opt/ros/jazzy/share/ament_cmake/cmake)
[2.852s] -- Found Python3: /usr/bin/python3 (found version "3.12.3") found components: Interpreter 
[3.551s] -- Override CMake install command with custom implementation using symlinks instead of copying resources
[3.925s] -- Found rclcpp: 28.1.6 (/opt/ros/jazzy/share/rclcpp/cmake)
[4.164s] -- Found rosidl_generator_c: 4.6.5 (/opt/ros/jazzy/share/rosidl_generator_c/cmake)
[4.212s] -- Found rosidl_generator_cpp: 4.6.5 (/opt/ros/jazzy/share/rosidl_generator_cpp/cmake)
[4.262s] -- Using all available rosidl_typesupport_c: rosidl_typesupport_fastrtps_c;rosidl_typesupport_introspection_c
[4.320s] -- Using all available rosidl_typesupport_cpp: rosidl_typesupport_fastrtps_cpp;rosidl_typesupport_introspection_cpp
[4.588s] -- Found rmw_implementation_cmake: 7.3.1 (/opt/ros/jazzy/share/rmw_implementation_cmake/cmake)
[4.588s] -- Found rmw_fastrtps_cpp: 8.4.1 (/opt/ros/jazzy/share/rmw_fastrtps_cpp/cmake)
[5.171s] -- Found OpenSSL: /usr/lib/aarch64-linux-gnu/libcrypto.so (found version "3.0.13")  
[5.288s] -- Found FastRTPS: /opt/ros/jazzy/include (Required is at least version "2.13") 
[5.440s] -- Using RMW implementation 'rmw_fastrtps_cpp' as default
[5.917s] -- Found geometry_msgs: 5.3.5 (/opt/ros/jazzy/share/geometry_msgs/cmake)
[6.145s] -- Found rclpy: 7.1.3 (/opt/ros/jazzy/share/rclpy/cmake)
[6.151s] -- Found ament_lint_auto: 0.17.1 (/opt/ros/jazzy/share/ament_lint_auto/cmake)
[6.786s] -- Added test 'copyright' to check source files copyright and LICENSE
[6.793s] -- Added test 'cppcheck' to perform static code analysis on C / C++ code
[6.794s] -- Configured cppcheck include dirs: 
[6.794s] -- Configured cppcheck exclude dirs and/or files: 
[6.801s] -- Added test 'cpplint' to check C / C++ code against the Google style
[6.801s] -- Configured cpplint exclude dirs and/or files: 
[6.804s] -- Added test 'flake8' to check Python code syntax and style conventions
[6.806s] -- Configured 'flake8' exclude dirs and/or files: 
[6.809s] -- Added test 'lint_cmake' to check CMake code style
[6.812s] -- Added test 'pep257' to check Python code against some of the docstring style conventions in PEP 257
[6.824s] -- Added test 'uncrustify' to check C / C++ code style
[6.825s] -- Configured uncrustify additional arguments: 
[6.827s] -- Added test 'xmllint' to check XML markup files
[6.842s] -- Configuring done (6.8s)
[6.866s] -- Generating done (0.0s)
[6.882s] -- Build files have been written to: /home/olympusolutions/senior_ws/build/minibot
[6.913s] Invoked command in '/home/olympusolutions/senior_ws/build/minibot' returned '0': CMAKE_PREFIX_PATH=${CMAKE_PREFIX_PATH}:/opt/ros/jazzy DEBUGINFOD_URLS=https://debuginfod.ubuntu.com /usr/bin/cmake /home/olympusolutions/senior_ws/src/minibot -DAMENT_CMAKE_SYMLINK_INSTALL=1 -DCMAKE_INSTALL_PREFIX=/home/olympusolutions/senior_ws/install/minibot
[6.917s] Invoking command in '/home/olympusolutions/senior_ws/build/minibot': CMAKE_PREFIX_PATH=${CMAKE_PREFIX_PATH}:/opt/ros/jazzy DEBUGINFOD_URLS=https://debuginfod.ubuntu.com /usr/bin/cmake --build /home/olympusolutions/senior_ws/build/minibot -- -j4 -l4
[7.075s] [ 50%] [32mBuilding CXX object CMakeFiles/velocity_publisher.dir/demo_publisher_node/velocity_publisher.cpp.o[0m
[25.070s] [100%] [32m[1mLinking CXX executable velocity_publisher[0m
[26.175s] [100%] Built target velocity_publisher
[26.312s] Invoked command in '/home/olympusolutions/senior_ws/build/minibot' returned '0': CMAKE_PREFIX_PATH=${CMAKE_PREFIX_PATH}:/opt/ros/jazzy DEBUGINFOD_URLS=https://debuginfod.ubuntu.com /usr/bin/cmake --build /home/olympusolutions/senior_ws/build/minibot -- -j4 -l4
[26.313s] Invoking command in '/home/olympusolutions/senior_ws/build/minibot': CMAKE_PREFIX_PATH=${CMAKE_PREFIX_PATH}:/opt/ros/jazzy DEBUGINFOD_URLS=https://debuginfod.ubuntu.com /usr/bin/cmake --install /home/olympusolutions/senior_ws/build/minibot
[26.352s] -- Install configuration: ""
[26.359s] -- Execute custom install script
[26.369s] -- Symlinking: /home/olympusolutions/senior_ws/install/minibot/lib/minibot/velocity_publisher
[26.432s] -- Symlinking: /home/olympusolutions/senior_ws/install/minibot/share/minibot/config/controller.yaml
[26.481s] -- Symlinking: /home/olympusolutions/senior_ws/install/minibot/share/minibot/config/controller_gz_sim.yaml
[26.596s] -- Symlinking: /home/olympusolutions/senior_ws/install/minibot/share/minibot/config/empty.yaml
[26.684s] -- Symlinking: /home/olympusolutions/senior_ws/install/minibot/share/minibot/config/gz_params.yaml
[26.773s] -- Symlinking: /home/olympusolutions/senior_ws/install/minibot/share/minibot/config/joystick_params.yaml
[26.874s] -- Symlinking: /home/olympusolutions/senior_ws/install/minibot/share/minibot/config/mapper_params_localization.yaml
[26.921s] -- Symlinking: /home/olympusolutions/senior_ws/install/minibot/share/minibot/config/mapper_params_online_async.yaml
[26.986s] -- Symlinking: /home/olympusolutions/senior_ws/install/minibot/share/minibot/config/minibot_config.rviz
[27.041s] -- Symlinking: /home/olympusolutions/senior_ws/install/minibot/share/minibot/config/minibot_display.rviz
[27.097s] -- Symlinking: /home/olympusolutions/senior_ws/install/minibot/share/minibot/config/nav2_params.yaml
[27.154s] -- Symlinking: /home/olympusolutions/senior_ws/install/minibot/share/minibot/config/sim_config.rviz
[27.247s] -- Symlinking: /home/olympusolutions/senior_ws/install/minibot/share/minibot/config/twist_mux.yaml
[27.331s] -- Symlinking: /home/olympusolutions/senior_ws/install/minibot/share/minibot/description/camera.xacro
[27.426s] -- Symlinking: /home/olympusolutions/senior_ws/install/minibot/share/minibot/description/depth_camera.xacro
[27.491s] -- Symlinking: /home/olympusolutions/senior_ws/install/minibot/share/minibot/description/gz_diff_drive_control.xacro
[27.571s] -- Symlinking: /home/olympusolutions/senior_ws/install/minibot/share/minibot/description/inertial_macros.xacro
[27.655s] -- Symlinking: /home/olympusolutions/senior_ws/install/minibot/share/minibot/description/lidar.xacro
[27.698s] -- Symlinking: /home/olympusolutions/senior_ws/install/minibot/share/minibot/description/robot.urdf.xacro
[27.770s] -- Symlinking: /home/olympusolutions/senior_ws/install/minibot/share/minibot/description/robot_main.xacro
[27.848s] -- Symlinking: /home/olympusolutions/senior_ws/install/minibot/share/minibot/description/ros2_control.xacro
[27.919s] -- Symlinking: /home/olympusolutions/senior_ws/install/minibot/share/minibot/launch/joystick_teleop.launch.py
[27.984s] -- Symlinking: /home/olympusolutions/senior_ws/install/minibot/share/minibot/launch/keyboard.launch.py
[28.071s] -- Symlinking: /home/olympusolutions/senior_ws/install/minibot/share/minibot/launch/keyboard_combine.launch.py
[28.102s] -- Symlinking: /home/olympusolutions/senior_ws/install/minibot/share/minibot/launch/navigation_launch.py
[28.166s] -- Symlinking: /home/olympusolutions/senior_ws/install/minibot/share/minibot/launch/robot.launch.py
[28.231s] -- Symlinking: /home/olympusolutions/senior_ws/install/minibot/share/minibot/launch/robot_remote_station.launch.py
[28.291s] -- Symlinking: /home/olympusolutions/senior_ws/install/minibot/share/minibot/launch/sim.launch.py
[28.356s] -- Symlinking: /home/olympusolutions/senior_ws/install/minibot/share/minibot/launch/sim_control_station.launch.py
[28.425s] -- Symlinking: /home/olympusolutions/senior_ws/install/minibot/share/minibot/worlds/empty.sdf
[28.463s] -- Symlinking: /home/olympusolutions/senior_ws/install/minibot/share/minibot/worlds/playground.sdf
[28.518s] -- Symlinking: /home/olympusolutions/senior_ws/install/minibot/share/minibot/demo_publisher_node/extender_teleop_node.py
[28.545s] -- Symlinking: /home/olympusolutions/senior_ws/install/minibot/share/minibot/demo_publisher_node/gripper_teleop_node.py
[28.587s] -- Symlinking: /home/olympusolutions/senior_ws/install/minibot/share/minibot/demo_publisher_node/imu_publisher_node.py
[28.646s] -- Symlinking: /home/olympusolutions/senior_ws/install/minibot/share/minibot/demo_publisher_node/linear_data_collector_node.py
[28.705s] -- Symlinking: /home/olympusolutions/senior_ws/install/minibot/share/minibot/demo_publisher_node/platform_teleop_node.py
[28.788s] -- Symlinking: /home/olympusolutions/senior_ws/install/minibot/share/minibot/demo_publisher_node/velocity_publisher.cpp
[28.856s] -- Symlinking: /home/olympusolutions/senior_ws/install/minibot/share/minibot/maps/map_01.pgm
[28.886s] -- Symlinking: /home/olympusolutions/senior_ws/install/minibot/share/minibot/maps/map_01.yaml
[28.945s] -- Symlinking: /home/olympusolutions/senior_ws/install/minibot/share/minibot/maps/map_01_serial.data
[28.979s] -- Symlinking: /home/olympusolutions/senior_ws/install/minibot/share/minibot/maps/map_01_serial.posegraph
[29.003s] -- Symlinking: /home/olympusolutions/senior_ws/install/minibot/share/minibot/maps/sample_map.pgm
[29.044s] -- Symlinking: /home/olympusolutions/senior_ws/install/minibot/share/minibot/maps/sample_map.yaml
[29.072s] -- Symlinking: /home/olympusolutions/senior_ws/install/minibot/share/minibot/maps/sample_map_serial.data
[29.098s] -- Symlinking: /home/olympusolutions/senior_ws/install/minibot/share/minibot/maps/sample_map_serial.posegraph
[29.131s] -- Symlinking: /home/olympusolutions/senior_ws/install/minibot/share/minibot/visual_demos/Nav2_demostration-ezgif.com-video-to-gif-converter.gif
[29.249s] -- Symlinking: /home/olympusolutions/senior_ws/install/minibot/share/minibot/visual_demos/SLAM_demostration-ezgif.com-video-to-gif-converter.gif
[29.278s] -- Symlinking: /home/olympusolutions/senior_ws/install/minibot/share/minibot/visual_demos/robot_hardware.jpg
[29.304s] -- Symlinking: /home/olympusolutions/senior_ws/install/minibot/share/minibot/visual_demos/robot_visual.jpg
[29.346s] -- Up-to-date symlink: /home/olympusolutions/senior_ws/install/minibot/share/minibot/launch/joystick_teleop.launch.py
[29.347s] -- Up-to-date symlink: /home/olympusolutions/senior_ws/install/minibot/share/minibot/launch/keyboard.launch.py
[29.347s] -- Up-to-date symlink: /home/olympusolutions/senior_ws/install/minibot/share/minibot/launch/keyboard_combine.launch.py
[29.347s] -- Up-to-date symlink: /home/olympusolutions/senior_ws/install/minibot/share/minibot/launch/navigation_launch.py
[29.347s] -- Up-to-date symlink: /home/olympusolutions/senior_ws/install/minibot/share/minibot/launch/robot.launch.py
[29.347s] -- Up-to-date symlink: /home/olympusolutions/senior_ws/install/minibot/share/minibot/launch/robot_remote_station.launch.py
[29.347s] -- Up-to-date symlink: /home/olympusolutions/senior_ws/install/minibot/share/minibot/launch/sim.launch.py
[29.348s] -- Up-to-date symlink: /home/olympusolutions/senior_ws/install/minibot/share/minibot/launch/sim_control_station.launch.py
[29.348s] -- Up-to-date symlink: /home/olympusolutions/senior_ws/install/minibot/share/minibot/config/controller.yaml
[29.348s] -- Up-to-date symlink: /home/olympusolutions/senior_ws/install/minibot/share/minibot/config/controller_gz_sim.yaml
[29.348s] -- Up-to-date symlink: /home/olympusolutions/senior_ws/install/minibot/share/minibot/config/empty.yaml
[29.348s] -- Up-to-date symlink: /home/olympusolutions/senior_ws/install/minibot/share/minibot/config/gz_params.yaml
[29.348s] -- Up-to-date symlink: /home/olympusolutions/senior_ws/install/minibot/share/minibot/config/joystick_params.yaml
[29.348s] -- Up-to-date symlink: /home/olympusolutions/senior_ws/install/minibot/share/minibot/config/mapper_params_localization.yaml
[29.348s] -- Up-to-date symlink: /home/olympusolutions/senior_ws/install/minibot/share/minibot/config/mapper_params_online_async.yaml
[29.348s] -- Up-to-date symlink: /home/olympusolutions/senior_ws/install/minibot/share/minibot/config/minibot_config.rviz
[29.349s] -- Up-to-date symlink: /home/olympusolutions/senior_ws/install/minibot/share/minibot/config/minibot_display.rviz
[29.349s] -- Up-to-date symlink: /home/olympusolutions/senior_ws/install/minibot/share/minibot/config/nav2_params.yaml
[29.349s] -- Up-to-date symlink: /home/olympusolutions/senior_ws/install/minibot/share/minibot/config/sim_config.rviz
[29.352s] -- Up-to-date symlink: /home/olympusolutions/senior_ws/install/minibot/share/minibot/config/twist_mux.yaml
[29.352s] -- Symlinking: /home/olympusolutions/senior_ws/install/minibot/lib/minibot/extender_teleop_node.py
[29.373s] -- Symlinking: /home/olympusolutions/senior_ws/install/minibot/lib/minibot/gripper_teleop_node.py
[29.402s] -- Symlinking: /home/olympusolutions/senior_ws/install/minibot/lib/minibot/platform_teleop_node.py
[29.433s] -- Symlinking: /home/olympusolutions/senior_ws/install/minibot/lib/minibot/linear_data_collector_node.py
[29.462s] -- Symlinking: /home/olympusolutions/senior_ws/install/minibot/lib/minibot/imu_publisher_node.py
[29.496s] -- Symlinking: /home/olympusolutions/senior_ws/install/minibot/share/ament_index/resource_index/package_run_dependencies/minibot
[29.538s] -- Symlinking: /home/olympusolutions/senior_ws/install/minibot/share/ament_index/resource_index/parent_prefix_path/minibot
[29.567s] -- Symlinking: /home/olympusolutions/senior_ws/install/minibot/share/minibot/environment/ament_prefix_path.sh
[29.605s] -- Symlinking: /home/olympusolutions/senior_ws/install/minibot/share/minibot/environment/ament_prefix_path.dsv
[29.667s] -- Symlinking: /home/olympusolutions/senior_ws/install/minibot/share/minibot/environment/path.sh
[29.699s] -- Symlinking: /home/olympusolutions/senior_ws/install/minibot/share/minibot/environment/path.dsv
[29.742s] -- Symlinking: /home/olympusolutions/senior_ws/install/minibot/share/minibot/local_setup.bash
[29.775s] -- Symlinking: /home/olympusolutions/senior_ws/install/minibot/share/minibot/local_setup.sh
[29.817s] -- Symlinking: /home/olympusolutions/senior_ws/install/minibot/share/minibot/local_setup.zsh
[29.860s] -- Symlinking: /home/olympusolutions/senior_ws/install/minibot/share/minibot/local_setup.dsv
[29.888s] -- Symlinking: /home/olympusolutions/senior_ws/install/minibot/share/minibot/package.dsv
[29.915s] -- Symlinking: /home/olympusolutions/senior_ws/install/minibot/share/ament_index/resource_index/packages/minibot
[29.952s] -- Symlinking: /home/olympusolutions/senior_ws/install/minibot/share/minibot/cmake/minibotConfig.cmake
[29.979s] -- Symlinking: /home/olympusolutions/senior_ws/install/minibot/share/minibot/cmake/minibotConfig-version.cmake
[30.005s] -- Symlinking: /home/olympusolutions/senior_ws/install/minibot/share/minibot/package.xml
[30.035s] Invoked command in '/home/olympusolutions/senior_ws/build/minibot' returned '0': CMAKE_PREFIX_PATH=${CMAKE_PREFIX_PATH}:/opt/ros/jazzy DEBUGINFOD_URLS=https://debuginfod.ubuntu.com /usr/bin/cmake --install /home/olympusolutions/senior_ws/build/minibot
