[0.077s] Invoking command in '/home/olympusolutions/senior_ws/build/diffdrive_arduino': CMAKE_PREFIX_PATH=${CMAKE_PREFIX_PATH}:/home/olympusolutions/senior_ws/install/imu_publisher:/home/olympusolutions/senior_ws/install/twist_stamper:/home/olympusolutions/senior_ws/install/serial_motor_demo:/home/olympusolutions/senior_ws/install/my_package:/home/olympusolutions/senior_ws/install/listener_package:/home/olympusolutions/senior_ws/install/joy_tester:/opt/ros/jazzy DEBUGINFOD_URLS=https://debuginfod.ubuntu.com /usr/bin/cmake /home/olympusolutions/senior_ws/src/diffdrive_arduino -DCMAKE_INSTALL_PREFIX=/home/olympusolutions/senior_ws/install/diffdrive_arduino
[0.175s] -- Found ament_cmake: 2.5.3 (/opt/ros/jazzy/share/ament_cmake/cmake)
[1.629s] -- Override CMake install command with custom implementation using symlinks instead of copying resources
[1.672s] -- Found hardware_interface: 4.24.0 (/opt/ros/jazzy/share/hardware_interface/cmake)
[1.804s] -- Found rosidl_generator_c: 4.6.5 (/opt/ros/jazzy/share/rosidl_generator_c/cmake)
[1.837s] -- Found rosidl_generator_cpp: 4.6.5 (/opt/ros/jazzy/share/rosidl_generator_cpp/cmake)
[1.867s] -- Using all available rosidl_typesupport_c: rosidl_typesupport_fastrtps_c;rosidl_typesupport_introspection_c
[1.909s] -- Using all available rosidl_typesupport_cpp: rosidl_typesupport_fastrtps_cpp;rosidl_typesupport_introspection_cpp
[2.494s] -- Found TinyXML2 via Config file: /usr/lib/aarch64-linux-gnu/cmake/tinyxml2
[2.667s] -- Found rmw_implementation_cmake: 7.3.1 (/opt/ros/jazzy/share/rmw_implementation_cmake/cmake)
[2.667s] -- Found rmw_fastrtps_cpp: 8.4.1 (/opt/ros/jazzy/share/rmw_fastrtps_cpp/cmake)
[2.761s] -- Found TinyXML2 via Config file: /usr/lib/aarch64-linux-gnu/cmake/tinyxml2
[2.821s] -- Found TinyXML2 via Config file: /usr/lib/aarch64-linux-gnu/cmake/tinyxml2
[2.931s] -- Found TinyXML2 via Config file: /usr/lib/aarch64-linux-gnu/cmake/tinyxml2
[2.990s] -- Found TinyXML2 via Config file: /usr/lib/aarch64-linux-gnu/cmake/tinyxml2
[3.029s] -- Using RMW implementation 'rmw_fastrtps_cpp' as default
[3.373s] -- Found ament_cmake_gtest: 2.5.3 (/opt/ros/jazzy/share/ament_cmake_gtest/cmake)
[4.052s] -- Configuring done (3.9s)
[4.115s] -- Generating done (0.0s)
[4.156s] -- Build files have been written to: /home/olympusolutions/senior_ws/build/diffdrive_arduino
[4.218s] Invoked command in '/home/olympusolutions/senior_ws/build/diffdrive_arduino' returned '0': CMAKE_PREFIX_PATH=${CMAKE_PREFIX_PATH}:/home/olympusolutions/senior_ws/install/imu_publisher:/home/olympusolutions/senior_ws/install/twist_stamper:/home/olympusolutions/senior_ws/install/serial_motor_demo:/home/olympusolutions/senior_ws/install/my_package:/home/olympusolutions/senior_ws/install/listener_package:/home/olympusolutions/senior_ws/install/joy_tester:/opt/ros/jazzy DEBUGINFOD_URLS=https://debuginfod.ubuntu.com /usr/bin/cmake /home/olympusolutions/senior_ws/src/diffdrive_arduino -DCMAKE_INSTALL_PREFIX=/home/olympusolutions/senior_ws/install/diffdrive_arduino
[4.231s] Invoking command in '/home/olympusolutions/senior_ws/build/diffdrive_arduino': CMAKE_PREFIX_PATH=${CMAKE_PREFIX_PATH}:/home/olympusolutions/senior_ws/install/imu_publisher:/home/olympusolutions/senior_ws/install/twist_stamper:/home/olympusolutions/senior_ws/install/serial_motor_demo:/home/olympusolutions/senior_ws/install/my_package:/home/olympusolutions/senior_ws/install/listener_package:/home/olympusolutions/senior_ws/install/joy_tester:/opt/ros/jazzy DEBUGINFOD_URLS=https://debuginfod.ubuntu.com /usr/bin/cmake --build /home/olympusolutions/senior_ws/build/diffdrive_arduino -- -j4 -l4
[4.664s] [100%] Built target diffdrive_arduino
[4.766s] Invoked command in '/home/olympusolutions/senior_ws/build/diffdrive_arduino' returned '0': CMAKE_PREFIX_PATH=${CMAKE_PREFIX_PATH}:/home/olympusolutions/senior_ws/install/imu_publisher:/home/olympusolutions/senior_ws/install/twist_stamper:/home/olympusolutions/senior_ws/install/serial_motor_demo:/home/olympusolutions/senior_ws/install/my_package:/home/olympusolutions/senior_ws/install/listener_package:/home/olympusolutions/senior_ws/install/joy_tester:/opt/ros/jazzy DEBUGINFOD_URLS=https://debuginfod.ubuntu.com /usr/bin/cmake --build /home/olympusolutions/senior_ws/build/diffdrive_arduino -- -j4 -l4
[4.772s] Invoking command in '/home/olympusolutions/senior_ws/build/diffdrive_arduino': CMAKE_PREFIX_PATH=${CMAKE_PREFIX_PATH}:/home/olympusolutions/senior_ws/install/imu_publisher:/home/olympusolutions/senior_ws/install/twist_stamper:/home/olympusolutions/senior_ws/install/serial_motor_demo:/home/olympusolutions/senior_ws/install/my_package:/home/olympusolutions/senior_ws/install/listener_package:/home/olympusolutions/senior_ws/install/joy_tester:/opt/ros/jazzy DEBUGINFOD_URLS=https://debuginfod.ubuntu.com /usr/bin/cmake --install /home/olympusolutions/senior_ws/build/diffdrive_arduino
[4.842s] -- Install configuration: ""
[4.842s] -- Execute custom install script
[4.844s] -- Up-to-date symlink: /home/olympusolutions/senior_ws/install/diffdrive_arduino/share/diffdrive_arduino//diffdrive_arduino.xml
[4.846s] -- Up-to-date symlink: /home/olympusolutions/senior_ws/install/diffdrive_arduino/include/diffdrive_arduino/diffdrive_arduino/arduino_comms.hpp
[4.846s] -- Up-to-date symlink: /home/olympusolutions/senior_ws/install/diffdrive_arduino/include/diffdrive_arduino/diffdrive_arduino/diffbot_system.hpp
[4.847s] -- Up-to-date symlink: /home/olympusolutions/senior_ws/install/diffdrive_arduino/include/diffdrive_arduino/diffdrive_arduino/visibility_control.h
[4.849s] -- Up-to-date symlink: /home/olympusolutions/senior_ws/install/diffdrive_arduino/include/diffdrive_arduino/diffdrive_arduino/wheel.hpp
[4.852s] -- Up-to-date symlink: /home/olympusolutions/senior_ws/install/diffdrive_arduino/share/diffdrive_arduino/launch/view_robot.launch.py
[4.853s] -- Up-to-date symlink: /home/olympusolutions/senior_ws/install/diffdrive_arduino/share/diffdrive_arduino/ros2_control/diffbot.ros2_control.xacro
[4.853s] -- Up-to-date symlink: /home/olympusolutions/senior_ws/install/diffdrive_arduino/share/diffdrive_arduino/urdf/diffbot.materials.xacro
[4.861s] -- Up-to-date symlink: /home/olympusolutions/senior_ws/install/diffdrive_arduino/share/diffdrive_arduino/urdf/diffbot.urdf.xacro
[4.861s] -- Up-to-date symlink: /home/olympusolutions/senior_ws/install/diffdrive_arduino/share/diffdrive_arduino/urdf/diffbot_description.urdf.xacro
[4.861s] -- Up-to-date symlink: /home/olympusolutions/senior_ws/install/diffdrive_arduino/share/diffdrive_arduino/rviz/diffbot.rviz
[4.861s] -- Up-to-date symlink: /home/olympusolutions/senior_ws/install/diffdrive_arduino/share/diffdrive_arduino/rviz/diffbot_view.rviz
[4.861s] -- Up-to-date symlink: /home/olympusolutions/senior_ws/install/diffdrive_arduino/share/diffdrive_arduino/launch/diffbot.launch.py
[4.876s] -- Up-to-date symlink: /home/olympusolutions/senior_ws/install/diffdrive_arduino/share/diffdrive_arduino/config/diffbot_controllers.yaml
[4.876s] -- Up-to-date symlink: /home/olympusolutions/senior_ws/install/diffdrive_arduino/share/diffdrive_arduino/environment/library_path.sh
[4.876s] -- Up-to-date symlink: /home/olympusolutions/senior_ws/install/diffdrive_arduino/share/diffdrive_arduino/environment/library_path.dsv
[4.877s] -- Up-to-date symlink: /home/olympusolutions/senior_ws/install/diffdrive_arduino/share/ament_index/resource_index/package_run_dependencies/diffdrive_arduino
[4.877s] -- Up-to-date symlink: /home/olympusolutions/senior_ws/install/diffdrive_arduino/share/ament_index/resource_index/parent_prefix_path/diffdrive_arduino
[4.877s] -- Up-to-date symlink: /home/olympusolutions/senior_ws/install/diffdrive_arduino/share/diffdrive_arduino/environment/ament_prefix_path.sh
[4.877s] -- Up-to-date symlink: /home/olympusolutions/senior_ws/install/diffdrive_arduino/share/diffdrive_arduino/environment/ament_prefix_path.dsv
[4.877s] -- Up-to-date symlink: /home/olympusolutions/senior_ws/install/diffdrive_arduino/share/diffdrive_arduino/environment/path.sh
[4.877s] -- Up-to-date symlink: /home/olympusolutions/senior_ws/install/diffdrive_arduino/share/diffdrive_arduino/environment/path.dsv
[4.877s] -- Up-to-date symlink: /home/olympusolutions/senior_ws/install/diffdrive_arduino/share/diffdrive_arduino/local_setup.bash
[4.877s] -- Up-to-date symlink: /home/olympusolutions/senior_ws/install/diffdrive_arduino/share/diffdrive_arduino/local_setup.sh
[4.877s] -- Up-to-date symlink: /home/olympusolutions/senior_ws/install/diffdrive_arduino/share/diffdrive_arduino/local_setup.zsh
[4.878s] -- Up-to-date symlink: /home/olympusolutions/senior_ws/install/diffdrive_arduino/share/diffdrive_arduino/local_setup.dsv
[4.878s] -- Symlinking: /home/olympusolutions/senior_ws/install/diffdrive_arduino/share/diffdrive_arduino/package.dsv
[4.910s] -- Up-to-date symlink: /home/olympusolutions/senior_ws/install/diffdrive_arduino/share/ament_index/resource_index/packages/diffdrive_arduino
[4.910s] -- Up-to-date symlink: /home/olympusolutions/senior_ws/install/diffdrive_arduino/share/ament_index/resource_index/hardware_interface__pluginlib__plugin/diffdrive_arduino
[4.912s] -- Up-to-date symlink: /home/olympusolutions/senior_ws/install/diffdrive_arduino/share/diffdrive_arduino/cmake/ament_cmake_export_targets-extras.cmake
[4.912s] -- Up-to-date symlink: /home/olympusolutions/senior_ws/install/diffdrive_arduino/share/diffdrive_arduino/cmake/ament_cmake_export_dependencies-extras.cmake
[4.912s] -- Up-to-date symlink: /home/olympusolutions/senior_ws/install/diffdrive_arduino/share/diffdrive_arduino/cmake/diffdrive_arduinoConfig.cmake
[4.912s] -- Up-to-date symlink: /home/olympusolutions/senior_ws/install/diffdrive_arduino/share/diffdrive_arduino/cmake/diffdrive_arduinoConfig-version.cmake
[4.912s] -- Up-to-date symlink: /home/olympusolutions/senior_ws/install/diffdrive_arduino/share/diffdrive_arduino/package.xml
[4.912s] -- Up-to-date: /home/olympusolutions/senior_ws/install/diffdrive_arduino/lib/libdiffdrive_arduino.so
[4.912s] -- Up-to-date: /home/olympusolutions/senior_ws/install/diffdrive_arduino/share/diffdrive_arduino/cmake/export_diffdrive_arduinoExport.cmake
[4.912s] -- Up-to-date: /home/olympusolutions/senior_ws/install/diffdrive_arduino/share/diffdrive_arduino/cmake/export_diffdrive_arduinoExport-noconfig.cmake
[5.146s] Invoked command in '/home/olympusolutions/senior_ws/build/diffdrive_arduino' returned '0': CMAKE_PREFIX_PATH=${CMAKE_PREFIX_PATH}:/home/olympusolutions/senior_ws/install/imu_publisher:/home/olympusolutions/senior_ws/install/twist_stamper:/home/olympusolutions/senior_ws/install/serial_motor_demo:/home/olympusolutions/senior_ws/install/my_package:/home/olympusolutions/senior_ws/install/listener_package:/home/olympusolutions/senior_ws/install/joy_tester:/opt/ros/jazzy DEBUGINFOD_URLS=https://debuginfod.ubuntu.com /usr/bin/cmake --install /home/olympusolutions/senior_ws/build/diffdrive_arduino
