[1.160s] Invoking command in '/home/olympusolutions/senior_ws/build/minibot': CMAKE_PREFIX_PATH=${CMAKE_PREFIX_PATH}:/home/olympusolutions/senior_ws/install/imu_publisher:/home/olympusolutions/senior_ws/install/twist_stamper:/home/olympusolutions/senior_ws/install/serial_motor_demo:/home/olympusolutions/senior_ws/install/my_package:/home/olympusolutions/senior_ws/install/listener_package:/home/olympusolutions/senior_ws/install/joy_tester:/opt/ros/jazzy DEBUGINFOD_URLS=https://debuginfod.ubuntu.com /usr/bin/cmake --build /home/olympusolutions/senior_ws/build/minibot -- -j4 -l4
[1.648s] [100%] Built target velocity_publisher
[1.790s] Invoked command in '/home/olympusolutions/senior_ws/build/minibot' returned '0': CMAKE_PREFIX_PATH=${CMAKE_PREFIX_PATH}:/home/olympusolutions/senior_ws/install/imu_publisher:/home/olympusolutions/senior_ws/install/twist_stamper:/home/olympusolutions/senior_ws/install/serial_motor_demo:/home/olympusolutions/senior_ws/install/my_package:/home/olympusolutions/senior_ws/install/listener_package:/home/olympusolutions/senior_ws/install/joy_tester:/opt/ros/jazzy DEBUGINFOD_URLS=https://debuginfod.ubuntu.com /usr/bin/cmake --build /home/olympusolutions/senior_ws/build/minibot -- -j4 -l4
[1.791s] Invoking command in '/home/olympusolutions/senior_ws/build/minibot': CMAKE_PREFIX_PATH=${CMAKE_PREFIX_PATH}:/home/olympusolutions/senior_ws/install/imu_publisher:/home/olympusolutions/senior_ws/install/twist_stamper:/home/olympusolutions/senior_ws/install/serial_motor_demo:/home/olympusolutions/senior_ws/install/my_package:/home/olympusolutions/senior_ws/install/listener_package:/home/olympusolutions/senior_ws/install/joy_tester:/opt/ros/jazzy DEBUGINFOD_URLS=https://debuginfod.ubuntu.com /usr/bin/cmake --install /home/olympusolutions/senior_ws/build/minibot
[1.851s] -- Install configuration: ""
[1.852s] -- Execute custom install script
[1.855s] -- Up-to-date symlink: /home/olympusolutions/senior_ws/install/minibot/lib/minibot/velocity_publisher
[1.855s] -- Up-to-date symlink: /home/olympusolutions/senior_ws/install/minibot/share/minibot/config/controller.yaml
[1.859s] -- Up-to-date symlink: /home/olympusolutions/senior_ws/install/minibot/share/minibot/config/controller_gz_sim.yaml
[1.859s] -- Up-to-date symlink: /home/olympusolutions/senior_ws/install/minibot/share/minibot/config/empty.yaml
[1.862s] -- Up-to-date symlink: /home/olympusolutions/senior_ws/install/minibot/share/minibot/config/gz_params.yaml
[1.863s] -- Up-to-date symlink: /home/olympusolutions/senior_ws/install/minibot/share/minibot/config/joystick_params.yaml
[1.863s] -- Up-to-date symlink: /home/olympusolutions/senior_ws/install/minibot/share/minibot/config/mapper_params_localization.yaml
[1.863s] -- Up-to-date symlink: /home/olympusolutions/senior_ws/install/minibot/share/minibot/config/mapper_params_online_async.yaml
[1.868s] -- Up-to-date symlink: /home/olympusolutions/senior_ws/install/minibot/share/minibot/config/minibot_config.rviz
[1.868s] -- Up-to-date symlink: /home/olympusolutions/senior_ws/install/minibot/share/minibot/config/minibot_display.rviz
[1.869s] -- Up-to-date symlink: /home/olympusolutions/senior_ws/install/minibot/share/minibot/config/nav2_params.yaml
[1.869s] -- Up-to-date symlink: /home/olympusolutions/senior_ws/install/minibot/share/minibot/config/sim_config.rviz
[1.869s] -- Up-to-date symlink: /home/olympusolutions/senior_ws/install/minibot/share/minibot/config/twist_mux.yaml
[1.869s] -- Up-to-date symlink: /home/olympusolutions/senior_ws/install/minibot/share/minibot/description/camera.xacro
[1.870s] -- Up-to-date symlink: /home/olympusolutions/senior_ws/install/minibot/share/minibot/description/depth_camera.xacro
[1.870s] -- Up-to-date symlink: /home/olympusolutions/senior_ws/install/minibot/share/minibot/description/gz_diff_drive_control.xacro
[1.870s] -- Up-to-date symlink: /home/olympusolutions/senior_ws/install/minibot/share/minibot/description/inertial_macros.xacro
[1.870s] -- Up-to-date symlink: /home/olympusolutions/senior_ws/install/minibot/share/minibot/description/lidar.xacro
[1.879s] -- Up-to-date symlink: /home/olympusolutions/senior_ws/install/minibot/share/minibot/description/robot.urdf.xacro
[1.879s] -- Up-to-date symlink: /home/olympusolutions/senior_ws/install/minibot/share/minibot/description/robot_main.xacro
[1.880s] -- Up-to-date symlink: /home/olympusolutions/senior_ws/install/minibot/share/minibot/description/ros2_control.xacro
[1.880s] -- Up-to-date symlink: /home/olympusolutions/senior_ws/install/minibot/share/minibot/launch/joystick_teleop.launch.py
[1.880s] -- Up-to-date symlink: /home/olympusolutions/senior_ws/install/minibot/share/minibot/launch/keyboard.launch.py
[1.880s] -- Up-to-date symlink: /home/olympusolutions/senior_ws/install/minibot/share/minibot/launch/keyboard_combine.launch.py
[1.880s] -- Up-to-date symlink: /home/olympusolutions/senior_ws/install/minibot/share/minibot/launch/navigation_launch.py
[1.880s] -- Up-to-date symlink: /home/olympusolutions/senior_ws/install/minibot/share/minibot/launch/robot.launch.py
[1.880s] -- Up-to-date symlink: /home/olympusolutions/senior_ws/install/minibot/share/minibot/launch/robot_remote_station.launch.py
[1.880s] -- Up-to-date symlink: /home/olympusolutions/senior_ws/install/minibot/share/minibot/launch/sim.launch.py
[1.881s] -- Up-to-date symlink: /home/olympusolutions/senior_ws/install/minibot/share/minibot/launch/sim_control_station.launch.py
[1.881s] -- Up-to-date symlink: /home/olympusolutions/senior_ws/install/minibot/share/minibot/worlds/empty.sdf
[1.881s] -- Up-to-date symlink: /home/olympusolutions/senior_ws/install/minibot/share/minibot/worlds/playground.sdf
[1.881s] -- Up-to-date symlink: /home/olympusolutions/senior_ws/install/minibot/share/minibot/demo_publisher_node/extender_teleop_node.py
[1.881s] -- Up-to-date symlink: /home/olympusolutions/senior_ws/install/minibot/share/minibot/demo_publisher_node/gripper_teleop_node.py
[1.881s] -- Up-to-date symlink: /home/olympusolutions/senior_ws/install/minibot/share/minibot/demo_publisher_node/imu_publisher_node.py
[1.881s] -- Up-to-date symlink: /home/olympusolutions/senior_ws/install/minibot/share/minibot/demo_publisher_node/linear_data_collector_node.py
[1.886s] -- Up-to-date symlink: /home/olympusolutions/senior_ws/install/minibot/share/minibot/demo_publisher_node/platform_teleop_node.py
[1.886s] -- Up-to-date symlink: /home/olympusolutions/senior_ws/install/minibot/share/minibot/demo_publisher_node/velocity_publisher.cpp
[1.886s] -- Up-to-date symlink: /home/olympusolutions/senior_ws/install/minibot/share/minibot/maps/map_01.pgm
[1.886s] -- Up-to-date symlink: /home/olympusolutions/senior_ws/install/minibot/share/minibot/maps/map_01.yaml
[1.887s] -- Up-to-date symlink: /home/olympusolutions/senior_ws/install/minibot/share/minibot/maps/map_01_serial.data
[1.887s] -- Up-to-date symlink: /home/olympusolutions/senior_ws/install/minibot/share/minibot/maps/map_01_serial.posegraph
[1.887s] -- Up-to-date symlink: /home/olympusolutions/senior_ws/install/minibot/share/minibot/maps/sample_map.pgm
[1.891s] -- Up-to-date symlink: /home/olympusolutions/senior_ws/install/minibot/share/minibot/maps/sample_map.yaml
[1.891s] -- Up-to-date symlink: /home/olympusolutions/senior_ws/install/minibot/share/minibot/maps/sample_map_serial.data
[1.892s] -- Up-to-date symlink: /home/olympusolutions/senior_ws/install/minibot/share/minibot/maps/sample_map_serial.posegraph
[1.892s] -- Up-to-date symlink: /home/olympusolutions/senior_ws/install/minibot/share/minibot/visual_demos/Nav2_demostration-ezgif.com-video-to-gif-converter.gif
[1.892s] -- Up-to-date symlink: /home/olympusolutions/senior_ws/install/minibot/share/minibot/visual_demos/SLAM_demostration-ezgif.com-video-to-gif-converter.gif
[1.892s] -- Up-to-date symlink: /home/olympusolutions/senior_ws/install/minibot/share/minibot/visual_demos/robot_hardware.jpg
[1.892s] -- Up-to-date symlink: /home/olympusolutions/senior_ws/install/minibot/share/minibot/visual_demos/robot_visual.jpg
[1.893s] -- Up-to-date symlink: /home/olympusolutions/senior_ws/install/minibot/share/minibot/launch/joystick_teleop.launch.py
[1.893s] -- Up-to-date symlink: /home/olympusolutions/senior_ws/install/minibot/share/minibot/launch/keyboard.launch.py
[1.893s] -- Up-to-date symlink: /home/olympusolutions/senior_ws/install/minibot/share/minibot/launch/keyboard_combine.launch.py
[1.894s] -- Up-to-date symlink: /home/olympusolutions/senior_ws/install/minibot/share/minibot/launch/navigation_launch.py
[1.894s] -- Up-to-date symlink: /home/olympusolutions/senior_ws/install/minibot/share/minibot/launch/robot.launch.py
[1.894s] -- Up-to-date symlink: /home/olympusolutions/senior_ws/install/minibot/share/minibot/launch/robot_remote_station.launch.py
[1.894s] -- Up-to-date symlink: /home/olympusolutions/senior_ws/install/minibot/share/minibot/launch/sim.launch.py
[1.894s] -- Up-to-date symlink: /home/olympusolutions/senior_ws/install/minibot/share/minibot/launch/sim_control_station.launch.py
[1.901s] -- Up-to-date symlink: /home/olympusolutions/senior_ws/install/minibot/share/minibot/config/controller.yaml
[1.901s] -- Up-to-date symlink: /home/olympusolutions/senior_ws/install/minibot/share/minibot/config/controller_gz_sim.yaml
[1.901s] -- Up-to-date symlink: /home/olympusolutions/senior_ws/install/minibot/share/minibot/config/empty.yaml
[1.902s] -- Up-to-date symlink: /home/olympusolutions/senior_ws/install/minibot/share/minibot/config/gz_params.yaml
[1.902s] -- Up-to-date symlink: /home/olympusolutions/senior_ws/install/minibot/share/minibot/config/joystick_params.yaml
[1.902s] -- Up-to-date symlink: /home/olympusolutions/senior_ws/install/minibot/share/minibot/config/mapper_params_localization.yaml
[1.902s] -- Up-to-date symlink: /home/olympusolutions/senior_ws/install/minibot/share/minibot/config/mapper_params_online_async.yaml
[1.902s] -- Up-to-date symlink: /home/olympusolutions/senior_ws/install/minibot/share/minibot/config/minibot_config.rviz
[1.902s] -- Up-to-date symlink: /home/olympusolutions/senior_ws/install/minibot/share/minibot/config/minibot_display.rviz
[1.902s] -- Up-to-date symlink: /home/olympusolutions/senior_ws/install/minibot/share/minibot/config/nav2_params.yaml
[1.902s] -- Up-to-date symlink: /home/olympusolutions/senior_ws/install/minibot/share/minibot/config/sim_config.rviz
[1.902s] -- Up-to-date symlink: /home/olympusolutions/senior_ws/install/minibot/share/minibot/config/twist_mux.yaml
[1.903s] -- Up-to-date symlink: /home/olympusolutions/senior_ws/install/minibot/lib/minibot/extender_teleop_node.py
[1.903s] -- Up-to-date symlink: /home/olympusolutions/senior_ws/install/minibot/lib/minibot/gripper_teleop_node.py
[1.903s] -- Up-to-date symlink: /home/olympusolutions/senior_ws/install/minibot/lib/minibot/platform_teleop_node.py
[1.903s] -- Up-to-date symlink: /home/olympusolutions/senior_ws/install/minibot/lib/minibot/linear_data_collector_node.py
[1.903s] -- Up-to-date symlink: /home/olympusolutions/senior_ws/install/minibot/lib/minibot/imu_publisher_node.py
[1.903s] -- Up-to-date symlink: /home/olympusolutions/senior_ws/install/minibot/share/ament_index/resource_index/package_run_dependencies/minibot
[1.910s] -- Up-to-date symlink: /home/olympusolutions/senior_ws/install/minibot/share/ament_index/resource_index/parent_prefix_path/minibot
[1.910s] -- Up-to-date symlink: /home/olympusolutions/senior_ws/install/minibot/share/minibot/environment/ament_prefix_path.sh
[1.910s] -- Up-to-date symlink: /home/olympusolutions/senior_ws/install/minibot/share/minibot/environment/ament_prefix_path.dsv
[1.910s] -- Up-to-date symlink: /home/olympusolutions/senior_ws/install/minibot/share/minibot/environment/path.sh
[1.910s] -- Up-to-date symlink: /home/olympusolutions/senior_ws/install/minibot/share/minibot/environment/path.dsv
[1.910s] -- Up-to-date symlink: /home/olympusolutions/senior_ws/install/minibot/share/minibot/local_setup.bash
[1.911s] -- Up-to-date symlink: /home/olympusolutions/senior_ws/install/minibot/share/minibot/local_setup.sh
[1.911s] -- Up-to-date symlink: /home/olympusolutions/senior_ws/install/minibot/share/minibot/local_setup.zsh
[1.911s] -- Up-to-date symlink: /home/olympusolutions/senior_ws/install/minibot/share/minibot/local_setup.dsv
[1.911s] -- Symlinking: /home/olympusolutions/senior_ws/install/minibot/share/minibot/package.dsv
[1.932s] -- Up-to-date symlink: /home/olympusolutions/senior_ws/install/minibot/share/ament_index/resource_index/packages/minibot
[1.932s] -- Up-to-date symlink: /home/olympusolutions/senior_ws/install/minibot/share/minibot/cmake/minibotConfig.cmake
[1.933s] -- Up-to-date symlink: /home/olympusolutions/senior_ws/install/minibot/share/minibot/cmake/minibotConfig-version.cmake
[1.933s] -- Up-to-date symlink: /home/olympusolutions/senior_ws/install/minibot/share/minibot/package.xml
[1.957s] Invoked command in '/home/olympusolutions/senior_ws/build/minibot' returned '0': CMAKE_PREFIX_PATH=${CMAKE_PREFIX_PATH}:/home/olympusolutions/senior_ws/install/imu_publisher:/home/olympusolutions/senior_ws/install/twist_stamper:/home/olympusolutions/senior_ws/install/serial_motor_demo:/home/olympusolutions/senior_ws/install/my_package:/home/olympusolutions/senior_ws/install/listener_package:/home/olympusolutions/senior_ws/install/joy_tester:/opt/ros/jazzy DEBUGINFOD_URLS=https://debuginfod.ubuntu.com /usr/bin/cmake --install /home/olympusolutions/senior_ws/build/minibot
