[4.896s] Invoking command in '/home/olympusolutions/senior_ws/src/riley_ws/src/my_package': DEBUGINFOD_URLS=https://debuginfod.ubuntu.com PYTHONPATH=/home/olympusolutions/senior_ws/build/my_package/prefix_override:/usr/lib/python3/dist-packages/colcon_core/task/python/colcon_distutils_commands:/home/olympusolutions/senior_ws/install/my_package/lib/python3.12/site-packages:${PYTHONPATH} /usr/bin/python3 -W ignore:setup.py install is deprecated -W ignore:easy_install command is deprecated setup.py egg_info --egg-base ../../../../build/my_package build --build-base /home/olympusolutions/senior_ws/build/my_package/build install --record /home/olympusolutions/senior_ws/build/my_package/install.log --single-version-externally-managed install_data
[6.851s] running egg_info
[6.947s] writing ../../../../build/my_package/my_package.egg-info/PKG-INFO
[6.948s] writing dependency_links to ../../../../build/my_package/my_package.egg-info/dependency_links.txt
[6.951s] writing entry points to ../../../../build/my_package/my_package.egg-info/entry_points.txt
[6.953s] writing requirements to ../../../../build/my_package/my_package.egg-info/requires.txt
[6.957s] writing top-level names to ../../../../build/my_package/my_package.egg-info/top_level.txt
[7.152s] reading manifest file '../../../../build/my_package/my_package.egg-info/SOURCES.txt'
[7.156s] adding license file 'LICENSE'
[7.158s] writing manifest file '../../../../build/my_package/my_package.egg-info/SOURCES.txt'
[7.159s] running build
[7.162s] running build_py
[7.163s] running install
[7.206s] running install_lib
[7.294s] running install_data
[7.299s] running install_egg_info
[7.365s] removing '/home/olympusolutions/senior_ws/install/my_package/lib/python3.12/site-packages/my_package-0.0.0-py3.12.egg-info' (and everything under it)
[7.377s] Copying ../../../../build/my_package/my_package.egg-info to /home/olympusolutions/senior_ws/install/my_package/lib/python3.12/site-packages/my_package-0.0.0-py3.12.egg-info
[7.385s] running install_scripts
[8.054s] Installing my_node script to /home/olympusolutions/senior_ws/install/my_package/lib/my_package
[8.058s] writing list of installed files to '/home/olympusolutions/senior_ws/build/my_package/install.log'
[8.365s] Invoked command in '/home/olympusolutions/senior_ws/src/riley_ws/src/my_package' returned '0': DEBUGINFOD_URLS=https://debuginfod.ubuntu.com PYTHONPATH=/home/olympusolutions/senior_ws/build/my_package/prefix_override:/usr/lib/python3/dist-packages/colcon_core/task/python/colcon_distutils_commands:/home/olympusolutions/senior_ws/install/my_package/lib/python3.12/site-packages:${PYTHONPATH} /usr/bin/python3 -W ignore:setup.py install is deprecated -W ignore:easy_install command is deprecated setup.py egg_info --egg-base ../../../../build/my_package build --build-base /home/olympusolutions/senior_ws/build/my_package/build install --record /home/olympusolutions/senior_ws/build/my_package/install.log --single-version-externally-managed install_data
