[2.700s] Invoking command in '/home/olympusolutions/senior_ws/build/listener_package': DEBUGINFOD_URLS=https://debuginfod.ubuntu.com PYTHONPATH=/home/olympusolutions/senior_ws/build/listener_package/prefix_override:/usr/lib/python3/dist-packages/colcon_core/task/python/colcon_distutils_commands:/home/olympusolutions/senior_ws/install/listener_package/lib/python3.12/site-packages:${PYTHONPATH} /usr/bin/python3 -W ignore:setup.py install is deprecated -W ignore:easy_install command is deprecated setup.py develop --editable --build-directory /home/olympusolutions/senior_ws/build/listener_package/build --no-deps symlink_data
[3.841s] running develop
[4.520s] running egg_info
[4.520s] creating listener_package.egg-info
[4.584s] writing listener_package.egg-info/PKG-INFO
[4.585s] writing dependency_links to listener_package.egg-info/dependency_links.txt
[4.586s] writing entry points to listener_package.egg-info/entry_points.txt
[4.586s] writing requirements to listener_package.egg-info/requires.txt
[4.586s] writing top-level names to listener_package.egg-info/top_level.txt
[4.586s] writing manifest file 'listener_package.egg-info/SOURCES.txt'
[4.718s] reading manifest file 'listener_package.egg-info/SOURCES.txt'
[4.719s] writing manifest file 'listener_package.egg-info/SOURCES.txt'
[4.782s] running build_ext
[4.782s] Creating /home/olympusolutions/senior_ws/install/listener_package/lib/python3.12/site-packages/listener-package.egg-link (link to .)
[4.787s] Installing listener script to /home/olympusolutions/senior_ws/install/listener_package/lib/listener_package
[4.788s] Installing phone_listener script to /home/olympusolutions/senior_ws/install/listener_package/lib/listener_package
[4.788s] Installing talker script to /home/olympusolutions/senior_ws/install/listener_package/lib/listener_package
[4.792s] 
[4.792s] Installed /home/olympusolutions/senior_ws/build/listener_package
[4.792s] running symlink_data
[4.793s] creating /home/olympusolutions/senior_ws/install/listener_package/share/ament_index
[4.793s] creating /home/olympusolutions/senior_ws/install/listener_package/share/ament_index/resource_index
[4.793s] creating /home/olympusolutions/senior_ws/install/listener_package/share/ament_index/resource_index/packages
[4.793s] symbolically linking /home/olympusolutions/senior_ws/build/listener_package/resource/listener_package -> /home/olympusolutions/senior_ws/install/listener_package/share/ament_index/resource_index/packages
[4.793s] symbolically linking /home/olympusolutions/senior_ws/build/listener_package/package.xml -> /home/olympusolutions/senior_ws/install/listener_package/share/listener_package
[4.958s] Invoked command in '/home/olympusolutions/senior_ws/build/listener_package' returned '0': DEBUGINFOD_URLS=https://debuginfod.ubuntu.com PYTHONPATH=/home/olympusolutions/senior_ws/build/listener_package/prefix_override:/usr/lib/python3/dist-packages/colcon_core/task/python/colcon_distutils_commands:/home/olympusolutions/senior_ws/install/listener_package/lib/python3.12/site-packages:${PYTHONPATH} /usr/bin/python3 -W ignore:setup.py install is deprecated -W ignore:easy_install command is deprecated setup.py develop --editable --build-directory /home/olympusolutions/senior_ws/build/listener_package/build --no-deps symlink_data
