[2.159s] Invoking command in '/home/olympusolutions/senior_ws/src/riley_ws/src/listener_package': DEBUGINFOD_URLS=https://debuginfod.ubuntu.com PYTHONPATH=/home/olympusolutions/senior_ws/build/listener_package/prefix_override:/usr/lib/python3/dist-packages/colcon_core/task/python/colcon_distutils_commands:/home/olympusolutions/senior_ws/install/listener_package/lib/python3.12/site-packages:${PYTHONPATH} /usr/bin/python3 -W ignore:setup.py install is deprecated -W ignore:easy_install command is deprecated setup.py egg_info --egg-base ../../../../build/listener_package build --build-base /home/olympusolutions/senior_ws/build/listener_package/build install --record /home/olympusolutions/senior_ws/build/listener_package/install.log --single-version-externally-managed install_data
[2.737s] running egg_info
[2.779s] writing ../../../../build/listener_package/listener_package.egg-info/PKG-INFO
[2.780s] writing dependency_links to ../../../../build/listener_package/listener_package.egg-info/dependency_links.txt
[2.782s] writing entry points to ../../../../build/listener_package/listener_package.egg-info/entry_points.txt
[2.783s] writing requirements to ../../../../build/listener_package/listener_package.egg-info/requires.txt
[2.784s] writing top-level names to ../../../../build/listener_package/listener_package.egg-info/top_level.txt
[2.873s] reading manifest file '../../../../build/listener_package/listener_package.egg-info/SOURCES.txt'
[2.880s] adding license file 'LICENSE'
[2.881s] writing manifest file '../../../../build/listener_package/listener_package.egg-info/SOURCES.txt'
[2.882s] running build
[2.885s] running build_py
[2.885s] running install
[2.896s] running install_lib
[2.932s] running install_data
[2.933s] running install_egg_info
[2.974s] removing '/home/olympusolutions/senior_ws/install/listener_package/lib/python3.12/site-packages/listener_package-0.0.0-py3.12.egg-info' (and everything under it)
[2.975s] Copying ../../../../build/listener_package/listener_package.egg-info to /home/olympusolutions/senior_ws/install/listener_package/lib/python3.12/site-packages/listener_package-0.0.0-py3.12.egg-info
[2.977s] running install_scripts
[3.284s] Installing listener script to /home/olympusolutions/senior_ws/install/listener_package/lib/listener_package
[3.284s] Installing phone_listener script to /home/olympusolutions/senior_ws/install/listener_package/lib/listener_package
[3.286s] Installing talker script to /home/olympusolutions/senior_ws/install/listener_package/lib/listener_package
[3.286s] writing list of installed files to '/home/olympusolutions/senior_ws/build/listener_package/install.log'
[3.811s] Invoked command in '/home/olympusolutions/senior_ws/src/riley_ws/src/listener_package' returned '0': DEBUGINFOD_URLS=https://debuginfod.ubuntu.com PYTHONPATH=/home/olympusolutions/senior_ws/build/listener_package/prefix_override:/usr/lib/python3/dist-packages/colcon_core/task/python/colcon_distutils_commands:/home/olympusolutions/senior_ws/install/listener_package/lib/python3.12/site-packages:${PYTHONPATH} /usr/bin/python3 -W ignore:setup.py install is deprecated -W ignore:easy_install command is deprecated setup.py egg_info --egg-base ../../../../build/listener_package build --build-base /home/olympusolutions/senior_ws/build/listener_package/build install --record /home/olympusolutions/senior_ws/build/listener_package/install.log --single-version-externally-managed install_data
